file:///Users/bero/Projects/playground-tester/node_modules/@wp-playground/cli/cli.js:20
`)},constants:R,phpIniEntries:{"openssl.cafile":"/internal/shared/ca-bundle.crt",allow_url_fopen:"1",disable_functions:""},hooks:{async beforeWordPressFiles(h){t.mountBeforeInstall&&p(h,t.mountBeforeInstall)}}});const v=await s.getPrimaryPhp();try{if(n&&!t.mountBeforeInstall&&g.writeFileSync(f,await q(v,"/wordpress")),t.mount&&p(v,t.mount),d=!0,u){const{php:h,reap:m}=await s.processManager.acquirePHPInstance();try{c.log("Running the Blueprint..."),await x(u,h),c.log("Finished running the blueprint")}finally{m()}}a==="build-snapshot"?(await r(t.outfile),c.log(`WordPress exported to ${t.outfile}`),process.exit(0)):a==="run-blueprint"?(c.log("Blueprint executed"),process.exit(0)):c.log(`WordPress is running on ${l}`)}catch(h){if(!t.debug)throw h;const m=v.readFileAsText(D);throw new Error(m,{cause:h})}},async handleRequest(o){return d?await s.request(o):I.forHttpCode(502,"WordPress is not ready yet")}})}Q();
                                                                                                                                                                                                                                                                                                                                                                                                                                                                                                                                                                                                                                                                                                                                                                                                                   ^

Error: [19-Nov-2024 16:54:33 UTC] PHP Deprecated:  Return type of EasyRdf_Collection::offsetExists($offset) should either be compatible with ArrayAccess::offsetExists(mixed $offset): bool, or the #[\ReturnTypeWillChange] attribute should be used to temporarily suppress the notice in /wordpress/wp-content/plugins/image-snippet/assets/libs/rdf/lib/EasyRdf/Collection.php on line 223
[19-Nov-2024 16:54:33 UTC] PHP Deprecated:  Return type of EasyRdf_Collection::offsetGet($offset) should either be compatible with ArrayAccess::offsetGet(mixed $offset): mixed, or the #[\ReturnTypeWillChange] attribute should be used to temporarily suppress the notice in /wordpress/wp-content/plugins/image-snippet/assets/libs/rdf/lib/EasyRdf/Collection.php on line 239
[19-Nov-2024 16:54:33 UTC] PHP Deprecated:  Return type of EasyRdf_Collection::offsetSet($offset, $value) should either be compatible with ArrayAccess::offsetSet(mixed $offset, mixed $value): void, or the #[\ReturnTypeWillChange] attribute should be used to temporarily suppress the notice in /wordpress/wp-content/plugins/image-snippet/assets/libs/rdf/lib/EasyRdf/Collection.php on line 258
[19-Nov-2024 16:54:33 UTC] PHP Deprecated:  Return type of EasyRdf_Collection::offsetUnset($offset) should either be compatible with ArrayAccess::offsetUnset(mixed $offset): void, or the #[\ReturnTypeWillChange] attribute should be used to temporarily suppress the notice in /wordpress/wp-content/plugins/image-snippet/assets/libs/rdf/lib/EasyRdf/Collection.php on line 293
[19-Nov-2024 16:54:33 UTC] PHP Deprecated:  Return type of EasyRdf_Collection::count() should either be compatible with Countable::count(): int, or the #[\ReturnTypeWillChange] attribute should be used to temporarily suppress the notice in /wordpress/wp-content/plugins/image-snippet/assets/libs/rdf/lib/EasyRdf/Collection.php on line 184
[19-Nov-2024 16:54:33 UTC] PHP Deprecated:  Return type of EasyRdf_Collection::seek($position) should either be compatible with SeekableIterator::seek(int $offset): void, or the #[\ReturnTypeWillChange] attribute should be used to temporarily suppress the notice in /wordpress/wp-content/plugins/image-snippet/assets/libs/rdf/lib/EasyRdf/Collection.php on line 73
[19-Nov-2024 16:54:33 UTC] PHP Deprecated:  Return type of EasyRdf_Collection::current() should either be compatible with Iterator::current(): mixed, or the #[\ReturnTypeWillChange] attribute should be used to temporarily suppress the notice in /wordpress/wp-content/plugins/image-snippet/assets/libs/rdf/lib/EasyRdf/Collection.php on line 105
[19-Nov-2024 16:54:33 UTC] PHP Deprecated:  Return type of EasyRdf_Collection::next() should either be compatible with Iterator::next(): void, or the #[\ReturnTypeWillChange] attribute should be used to temporarily suppress the notice in /wordpress/wp-content/plugins/image-snippet/assets/libs/rdf/lib/EasyRdf/Collection.php on line 128
[19-Nov-2024 16:54:33 UTC] PHP Deprecated:  Return type of EasyRdf_Collection::key() should either be compatible with Iterator::key(): mixed, or the #[\ReturnTypeWillChange] attribute should be used to temporarily suppress the notice in /wordpress/wp-content/plugins/image-snippet/assets/libs/rdf/lib/EasyRdf/Collection.php on line 120
[19-Nov-2024 16:54:33 UTC] PHP Deprecated:  Return type of EasyRdf_Collection::valid() should either be compatible with Iterator::valid(): bool, or the #[\ReturnTypeWillChange] attribute should be used to temporarily suppress the notice in /wordpress/wp-content/plugins/image-snippet/assets/libs/rdf/lib/EasyRdf/Collection.php on line 142
[19-Nov-2024 16:54:33 UTC] PHP Deprecated:  Return type of EasyRdf_Collection::rewind() should either be compatible with Iterator::rewind(): void, or the #[\ReturnTypeWillChange] attribute should be used to temporarily suppress the notice in /wordpress/wp-content/plugins/image-snippet/assets/libs/rdf/lib/EasyRdf/Collection.php on line 95
[19-Nov-2024 16:54:33 UTC] PHP Deprecated:  Return type of EasyRdf_Container::offsetExists($offset) should either be compatible with ArrayAccess::offsetExists(mixed $offset): bool, or the #[\ReturnTypeWillChange] attribute should be used to temporarily suppress the notice in /wordpress/wp-content/plugins/image-snippet/assets/libs/rdf/lib/EasyRdf/Container.php on line 167
[19-Nov-2024 16:54:33 UTC] PHP Deprecated:  Return type of EasyRdf_Container::offsetGet($offset) should either be compatible with ArrayAccess::offsetGet(mixed $offset): mixed, or the #[\ReturnTypeWillChange] attribute should be used to temporarily suppress the notice in /wordpress/wp-content/plugins/image-snippet/assets/libs/rdf/lib/EasyRdf/Container.php on line 182
[19-Nov-2024 16:54:33 UTC] PHP Deprecated:  Return type of EasyRdf_Container::offsetSet($offset, $value) should either be compatible with ArrayAccess::offsetSet(mixed $offset, mixed $value): void, or the #[\ReturnTypeWillChange] attribute should be used to temporarily suppress the notice in /wordpress/wp-content/plugins/image-snippet/assets/libs/rdf/lib/EasyRdf/Container.php on line 200
[19-Nov-2024 16:54:33 UTC] PHP Deprecated:  Return type of EasyRdf_Container::offsetUnset($offset) should either be compatible with ArrayAccess::offsetUnset(mixed $offset): void, or the #[\ReturnTypeWillChange] attribute should be used to temporarily suppress the notice in /wordpress/wp-content/plugins/image-snippet/assets/libs/rdf/lib/EasyRdf/Container.php on line 220
[19-Nov-2024 16:54:33 UTC] PHP Deprecated:  Return type of EasyRdf_Container::count() should either be compatible with Countable::count(): int, or the #[\ReturnTypeWillChange] attribute should be used to temporarily suppress the notice in /wordpress/wp-content/plugins/image-snippet/assets/libs/rdf/lib/EasyRdf/Container.php on line 137
[19-Nov-2024 16:54:33 UTC] PHP Deprecated:  Return type of EasyRdf_Container::seek($position) should either be compatible with SeekableIterator::seek(int $offset): void, or the #[\ReturnTypeWillChange] attribute should be used to temporarily suppress the notice in /wordpress/wp-content/plugins/image-snippet/assets/libs/rdf/lib/EasyRdf/Container.php on line 70
[19-Nov-2024 16:54:33 UTC] PHP Deprecated:  Return type of EasyRdf_Container::current() should either be compatible with Iterator::current(): mixed, or the #[\ReturnTypeWillChange] attribute should be used to temporarily suppress the notice in /wordpress/wp-content/plugins/image-snippet/assets/libs/rdf/lib/EasyRdf/Container.php on line 99
[19-Nov-2024 16:54:33 UTC] PHP Deprecated:  Return type of EasyRdf_Container::next() should either be compatible with Iterator::next(): void, or the #[\ReturnTypeWillChange] attribute should be used to temporarily suppress the notice in /wordpress/wp-content/plugins/image-snippet/assets/libs/rdf/lib/EasyRdf/Container.php on line 116
[19-Nov-2024 16:54:33 UTC] PHP Deprecated:  Return type of EasyRdf_Container::key() should either be compatible with Iterator::key(): mixed, or the #[\ReturnTypeWillChange] attribute should be used to temporarily suppress the notice in /wordpress/wp-content/plugins/image-snippet/assets/libs/rdf/lib/EasyRdf/Container.php on line 108
[19-Nov-2024 16:54:33 UTC] PHP Deprecated:  Return type of EasyRdf_Container::valid() should either be compatible with Iterator::valid(): bool, or the #[\ReturnTypeWillChange] attribute should be used to temporarily suppress the notice in /wordpress/wp-content/plugins/image-snippet/assets/libs/rdf/lib/EasyRdf/Container.php on line 125
[19-Nov-2024 16:54:33 UTC] PHP Deprecated:  Return type of EasyRdf_Container::rewind() should either be compatible with Iterator::rewind(): void, or the #[\ReturnTypeWillChange] attribute should be used to temporarily suppress the notice in /wordpress/wp-content/plugins/image-snippet/assets/libs/rdf/lib/EasyRdf/Container.php on line 90
[19-Nov-2024 16:54:33 UTC] PHP Deprecated:  strlen(): Passing null to parameter #1 ($string) of type string is deprecated in /wordpress/wp-content/plugins/image-snippet/assets/libs/rdf/lib/EasyRdf/Sparql/Client.php on line 67

    at Object.onBind (file:///Users/bero/Projects/playground-tester/node_modules/@wp-playground/cli/cli.js:20:788)
    at async j (file:///Users/bero/Projects/playground-tester/node_modules/@wp-playground/cli/cli.js:1:1166) {
  [cause]: Error: Error when executing the blueprint step #0 ({"step":"installPlugin","pluginData":{"resource":"wordpress.org/plugins","slug":"image-snippet"},"options":{"activate":true}}) : Plugin /wordpress/wp-content/plugins/image-snippet could not be activated – WordPress exited with no error. Sometimes, when $_SERVER or site options are not configured correctly, WordPress exits early with a 301 redirect. Inspect the "debug" logs in the console for more details
      at Object.run (file:///Users/bero/Projects/playground-tester/node_modules/@wp-playground/blueprints/index.js:12099:32)
      at async Qt (file:///Users/bero/Projects/playground-tester/node_modules/@wp-playground/blueprints/index.js:12200:3)
      at async Object.onBind (file:///Users/bero/Projects/playground-tester/node_modules/@wp-playground/cli/cli.js:20:453)
      at async j (file:///Users/bero/Projects/playground-tester/node_modules/@wp-playground/cli/cli.js:1:1166) {
    [cause]: Error: Plugin /wordpress/wp-content/plugins/image-snippet could not be activated – WordPress exited with no error. Sometimes, when $_SERVER or site options are not configured correctly, WordPress exits early with a 301 redirect. Inspect the "debug" logs in the console for more details
        at gr (file:///Users/bero/Projects/playground-tester/node_modules/@wp-playground/blueprints/index.js:67:24)
        at async Object.at [as installPlugin] (file:///Users/bero/Projects/playground-tester/node_modules/@wp-playground/blueprints/index.js:877:42)
        at async d (file:///Users/bero/Projects/playground-tester/node_modules/@wp-playground/blueprints/index.js:12165:30)
        at async Object.run (file:///Users/bero/Projects/playground-tester/node_modules/@wp-playground/blueprints/index.js:12096:23)
        at async Qt (file:///Users/bero/Projects/playground-tester/node_modules/@wp-playground/blueprints/index.js:12200:3)
        at async Object.onBind (file:///Users/bero/Projects/playground-tester/node_modules/@wp-playground/cli/cli.js:20:453)
        at async j (file:///Users/bero/Projects/playground-tester/node_modules/@wp-playground/cli/cli.js:1:1166)
  }
}

Node.js v18.18.2
