file:///Users/bero/Projects/playground-tester/node_modules/@wp-playground/cli/cli.js:20
`)},constants:R,phpIniEntries:{"openssl.cafile":"/internal/shared/ca-bundle.crt",allow_url_fopen:"1",disable_functions:""},hooks:{async beforeWordPressFiles(h){t.mountBeforeInstall&&p(h,t.mountBeforeInstall)}}});const v=await s.getPrimaryPhp();try{if(n&&!t.mountBeforeInstall&&g.writeFileSync(f,await q(v,"/wordpress")),t.mount&&p(v,t.mount),d=!0,u){const{php:h,reap:m}=await s.processManager.acquirePHPInstance();try{c.log("Running the Blueprint..."),await x(u,h),c.log("Finished running the blueprint")}finally{m()}}a==="build-snapshot"?(await r(t.outfile),c.log(`WordPress exported to ${t.outfile}`),process.exit(0)):a==="run-blueprint"?(c.log("Blueprint executed"),process.exit(0)):c.log(`WordPress is running on ${l}`)}catch(h){if(!t.debug)throw h;const m=v.readFileAsText(D);throw new Error(m,{cause:h})}},async handleRequest(o){return d?await s.request(o):I.forHttpCode(502,"WordPress is not ready yet")}})}Q();
                                                                                                                                                                                                                                                                                                                                                                                                                                                                                                                                                                                                                                                                                                                                                                                                                   ^

Error: [19-Nov-2024 22:23:19 UTC] PHP Warning:  include_once(/wordpress/wp-content/plugins/woocommerce/includes/admin/settings/class-wc-settings-page.php): Failed to open stream: No such file or directory in /wordpress/wp-content/plugins/integration-adyen-woocommerce/vendor/woosa/settings/class-module-settings.php on line 16
[19-Nov-2024 22:23:19 UTC] PHP Warning:  include_once(): Failed opening '/wordpress/wp-content/plugins/woocommerce/includes/admin/settings/class-wc-settings-page.php' for inclusion (include_path='.:') in /wordpress/wp-content/plugins/integration-adyen-woocommerce/vendor/woosa/settings/class-module-settings.php on line 16
[19-Nov-2024 22:23:19 UTC] PHP Fatal error:  Uncaught Error: Class "WC_Settings_Page" not found in /wordpress/wp-content/plugins/integration-adyen-woocommerce/vendor/woosa/settings/class-module-settings.php:20
Stack trace:
#0 /wordpress/wp-content/plugins/integration-adyen-woocommerce/vendor/composer/ClassLoader.php(478): include()
#1 /wordpress/wp-content/plugins/integration-adyen-woocommerce/vendor/composer/ClassLoader.php(346): Composer\Autoload\includeFile('/wordpress/wp-c...')
#2 /wordpress/wp-content/plugins/integration-adyen-woocommerce/vendor/woosa/settings/index.php(16): Composer\Autoload\ClassLoader->loadClass('Woosa\\Adyen\\Mod...')
#3 /wordpress/wp-content/plugins/integration-adyen-woocommerce/vendor/woosa/core/class-module-core.php(36): include_once('/wordpress/wp-c...')
#4 /wordpress/wp-content/plugins/integration-adyen-woocommerce/vendor/woosa/core/class-module-core-state.php(79): Woosa\Adyen\Module_Core::init_modules()
#5 /wordpress/wp-includes/class-wp-hook.php(324): Woosa\Adyen\Module_Core_State::activation(false)
#6 /wordpress/wp-includes/class-wp-hook.php(348): WP_Hook->apply_filters('', Array)
#7 /wordpress/wp-includes/plugin.php(517): WP_Hook->do_action(Array)
#8 /wordpress/wp-admin/includes/plugin.php(703): do_action('activate_integr...', false)
#9 /internal/eval.php(20): activate_plugin('integration-ady...')
#10 {main}
  thrown in /wordpress/wp-content/plugins/integration-adyen-woocommerce/vendor/woosa/settings/class-module-settings.php on line 20

    at Object.onBind (file:///Users/bero/Projects/playground-tester/node_modules/@wp-playground/cli/cli.js:20:788)
    at async j (file:///Users/bero/Projects/playground-tester/node_modules/@wp-playground/cli/cli.js:1:1166) {
  [cause]: Error: Error when executing the blueprint step #0 ({"step":"installPlugin","pluginData":{"resource":"wordpress.org/plugins","slug":"integration-adyen-woocommerce"},"options":{"activate":true}}) : PHP.run() failed with exit code 255 and the following output: 
      at Object.run (file:///Users/bero/Projects/playground-tester/node_modules/@wp-playground/blueprints/index.js:12099:32)
      at async Qt (file:///Users/bero/Projects/playground-tester/node_modules/@wp-playground/blueprints/index.js:12200:3)
      at async Object.onBind (file:///Users/bero/Projects/playground-tester/node_modules/@wp-playground/cli/cli.js:20:453)
      at async j (file:///Users/bero/Projects/playground-tester/node_modules/@wp-playground/cli/cli.js:1:1166) {
    [cause]: PHPExecutionFailureError: PHP.run() failed with exit code 255 and the following output: 
        at PHP.run (file:///Users/bero/Projects/playground-tester/node_modules/@php-wasm/universal/index.js:979:19)
        at async gr (file:///Users/bero/Projects/playground-tester/node_modules/@wp-playground/blueprints/index.js:31:39)
        at async Object.at [as installPlugin] (file:///Users/bero/Projects/playground-tester/node_modules/@wp-playground/blueprints/index.js:877:42)
        at async d (file:///Users/bero/Projects/playground-tester/node_modules/@wp-playground/blueprints/index.js:12165:30)
        at async Object.run (file:///Users/bero/Projects/playground-tester/node_modules/@wp-playground/blueprints/index.js:12096:23)
        at async Qt (file:///Users/bero/Projects/playground-tester/node_modules/@wp-playground/blueprints/index.js:12200:3)
        at async Object.onBind (file:///Users/bero/Projects/playground-tester/node_modules/@wp-playground/cli/cli.js:20:453)
        at async j (file:///Users/bero/Projects/playground-tester/node_modules/@wp-playground/cli/cli.js:1:1166) {
      response: PHPResponse {
        httpStatusCode: 500,
        headers: {
          'x-powered-by': [ 'PHP/8.3.0-dev' ],
          'content-type': [ 'text/html; charset=UTF-8' ]
        },
        bytes: Uint8Array(0) [],
        exitCode: 255,
        errors: ''
      },
      source: 'request'
    }
  }
}

Node.js v18.18.2
