file:///Users/bero/Projects/playground-tester/node_modules/@wp-playground/cli/cli.js:20
`)},constants:R,phpIniEntries:{"openssl.cafile":"/internal/shared/ca-bundle.crt",allow_url_fopen:"1",disable_functions:""},hooks:{async beforeWordPressFiles(h){t.mountBeforeInstall&&p(h,t.mountBeforeInstall)}}});const v=await s.getPrimaryPhp();try{if(n&&!t.mountBeforeInstall&&g.writeFileSync(f,await q(v,"/wordpress")),t.mount&&p(v,t.mount),d=!0,u){const{php:h,reap:m}=await s.processManager.acquirePHPInstance();try{c.log("Running the Blueprint..."),await x(u,h),c.log("Finished running the blueprint")}finally{m()}}a==="build-snapshot"?(await r(t.outfile),c.log(`WordPress exported to ${t.outfile}`),process.exit(0)):a==="run-blueprint"?(c.log("Blueprint executed"),process.exit(0)):c.log(`WordPress is running on ${l}`)}catch(h){if(!t.debug)throw h;const m=v.readFileAsText(D);throw new Error(m,{cause:h})}},async handleRequest(o){return d?await s.request(o):I.forHttpCode(502,"WordPress is not ready yet")}})}Q();
                                                                                                                                                                                                                                                                                                                                                                                                                                                                                                                                                                                                                                                                                                                                                                                                                   ^

Error: [19-Nov-2024 15:45:04 UTC] PHP Notice:  Function register_uninstall_hook was called <strong>incorrectly</strong>. Only a static class method or function can be used in an uninstall hook. Please see <a href="https://developer.wordpress.org/advanced-administration/debug/debug-wordpress/">Debugging in WordPress</a> for more information. (This message was added in version 3.1.0.) in /wordpress/wp-includes/functions.php on line 6085
[19-Nov-2024 15:45:04 UTC] PHP Warning:  require_once(/wordpress/wp-content/plugins/image-alt-editor/lib/activate-deactivate.php): Failed to open stream: No such file or directory in /wordpress/wp-content/plugins/image-alt-editor/image-alt-editor.php on line 88
[19-Nov-2024 15:45:04 UTC] PHP Fatal error:  Uncaught Error: Failed opening required '/wordpress/wp-content/plugins/image-alt-editor/lib/activate-deactivate.php' (include_path='.:') in /wordpress/wp-content/plugins/image-alt-editor/image-alt-editor.php:88
Stack trace:
#0 /wordpress/wp-includes/class-wp-hook.php(324): Image_Alt_Editor->activation(false)
#1 /wordpress/wp-includes/class-wp-hook.php(348): WP_Hook->apply_filters('', Array)
#2 /wordpress/wp-includes/plugin.php(517): WP_Hook->do_action(Array)
#3 /wordpress/wp-admin/includes/plugin.php(703): do_action('activate_image-...', false)
#4 /internal/eval.php(20): activate_plugin('image-alt-edito...')
#5 {main}
  thrown in /wordpress/wp-content/plugins/image-alt-editor/image-alt-editor.php on line 88

    at Object.onBind (file:///Users/bero/Projects/playground-tester/node_modules/@wp-playground/cli/cli.js:20:788)
    at async j (file:///Users/bero/Projects/playground-tester/node_modules/@wp-playground/cli/cli.js:1:1166) {
  [cause]: Error: Error when executing the blueprint step #0 ({"step":"installPlugin","pluginData":{"resource":"wordpress.org/plugins","slug":"image-alt-editor"},"options":{"activate":true}}) : PHP.run() failed with exit code 255 and the following output: 
      at Object.run (file:///Users/bero/Projects/playground-tester/node_modules/@wp-playground/blueprints/index.js:12099:32)
      at async Qt (file:///Users/bero/Projects/playground-tester/node_modules/@wp-playground/blueprints/index.js:12200:3)
      at async Object.onBind (file:///Users/bero/Projects/playground-tester/node_modules/@wp-playground/cli/cli.js:20:453)
      at async j (file:///Users/bero/Projects/playground-tester/node_modules/@wp-playground/cli/cli.js:1:1166) {
    [cause]: PHPExecutionFailureError: PHP.run() failed with exit code 255 and the following output: 
        at PHP.run (file:///Users/bero/Projects/playground-tester/node_modules/@php-wasm/universal/index.js:979:19)
        at async gr (file:///Users/bero/Projects/playground-tester/node_modules/@wp-playground/blueprints/index.js:31:39)
        at async Object.at [as installPlugin] (file:///Users/bero/Projects/playground-tester/node_modules/@wp-playground/blueprints/index.js:877:42)
        at async d (file:///Users/bero/Projects/playground-tester/node_modules/@wp-playground/blueprints/index.js:12165:30)
        at async Object.run (file:///Users/bero/Projects/playground-tester/node_modules/@wp-playground/blueprints/index.js:12096:23)
        at async Qt (file:///Users/bero/Projects/playground-tester/node_modules/@wp-playground/blueprints/index.js:12200:3)
        at async Object.onBind (file:///Users/bero/Projects/playground-tester/node_modules/@wp-playground/cli/cli.js:20:453)
        at async j (file:///Users/bero/Projects/playground-tester/node_modules/@wp-playground/cli/cli.js:1:1166) {
      response: PHPResponse {
        httpStatusCode: 500,
        headers: {
          'x-powered-by': [ 'PHP/8.3.0-dev' ],
          'content-type': [ 'text/html; charset=UTF-8' ]
        },
        bytes: Uint8Array(0) [],
        exitCode: 255,
        errors: ''
      },
      source: 'request'
    }
  }
}

Node.js v18.18.2
