file:///Users/bero/Projects/playground-tester/node_modules/@wp-playground/cli/cli.js:20
`)},constants:R,phpIniEntries:{"openssl.cafile":"/internal/shared/ca-bundle.crt",allow_url_fopen:"1",disable_functions:""},hooks:{async beforeWordPressFiles(h){t.mountBeforeInstall&&p(h,t.mountBeforeInstall)}}});const v=await s.getPrimaryPhp();try{if(n&&!t.mountBeforeInstall&&g.writeFileSync(f,await q(v,"/wordpress")),t.mount&&p(v,t.mount),d=!0,u){const{php:h,reap:m}=await s.processManager.acquirePHPInstance();try{c.log("Running the Blueprint..."),await x(u,h),c.log("Finished running the blueprint")}finally{m()}}a==="build-snapshot"?(await r(t.outfile),c.log(`WordPress exported to ${t.outfile}`),process.exit(0)):a==="run-blueprint"?(c.log("Blueprint executed"),process.exit(0)):c.log(`WordPress is running on ${l}`)}catch(h){if(!t.debug)throw h;const m=v.readFileAsText(D);throw new Error(m,{cause:h})}},async handleRequest(o){return d?await s.request(o):I.forHttpCode(502,"WordPress is not ready yet")}})}Q();
                                                                                                                                                                                                                                                                                                                                                                                                                                                                                                                                                                                                                                                                                                                                                                                                                   ^

Error: [20-Nov-2024 04:37:48 UTC] WordPress database error <div style="clear:both">&nbsp;</div>
<div class="queries" style="clear:both;margin-bottom:2px;border:red dotted thin;">
<p>MySQL query:</p>
<p>

ALTER TABLE `wp_nbc_categories`
 ADD PRIMARY KEY (`id`);
</p>
<p>Queries made or created this session were:</p>
<ol>
<li>Executing: BEGIN | (no parameters)</li>
<li>Executing: INSERT INTO _mysql_data_types_cache (`table`, `column_or_index`, `mysql_type`)
				VALUES (:table, :column, :datatype)
				ON CONFLICT(`table`, `column_or_index`) DO UPDATE SET `mysql_type` = :datatype
			 | parameters: wp_nbc_categories, wp_nbc_categories__(, PRIMARY</li>
<li>Executing: CREATE PRIMARY KEY &quot;wp_nbc_categories__(&quot; ON &quot;wp_nbc_categories&quot; ();
 | (no parameters)</li>
<li>Executing: ROLLBACK | (no parameters)</li>
</ol>
</div>
<div style="clear:both;margin-bottom:2px;border:red dotted thin;" class="error_message" style="border-bottom:dotted blue thin;">
Error occurred at line 3786 in Function <code>handle_error</code>. Error message was: SQLSTATE[HY000]: General error: 1 near "PRIMARY": syntax error.
</div>
<p>Backtrace:</p>
<pre>#0 /internal/shared/sqlite-database-integration/wp-includes/sqlite/class-wp-sqlite-db.php(287): WP_SQLite_Translator->get_error_message()
#1 /wordpress/wp-content/plugins/news-blog-classifier/news-blog-classifier.php(62): WP_SQLite_DB->query('\n\nALTER TABLE `...')
#2 /wordpress/wp-includes/class-wp-hook.php(324): nbc_install_news_blog_classifier(false)
#3 /wordpress/wp-includes/class-wp-hook.php(348): WP_Hook->apply_filters('', Array)
#4 /wordpress/wp-includes/plugin.php(517): WP_Hook->do_action(Array)
#5 /wordpress/wp-admin/includes/plugin.php(703): do_action('activate_news-b...', false)
#6 /internal/eval.php(20): activate_plugin('news-blog-class...')
#7 {main}</pre>
 for query 

ALTER TABLE `wp_nbc_categories`
 ADD PRIMARY KEY (`id`);
 made by activate_plugin, do_action('activate_news-blog-classifier/news-blog-classifier.php'), WP_Hook->do_action, WP_Hook->apply_filters, nbc_install_news_blog_classifier, WP_SQLite_DB->query, WP_SQLite_DB->print_error
[20-Nov-2024 04:37:48 UTC] PHP Fatal error:  Uncaught Error: Call to undefined function mysql_error() in /wordpress/wp-content/plugins/news-blog-classifier/news-blog-classifier.php:62
Stack trace:
#0 /wordpress/wp-includes/class-wp-hook.php(324): nbc_install_news_blog_classifier(false)
#1 /wordpress/wp-includes/class-wp-hook.php(348): WP_Hook->apply_filters('', Array)
#2 /wordpress/wp-includes/plugin.php(517): WP_Hook->do_action(Array)
#3 /wordpress/wp-admin/includes/plugin.php(703): do_action('activate_news-b...', false)
#4 /internal/eval.php(20): activate_plugin('news-blog-class...')
#5 {main}
  thrown in /wordpress/wp-content/plugins/news-blog-classifier/news-blog-classifier.php on line 62

    at Object.onBind (file:///Users/bero/Projects/playground-tester/node_modules/@wp-playground/cli/cli.js:20:788)
    at process.processTicksAndRejections (node:internal/process/task_queues:105:5)
    at async j (file:///Users/bero/Projects/playground-tester/node_modules/@wp-playground/cli/cli.js:1:1166) {
  [cause]: Error: Error when executing the blueprint step #0 ({"step":"installPlugin","pluginData":{"resource":"wordpress.org/plugins","slug":"news-blog-classifier"},"options":{"activate":true}}) : PHP.run() failed with exit code 255 and the following output: 
      at Object.run (file:///Users/bero/Projects/playground-tester/node_modules/@wp-playground/blueprints/index.js:12099:32)
      at process.processTicksAndRejections (node:internal/process/task_queues:105:5)
      at async Qt (file:///Users/bero/Projects/playground-tester/node_modules/@wp-playground/blueprints/index.js:12200:3)
      at async Object.onBind (file:///Users/bero/Projects/playground-tester/node_modules/@wp-playground/cli/cli.js:20:453)
      at async j (file:///Users/bero/Projects/playground-tester/node_modules/@wp-playground/cli/cli.js:1:1166) {
    [cause]: PHPExecutionFailureError: PHP.run() failed with exit code 255 and the following output: 
        at PHP.run (file:///Users/bero/Projects/playground-tester/node_modules/@php-wasm/universal/index.js:979:19)
        at process.processTicksAndRejections (node:internal/process/task_queues:105:5)
        at async gr (file:///Users/bero/Projects/playground-tester/node_modules/@wp-playground/blueprints/index.js:31:39)
        at async Object.at [as installPlugin] (file:///Users/bero/Projects/playground-tester/node_modules/@wp-playground/blueprints/index.js:877:42)
        at async d (file:///Users/bero/Projects/playground-tester/node_modules/@wp-playground/blueprints/index.js:12165:30)
        at async Object.run (file:///Users/bero/Projects/playground-tester/node_modules/@wp-playground/blueprints/index.js:12096:23)
        at async Qt (file:///Users/bero/Projects/playground-tester/node_modules/@wp-playground/blueprints/index.js:12200:3)
        at async Object.onBind (file:///Users/bero/Projects/playground-tester/node_modules/@wp-playground/cli/cli.js:20:453)
        at async j (file:///Users/bero/Projects/playground-tester/node_modules/@wp-playground/cli/cli.js:1:1166) {
      response: PHPResponse {
        httpStatusCode: 500,
        headers: {
          'x-powered-by': [ 'PHP/8.3.0-dev' ],
          'content-type': [ 'text/html; charset=UTF-8' ]
        },
        bytes: Uint8Array(0) [],
        exitCode: 255,
        errors: ''
      },
      source: 'request'
    }
  }
}

Node.js v23.2.0
