file:///Users/bero/Projects/playground-tester/node_modules/@wp-playground/cli/cli.js:20
`)},constants:R,phpIniEntries:{"openssl.cafile":"/internal/shared/ca-bundle.crt",allow_url_fopen:"1",disable_functions:""},hooks:{async beforeWordPressFiles(h){t.mountBeforeInstall&&p(h,t.mountBeforeInstall)}}});const v=await s.getPrimaryPhp();try{if(n&&!t.mountBeforeInstall&&g.writeFileSync(f,await q(v,"/wordpress")),t.mount&&p(v,t.mount),d=!0,u){const{php:h,reap:m}=await s.processManager.acquirePHPInstance();try{c.log("Running the Blueprint..."),await x(u,h),c.log("Finished running the blueprint")}finally{m()}}a==="build-snapshot"?(await r(t.outfile),c.log(`WordPress exported to ${t.outfile}`),process.exit(0)):a==="run-blueprint"?(c.log("Blueprint executed"),process.exit(0)):c.log(`WordPress is running on ${l}`)}catch(h){if(!t.debug)throw h;const m=v.readFileAsText(D);throw new Error(m,{cause:h})}},async handleRequest(o){return d?await s.request(o):I.forHttpCode(502,"WordPress is not ready yet")}})}Q();
                                                                                                                                                                                                                                                                                                                                                                                                                                                                                                                                                                                                                                                                                                                                                                                                                   ^

Error: [20-Nov-2024 02:11:31 UTC] WordPress database error <div style="clear:both">&nbsp;</div>
<div class="queries" style="clear:both;margin-bottom:2px;border:red dotted thin;">
<p>MySQL query:</p>
<p>ALTER TABLE `wp_namaste_student_homeworks` ADD grade VARCHAR(100) NOT NULL DEFAULT '', ADD fileblob LONGBLOB, ADD points INT UNSIGNED NOT NULL DEFAULT 0</p>
<p>Queries made or created this session were:</p>
<ol>
<li>Executing: BEGIN | (no parameters)</li>
<li>Executing: ROLLBACK | (no parameters)</li>
</ol>
</div>
<div style="clear:both;margin-bottom:2px;border:red dotted thin;" class="error_message" style="border-bottom:dotted blue thin;">
Error occurred at line 3786 in Function <code>handle_error</code>. Error message was: Unknown operation: ADD.
</div>
<p>Backtrace:</p>
<pre>#0 /internal/shared/sqlite-database-integration/wp-includes/sqlite/class-wp-sqlite-db.php(287): WP_SQLite_Translator->get_error_message()
#1 /wordpress/wp-content/plugins/namaste-lms/helpers/htmlhelper.php(188): WP_SQLite_DB->query('ALTER TABLE `wp...')
#2 /wordpress/wp-content/plugins/namaste-lms/models/namaste-model.php(211): namaste_add_db_fields(Array, 'wp_namaste_stud...')
#3 /wordpress/wp-includes/class-wp-hook.php(324): NamasteLMS::install(false)
#4 /wordpress/wp-includes/class-wp-hook.php(348): WP_Hook->apply_filters('', Array)
#5 /wordpress/wp-includes/plugin.php(517): WP_Hook->do_action(Array)
#6 /wordpress/wp-admin/includes/plugin.php(703): do_action('activate_namast...', false)
#7 /internal/eval.php(20): activate_plugin('namaste-lms/nam...')
#8 {main}</pre>
 for query ALTER TABLE `wp_namaste_student_homeworks` ADD grade VARCHAR(100) NOT NULL DEFAULT '', ADD fileblob LONGBLOB, ADD points INT UNSIGNED NOT NULL DEFAULT 0 made by activate_plugin, do_action('activate_namaste-lms/namaste.php'), WP_Hook->do_action, WP_Hook->apply_filters, NamasteLMS::install, namaste_add_db_fields, WP_SQLite_DB->query, WP_SQLite_DB->print_error
[20-Nov-2024 02:11:31 UTC] WordPress database error <div style="clear:both">&nbsp;</div>
<div class="queries" style="clear:both;margin-bottom:2px;border:red dotted thin;">
<p>MySQL query:</p>
<p>ALTER TABLE `wp_namaste_solution_files` ADD filepath VARCHAR(255) NOT NULL DEFAULT ''</p>
<p>Queries made or created this session were:</p>
<ol>
<li>Executing: BEGIN | (no parameters)</li>
<li>Executing: ROLLBACK | (no parameters)</li>
</ol>
</div>
<div style="clear:both;margin-bottom:2px;border:red dotted thin;" class="error_message" style="border-bottom:dotted blue thin;">
Error occurred at line 3786 in Function <code>handle_error</code>. Error message was: Unknown operation: ADD.
</div>
<p>Backtrace:</p>
<pre>#0 /internal/shared/sqlite-database-integration/wp-includes/sqlite/class-wp-sqlite-db.php(287): WP_SQLite_Translator->get_error_message()
#1 /wordpress/wp-content/plugins/namaste-lms/helpers/htmlhelper.php(188): WP_SQLite_DB->query('ALTER TABLE `wp...')
#2 /wordpress/wp-content/plugins/namaste-lms/models/namaste-model.php(217): namaste_add_db_fields(Array, 'wp_namaste_solu...')
#3 /wordpress/wp-includes/class-wp-hook.php(324): NamasteLMS::install(false)
#4 /wordpress/wp-includes/class-wp-hook.php(348): WP_Hook->apply_filters('', Array)
#5 /wordpress/wp-includes/plugin.php(517): WP_Hook->do_action(Array)
#6 /wordpress/wp-admin/includes/plugin.php(703): do_action('activate_namast...', false)
#7 /internal/eval.php(20): activate_plugin('namaste-lms/nam...')
#8 {main}</pre>
 for query ALTER TABLE `wp_namaste_solution_files` ADD filepath VARCHAR(255) NOT NULL DEFAULT '' made by activate_plugin, do_action('activate_namaste-lms/namaste.php'), WP_Hook->do_action, WP_Hook->apply_filters, NamasteLMS::install, namaste_add_db_fields, WP_SQLite_DB->query, WP_SQLite_DB->print_error
[20-Nov-2024 02:11:31 UTC] WordPress database error <div style="clear:both">&nbsp;</div>
<div class="queries" style="clear:both;margin-bottom:2px;border:red dotted thin;">
<p>MySQL query:</p>
<p>ALTER TABLE `wp_namaste_student_courses` ADD grade VARCHAR(100) NOT NULL DEFAULT '', ADD enrollment_time DATETIME, ADD completion_time DATETIME, ADD points INT UNSIGNED NOT NULL DEFAULT 0, ADD tags TEXT</p>
<p>Queries made or created this session were:</p>
<ol>
<li>Executing: BEGIN | (no parameters)</li>
<li>Executing: ROLLBACK | (no parameters)</li>
</ol>
</div>
<div style="clear:both;margin-bottom:2px;border:red dotted thin;" class="error_message" style="border-bottom:dotted blue thin;">
Error occurred at line 3786 in Function <code>handle_error</code>. Error message was: Unknown operation: ADD.
</div>
<p>Backtrace:</p>
<pre>#0 /internal/shared/sqlite-database-integration/wp-includes/sqlite/class-wp-sqlite-db.php(287): WP_SQLite_Translator->get_error_message()
#1 /wordpress/wp-content/plugins/namaste-lms/helpers/htmlhelper.php(188): WP_SQLite_DB->query('ALTER TABLE `wp...')
#2 /wordpress/wp-content/plugins/namaste-lms/models/namaste-model.php(222): namaste_add_db_fields(Array, 'wp_namaste_stud...')
#3 /wordpress/wp-includes/class-wp-hook.php(324): NamasteLMS::install(false)
#4 /wordpress/wp-includes/class-wp-hook.php(348): WP_Hook->apply_filters('', Array)
#5 /wordpress/wp-includes/plugin.php(517): WP_Hook->do_action(Array)
#6 /wordpress/wp-admin/includes/plugin.php(703): do_action('activate_namast...', false)
#7 /internal/eval.php(20): activate_plugin('namaste-lms/nam...')
#8 {main}</pre>
 for query ALTER TABLE `wp_namaste_student_courses` ADD grade VARCHAR(100) NOT NULL DEFAULT '', ADD enrollment_time DATETIME, ADD completion_time DATETIME, ADD points INT UNSIGNED NOT NULL DEFAULT 0, ADD tags TEXT made by activate_plugin, do_action('activate_namaste-lms/namaste.php'), WP_Hook->do_action, WP_Hook->apply_filters, NamasteLMS::install, namaste_add_db_fields, WP_SQLite_DB->query, WP_SQLite_DB->print_error
[20-Nov-2024 02:11:31 UTC] WordPress database error <div style="clear:both">&nbsp;</div>
<div class="queries" style="clear:both;margin-bottom:2px;border:red dotted thin;">
<p>MySQL query:</p>
<p>ALTER TABLE `wp_namaste_student_lessons` ADD grade VARCHAR(100) NOT NULL DEFAULT '', ADD start_time DATETIME, ADD completion_time DATETIME, ADD points INT UNSIGNED NOT NULL DEFAULT 0, ADD pending_admin_approval TINYINT UNSIGNED NOT NULL DEFAULT 0</p>
<p>Queries made or created this session were:</p>
<ol>
<li>Executing: BEGIN | (no parameters)</li>
<li>Executing: ROLLBACK | (no parameters)</li>
</ol>
</div>
<div style="clear:both;margin-bottom:2px;border:red dotted thin;" class="error_message" style="border-bottom:dotted blue thin;">
Error occurred at line 3786 in Function <code>handle_error</code>. Error message was: Unknown operation: ADD.
</div>
<p>Backtrace:</p>
<pre>#0 /internal/shared/sqlite-database-integration/wp-includes/sqlite/class-wp-sqlite-db.php(287): WP_SQLite_Translator->get_error_message()
#1 /wordpress/wp-content/plugins/namaste-lms/helpers/htmlhelper.php(188): WP_SQLite_DB->query('ALTER TABLE `wp...')
#2 /wordpress/wp-content/plugins/namaste-lms/models/namaste-model.php(230): namaste_add_db_fields(Array, 'wp_namaste_stud...')
#3 /wordpress/wp-includes/class-wp-hook.php(324): NamasteLMS::install(false)
#4 /wordpress/wp-includes/class-wp-hook.php(348): WP_Hook->apply_filters('', Array)
#5 /wordpress/wp-includes/plugin.php(517): WP_Hook->do_action(Array)
#6 /wordpress/wp-admin/includes/plugin.php(703): do_action('activate_namast...', false)
#7 /internal/eval.php(20): activate_plugin('namaste-lms/nam...')
#8 {main}</pre>
 for query ALTER TABLE `wp_namaste_student_lessons` ADD grade VARCHAR(100) NOT NULL DEFAULT '', ADD start_time DATETIME, ADD completion_time DATETIME, ADD points INT UNSIGNED NOT NULL DEFAULT 0, ADD pending_admin_approval TINYINT UNSIGNED NOT NULL DEFAULT 0 made by activate_plugin, do_action('activate_namaste-lms/namaste.php'), WP_Hook->do_action, WP_Hook->apply_filters, NamasteLMS::install, namaste_add_db_fields, WP_SQLite_DB->query, WP_SQLite_DB->print_error
[20-Nov-2024 02:11:31 UTC] WordPress database error <div style="clear:both">&nbsp;</div>
<div class="queries" style="clear:both;margin-bottom:2px;border:red dotted thin;">
<p>MySQL query:</p>
<p>ALTER TABLE `wp_namaste_homeworks` ADD award_points INT UNSIGNED NOT NULL DEFAULT 0, ADD editor_id INT UNSIGNED NOT NULL DEFAULT 0, ADD limit_by_date TINYINT UNSIGNED NOT NULL DEFAULT 0, ADD accept_date_from DATE, ADD accept_date_to DATE, ADD auto_grade_lesson TINYINT UNSIGNED NOT NULL DEFAULT 0, ADD self_approving TINYINT UNSIGNED NOT NULL DEFAULT 0, ADD auto_approve TINYINT UNSIGNED NOT NULL DEFAULT 0</p>
<p>Queries made or created this session were:</p>
<ol>
<li>Executing: BEGIN | (no parameters)</li>
<li>Executing: ROLLBACK | (no parameters)</li>
</ol>
</div>
<div style="clear:both;margin-bottom:2px;border:red dotted thin;" class="error_message" style="border-bottom:dotted blue thin;">
Error occurred at line 3786 in Function <code>handle_error</code>. Error message was: Unknown operation: ADD.
</div>
<p>Backtrace:</p>
<pre>#0 /internal/shared/sqlite-database-integration/wp-includes/sqlite/class-wp-sqlite-db.php(287): WP_SQLite_Translator->get_error_message()
#1 /wordpress/wp-content/plugins/namaste-lms/helpers/htmlhelper.php(188): WP_SQLite_DB->query('ALTER TABLE `wp...')
#2 /wordpress/wp-content/plugins/namaste-lms/models/namaste-model.php(238): namaste_add_db_fields(Array, 'wp_namaste_home...')
#3 /wordpress/wp-includes/class-wp-hook.php(324): NamasteLMS::install(false)
#4 /wordpress/wp-includes/class-wp-hook.php(348): WP_Hook->apply_filters('', Array)
#5 /wordpress/wp-includes/plugin.php(517): WP_Hook->do_action(Array)
#6 /wordpress/wp-admin/includes/plugin.php(703): do_action('activate_namast...', false)
#7 /internal/eval.php(20): activate_plugin('namaste-lms/nam...')
#8 {main}</pre>
 for query ALTER TABLE `wp_namaste_homeworks` ADD award_points INT UNSIGNED NOT NULL DEFAULT 0, ADD editor_id INT UNSIGNED NOT NULL DEFAULT 0, ADD limit_by_date TINYINT UNSIGNED NOT NULL DEFAULT 0, ADD accept_date_from DATE, ADD accept_date_to DATE, ADD auto_grade_lesson TINYINT UNSIGNED NOT NULL DEFAULT 0, ADD self_approving TINYINT UNSIGNED NOT NULL DEFAULT 0, ADD auto_approve TINYINT UNSIGNED NOT NULL DEFAULT 0 made by activate_plugin, do_action('activate_namaste-lms/namaste.php'), WP_Hook->do_action, WP_Hook->apply_filters, NamasteLMS::install, namaste_add_db_fields, WP_SQLite_DB->query, WP_SQLite_DB->print_error
[20-Nov-2024 02:11:31 UTC] WordPress database error <div style="clear:both">&nbsp;</div>
<div class="queries" style="clear:both;margin-bottom:2px;border:red dotted thin;">
<p>MySQL query:</p>
<p>ALTER TABLE `wp_namaste_certificates` ADD editor_id INT UNSIGNED NOT NULL DEFAULT 0, ADD has_expiration TINYINT UNSIGNED NOT NULL DEFAULT 0, ADD expiration_period VARCHAR(100) NOT NULL DEFAULT '', ADD expired_message TEXT, ADD expiration_mode VARCHAR(255) NOT NULL DEFAULT 'period', ADD expiration_date DATE</p>
<p>Queries made or created this session were:</p>
<ol>
<li>Executing: BEGIN | (no parameters)</li>
<li>Executing: ROLLBACK | (no parameters)</li>
</ol>
</div>
<div style="clear:both;margin-bottom:2px;border:red dotted thin;" class="error_message" style="border-bottom:dotted blue thin;">
Error occurred at line 3786 in Function <code>handle_error</code>. Error message was: Unknown operation: ADD.
</div>
<p>Backtrace:</p>
<pre>#0 /internal/shared/sqlite-database-integration/wp-includes/sqlite/class-wp-sqlite-db.php(287): WP_SQLite_Translator->get_error_message()
#1 /wordpress/wp-content/plugins/namaste-lms/helpers/htmlhelper.php(188): WP_SQLite_DB->query('ALTER TABLE `wp...')
#2 /wordpress/wp-content/plugins/namaste-lms/models/namaste-model.php(249): namaste_add_db_fields(Array, 'wp_namaste_cert...')
#3 /wordpress/wp-includes/class-wp-hook.php(324): NamasteLMS::install(false)
#4 /wordpress/wp-includes/class-wp-hook.php(348): WP_Hook->apply_filters('', Array)
#5 /wordpress/wp-includes/plugin.php(517): WP_Hook->do_action(Array)
#6 /wordpress/wp-admin/includes/plugin.php(703): do_action('activate_namast...', false)
#7 /internal/eval.php(20): activate_plugin('namaste-lms/nam...')
#8 {main}</pre>
 for query ALTER TABLE `wp_namaste_certificates` ADD editor_id INT UNSIGNED NOT NULL DEFAULT 0, ADD has_expiration TINYINT UNSIGNED NOT NULL DEFAULT 0, ADD expiration_period VARCHAR(100) NOT NULL DEFAULT '', ADD expired_message TEXT, ADD expiration_mode VARCHAR(255) NOT NULL DEFAULT 'period', ADD expiration_date DATE made by activate_plugin, do_action('activate_namaste-lms/namaste.php'), WP_Hook->do_action, WP_Hook->apply_filters, NamasteLMS::install, namaste_add_db_fields, WP_SQLite_DB->query, WP_SQLite_DB->print_error
[20-Nov-2024 02:11:31 UTC] WordPress database error <div style="clear:both">&nbsp;</div>
<div class="queries" style="clear:both;margin-bottom:2px;border:red dotted thin;">
<p>MySQL query:</p>
<p>ALTER TABLE `wp_namaste_history` ADD for_item_type VARCHAR(100) NOT NULL DEFAULT '' , ADD for_item_id INT UNSIGNED NOT NULL DEFAULT 0, ADD group_id INT UNSIGNED NOT NULL DEFAULT 0, ADD course_id INT UNSIGNED NOT NULL DEFAULT 0, ADD module_id INT UNSIGNED NOT NULL DEFAULT 0</p>
<p>Queries made or created this session were:</p>
<ol>
<li>Executing: BEGIN | (no parameters)</li>
<li>Executing: ROLLBACK | (no parameters)</li>
</ol>
</div>
<div style="clear:both;margin-bottom:2px;border:red dotted thin;" class="error_message" style="border-bottom:dotted blue thin;">
Error occurred at line 3786 in Function <code>handle_error</code>. Error message was: Unknown operation: ADD.
</div>
<p>Backtrace:</p>
<pre>#0 /internal/shared/sqlite-database-integration/wp-includes/sqlite/class-wp-sqlite-db.php(287): WP_SQLite_Translator->get_error_message()
#1 /wordpress/wp-content/plugins/namaste-lms/helpers/htmlhelper.php(188): WP_SQLite_DB->query('ALTER TABLE `wp...')
#2 /wordpress/wp-content/plugins/namaste-lms/models/namaste-model.php(258): namaste_add_db_fields(Array, 'wp_namaste_hist...')
#3 /wordpress/wp-includes/class-wp-hook.php(324): NamasteLMS::install(false)
#4 /wordpress/wp-includes/class-wp-hook.php(348): WP_Hook->apply_filters('', Array)
#5 /wordpress/wp-includes/plugin.php(517): WP_Hook->do_action(Array)
#6 /wordpress/wp-admin/includes/plugin.php(703): do_action('activate_namast...', false)
#7 /internal/eval.php(20): activate_plugin('namaste-lms/nam...')
#8 {main}</pre>
 for query ALTER TABLE `wp_namaste_history` ADD for_item_type VARCHAR(100) NOT NULL DEFAULT '' , ADD for_item_id INT UNSIGNED NOT NULL DEFAULT 0, ADD group_id INT UNSIGNED NOT NULL DEFAULT 0, ADD course_id INT UNSIGNED NOT NULL DEFAULT 0, ADD module_id INT UNSIGNED NOT NULL DEFAULT 0 made by activate_plugin, do_action('activate_namaste-lms/namaste.php'), WP_Hook->do_action, WP_Hook->apply_filters, NamasteLMS::install, namaste_add_db_fields, WP_SQLite_DB->query, WP_SQLite_DB->print_error
[20-Nov-2024 02:11:31 UTC] WordPress database error <div style="clear:both">&nbsp;</div>
<div class="queries" style="clear:both;margin-bottom:2px;border:red dotted thin;">
<p>MySQL query:</p>
<p>ALTER TABLE wp_namaste_student_homeworks CHANGE fileblob fileblob LONGBLOB</p>
<p>Queries made or created this session were:</p>
<ol>
<li>Executing: BEGIN | (no parameters)</li>
<li>Executing: ROLLBACK | (no parameters)</li>
</ol>
</div>
<div style="clear:both;margin-bottom:2px;border:red dotted thin;" class="error_message" style="border-bottom:dotted blue thin;">
Error occurred at line 3786 in Function <code>handle_error</code>. Error message was: Unknown operation: CHANGE.
</div>
<p>Backtrace:</p>
<pre>#0 /internal/shared/sqlite-database-integration/wp-includes/sqlite/class-wp-sqlite-db.php(287): WP_SQLite_Translator->get_error_message()
#1 /wordpress/wp-content/plugins/namaste-lms/models/namaste-model.php(282): WP_SQLite_DB->query('ALTER TABLE wp_...')
#2 /wordpress/wp-includes/class-wp-hook.php(324): NamasteLMS::install(false)
#3 /wordpress/wp-includes/class-wp-hook.php(348): WP_Hook->apply_filters('', Array)
#4 /wordpress/wp-includes/plugin.php(517): WP_Hook->do_action(Array)
#5 /wordpress/wp-admin/includes/plugin.php(703): do_action('activate_namast...', false)
#6 /internal/eval.php(20): activate_plugin('namaste-lms/nam...')
#7 {main}</pre>
 for query ALTER TABLE wp_namaste_student_homeworks CHANGE fileblob fileblob LONGBLOB made by activate_plugin, do_action('activate_namaste-lms/namaste.php'), WP_Hook->do_action, WP_Hook->apply_filters, NamasteLMS::install, WP_SQLite_DB->query, WP_SQLite_DB->print_error
[20-Nov-2024 02:11:31 UTC] PHP Fatal error:  Uncaught Exception: The plugin generated unexpected output. in /internal/eval.php:29
Stack trace:
#0 {main}
  thrown in /internal/eval.php on line 29

    at Object.onBind (file:///Users/bero/Projects/playground-tester/node_modules/@wp-playground/cli/cli.js:20:788)
    at process.processTicksAndRejections (node:internal/process/task_queues:105:5)
    at async j (file:///Users/bero/Projects/playground-tester/node_modules/@wp-playground/cli/cli.js:1:1166) {
  [cause]: Error: Error when executing the blueprint step #0 ({"step":"installPlugin","pluginData":{"resource":"wordpress.org/plugins","slug":"namaste-lms"},"options":{"activate":true}}) : PHP.run() failed with exit code 255 and the following output: 
      at Object.run (file:///Users/bero/Projects/playground-tester/node_modules/@wp-playground/blueprints/index.js:12099:32)
      at process.processTicksAndRejections (node:internal/process/task_queues:105:5)
      at async Qt (file:///Users/bero/Projects/playground-tester/node_modules/@wp-playground/blueprints/index.js:12200:3)
      at async Object.onBind (file:///Users/bero/Projects/playground-tester/node_modules/@wp-playground/cli/cli.js:20:453)
      at async j (file:///Users/bero/Projects/playground-tester/node_modules/@wp-playground/cli/cli.js:1:1166) {
    [cause]: PHPExecutionFailureError: PHP.run() failed with exit code 255 and the following output: 
        at PHP.run (file:///Users/bero/Projects/playground-tester/node_modules/@php-wasm/universal/index.js:979:19)
        at process.processTicksAndRejections (node:internal/process/task_queues:105:5)
        at async gr (file:///Users/bero/Projects/playground-tester/node_modules/@wp-playground/blueprints/index.js:31:39)
        at async Object.at [as installPlugin] (file:///Users/bero/Projects/playground-tester/node_modules/@wp-playground/blueprints/index.js:877:42)
        at async d (file:///Users/bero/Projects/playground-tester/node_modules/@wp-playground/blueprints/index.js:12165:30)
        at async Object.run (file:///Users/bero/Projects/playground-tester/node_modules/@wp-playground/blueprints/index.js:12096:23)
        at async Qt (file:///Users/bero/Projects/playground-tester/node_modules/@wp-playground/blueprints/index.js:12200:3)
        at async Object.onBind (file:///Users/bero/Projects/playground-tester/node_modules/@wp-playground/cli/cli.js:20:453)
        at async j (file:///Users/bero/Projects/playground-tester/node_modules/@wp-playground/cli/cli.js:1:1166) {
      response: PHPResponse {
        httpStatusCode: 500,
        headers: {
          'x-powered-by': [ 'PHP/8.3.0-dev' ],
          'content-type': [ 'text/html; charset=UTF-8' ]
        },
        bytes: Uint8Array(0) [],
        exitCode: 255,
        errors: ''
      },
      source: 'request'
    }
  }
}

Node.js v23.2.0
