file:///Users/bero/Projects/playground-tester/node_modules/@wp-playground/cli/cli.js:20
`)},constants:R,phpIniEntries:{"openssl.cafile":"/internal/shared/ca-bundle.crt",allow_url_fopen:"1",disable_functions:""},hooks:{async beforeWordPressFiles(h){t.mountBeforeInstall&&p(h,t.mountBeforeInstall)}}});const v=await s.getPrimaryPhp();try{if(n&&!t.mountBeforeInstall&&g.writeFileSync(f,await q(v,"/wordpress")),t.mount&&p(v,t.mount),d=!0,u){const{php:h,reap:m}=await s.processManager.acquirePHPInstance();try{c.log("Running the Blueprint..."),await x(u,h),c.log("Finished running the blueprint")}finally{m()}}a==="build-snapshot"?(await r(t.outfile),c.log(`WordPress exported to ${t.outfile}`),process.exit(0)):a==="run-blueprint"?(c.log("Blueprint executed"),process.exit(0)):c.log(`WordPress is running on ${l}`)}catch(h){if(!t.debug)throw h;const m=v.readFileAsText(D);throw new Error(m,{cause:h})}},async handleRequest(o){return d?await s.request(o):I.forHttpCode(502,"WordPress is not ready yet")}})}Q();
                                                                                                                                                                                                                                                                                                                                                                                                                                                                                                                                                                                                                                                                                                                                                                                                                   ^

Error: [08-Nov-2024 13:38:18 UTC] PHP Warning:  Undefined array key "action" in /wordpress/wp-content/plugins/03talk-community-conference/03TALK.php on line 31
[08-Nov-2024 13:38:18 UTC] PHP Warning:  Undefined array key "action" in /wordpress/wp-content/plugins/03talk-community-conference/03TALK.php on line 52
[08-Nov-2024 13:38:18 UTC] PHP Warning:  Undefined array key "action" in /wordpress/wp-content/plugins/03talk-community-conference/03TALK.php on line 61
[08-Nov-2024 13:38:18 UTC] PHP Fatal error:  Uncaught TypeError: rand(): Argument #2 ($max) must be of type int, float given in /wordpress/wp-content/plugins/03talk-community-conference/03TALK.php:116
Stack trace:
#0 /wordpress/wp-content/plugins/03talk-community-conference/03TALK.php(116): rand(0, 9999999999.0)
#1 /wordpress/wp-includes/class-wp-hook.php(324): conference_preinstall(false)
#2 /wordpress/wp-includes/class-wp-hook.php(348): WP_Hook->apply_filters('', Array)
#3 /wordpress/wp-includes/plugin.php(517): WP_Hook->do_action(Array)
#4 /wordpress/wp-admin/includes/plugin.php(703): do_action('activate_03talk...', false)
#5 /internal/eval.php(20): activate_plugin('03talk-communit...')
#6 {main}
  thrown in /wordpress/wp-content/plugins/03talk-community-conference/03TALK.php on line 116
[08-Nov-2024 13:40:11 UTC] PHP Fatal error:  Uncaught ArgumentCountError: Too few arguments to function ZERO_ERROR_handler::_zerror_handler(), 4 passed in /wordpress/wp-content/plugins/002-ps-custom-post-type/ps-custom-post_type.php on line 39 and exactly 5 expected in /wordpress/wp-content/plugins/0-errors/classes/ze-error-handler.class.php:17
Stack trace:
#0 /wordpress/wp-content/plugins/002-ps-custom-post-type/ps-custom-post_type.php(39): ZERO_ERROR_handler->_zerror_handler(2, 'Undefined array...', '/wordpress/wp-c...', 39)
#1 /wordpress/wp-content/plugins/002-ps-custom-post-type/ps-custom-post_type.php(32): Ps_Custom_Post_Type->init()
#2 /wordpress/wp-content/plugins/002-ps-custom-post-type/ps-custom-post_type.php(559): Ps_Custom_Post_Type->__construct()
#3 /wordpress/wp-admin/includes/plugin.php(2387): include_once('/wordpress/wp-c...')
#4 /wordpress/wp-admin/includes/plugin.php(673): plugin_sandbox_scrape('002-ps-custom-p...')
#5 /internal/eval.php(20): activate_plugin('002-ps-custom-p...')
#6 {main}
  thrown in /wordpress/wp-content/plugins/0-errors/classes/ze-error-handler.class.php on line 17
[08-Nov-2024 13:40:16 UTC] PHP Fatal error:  Uncaught ArgumentCountError: Too few arguments to function ZERO_ERROR_handler::_zerror_handler(), 4 passed in /wordpress/wp-content/plugins/012-ps-multi-languages/ps-multi-languages.php on line 102 and exactly 5 expected in /wordpress/wp-content/plugins/0-errors/classes/ze-error-handler.class.php:17
Stack trace:
#0 /wordpress/wp-content/plugins/012-ps-multi-languages/ps-multi-languages.php(102): ZERO_ERROR_handler->_zerror_handler(2, 'Undefined array...', '/wordpress/wp-c...', 102)
#1 /wordpress/wp-content/plugins/012-ps-multi-languages/ps-multi-languages.php(60): ps_multi_languages->init()
#2 /wordpress/wp-content/plugins/012-ps-multi-languages/ps-multi-languages.php(1383): ps_multi_languages->__construct()
#3 /wordpress/wp-admin/includes/plugin.php(2387): include_once('/wordpress/wp-c...')
#4 /wordpress/wp-admin/includes/plugin.php(673): plugin_sandbox_scrape('012-ps-multi-la...')
#5 /internal/eval.php(20): activate_plugin('012-ps-multi-la...')
#6 {main}
  thrown in /wordpress/wp-content/plugins/0-errors/classes/ze-error-handler.class.php on line 17
[08-Nov-2024 13:40:25 UTC] PHP Fatal error:  Uncaught ArgumentCountError: Too few arguments to function ZERO_ERROR_handler::_zerror_handler(), 4 passed in /wordpress/wp-content/plugins/028-ps-combine-taxonomy-children/ps-combine-taxonomy-children.php on line 82 and exactly 5 expected in /wordpress/wp-content/plugins/0-errors/classes/ze-error-handler.class.php:17
Stack trace:
#0 /wordpress/wp-content/plugins/028-ps-combine-taxonomy-children/ps-combine-taxonomy-children.php(82): ZERO_ERROR_handler->_zerror_handler(2, 'Undefined array...', '/wordpress/wp-c...', 82)
#1 /wordpress/wp-content/plugins/028-ps-combine-taxonomy-children/ps-combine-taxonomy-children.php(37): ps_combine_taxonomy_children->init()
#2 /wordpress/wp-content/plugins/028-ps-combine-taxonomy-children/ps-combine-taxonomy-children.php(594): ps_combine_taxonomy_children->__construct()
#3 /wordpress/wp-admin/includes/plugin.php(2387): include_once('/wordpress/wp-c...')
#4 /wordpress/wp-admin/includes/plugin.php(673): plugin_sandbox_scrape('028-ps-combine-...')
#5 /internal/eval.php(20): activate_plugin('028-ps-combine-...')
#6 {main}
  thrown in /wordpress/wp-content/plugins/0-errors/classes/ze-error-handler.class.php on line 17
[08-Nov-2024 13:40:30 UTC] PHP Fatal error:  Uncaught ArgumentCountError: Too few arguments to function ZERO_ERROR_handler::_zerror_handler(), 4 passed in /wordpress/wp-content/plugins/03talk-community-conference/03TALK.php on line 31 and exactly 5 expected in /wordpress/wp-content/plugins/0-errors/classes/ze-error-handler.class.php:17
Stack trace:
#0 /wordpress/wp-content/plugins/03talk-community-conference/03TALK.php(31): ZERO_ERROR_handler->_zerror_handler(2, 'Undefined array...', '/wordpress/wp-c...', 31)
#1 /wordpress/wp-admin/includes/plugin.php(2387): include_once('/wordpress/wp-c...')
#2 /wordpress/wp-admin/includes/plugin.php(673): plugin_sandbox_scrape('03talk-communit...')
#3 /internal/eval.php(20): activate_plugin('03talk-communit...')
#4 {main}
  thrown in /wordpress/wp-content/plugins/0-errors/classes/ze-error-handler.class.php on line 17
[08-Nov-2024 13:43:46 UTC] PHP Fatal error:  Uncaught ArgumentCountError: Too few arguments to function ZERO_ERROR_handler::_zerror_handler(), 4 passed in /wordpress/wp-content/plugins/012-ps-multi-languages/ps-multi-languages.php on line 102 and exactly 5 expected in /wordpress/wp-content/plugins/0-errors/classes/ze-error-handler.class.php:17
Stack trace:
#0 /wordpress/wp-content/plugins/012-ps-multi-languages/ps-multi-languages.php(102): ZERO_ERROR_handler->_zerror_handler(2, 'Undefined array...', '/wordpress/wp-c...', 102)
#1 /wordpress/wp-content/plugins/012-ps-multi-languages/ps-multi-languages.php(60): ps_multi_languages->init()
#2 /wordpress/wp-content/plugins/012-ps-multi-languages/ps-multi-languages.php(1383): ps_multi_languages->__construct()
#3 /wordpress/wp-admin/includes/plugin.php(2387): include_once('/wordpress/wp-c...')
#4 /wordpress/wp-admin/includes/plugin.php(673): plugin_sandbox_scrape('012-ps-multi-la...')
#5 /internal/eval.php(20): activate_plugin('012-ps-multi-la...')
#6 {main}
  thrown in /wordpress/wp-content/plugins/0-errors/classes/ze-error-handler.class.php on line 17
[08-Nov-2024 13:46:45 UTC] PHP Fatal error:  Uncaught ArgumentCountError: Too few arguments to function ZERO_ERROR_handler::_zerror_handler(), 4 passed in /wordpress/wp-content/plugins/002-ps-custom-post-type/ps-custom-post_type.php on line 39 and exactly 5 expected in /wordpress/wp-content/plugins/0-errors/classes/ze-error-handler.class.php:17
Stack trace:
#0 /wordpress/wp-content/plugins/002-ps-custom-post-type/ps-custom-post_type.php(39): ZERO_ERROR_handler->_zerror_handler(2, 'Undefined array...', '/wordpress/wp-c...', 39)
#1 /wordpress/wp-content/plugins/002-ps-custom-post-type/ps-custom-post_type.php(32): Ps_Custom_Post_Type->init()
#2 /wordpress/wp-content/plugins/002-ps-custom-post-type/ps-custom-post_type.php(559): Ps_Custom_Post_Type->__construct()
#3 /wordpress/wp-admin/includes/plugin.php(2387): include_once('/wordpress/wp-c...')
#4 /wordpress/wp-admin/includes/plugin.php(673): plugin_sandbox_scrape('002-ps-custom-p...')
#5 /internal/eval.php(20): activate_plugin('002-ps-custom-p...')
#6 {main}
  thrown in /wordpress/wp-content/plugins/0-errors/classes/ze-error-handler.class.php on line 17
[11-Nov-2024 10:28:46 UTC] PHP Fatal error:  Uncaught ArgumentCountError: Too few arguments to function ZERO_ERROR_handler::_zerror_handler(), 4 passed in /wordpress/wp-content/plugins/012-ps-multi-languages/ps-multi-languages.php on line 102 and exactly 5 expected in /wordpress/wp-content/plugins/0-errors/classes/ze-error-handler.class.php:17
Stack trace:
#0 /wordpress/wp-content/plugins/012-ps-multi-languages/ps-multi-languages.php(102): ZERO_ERROR_handler->_zerror_handler(2, 'Undefined array...', '/wordpress/wp-c...', 102)
#1 /wordpress/wp-content/plugins/012-ps-multi-languages/ps-multi-languages.php(60): ps_multi_languages->init()
#2 /wordpress/wp-content/plugins/012-ps-multi-languages/ps-multi-languages.php(1383): ps_multi_languages->__construct()
#3 /wordpress/wp-admin/includes/plugin.php(2387): include_once('/wordpress/wp-c...')
#4 /wordpress/wp-admin/includes/plugin.php(673): plugin_sandbox_scrape('012-ps-multi-la...')
#5 /internal/eval.php(20): activate_plugin('012-ps-multi-la...')
#6 {main}
  thrown in /wordpress/wp-content/plugins/0-errors/classes/ze-error-handler.class.php on line 17
[11-Nov-2024 10:28:53 UTC] PHP Fatal error:  Uncaught ArgumentCountError: Too few arguments to function ZERO_ERROR_handler::_zerror_handler(), 4 passed in /wordpress/wp-content/plugins/002-ps-custom-post-type/ps-custom-post_type.php on line 39 and exactly 5 expected in /wordpress/wp-content/plugins/0-errors/classes/ze-error-handler.class.php:17
Stack trace:
#0 /wordpress/wp-content/plugins/002-ps-custom-post-type/ps-custom-post_type.php(39): ZERO_ERROR_handler->_zerror_handler(2, 'Undefined array...', '/wordpress/wp-c...', 39)
#1 /wordpress/wp-content/plugins/002-ps-custom-post-type/ps-custom-post_type.php(32): Ps_Custom_Post_Type->init()
#2 /wordpress/wp-content/plugins/002-ps-custom-post-type/ps-custom-post_type.php(559): Ps_Custom_Post_Type->__construct()
#3 /wordpress/wp-admin/includes/plugin.php(2387): include_once('/wordpress/wp-c...')
#4 /wordpress/wp-admin/includes/plugin.php(673): plugin_sandbox_scrape('002-ps-custom-p...')
#5 /internal/eval.php(20): activate_plugin('002-ps-custom-p...')
#6 {main}
  thrown in /wordpress/wp-content/plugins/0-errors/classes/ze-error-handler.class.php on line 17
[11-Nov-2024 10:30:14 UTC] PHP Fatal error:  Uncaught ArgumentCountError: Too few arguments to function ZERO_ERROR_handler::_zerror_handler(), 4 passed in /wordpress/wp-content/plugins/002-ps-custom-post-type/ps-custom-post_type.php on line 39 and exactly 5 expected in /wordpress/wp-content/plugins/0-errors/classes/ze-error-handler.class.php:17
Stack trace:
#0 /wordpress/wp-content/plugins/002-ps-custom-post-type/ps-custom-post_type.php(39): ZERO_ERROR_handler->_zerror_handler(2, 'Undefined array...', '/wordpress/wp-c...', 39)
#1 /wordpress/wp-content/plugins/002-ps-custom-post-type/ps-custom-post_type.php(32): Ps_Custom_Post_Type->init()
#2 /wordpress/wp-content/plugins/002-ps-custom-post-type/ps-custom-post_type.php(559): Ps_Custom_Post_Type->__construct()
#3 /wordpress/wp-admin/includes/plugin.php(2387): include_once('/wordpress/wp-c...')
#4 /wordpress/wp-admin/includes/plugin.php(673): plugin_sandbox_scrape('002-ps-custom-p...')
#5 /internal/eval.php(20): activate_plugin('002-ps-custom-p...')
#6 {main}
  thrown in /wordpress/wp-content/plugins/0-errors/classes/ze-error-handler.class.php on line 17
[11-Nov-2024 10:31:36 UTC] PHP Fatal error:  Uncaught ArgumentCountError: Too few arguments to function ZERO_ERROR_handler::_zerror_handler(), 4 passed in /wordpress/wp-content/plugins/002-ps-custom-post-type/ps-custom-post_type.php on line 39 and exactly 5 expected in /wordpress/wp-content/plugins/0-errors/classes/ze-error-handler.class.php:17
Stack trace:
#0 /wordpress/wp-content/plugins/002-ps-custom-post-type/ps-custom-post_type.php(39): ZERO_ERROR_handler->_zerror_handler(2, 'Undefined array...', '/wordpress/wp-c...', 39)
#1 /wordpress/wp-content/plugins/002-ps-custom-post-type/ps-custom-post_type.php(32): Ps_Custom_Post_Type->init()
#2 /wordpress/wp-content/plugins/002-ps-custom-post-type/ps-custom-post_type.php(559): Ps_Custom_Post_Type->__construct()
#3 /wordpress/wp-admin/includes/plugin.php(2387): include_once('/wordpress/wp-c...')
#4 /wordpress/wp-admin/includes/plugin.php(673): plugin_sandbox_scrape('002-ps-custom-p...')
#5 /internal/eval.php(20): activate_plugin('002-ps-custom-p...')
#6 {main}
  thrown in /wordpress/wp-content/plugins/0-errors/classes/ze-error-handler.class.php on line 17
[11-Nov-2024 10:31:58 UTC] PHP Fatal error:  Uncaught ArgumentCountError: Too few arguments to function ZERO_ERROR_handler::_zerror_handler(), 4 passed in /wordpress/wp-content/plugins/002-ps-custom-post-type/ps-custom-post_type.php on line 39 and exactly 5 expected in /wordpress/wp-content/plugins/0-errors/classes/ze-error-handler.class.php:17
Stack trace:
#0 /wordpress/wp-content/plugins/002-ps-custom-post-type/ps-custom-post_type.php(39): ZERO_ERROR_handler->_zerror_handler(2, 'Undefined array...', '/wordpress/wp-c...', 39)
#1 /wordpress/wp-content/plugins/002-ps-custom-post-type/ps-custom-post_type.php(32): Ps_Custom_Post_Type->init()
#2 /wordpress/wp-content/plugins/002-ps-custom-post-type/ps-custom-post_type.php(559): Ps_Custom_Post_Type->__construct()
#3 /wordpress/wp-admin/includes/plugin.php(2387): include_once('/wordpress/wp-c...')
#4 /wordpress/wp-admin/includes/plugin.php(673): plugin_sandbox_scrape('002-ps-custom-p...')
#5 /internal/eval.php(20): activate_plugin('002-ps-custom-p...')
#6 {main}
  thrown in /wordpress/wp-content/plugins/0-errors/classes/ze-error-handler.class.php on line 17
[11-Nov-2024 10:33:34 UTC] PHP Fatal error:  Uncaught ArgumentCountError: Too few arguments to function ZERO_ERROR_handler::_zerror_handler(), 4 passed in /wordpress/wp-content/plugins/002-ps-custom-post-type/ps-custom-post_type.php on line 39 and exactly 5 expected in /wordpress/wp-content/plugins/0-errors/classes/ze-error-handler.class.php:17
Stack trace:
#0 /wordpress/wp-content/plugins/002-ps-custom-post-type/ps-custom-post_type.php(39): ZERO_ERROR_handler->_zerror_handler(2, 'Undefined array...', '/wordpress/wp-c...', 39)
#1 /wordpress/wp-content/plugins/002-ps-custom-post-type/ps-custom-post_type.php(32): Ps_Custom_Post_Type->init()
#2 /wordpress/wp-content/plugins/002-ps-custom-post-type/ps-custom-post_type.php(559): Ps_Custom_Post_Type->__construct()
#3 /wordpress/wp-admin/includes/plugin.php(2387): include_once('/wordpress/wp-c...')
#4 /wordpress/wp-admin/includes/plugin.php(673): plugin_sandbox_scrape('002-ps-custom-p...')
#5 /internal/eval.php(20): activate_plugin('002-ps-custom-p...')
#6 {main}
  thrown in /wordpress/wp-content/plugins/0-errors/classes/ze-error-handler.class.php on line 17
[11-Nov-2024 10:34:08 UTC] PHP Fatal error:  Uncaught ArgumentCountError: Too few arguments to function ZERO_ERROR_handler::_zerror_handler(), 4 passed in /wordpress/wp-content/plugins/002-ps-custom-post-type/ps-custom-post_type.php on line 39 and exactly 5 expected in /wordpress/wp-content/plugins/0-errors/classes/ze-error-handler.class.php:17
Stack trace:
#0 /wordpress/wp-content/plugins/002-ps-custom-post-type/ps-custom-post_type.php(39): ZERO_ERROR_handler->_zerror_handler(2, 'Undefined array...', '/wordpress/wp-c...', 39)
#1 /wordpress/wp-content/plugins/002-ps-custom-post-type/ps-custom-post_type.php(32): Ps_Custom_Post_Type->init()
#2 /wordpress/wp-content/plugins/002-ps-custom-post-type/ps-custom-post_type.php(559): Ps_Custom_Post_Type->__construct()
#3 /wordpress/wp-admin/includes/plugin.php(2387): include_once('/wordpress/wp-c...')
#4 /wordpress/wp-admin/includes/plugin.php(673): plugin_sandbox_scrape('002-ps-custom-p...')
#5 /internal/eval.php(20): activate_plugin('002-ps-custom-p...')
#6 {main}
  thrown in /wordpress/wp-content/plugins/0-errors/classes/ze-error-handler.class.php on line 17
[11-Nov-2024 10:35:12 UTC] PHP Fatal error:  Uncaught ArgumentCountError: Too few arguments to function ZERO_ERROR_handler::_zerror_handler(), 4 passed in /wordpress/wp-content/plugins/028-ps-combine-taxonomy-children/ps-combine-taxonomy-children.php on line 82 and exactly 5 expected in /wordpress/wp-content/plugins/0-errors/classes/ze-error-handler.class.php:17
Stack trace:
#0 /wordpress/wp-content/plugins/028-ps-combine-taxonomy-children/ps-combine-taxonomy-children.php(82): ZERO_ERROR_handler->_zerror_handler(2, 'Undefined array...', '/wordpress/wp-c...', 82)
#1 /wordpress/wp-content/plugins/028-ps-combine-taxonomy-children/ps-combine-taxonomy-children.php(37): ps_combine_taxonomy_children->init()
#2 /wordpress/wp-content/plugins/028-ps-combine-taxonomy-children/ps-combine-taxonomy-children.php(594): ps_combine_taxonomy_children->__construct()
#3 /wordpress/wp-admin/includes/plugin.php(2387): include_once('/wordpress/wp-c...')
#4 /wordpress/wp-admin/includes/plugin.php(673): plugin_sandbox_scrape('028-ps-combine-...')
#5 /internal/eval.php(20): activate_plugin('028-ps-combine-...')
#6 {main}
  thrown in /wordpress/wp-content/plugins/0-errors/classes/ze-error-handler.class.php on line 17
[11-Nov-2024 10:35:19 UTC] PHP Fatal error:  Uncaught ArgumentCountError: Too few arguments to function ZERO_ERROR_handler::_zerror_handler(), 4 passed in /wordpress/wp-content/plugins/03talk-community-conference/03TALK.php on line 31 and exactly 5 expected in /wordpress/wp-content/plugins/0-errors/classes/ze-error-handler.class.php:17
Stack trace:
#0 /wordpress/wp-content/plugins/03talk-community-conference/03TALK.php(31): ZERO_ERROR_handler->_zerror_handler(2, 'Undefined array...', '/wordpress/wp-c...', 31)
#1 /wordpress/wp-admin/includes/plugin.php(2387): include_once('/wordpress/wp-c...')
#2 /wordpress/wp-admin/includes/plugin.php(673): plugin_sandbox_scrape('03talk-communit...')
#3 /internal/eval.php(20): activate_plugin('03talk-communit...')
#4 {main}
  thrown in /wordpress/wp-content/plugins/0-errors/classes/ze-error-handler.class.php on line 17
[11-Nov-2024 10:35:21 UTC] PHP Fatal error:  Uncaught ArgumentCountError: Too few arguments to function ZERO_ERROR_handler::_zerror_handler(), 4 passed in /wordpress/wp-content/plugins/012-ps-multi-languages/ps-multi-languages.php on line 102 and exactly 5 expected in /wordpress/wp-content/plugins/0-errors/classes/ze-error-handler.class.php:17
Stack trace:
#0 /wordpress/wp-content/plugins/012-ps-multi-languages/ps-multi-languages.php(102): ZERO_ERROR_handler->_zerror_handler(2, 'Undefined array...', '/wordpress/wp-c...', 102)
#1 /wordpress/wp-content/plugins/012-ps-multi-languages/ps-multi-languages.php(60): ps_multi_languages->init()
#2 /wordpress/wp-content/plugins/012-ps-multi-languages/ps-multi-languages.php(1383): ps_multi_languages->__construct()
#3 /wordpress/wp-admin/includes/plugin.php(2387): include_once('/wordpress/wp-c...')
#4 /wordpress/wp-admin/includes/plugin.php(673): plugin_sandbox_scrape('012-ps-multi-la...')
#5 /internal/eval.php(20): activate_plugin('012-ps-multi-la...')
#6 {main}
  thrown in /wordpress/wp-content/plugins/0-errors/classes/ze-error-handler.class.php on line 17
[11-Nov-2024 10:35:28 UTC] PHP Fatal error:  Uncaught ArgumentCountError: Too few arguments to function ZERO_ERROR_handler::_zerror_handler(), 4 passed in /wordpress/wp-content/plugins/002-ps-custom-post-type/ps-custom-post_type.php on line 39 and exactly 5 expected in /wordpress/wp-content/plugins/0-errors/classes/ze-error-handler.class.php:17
Stack trace:
#0 /wordpress/wp-content/plugins/002-ps-custom-post-type/ps-custom-post_type.php(39): ZERO_ERROR_handler->_zerror_handler(2, 'Undefined array...', '/wordpress/wp-c...', 39)
#1 /wordpress/wp-content/plugins/002-ps-custom-post-type/ps-custom-post_type.php(32): Ps_Custom_Post_Type->init()
#2 /wordpress/wp-content/plugins/002-ps-custom-post-type/ps-custom-post_type.php(559): Ps_Custom_Post_Type->__construct()
#3 /wordpress/wp-admin/includes/plugin.php(2387): include_once('/wordpress/wp-c...')
#4 /wordpress/wp-admin/includes/plugin.php(673): plugin_sandbox_scrape('002-ps-custom-p...')
#5 /internal/eval.php(20): activate_plugin('002-ps-custom-p...')
#6 {main}
  thrown in /wordpress/wp-content/plugins/0-errors/classes/ze-error-handler.class.php on line 17
[11-Nov-2024 10:39:18 UTC] PHP Fatal error:  Uncaught ArgumentCountError: Too few arguments to function ZERO_ERROR_handler::_zerror_handler(), 4 passed in /wordpress/wp-content/plugins/002-ps-custom-post-type/ps-custom-post_type.php on line 39 and exactly 5 expected in /wordpress/wp-content/plugins/0-errors/classes/ze-error-handler.class.php:17
Stack trace:
#0 /wordpress/wp-content/plugins/002-ps-custom-post-type/ps-custom-post_type.php(39): ZERO_ERROR_handler->_zerror_handler(2, 'Undefined array...', '/wordpress/wp-c...', 39)
#1 /wordpress/wp-content/plugins/002-ps-custom-post-type/ps-custom-post_type.php(32): Ps_Custom_Post_Type->init()
#2 /wordpress/wp-content/plugins/002-ps-custom-post-type/ps-custom-post_type.php(559): Ps_Custom_Post_Type->__construct()
#3 /wordpress/wp-admin/includes/plugin.php(2387): include_once('/wordpress/wp-c...')
#4 /wordpress/wp-admin/includes/plugin.php(673): plugin_sandbox_scrape('002-ps-custom-p...')
#5 /internal/eval.php(20): activate_plugin('002-ps-custom-p...')
#6 {main}
  thrown in /wordpress/wp-content/plugins/0-errors/classes/ze-error-handler.class.php on line 17
[11-Nov-2024 10:41:40 UTC] PHP Fatal error:  Uncaught ArgumentCountError: Too few arguments to function ZERO_ERROR_handler::_zerror_handler(), 4 passed in /wordpress/wp-content/plugins/002-ps-custom-post-type/ps-custom-post_type.php on line 39 and exactly 5 expected in /wordpress/wp-content/plugins/0-errors/classes/ze-error-handler.class.php:17
Stack trace:
#0 /wordpress/wp-content/plugins/002-ps-custom-post-type/ps-custom-post_type.php(39): ZERO_ERROR_handler->_zerror_handler(2, 'Undefined array...', '/wordpress/wp-c...', 39)
#1 /wordpress/wp-content/plugins/002-ps-custom-post-type/ps-custom-post_type.php(32): Ps_Custom_Post_Type->init()
#2 /wordpress/wp-content/plugins/002-ps-custom-post-type/ps-custom-post_type.php(559): Ps_Custom_Post_Type->__construct()
#3 /wordpress/wp-admin/includes/plugin.php(2387): include_once('/wordpress/wp-c...')
#4 /wordpress/wp-admin/includes/plugin.php(673): plugin_sandbox_scrape('002-ps-custom-p...')
#5 /internal/eval.php(20): activate_plugin('002-ps-custom-p...')
#6 {main}
  thrown in /wordpress/wp-content/plugins/0-errors/classes/ze-error-handler.class.php on line 17
[11-Nov-2024 10:45:05 UTC] PHP Fatal error:  Uncaught ArgumentCountError: Too few arguments to function ZERO_ERROR_handler::_zerror_handler(), 4 passed in /wordpress/wp-content/plugins/002-ps-custom-post-type/ps-custom-post_type.php on line 39 and exactly 5 expected in /wordpress/wp-content/plugins/0-errors/classes/ze-error-handler.class.php:17
Stack trace:
#0 /wordpress/wp-content/plugins/002-ps-custom-post-type/ps-custom-post_type.php(39): ZERO_ERROR_handler->_zerror_handler(2, 'Undefined array...', '/wordpress/wp-c...', 39)
#1 /wordpress/wp-content/plugins/002-ps-custom-post-type/ps-custom-post_type.php(32): Ps_Custom_Post_Type->init()
#2 /wordpress/wp-content/plugins/002-ps-custom-post-type/ps-custom-post_type.php(559): Ps_Custom_Post_Type->__construct()
#3 /wordpress/wp-admin/includes/plugin.php(2387): include_once('/wordpress/wp-c...')
#4 /wordpress/wp-admin/includes/plugin.php(673): plugin_sandbox_scrape('002-ps-custom-p...')
#5 /internal/eval.php(20): activate_plugin('002-ps-custom-p...')
#6 {main}
  thrown in /wordpress/wp-content/plugins/0-errors/classes/ze-error-handler.class.php on line 17
[11-Nov-2024 10:45:58 UTC] PHP Fatal error:  Uncaught ArgumentCountError: Too few arguments to function ZERO_ERROR_handler::_zerror_handler(), 4 passed in /wordpress/wp-content/plugins/002-ps-custom-post-type/ps-custom-post_type.php on line 39 and exactly 5 expected in /wordpress/wp-content/plugins/0-errors/classes/ze-error-handler.class.php:17
Stack trace:
#0 /wordpress/wp-content/plugins/002-ps-custom-post-type/ps-custom-post_type.php(39): ZERO_ERROR_handler->_zerror_handler(2, 'Undefined array...', '/wordpress/wp-c...', 39)
#1 /wordpress/wp-content/plugins/002-ps-custom-post-type/ps-custom-post_type.php(32): Ps_Custom_Post_Type->init()
#2 /wordpress/wp-content/plugins/002-ps-custom-post-type/ps-custom-post_type.php(559): Ps_Custom_Post_Type->__construct()
#3 /wordpress/wp-admin/includes/plugin.php(2387): include_once('/wordpress/wp-c...')
#4 /wordpress/wp-admin/includes/plugin.php(673): plugin_sandbox_scrape('002-ps-custom-p...')
#5 /internal/eval.php(20): activate_plugin('002-ps-custom-p...')
#6 {main}
  thrown in /wordpress/wp-content/plugins/0-errors/classes/ze-error-handler.class.php on line 17
[11-Nov-2024 10:46:22 UTC] PHP Fatal error:  Uncaught ArgumentCountError: Too few arguments to function ZERO_ERROR_handler::_zerror_handler(), 4 passed in /wordpress/wp-content/plugins/002-ps-custom-post-type/ps-custom-post_type.php on line 39 and exactly 5 expected in /wordpress/wp-content/plugins/0-errors/classes/ze-error-handler.class.php:17
Stack trace:
#0 /wordpress/wp-content/plugins/002-ps-custom-post-type/ps-custom-post_type.php(39): ZERO_ERROR_handler->_zerror_handler(2, 'Undefined array...', '/wordpress/wp-c...', 39)
#1 /wordpress/wp-content/plugins/002-ps-custom-post-type/ps-custom-post_type.php(32): Ps_Custom_Post_Type->init()
#2 /wordpress/wp-content/plugins/002-ps-custom-post-type/ps-custom-post_type.php(559): Ps_Custom_Post_Type->__construct()
#3 /wordpress/wp-admin/includes/plugin.php(2387): include_once('/wordpress/wp-c...')
#4 /wordpress/wp-admin/includes/plugin.php(673): plugin_sandbox_scrape('002-ps-custom-p...')
#5 /internal/eval.php(20): activate_plugin('002-ps-custom-p...')
#6 {main}
  thrown in /wordpress/wp-content/plugins/0-errors/classes/ze-error-handler.class.php on line 17
[11-Nov-2024 10:49:11 UTC] PHP Fatal error:  Uncaught ArgumentCountError: Too few arguments to function ZERO_ERROR_handler::_zerror_handler(), 4 passed in /wordpress/wp-content/plugins/002-ps-custom-post-type/ps-custom-post_type.php on line 39 and exactly 5 expected in /wordpress/wp-content/plugins/0-errors/classes/ze-error-handler.class.php:17
Stack trace:
#0 /wordpress/wp-content/plugins/002-ps-custom-post-type/ps-custom-post_type.php(39): ZERO_ERROR_handler->_zerror_handler(2, 'Undefined array...', '/wordpress/wp-c...', 39)
#1 /wordpress/wp-content/plugins/002-ps-custom-post-type/ps-custom-post_type.php(32): Ps_Custom_Post_Type->init()
#2 /wordpress/wp-content/plugins/002-ps-custom-post-type/ps-custom-post_type.php(559): Ps_Custom_Post_Type->__construct()
#3 /wordpress/wp-admin/includes/plugin.php(2387): include_once('/wordpress/wp-c...')
#4 /wordpress/wp-admin/includes/plugin.php(673): plugin_sandbox_scrape('002-ps-custom-p...')
#5 /internal/eval.php(20): activate_plugin('002-ps-custom-p...')
#6 {main}
  thrown in /wordpress/wp-content/plugins/0-errors/classes/ze-error-handler.class.php on line 17
[11-Nov-2024 10:49:50 UTC] PHP Fatal error:  Uncaught ArgumentCountError: Too few arguments to function ZERO_ERROR_handler::_zerror_handler(), 4 passed in /wordpress/wp-content/plugins/028-ps-combine-taxonomy-children/ps-combine-taxonomy-children.php on line 82 and exactly 5 expected in /wordpress/wp-content/plugins/0-errors/classes/ze-error-handler.class.php:17
Stack trace:
#0 /wordpress/wp-content/plugins/028-ps-combine-taxonomy-children/ps-combine-taxonomy-children.php(82): ZERO_ERROR_handler->_zerror_handler(2, 'Undefined array...', '/wordpress/wp-c...', 82)
#1 /wordpress/wp-content/plugins/028-ps-combine-taxonomy-children/ps-combine-taxonomy-children.php(37): ps_combine_taxonomy_children->init()
#2 /wordpress/wp-content/plugins/028-ps-combine-taxonomy-children/ps-combine-taxonomy-children.php(594): ps_combine_taxonomy_children->__construct()
#3 /wordpress/wp-admin/includes/plugin.php(2387): include_once('/wordpress/wp-c...')
#4 /wordpress/wp-admin/includes/plugin.php(673): plugin_sandbox_scrape('028-ps-combine-...')
#5 /internal/eval.php(20): activate_plugin('028-ps-combine-...')
#6 {main}
  thrown in /wordpress/wp-content/plugins/0-errors/classes/ze-error-handler.class.php on line 17
[11-Nov-2024 10:49:53 UTC] PHP Fatal error:  Uncaught ArgumentCountError: Too few arguments to function ZERO_ERROR_handler::_zerror_handler(), 4 passed in /wordpress/wp-content/plugins/028-ps-combine-taxonomy-children/ps-combine-taxonomy-children.php on line 82 and exactly 5 expected in /wordpress/wp-content/plugins/0-errors/classes/ze-error-handler.class.php:17
Stack trace:
#0 /wordpress/wp-content/plugins/028-ps-combine-taxonomy-children/ps-combine-taxonomy-children.php(82): ZERO_ERROR_handler->_zerror_handler(2, 'Undefined array...', '/wordpress/wp-c...', 82)
#1 /wordpress/wp-content/plugins/028-ps-combine-taxonomy-children/ps-combine-taxonomy-children.php(37): ps_combine_taxonomy_children->init()
#2 /wordpress/wp-content/plugins/028-ps-combine-taxonomy-children/ps-combine-taxonomy-children.php(594): ps_combine_taxonomy_children->__construct()
#3 /wordpress/wp-admin/includes/plugin.php(2387): include_once('/wordpress/wp-c...')
#4 /wordpress/wp-admin/includes/plugin.php(673): plugin_sandbox_scrape('028-ps-combine-...')
#5 /internal/eval.php(20): activate_plugin('028-ps-combine-...')
#6 {main}
  thrown in /wordpress/wp-content/plugins/0-errors/classes/ze-error-handler.class.php on line 17
[11-Nov-2024 10:50:04 UTC] PHP Fatal error:  Uncaught ArgumentCountError: Too few arguments to function ZERO_ERROR_handler::_zerror_handler(), 4 passed in /wordpress/wp-content/plugins/03talk-community-conference/03TALK.php on line 31 and exactly 5 expected in /wordpress/wp-content/plugins/0-errors/classes/ze-error-handler.class.php:17
Stack trace:
#0 /wordpress/wp-content/plugins/03talk-community-conference/03TALK.php(31): ZERO_ERROR_handler->_zerror_handler(2, 'Undefined array...', '/wordpress/wp-c...', 31)
#1 /wordpress/wp-admin/includes/plugin.php(2387): include_once('/wordpress/wp-c...')
#2 /wordpress/wp-admin/includes/plugin.php(673): plugin_sandbox_scrape('03talk-communit...')
#3 /internal/eval.php(20): activate_plugin('03talk-communit...')
#4 {main}
  thrown in /wordpress/wp-content/plugins/0-errors/classes/ze-error-handler.class.php on line 17
[11-Nov-2024 10:50:06 UTC] PHP Fatal error:  Uncaught ArgumentCountError: Too few arguments to function ZERO_ERROR_handler::_zerror_handler(), 4 passed in /wordpress/wp-content/plugins/03talk-community-conference/03TALK.php on line 31 and exactly 5 expected in /wordpress/wp-content/plugins/0-errors/classes/ze-error-handler.class.php:17
Stack trace:
#0 /wordpress/wp-content/plugins/03talk-community-conference/03TALK.php(31): ZERO_ERROR_handler->_zerror_handler(2, 'Undefined array...', '/wordpress/wp-c...', 31)
#1 /wordpress/wp-admin/includes/plugin.php(2387): include_once('/wordpress/wp-c...')
#2 /wordpress/wp-admin/includes/plugin.php(673): plugin_sandbox_scrape('03talk-communit...')
#3 /internal/eval.php(20): activate_plugin('03talk-communit...')
#4 {main}
  thrown in /wordpress/wp-content/plugins/0-errors/classes/ze-error-handler.class.php on line 17
[11-Nov-2024 10:50:09 UTC] PHP Fatal error:  Uncaught ArgumentCountError: Too few arguments to function ZERO_ERROR_handler::_zerror_handler(), 4 passed in /wordpress/wp-content/plugins/012-ps-multi-languages/ps-multi-languages.php on line 102 and exactly 5 expected in /wordpress/wp-content/plugins/0-errors/classes/ze-error-handler.class.php:17
Stack trace:
#0 /wordpress/wp-content/plugins/012-ps-multi-languages/ps-multi-languages.php(102): ZERO_ERROR_handler->_zerror_handler(2, 'Undefined array...', '/wordpress/wp-c...', 102)
#1 /wordpress/wp-content/plugins/012-ps-multi-languages/ps-multi-languages.php(60): ps_multi_languages->init()
#2 /wordpress/wp-content/plugins/012-ps-multi-languages/ps-multi-languages.php(1383): ps_multi_languages->__construct()
#3 /wordpress/wp-admin/includes/plugin.php(2387): include_once('/wordpress/wp-c...')
#4 /wordpress/wp-admin/includes/plugin.php(673): plugin_sandbox_scrape('012-ps-multi-la...')
#5 /internal/eval.php(20): activate_plugin('012-ps-multi-la...')
#6 {main}
  thrown in /wordpress/wp-content/plugins/0-errors/classes/ze-error-handler.class.php on line 17
[11-Nov-2024 10:50:13 UTC] PHP Fatal error:  Uncaught ArgumentCountError: Too few arguments to function ZERO_ERROR_handler::_zerror_handler(), 4 passed in /wordpress/wp-content/plugins/012-ps-multi-languages/ps-multi-languages.php on line 102 and exactly 5 expected in /wordpress/wp-content/plugins/0-errors/classes/ze-error-handler.class.php:17
Stack trace:
#0 /wordpress/wp-content/plugins/012-ps-multi-languages/ps-multi-languages.php(102): ZERO_ERROR_handler->_zerror_handler(2, 'Undefined array...', '/wordpress/wp-c...', 102)
#1 /wordpress/wp-content/plugins/012-ps-multi-languages/ps-multi-languages.php(60): ps_multi_languages->init()
#2 /wordpress/wp-content/plugins/012-ps-multi-languages/ps-multi-languages.php(1383): ps_multi_languages->__construct()
#3 /wordpress/wp-admin/includes/plugin.php(2387): include_once('/wordpress/wp-c...')
#4 /wordpress/wp-admin/includes/plugin.php(673): plugin_sandbox_scrape('012-ps-multi-la...')
#5 /internal/eval.php(20): activate_plugin('012-ps-multi-la...')
#6 {main}
  thrown in /wordpress/wp-content/plugins/0-errors/classes/ze-error-handler.class.php on line 17
[11-Nov-2024 10:50:28 UTC] PHP Fatal error:  Uncaught ArgumentCountError: Too few arguments to function ZERO_ERROR_handler::_zerror_handler(), 4 passed in /wordpress/wp-content/plugins/002-ps-custom-post-type/ps-custom-post_type.php on line 39 and exactly 5 expected in /wordpress/wp-content/plugins/0-errors/classes/ze-error-handler.class.php:17
Stack trace:
#0 /wordpress/wp-content/plugins/002-ps-custom-post-type/ps-custom-post_type.php(39): ZERO_ERROR_handler->_zerror_handler(2, 'Undefined array...', '/wordpress/wp-c...', 39)
#1 /wordpress/wp-content/plugins/002-ps-custom-post-type/ps-custom-post_type.php(32): Ps_Custom_Post_Type->init()
#2 /wordpress/wp-content/plugins/002-ps-custom-post-type/ps-custom-post_type.php(559): Ps_Custom_Post_Type->__construct()
#3 /wordpress/wp-admin/includes/plugin.php(2387): include_once('/wordpress/wp-c...')
#4 /wordpress/wp-admin/includes/plugin.php(673): plugin_sandbox_scrape('002-ps-custom-p...')
#5 /internal/eval.php(20): activate_plugin('002-ps-custom-p...')
#6 {main}
  thrown in /wordpress/wp-content/plugins/0-errors/classes/ze-error-handler.class.php on line 17
[11-Nov-2024 10:50:30 UTC] PHP Fatal error:  Uncaught ArgumentCountError: Too few arguments to function ZERO_ERROR_handler::_zerror_handler(), 4 passed in /wordpress/wp-content/plugins/002-ps-custom-post-type/ps-custom-post_type.php on line 39 and exactly 5 expected in /wordpress/wp-content/plugins/0-errors/classes/ze-error-handler.class.php:17
Stack trace:
#0 /wordpress/wp-content/plugins/002-ps-custom-post-type/ps-custom-post_type.php(39): ZERO_ERROR_handler->_zerror_handler(2, 'Undefined array...', '/wordpress/wp-c...', 39)
#1 /wordpress/wp-content/plugins/002-ps-custom-post-type/ps-custom-post_type.php(32): Ps_Custom_Post_Type->init()
#2 /wordpress/wp-content/plugins/002-ps-custom-post-type/ps-custom-post_type.php(559): Ps_Custom_Post_Type->__construct()
#3 /wordpress/wp-admin/includes/plugin.php(2387): include_once('/wordpress/wp-c...')
#4 /wordpress/wp-admin/includes/plugin.php(673): plugin_sandbox_scrape('002-ps-custom-p...')
#5 /internal/eval.php(20): activate_plugin('002-ps-custom-p...')
#6 {main}
  thrown in /wordpress/wp-content/plugins/0-errors/classes/ze-error-handler.class.php on line 17
[11-Nov-2024 10:59:33 UTC] PHP Fatal error:  Uncaught ArgumentCountError: Too few arguments to function ZERO_ERROR_handler::_zerror_handler(), 4 passed in /wordpress/wp-content/plugins/002-ps-custom-post-type/ps-custom-post_type.php on line 39 and exactly 5 expected in /wordpress/wp-content/plugins/0-errors/classes/ze-error-handler.class.php:17
Stack trace:
#0 /wordpress/wp-content/plugins/002-ps-custom-post-type/ps-custom-post_type.php(39): ZERO_ERROR_handler->_zerror_handler(2, 'Undefined array...', '/wordpress/wp-c...', 39)
#1 /wordpress/wp-content/plugins/002-ps-custom-post-type/ps-custom-post_type.php(32): Ps_Custom_Post_Type->init()
#2 /wordpress/wp-content/plugins/002-ps-custom-post-type/ps-custom-post_type.php(559): Ps_Custom_Post_Type->__construct()
#3 /wordpress/wp-admin/includes/plugin.php(2387): include_once('/wordpress/wp-c...')
#4 /wordpress/wp-admin/includes/plugin.php(673): plugin_sandbox_scrape('002-ps-custom-p...')
#5 /internal/eval.php(20): activate_plugin('002-ps-custom-p...')
#6 {main}
  thrown in /wordpress/wp-content/plugins/0-errors/classes/ze-error-handler.class.php on line 17
[11-Nov-2024 10:59:48 UTC] PHP Fatal error:  Uncaught ArgumentCountError: Too few arguments to function ZERO_ERROR_handler::_zerror_handler(), 4 passed in /wordpress/wp-content/plugins/002-ps-custom-post-type/ps-custom-post_type.php on line 39 and exactly 5 expected in /wordpress/wp-content/plugins/0-errors/classes/ze-error-handler.class.php:17
Stack trace:
#0 /wordpress/wp-content/plugins/002-ps-custom-post-type/ps-custom-post_type.php(39): ZERO_ERROR_handler->_zerror_handler(2, 'Undefined array...', '/wordpress/wp-c...', 39)
#1 /wordpress/wp-content/plugins/002-ps-custom-post-type/ps-custom-post_type.php(32): Ps_Custom_Post_Type->init()
#2 /wordpress/wp-content/plugins/002-ps-custom-post-type/ps-custom-post_type.php(559): Ps_Custom_Post_Type->__construct()
#3 /wordpress/wp-admin/includes/plugin.php(2387): include_once('/wordpress/wp-c...')
#4 /wordpress/wp-admin/includes/plugin.php(673): plugin_sandbox_scrape('002-ps-custom-p...')
#5 /internal/eval.php(20): activate_plugin('002-ps-custom-p...')
#6 {main}
  thrown in /wordpress/wp-content/plugins/0-errors/classes/ze-error-handler.class.php on line 17
[11-Nov-2024 11:00:59 UTC] PHP Fatal error:  Uncaught ArgumentCountError: Too few arguments to function ZERO_ERROR_handler::_zerror_handler(), 4 passed in /wordpress/wp-content/plugins/028-ps-combine-taxonomy-children/ps-combine-taxonomy-children.php on line 82 and exactly 5 expected in /wordpress/wp-content/plugins/0-errors/classes/ze-error-handler.class.php:17
Stack trace:
#0 /wordpress/wp-content/plugins/028-ps-combine-taxonomy-children/ps-combine-taxonomy-children.php(82): ZERO_ERROR_handler->_zerror_handler(2, 'Undefined array...', '/wordpress/wp-c...', 82)
#1 /wordpress/wp-content/plugins/028-ps-combine-taxonomy-children/ps-combine-taxonomy-children.php(37): ps_combine_taxonomy_children->init()
#2 /wordpress/wp-content/plugins/028-ps-combine-taxonomy-children/ps-combine-taxonomy-children.php(594): ps_combine_taxonomy_children->__construct()
#3 /wordpress/wp-admin/includes/plugin.php(2387): include_once('/wordpress/wp-c...')
#4 /wordpress/wp-admin/includes/plugin.php(673): plugin_sandbox_scrape('028-ps-combine-...')
#5 /internal/eval.php(20): activate_plugin('028-ps-combine-...')
#6 {main}
  thrown in /wordpress/wp-content/plugins/0-errors/classes/ze-error-handler.class.php on line 17
[11-Nov-2024 11:01:01 UTC] PHP Fatal error:  Uncaught ArgumentCountError: Too few arguments to function ZERO_ERROR_handler::_zerror_handler(), 4 passed in /wordpress/wp-content/plugins/028-ps-combine-taxonomy-children/ps-combine-taxonomy-children.php on line 82 and exactly 5 expected in /wordpress/wp-content/plugins/0-errors/classes/ze-error-handler.class.php:17
Stack trace:
#0 /wordpress/wp-content/plugins/028-ps-combine-taxonomy-children/ps-combine-taxonomy-children.php(82): ZERO_ERROR_handler->_zerror_handler(2, 'Undefined array...', '/wordpress/wp-c...', 82)
#1 /wordpress/wp-content/plugins/028-ps-combine-taxonomy-children/ps-combine-taxonomy-children.php(37): ps_combine_taxonomy_children->init()
#2 /wordpress/wp-content/plugins/028-ps-combine-taxonomy-children/ps-combine-taxonomy-children.php(594): ps_combine_taxonomy_children->__construct()
#3 /wordpress/wp-admin/includes/plugin.php(2387): include_once('/wordpress/wp-c...')
#4 /wordpress/wp-admin/includes/plugin.php(673): plugin_sandbox_scrape('028-ps-combine-...')
#5 /internal/eval.php(20): activate_plugin('028-ps-combine-...')
#6 {main}
  thrown in /wordpress/wp-content/plugins/0-errors/classes/ze-error-handler.class.php on line 17
[11-Nov-2024 11:01:12 UTC] PHP Fatal error:  Uncaught ArgumentCountError: Too few arguments to function ZERO_ERROR_handler::_zerror_handler(), 4 passed in /wordpress/wp-content/plugins/03talk-community-conference/03TALK.php on line 31 and exactly 5 expected in /wordpress/wp-content/plugins/0-errors/classes/ze-error-handler.class.php:17
Stack trace:
#0 /wordpress/wp-content/plugins/03talk-community-conference/03TALK.php(31): ZERO_ERROR_handler->_zerror_handler(2, 'Undefined array...', '/wordpress/wp-c...', 31)
#1 /wordpress/wp-admin/includes/plugin.php(2387): include_once('/wordpress/wp-c...')
#2 /wordpress/wp-admin/includes/plugin.php(673): plugin_sandbox_scrape('03talk-communit...')
#3 /internal/eval.php(20): activate_plugin('03talk-communit...')
#4 {main}
  thrown in /wordpress/wp-content/plugins/0-errors/classes/ze-error-handler.class.php on line 17
[11-Nov-2024 11:01:15 UTC] PHP Fatal error:  Uncaught ArgumentCountError: Too few arguments to function ZERO_ERROR_handler::_zerror_handler(), 4 passed in /wordpress/wp-content/plugins/03talk-community-conference/03TALK.php on line 31 and exactly 5 expected in /wordpress/wp-content/plugins/0-errors/classes/ze-error-handler.class.php:17
Stack trace:
#0 /wordpress/wp-content/plugins/03talk-community-conference/03TALK.php(31): ZERO_ERROR_handler->_zerror_handler(2, 'Undefined array...', '/wordpress/wp-c...', 31)
#1 /wordpress/wp-admin/includes/plugin.php(2387): include_once('/wordpress/wp-c...')
#2 /wordpress/wp-admin/includes/plugin.php(673): plugin_sandbox_scrape('03talk-communit...')
#3 /internal/eval.php(20): activate_plugin('03talk-communit...')
#4 {main}
  thrown in /wordpress/wp-content/plugins/0-errors/classes/ze-error-handler.class.php on line 17
[11-Nov-2024 11:01:18 UTC] PHP Fatal error:  Uncaught ArgumentCountError: Too few arguments to function ZERO_ERROR_handler::_zerror_handler(), 4 passed in /wordpress/wp-content/plugins/012-ps-multi-languages/ps-multi-languages.php on line 102 and exactly 5 expected in /wordpress/wp-content/plugins/0-errors/classes/ze-error-handler.class.php:17
Stack trace:
#0 /wordpress/wp-content/plugins/012-ps-multi-languages/ps-multi-languages.php(102): ZERO_ERROR_handler->_zerror_handler(2, 'Undefined array...', '/wordpress/wp-c...', 102)
#1 /wordpress/wp-content/plugins/012-ps-multi-languages/ps-multi-languages.php(60): ps_multi_languages->init()
#2 /wordpress/wp-content/plugins/012-ps-multi-languages/ps-multi-languages.php(1383): ps_multi_languages->__construct()
#3 /wordpress/wp-admin/includes/plugin.php(2387): include_once('/wordpress/wp-c...')
#4 /wordpress/wp-admin/includes/plugin.php(673): plugin_sandbox_scrape('012-ps-multi-la...')
#5 /internal/eval.php(20): activate_plugin('012-ps-multi-la...')
#6 {main}
  thrown in /wordpress/wp-content/plugins/0-errors/classes/ze-error-handler.class.php on line 17
[11-Nov-2024 11:01:21 UTC] PHP Fatal error:  Uncaught ArgumentCountError: Too few arguments to function ZERO_ERROR_handler::_zerror_handler(), 4 passed in /wordpress/wp-content/plugins/012-ps-multi-languages/ps-multi-languages.php on line 102 and exactly 5 expected in /wordpress/wp-content/plugins/0-errors/classes/ze-error-handler.class.php:17
Stack trace:
#0 /wordpress/wp-content/plugins/012-ps-multi-languages/ps-multi-languages.php(102): ZERO_ERROR_handler->_zerror_handler(2, 'Undefined array...', '/wordpress/wp-c...', 102)
#1 /wordpress/wp-content/plugins/012-ps-multi-languages/ps-multi-languages.php(60): ps_multi_languages->init()
#2 /wordpress/wp-content/plugins/012-ps-multi-languages/ps-multi-languages.php(1383): ps_multi_languages->__construct()
#3 /wordpress/wp-admin/includes/plugin.php(2387): include_once('/wordpress/wp-c...')
#4 /wordpress/wp-admin/includes/plugin.php(673): plugin_sandbox_scrape('012-ps-multi-la...')
#5 /internal/eval.php(20): activate_plugin('012-ps-multi-la...')
#6 {main}
  thrown in /wordpress/wp-content/plugins/0-errors/classes/ze-error-handler.class.php on line 17
[11-Nov-2024 11:01:36 UTC] PHP Fatal error:  Uncaught ArgumentCountError: Too few arguments to function ZERO_ERROR_handler::_zerror_handler(), 4 passed in /wordpress/wp-content/plugins/002-ps-custom-post-type/ps-custom-post_type.php on line 39 and exactly 5 expected in /wordpress/wp-content/plugins/0-errors/classes/ze-error-handler.class.php:17
Stack trace:
#0 /wordpress/wp-content/plugins/002-ps-custom-post-type/ps-custom-post_type.php(39): ZERO_ERROR_handler->_zerror_handler(2, 'Undefined array...', '/wordpress/wp-c...', 39)
#1 /wordpress/wp-content/plugins/002-ps-custom-post-type/ps-custom-post_type.php(32): Ps_Custom_Post_Type->init()
#2 /wordpress/wp-content/plugins/002-ps-custom-post-type/ps-custom-post_type.php(559): Ps_Custom_Post_Type->__construct()
#3 /wordpress/wp-admin/includes/plugin.php(2387): include_once('/wordpress/wp-c...')
#4 /wordpress/wp-admin/includes/plugin.php(673): plugin_sandbox_scrape('002-ps-custom-p...')
#5 /internal/eval.php(20): activate_plugin('002-ps-custom-p...')
#6 {main}
  thrown in /wordpress/wp-content/plugins/0-errors/classes/ze-error-handler.class.php on line 17
[11-Nov-2024 11:01:39 UTC] PHP Fatal error:  Uncaught ArgumentCountError: Too few arguments to function ZERO_ERROR_handler::_zerror_handler(), 4 passed in /wordpress/wp-content/plugins/002-ps-custom-post-type/ps-custom-post_type.php on line 39 and exactly 5 expected in /wordpress/wp-content/plugins/0-errors/classes/ze-error-handler.class.php:17
Stack trace:
#0 /wordpress/wp-content/plugins/002-ps-custom-post-type/ps-custom-post_type.php(39): ZERO_ERROR_handler->_zerror_handler(2, 'Undefined array...', '/wordpress/wp-c...', 39)
#1 /wordpress/wp-content/plugins/002-ps-custom-post-type/ps-custom-post_type.php(32): Ps_Custom_Post_Type->init()
#2 /wordpress/wp-content/plugins/002-ps-custom-post-type/ps-custom-post_type.php(559): Ps_Custom_Post_Type->__construct()
#3 /wordpress/wp-admin/includes/plugin.php(2387): include_once('/wordpress/wp-c...')
#4 /wordpress/wp-admin/includes/plugin.php(673): plugin_sandbox_scrape('002-ps-custom-p...')
#5 /internal/eval.php(20): activate_plugin('002-ps-custom-p...')
#6 {main}
  thrown in /wordpress/wp-content/plugins/0-errors/classes/ze-error-handler.class.php on line 17
[11-Nov-2024 11:15:08 UTC] PHP Fatal error:  Uncaught ArgumentCountError: Too few arguments to function ZERO_ERROR_handler::_zerror_handler(), 4 passed in /wordpress/wp-content/plugins/002-ps-custom-post-type/ps-custom-post_type.php on line 39 and exactly 5 expected in /wordpress/wp-content/plugins/0-errors/classes/ze-error-handler.class.php:17
Stack trace:
#0 /wordpress/wp-content/plugins/002-ps-custom-post-type/ps-custom-post_type.php(39): ZERO_ERROR_handler->_zerror_handler(2, 'Undefined array...', '/wordpress/wp-c...', 39)
#1 /wordpress/wp-content/plugins/002-ps-custom-post-type/ps-custom-post_type.php(32): Ps_Custom_Post_Type->init()
#2 /wordpress/wp-content/plugins/002-ps-custom-post-type/ps-custom-post_type.php(559): Ps_Custom_Post_Type->__construct()
#3 /wordpress/wp-admin/includes/plugin.php(2387): include_once('/wordpress/wp-c...')
#4 /wordpress/wp-admin/includes/plugin.php(673): plugin_sandbox_scrape('002-ps-custom-p...')
#5 /internal/eval.php(20): activate_plugin('002-ps-custom-p...')
#6 {main}
  thrown in /wordpress/wp-content/plugins/0-errors/classes/ze-error-handler.class.php on line 17
[11-Nov-2024 11:15:33 UTC] PHP Fatal error:  Uncaught ArgumentCountError: Too few arguments to function ZERO_ERROR_handler::_zerror_handler(), 4 passed in /wordpress/wp-content/plugins/002-ps-custom-post-type/ps-custom-post_type.php on line 39 and exactly 5 expected in /wordpress/wp-content/plugins/0-errors/classes/ze-error-handler.class.php:17
Stack trace:
#0 /wordpress/wp-content/plugins/002-ps-custom-post-type/ps-custom-post_type.php(39): ZERO_ERROR_handler->_zerror_handler(2, 'Undefined array...', '/wordpress/wp-c...', 39)
#1 /wordpress/wp-content/plugins/002-ps-custom-post-type/ps-custom-post_type.php(32): Ps_Custom_Post_Type->init()
#2 /wordpress/wp-content/plugins/002-ps-custom-post-type/ps-custom-post_type.php(559): Ps_Custom_Post_Type->__construct()
#3 /wordpress/wp-admin/includes/plugin.php(2387): include_once('/wordpress/wp-c...')
#4 /wordpress/wp-admin/includes/plugin.php(673): plugin_sandbox_scrape('002-ps-custom-p...')
#5 /internal/eval.php(20): activate_plugin('002-ps-custom-p...')
#6 {main}
  thrown in /wordpress/wp-content/plugins/0-errors/classes/ze-error-handler.class.php on line 17
[11-Nov-2024 11:15:52 UTC] PHP Fatal error:  Uncaught ArgumentCountError: Too few arguments to function ZERO_ERROR_handler::_zerror_handler(), 4 passed in /wordpress/wp-content/plugins/002-ps-custom-post-type/ps-custom-post_type.php on line 39 and exactly 5 expected in /wordpress/wp-content/plugins/0-errors/classes/ze-error-handler.class.php:17
Stack trace:
#0 /wordpress/wp-content/plugins/002-ps-custom-post-type/ps-custom-post_type.php(39): ZERO_ERROR_handler->_zerror_handler(2, 'Undefined array...', '/wordpress/wp-c...', 39)
#1 /wordpress/wp-content/plugins/002-ps-custom-post-type/ps-custom-post_type.php(32): Ps_Custom_Post_Type->init()
#2 /wordpress/wp-content/plugins/002-ps-custom-post-type/ps-custom-post_type.php(559): Ps_Custom_Post_Type->__construct()
#3 /wordpress/wp-admin/includes/plugin.php(2387): include_once('/wordpress/wp-c...')
#4 /wordpress/wp-admin/includes/plugin.php(673): plugin_sandbox_scrape('002-ps-custom-p...')
#5 /internal/eval.php(20): activate_plugin('002-ps-custom-p...')
#6 {main}
  thrown in /wordpress/wp-content/plugins/0-errors/classes/ze-error-handler.class.php on line 17
[11-Nov-2024 11:16:50 UTC] PHP Fatal error:  Uncaught ArgumentCountError: Too few arguments to function ZERO_ERROR_handler::_zerror_handler(), 4 passed in /wordpress/wp-content/plugins/002-ps-custom-post-type/ps-custom-post_type.php on line 39 and exactly 5 expected in /wordpress/wp-content/plugins/0-errors/classes/ze-error-handler.class.php:17
Stack trace:
#0 /wordpress/wp-content/plugins/002-ps-custom-post-type/ps-custom-post_type.php(39): ZERO_ERROR_handler->_zerror_handler(2, 'Undefined array...', '/wordpress/wp-c...', 39)
#1 /wordpress/wp-content/plugins/002-ps-custom-post-type/ps-custom-post_type.php(32): Ps_Custom_Post_Type->init()
#2 /wordpress/wp-content/plugins/002-ps-custom-post-type/ps-custom-post_type.php(559): Ps_Custom_Post_Type->__construct()
#3 /wordpress/wp-admin/includes/plugin.php(2387): include_once('/wordpress/wp-c...')
#4 /wordpress/wp-admin/includes/plugin.php(673): plugin_sandbox_scrape('002-ps-custom-p...')
#5 /internal/eval.php(20): activate_plugin('002-ps-custom-p...')
#6 {main}
  thrown in /wordpress/wp-content/plugins/0-errors/classes/ze-error-handler.class.php on line 17
[11-Nov-2024 11:17:04 UTC] PHP Fatal error:  Uncaught ArgumentCountError: Too few arguments to function ZERO_ERROR_handler::_zerror_handler(), 4 passed in /wordpress/wp-content/plugins/002-ps-custom-post-type/ps-custom-post_type.php on line 39 and exactly 5 expected in /wordpress/wp-content/plugins/0-errors/classes/ze-error-handler.class.php:17
Stack trace:
#0 /wordpress/wp-content/plugins/002-ps-custom-post-type/ps-custom-post_type.php(39): ZERO_ERROR_handler->_zerror_handler(2, 'Undefined array...', '/wordpress/wp-c...', 39)
#1 /wordpress/wp-content/plugins/002-ps-custom-post-type/ps-custom-post_type.php(32): Ps_Custom_Post_Type->init()
#2 /wordpress/wp-content/plugins/002-ps-custom-post-type/ps-custom-post_type.php(559): Ps_Custom_Post_Type->__construct()
#3 /wordpress/wp-admin/includes/plugin.php(2387): include_once('/wordpress/wp-c...')
#4 /wordpress/wp-admin/includes/plugin.php(673): plugin_sandbox_scrape('002-ps-custom-p...')
#5 /internal/eval.php(20): activate_plugin('002-ps-custom-p...')
#6 {main}
  thrown in /wordpress/wp-content/plugins/0-errors/classes/ze-error-handler.class.php on line 17
[11-Nov-2024 11:18:38 UTC] PHP Fatal error:  Uncaught ArgumentCountError: Too few arguments to function ZERO_ERROR_handler::_zerror_handler(), 4 passed in /wordpress/wp-content/plugins/002-ps-custom-post-type/ps-custom-post_type.php on line 39 and exactly 5 expected in /wordpress/wp-content/plugins/0-errors/classes/ze-error-handler.class.php:17
Stack trace:
#0 /wordpress/wp-content/plugins/002-ps-custom-post-type/ps-custom-post_type.php(39): ZERO_ERROR_handler->_zerror_handler(2, 'Undefined array...', '/wordpress/wp-c...', 39)
#1 /wordpress/wp-content/plugins/002-ps-custom-post-type/ps-custom-post_type.php(32): Ps_Custom_Post_Type->init()
#2 /wordpress/wp-content/plugins/002-ps-custom-post-type/ps-custom-post_type.php(559): Ps_Custom_Post_Type->__construct()
#3 /wordpress/wp-admin/includes/plugin.php(2387): include_once('/wordpress/wp-c...')
#4 /wordpress/wp-admin/includes/plugin.php(673): plugin_sandbox_scrape('002-ps-custom-p...')
#5 /internal/eval.php(20): activate_plugin('002-ps-custom-p...')
#6 {main}
  thrown in /wordpress/wp-content/plugins/0-errors/classes/ze-error-handler.class.php on line 17
[11-Nov-2024 11:26:34 UTC] PHP Fatal error:  Uncaught ArgumentCountError: Too few arguments to function ZERO_ERROR_handler::_zerror_handler(), 4 passed in /wordpress/wp-content/plugins/028-ps-combine-taxonomy-children/ps-combine-taxonomy-children.php on line 82 and exactly 5 expected in /wordpress/wp-content/plugins/0-errors/classes/ze-error-handler.class.php:17
Stack trace:
#0 /wordpress/wp-content/plugins/028-ps-combine-taxonomy-children/ps-combine-taxonomy-children.php(82): ZERO_ERROR_handler->_zerror_handler(2, 'Undefined array...', '/wordpress/wp-c...', 82)
#1 /wordpress/wp-content/plugins/028-ps-combine-taxonomy-children/ps-combine-taxonomy-children.php(37): ps_combine_taxonomy_children->init()
#2 /wordpress/wp-content/plugins/028-ps-combine-taxonomy-children/ps-combine-taxonomy-children.php(594): ps_combine_taxonomy_children->__construct()
#3 /wordpress/wp-admin/includes/plugin.php(2387): include_once('/wordpress/wp-c...')
#4 /wordpress/wp-admin/includes/plugin.php(673): plugin_sandbox_scrape('028-ps-combine-...')
#5 /internal/eval.php(20): activate_plugin('028-ps-combine-...')
#6 {main}
  thrown in /wordpress/wp-content/plugins/0-errors/classes/ze-error-handler.class.php on line 17
[11-Nov-2024 11:26:37 UTC] PHP Fatal error:  Uncaught ArgumentCountError: Too few arguments to function ZERO_ERROR_handler::_zerror_handler(), 4 passed in /wordpress/wp-content/plugins/028-ps-combine-taxonomy-children/ps-combine-taxonomy-children.php on line 82 and exactly 5 expected in /wordpress/wp-content/plugins/0-errors/classes/ze-error-handler.class.php:17
Stack trace:
#0 /wordpress/wp-content/plugins/028-ps-combine-taxonomy-children/ps-combine-taxonomy-children.php(82): ZERO_ERROR_handler->_zerror_handler(2, 'Undefined array...', '/wordpress/wp-c...', 82)
#1 /wordpress/wp-content/plugins/028-ps-combine-taxonomy-children/ps-combine-taxonomy-children.php(37): ps_combine_taxonomy_children->init()
#2 /wordpress/wp-content/plugins/028-ps-combine-taxonomy-children/ps-combine-taxonomy-children.php(594): ps_combine_taxonomy_children->__construct()
#3 /wordpress/wp-admin/includes/plugin.php(2387): include_once('/wordpress/wp-c...')
#4 /wordpress/wp-admin/includes/plugin.php(673): plugin_sandbox_scrape('028-ps-combine-...')
#5 /internal/eval.php(20): activate_plugin('028-ps-combine-...')
#6 {main}
  thrown in /wordpress/wp-content/plugins/0-errors/classes/ze-error-handler.class.php on line 17
[11-Nov-2024 11:26:50 UTC] PHP Fatal error:  Uncaught ArgumentCountError: Too few arguments to function ZERO_ERROR_handler::_zerror_handler(), 4 passed in /wordpress/wp-content/plugins/03talk-community-conference/03TALK.php on line 31 and exactly 5 expected in /wordpress/wp-content/plugins/0-errors/classes/ze-error-handler.class.php:17
Stack trace:
#0 /wordpress/wp-content/plugins/03talk-community-conference/03TALK.php(31): ZERO_ERROR_handler->_zerror_handler(2, 'Undefined array...', '/wordpress/wp-c...', 31)
#1 /wordpress/wp-admin/includes/plugin.php(2387): include_once('/wordpress/wp-c...')
#2 /wordpress/wp-admin/includes/plugin.php(673): plugin_sandbox_scrape('03talk-communit...')
#3 /internal/eval.php(20): activate_plugin('03talk-communit...')
#4 {main}
  thrown in /wordpress/wp-content/plugins/0-errors/classes/ze-error-handler.class.php on line 17
[11-Nov-2024 11:26:53 UTC] PHP Fatal error:  Uncaught ArgumentCountError: Too few arguments to function ZERO_ERROR_handler::_zerror_handler(), 4 passed in /wordpress/wp-content/plugins/03talk-community-conference/03TALK.php on line 31 and exactly 5 expected in /wordpress/wp-content/plugins/0-errors/classes/ze-error-handler.class.php:17
Stack trace:
#0 /wordpress/wp-content/plugins/03talk-community-conference/03TALK.php(31): ZERO_ERROR_handler->_zerror_handler(2, 'Undefined array...', '/wordpress/wp-c...', 31)
#1 /wordpress/wp-admin/includes/plugin.php(2387): include_once('/wordpress/wp-c...')
#2 /wordpress/wp-admin/includes/plugin.php(673): plugin_sandbox_scrape('03talk-communit...')
#3 /internal/eval.php(20): activate_plugin('03talk-communit...')
#4 {main}
  thrown in /wordpress/wp-content/plugins/0-errors/classes/ze-error-handler.class.php on line 17
[11-Nov-2024 11:27:24 UTC] PHP Fatal error:  Uncaught ArgumentCountError: Too few arguments to function ZERO_ERROR_handler::_zerror_handler(), 4 passed in /wordpress/wp-content/plugins/012-ps-multi-languages/ps-multi-languages.php on line 102 and exactly 5 expected in /wordpress/wp-content/plugins/0-errors/classes/ze-error-handler.class.php:17
Stack trace:
#0 /wordpress/wp-content/plugins/012-ps-multi-languages/ps-multi-languages.php(102): ZERO_ERROR_handler->_zerror_handler(2, 'Undefined array...', '/wordpress/wp-c...', 102)
#1 /wordpress/wp-content/plugins/012-ps-multi-languages/ps-multi-languages.php(60): ps_multi_languages->init()
#2 /wordpress/wp-content/plugins/012-ps-multi-languages/ps-multi-languages.php(1383): ps_multi_languages->__construct()
#3 /wordpress/wp-admin/includes/plugin.php(2387): include_once('/wordpress/wp-c...')
#4 /wordpress/wp-admin/includes/plugin.php(673): plugin_sandbox_scrape('012-ps-multi-la...')
#5 /internal/eval.php(20): activate_plugin('012-ps-multi-la...')
#6 {main}
  thrown in /wordpress/wp-content/plugins/0-errors/classes/ze-error-handler.class.php on line 17
[11-Nov-2024 11:27:27 UTC] PHP Fatal error:  Uncaught ArgumentCountError: Too few arguments to function ZERO_ERROR_handler::_zerror_handler(), 4 passed in /wordpress/wp-content/plugins/012-ps-multi-languages/ps-multi-languages.php on line 102 and exactly 5 expected in /wordpress/wp-content/plugins/0-errors/classes/ze-error-handler.class.php:17
Stack trace:
#0 /wordpress/wp-content/plugins/012-ps-multi-languages/ps-multi-languages.php(102): ZERO_ERROR_handler->_zerror_handler(2, 'Undefined array...', '/wordpress/wp-c...', 102)
#1 /wordpress/wp-content/plugins/012-ps-multi-languages/ps-multi-languages.php(60): ps_multi_languages->init()
#2 /wordpress/wp-content/plugins/012-ps-multi-languages/ps-multi-languages.php(1383): ps_multi_languages->__construct()
#3 /wordpress/wp-admin/includes/plugin.php(2387): include_once('/wordpress/wp-c...')
#4 /wordpress/wp-admin/includes/plugin.php(673): plugin_sandbox_scrape('012-ps-multi-la...')
#5 /internal/eval.php(20): activate_plugin('012-ps-multi-la...')
#6 {main}
  thrown in /wordpress/wp-content/plugins/0-errors/classes/ze-error-handler.class.php on line 17
[11-Nov-2024 11:33:31 UTC] PHP Fatal error:  Uncaught ArgumentCountError: Too few arguments to function ZERO_ERROR_handler::_zerror_handler(), 4 passed in /wordpress/wp-content/plugins/03talk-community-conference/03TALK.php on line 31 and exactly 5 expected in /wordpress/wp-content/plugins/0-errors/classes/ze-error-handler.class.php:17
Stack trace:
#0 /wordpress/wp-content/plugins/03talk-community-conference/03TALK.php(31): ZERO_ERROR_handler->_zerror_handler(2, 'Undefined array...', '/wordpress/wp-c...', 31)
#1 /wordpress/wp-admin/includes/plugin.php(2387): include_once('/wordpress/wp-c...')
#2 /wordpress/wp-admin/includes/plugin.php(673): plugin_sandbox_scrape('03talk-communit...')
#3 /internal/eval.php(20): activate_plugin('03talk-communit...')
#4 {main}
  thrown in /wordpress/wp-content/plugins/0-errors/classes/ze-error-handler.class.php on line 17
[11-Nov-2024 11:33:34 UTC] PHP Fatal error:  Uncaught ArgumentCountError: Too few arguments to function ZERO_ERROR_handler::_zerror_handler(), 4 passed in /wordpress/wp-content/plugins/03talk-community-conference/03TALK.php on line 31 and exactly 5 expected in /wordpress/wp-content/plugins/0-errors/classes/ze-error-handler.class.php:17
Stack trace:
#0 /wordpress/wp-content/plugins/03talk-community-conference/03TALK.php(31): ZERO_ERROR_handler->_zerror_handler(2, 'Undefined array...', '/wordpress/wp-c...', 31)
#1 /wordpress/wp-admin/includes/plugin.php(2387): include_once('/wordpress/wp-c...')
#2 /wordpress/wp-admin/includes/plugin.php(673): plugin_sandbox_scrape('03talk-communit...')
#3 /internal/eval.php(20): activate_plugin('03talk-communit...')
#4 {main}
  thrown in /wordpress/wp-content/plugins/0-errors/classes/ze-error-handler.class.php on line 17
[11-Nov-2024 11:33:59 UTC] PHP Fatal error:  Uncaught ArgumentCountError: Too few arguments to function ZERO_ERROR_handler::_zerror_handler(), 4 passed in /wordpress/wp-content/plugins/002-ps-custom-post-type/ps-custom-post_type.php on line 39 and exactly 5 expected in /wordpress/wp-content/plugins/0-errors/classes/ze-error-handler.class.php:17
Stack trace:
#0 /wordpress/wp-content/plugins/002-ps-custom-post-type/ps-custom-post_type.php(39): ZERO_ERROR_handler->_zerror_handler(2, 'Undefined array...', '/wordpress/wp-c...', 39)
#1 /wordpress/wp-content/plugins/002-ps-custom-post-type/ps-custom-post_type.php(32): Ps_Custom_Post_Type->init()
#2 /wordpress/wp-content/plugins/002-ps-custom-post-type/ps-custom-post_type.php(559): Ps_Custom_Post_Type->__construct()
#3 /wordpress/wp-admin/includes/plugin.php(2387): include_once('/wordpress/wp-c...')
#4 /wordpress/wp-admin/includes/plugin.php(673): plugin_sandbox_scrape('002-ps-custom-p...')
#5 /internal/eval.php(20): activate_plugin('002-ps-custom-p...')
#6 {main}
  thrown in /wordpress/wp-content/plugins/0-errors/classes/ze-error-handler.class.php on line 17
[11-Nov-2024 11:34:02 UTC] PHP Fatal error:  Uncaught ArgumentCountError: Too few arguments to function ZERO_ERROR_handler::_zerror_handler(), 4 passed in /wordpress/wp-content/plugins/002-ps-custom-post-type/ps-custom-post_type.php on line 39 and exactly 5 expected in /wordpress/wp-content/plugins/0-errors/classes/ze-error-handler.class.php:17
Stack trace:
#0 /wordpress/wp-content/plugins/002-ps-custom-post-type/ps-custom-post_type.php(39): ZERO_ERROR_handler->_zerror_handler(2, 'Undefined array...', '/wordpress/wp-c...', 39)
#1 /wordpress/wp-content/plugins/002-ps-custom-post-type/ps-custom-post_type.php(32): Ps_Custom_Post_Type->init()
#2 /wordpress/wp-content/plugins/002-ps-custom-post-type/ps-custom-post_type.php(559): Ps_Custom_Post_Type->__construct()
#3 /wordpress/wp-admin/includes/plugin.php(2387): include_once('/wordpress/wp-c...')
#4 /wordpress/wp-admin/includes/plugin.php(673): plugin_sandbox_scrape('002-ps-custom-p...')
#5 /internal/eval.php(20): activate_plugin('002-ps-custom-p...')
#6 {main}
  thrown in /wordpress/wp-content/plugins/0-errors/classes/ze-error-handler.class.php on line 17
[11-Nov-2024 11:34:10 UTC] PHP Fatal error:  Uncaught ArgumentCountError: Too few arguments to function ZERO_ERROR_handler::_zerror_handler(), 4 passed in /wordpress/wp-content/plugins/028-ps-combine-taxonomy-children/ps-combine-taxonomy-children.php on line 82 and exactly 5 expected in /wordpress/wp-content/plugins/0-errors/classes/ze-error-handler.class.php:17
Stack trace:
#0 /wordpress/wp-content/plugins/028-ps-combine-taxonomy-children/ps-combine-taxonomy-children.php(82): ZERO_ERROR_handler->_zerror_handler(2, 'Undefined array...', '/wordpress/wp-c...', 82)
