file:///Users/bero/Projects/playground-tester/node_modules/@wp-playground/cli/cli.js:20
`)},constants:R,phpIniEntries:{"openssl.cafile":"/internal/shared/ca-bundle.crt",allow_url_fopen:"1",disable_functions:""},hooks:{async beforeWordPressFiles(h){t.mountBeforeInstall&&p(h,t.mountBeforeInstall)}}});const v=await s.getPrimaryPhp();try{if(n&&!t.mountBeforeInstall&&g.writeFileSync(f,await q(v,"/wordpress")),t.mount&&p(v,t.mount),d=!0,u){const{php:h,reap:m}=await s.processManager.acquirePHPInstance();try{c.log("Running the Blueprint..."),await x(u,h),c.log("Finished running the blueprint")}finally{m()}}a==="build-snapshot"?(await r(t.outfile),c.log(`WordPress exported to ${t.outfile}`),process.exit(0)):a==="run-blueprint"?(c.log("Blueprint executed"),process.exit(0)):c.log(`WordPress is running on ${l}`)}catch(h){if(!t.debug)throw h;const m=v.readFileAsText(D);throw new Error(m,{cause:h})}},async handleRequest(o){return d?await s.request(o):I.forHttpCode(502,"WordPress is not ready yet")}})}Q();
                                                                                                                                                                                                                                                                                                                                                                                                                                                                                                                                                                                                                                                                                                                                                                                                                   ^

Error: [20-Nov-2024 02:16:11 UTC] PHP Deprecated:  Creation of dynamic property NanokassaMainClass::$kassaid is deprecated in /wordpress/wp-content/plugins/nanokassa/nanokassa.php on line 87
[20-Nov-2024 02:16:11 UTC] PHP Deprecated:  Creation of dynamic property NanokassaMainClass::$kassatoken is deprecated in /wordpress/wp-content/plugins/nanokassa/nanokassa.php on line 88
[20-Nov-2024 02:16:11 UTC] PHP Deprecated:  Creation of dynamic property NanokassaMainClass::$rezhim_nalog is deprecated in /wordpress/wp-content/plugins/nanokassa/nanokassa.php on line 89
[20-Nov-2024 02:16:11 UTC] PHP Deprecated:  Creation of dynamic property NanokassaMainClass::$product_nds is deprecated in /wordpress/wp-content/plugins/nanokassa/nanokassa.php on line 90
[20-Nov-2024 02:16:11 UTC] PHP Deprecated:  Creation of dynamic property NanokassaMainClass::$dostavka_nds is deprecated in /wordpress/wp-content/plugins/nanokassa/nanokassa.php on line 91
[20-Nov-2024 02:16:11 UTC] PHP Deprecated:  Creation of dynamic property NanokassaMainClass::$priznak_sposoba_rascheta is deprecated in /wordpress/wp-content/plugins/nanokassa/nanokassa.php on line 92
[20-Nov-2024 02:16:11 UTC] PHP Deprecated:  Creation of dynamic property NanokassaMainClass::$priznak_predmeta_rascheta is deprecated in /wordpress/wp-content/plugins/nanokassa/nanokassa.php on line 93
[20-Nov-2024 02:16:11 UTC] PHP Deprecated:  Creation of dynamic property NanokassaMainClass::$priznak_agenta is deprecated in /wordpress/wp-content/plugins/nanokassa/nanokassa.php on line 94
[20-Nov-2024 02:16:11 UTC] PHP Deprecated:  Creation of dynamic property NanokassaMainClass::$log is deprecated in /wordpress/wp-content/plugins/nanokassa/nanokassa.php on line 95
[20-Nov-2024 02:16:11 UTC] PHP Deprecated:  Creation of dynamic property NanokassaMainClass::$type_check is deprecated in /wordpress/wp-content/plugins/nanokassa/nanokassa.php on line 96
[20-Nov-2024 02:16:11 UTC] PHP Deprecated:  Creation of dynamic property NanokassaMainClass::$phone_oper is deprecated in /wordpress/wp-content/plugins/nanokassa/nanokassa.php on line 97
[20-Nov-2024 02:16:11 UTC] PHP Deprecated:  Creation of dynamic property NanokassaMainClass::$oper_plat_agenta is deprecated in /wordpress/wp-content/plugins/nanokassa/nanokassa.php on line 98
[20-Nov-2024 02:16:11 UTC] PHP Deprecated:  Creation of dynamic property NanokassaMainClass::$phone_plat_agenta is deprecated in /wordpress/wp-content/plugins/nanokassa/nanokassa.php on line 99
[20-Nov-2024 02:16:11 UTC] PHP Deprecated:  Creation of dynamic property NanokassaMainClass::$phone_oper_plat is deprecated in /wordpress/wp-content/plugins/nanokassa/nanokassa.php on line 100
[20-Nov-2024 02:16:11 UTC] PHP Deprecated:  Creation of dynamic property NanokassaMainClass::$name_oper_per is deprecated in /wordpress/wp-content/plugins/nanokassa/nanokassa.php on line 101
[20-Nov-2024 02:16:11 UTC] PHP Deprecated:  Creation of dynamic property NanokassaMainClass::$addr_oper_per is deprecated in /wordpress/wp-content/plugins/nanokassa/nanokassa.php on line 102
[20-Nov-2024 02:16:11 UTC] PHP Deprecated:  Creation of dynamic property NanokassaMainClass::$inn_oper_perevoda is deprecated in /wordpress/wp-content/plugins/nanokassa/nanokassa.php on line 103
[20-Nov-2024 02:16:11 UTC] PHP Deprecated:  Creation of dynamic property NanokassaMainClass::$phone_post is deprecated in /wordpress/wp-content/plugins/nanokassa/nanokassa.php on line 104
[20-Nov-2024 02:16:11 UTC] PHP Deprecated:  Creation of dynamic property NanokassaMainClass::$name_post is deprecated in /wordpress/wp-content/plugins/nanokassa/nanokassa.php on line 105
[20-Nov-2024 02:16:11 UTC] PHP Deprecated:  Creation of dynamic property NanokassaMainClass::$fio_upoln is deprecated in /wordpress/wp-content/plugins/nanokassa/nanokassa.php on line 106
[20-Nov-2024 02:16:11 UTC] PHP Deprecated:  Creation of dynamic property NanokassaMainClass::$inn_upoln is deprecated in /wordpress/wp-content/plugins/nanokassa/nanokassa.php on line 107
[20-Nov-2024 02:16:11 UTC] PHP Deprecated:  Creation of dynamic property NanokassaMainClass::$type_corr is deprecated in /wordpress/wp-content/plugins/nanokassa/nanokassa.php on line 108
[20-Nov-2024 02:16:11 UTC] PHP Deprecated:  Creation of dynamic property NanokassaMainClass::$name_doc_vozvrat is deprecated in /wordpress/wp-content/plugins/nanokassa/nanokassa.php on line 109
[20-Nov-2024 02:16:11 UTC] PHP Deprecated:  Creation of dynamic property NanokassaMainClass::$num_doc_vozvrat is deprecated in /wordpress/wp-content/plugins/nanokassa/nanokassa.php on line 110
[20-Nov-2024 02:16:11 UTC] PHP Deprecated:  Creation of dynamic property NanokassaMainClass::$woocommerce_status is deprecated in /wordpress/wp-content/plugins/nanokassa/nanokassa.php on line 111
[20-Nov-2024 02:16:11 UTC] PHP Deprecated:  Creation of dynamic property NanokassaMainClass::$woocommerce_status_return is deprecated in /wordpress/wp-content/plugins/nanokassa/nanokassa.php on line 112
[20-Nov-2024 02:16:11 UTC] PHP Deprecated:  Creation of dynamic property NanokassaMainClass::$woocommerce_payment is deprecated in /wordpress/wp-content/plugins/nanokassa/nanokassa.php on line 113
[20-Nov-2024 02:16:11 UTC] PHP Deprecated:  Creation of dynamic property NanokassaMainClass::$wpec_status is deprecated in /wordpress/wp-content/plugins/nanokassa/nanokassa.php on line 114
[20-Nov-2024 02:16:11 UTC] PHP Deprecated:  Creation of dynamic property NanokassaMainClass::$wpec_status_return is deprecated in /wordpress/wp-content/plugins/nanokassa/nanokassa.php on line 115
[20-Nov-2024 02:16:11 UTC] PHP Deprecated:  Creation of dynamic property NanokassaMainClass::$wpec_payment is deprecated in /wordpress/wp-content/plugins/nanokassa/nanokassa.php on line 116
[20-Nov-2024 02:16:11 UTC] PHP Fatal error:  Uncaught Error: Call to undefined function wc_get_attribute_taxonomies() in /wordpress/wp-content/plugins/nanokassa/nanosys/nanokassa-setup.php:6
Stack trace:
#0 /wordpress/wp-content/plugins/nanokassa/nanosys/nanokassa-setup.php(42): setup_nanokassa::checkAttr('stavka_nds')
#1 /wordpress/wp-includes/class-wp-hook.php(324): setup_nanokassa::activation(false)
#2 /wordpress/wp-includes/class-wp-hook.php(348): WP_Hook->apply_filters('', Array)
#3 /wordpress/wp-includes/plugin.php(517): WP_Hook->do_action(Array)
#4 /wordpress/wp-admin/includes/plugin.php(703): do_action('activate_nanoka...', false)
#5 /internal/eval.php(20): activate_plugin('nanokassa/nanok...')
#6 {main}
  thrown in /wordpress/wp-content/plugins/nanokassa/nanosys/nanokassa-setup.php on line 6

    at Object.onBind (file:///Users/bero/Projects/playground-tester/node_modules/@wp-playground/cli/cli.js:20:788)
    at process.processTicksAndRejections (node:internal/process/task_queues:105:5)
    at async j (file:///Users/bero/Projects/playground-tester/node_modules/@wp-playground/cli/cli.js:1:1166) {
  [cause]: Error: Error when executing the blueprint step #0 ({"step":"installPlugin","pluginData":{"resource":"wordpress.org/plugins","slug":"nanokassa"},"options":{"activate":true}}) : PHP.run() failed with exit code 255 and the following output: 
      at Object.run (file:///Users/bero/Projects/playground-tester/node_modules/@wp-playground/blueprints/index.js:12099:32)
      at process.processTicksAndRejections (node:internal/process/task_queues:105:5)
      at async Qt (file:///Users/bero/Projects/playground-tester/node_modules/@wp-playground/blueprints/index.js:12200:3)
      at async Object.onBind (file:///Users/bero/Projects/playground-tester/node_modules/@wp-playground/cli/cli.js:20:453)
      at async j (file:///Users/bero/Projects/playground-tester/node_modules/@wp-playground/cli/cli.js:1:1166) {
    [cause]: PHPExecutionFailureError: PHP.run() failed with exit code 255 and the following output: 
        at PHP.run (file:///Users/bero/Projects/playground-tester/node_modules/@php-wasm/universal/index.js:979:19)
        at process.processTicksAndRejections (node:internal/process/task_queues:105:5)
        at async gr (file:///Users/bero/Projects/playground-tester/node_modules/@wp-playground/blueprints/index.js:31:39)
        at async Object.at [as installPlugin] (file:///Users/bero/Projects/playground-tester/node_modules/@wp-playground/blueprints/index.js:877:42)
        at async d (file:///Users/bero/Projects/playground-tester/node_modules/@wp-playground/blueprints/index.js:12165:30)
        at async Object.run (file:///Users/bero/Projects/playground-tester/node_modules/@wp-playground/blueprints/index.js:12096:23)
        at async Qt (file:///Users/bero/Projects/playground-tester/node_modules/@wp-playground/blueprints/index.js:12200:3)
        at async Object.onBind (file:///Users/bero/Projects/playground-tester/node_modules/@wp-playground/cli/cli.js:20:453)
        at async j (file:///Users/bero/Projects/playground-tester/node_modules/@wp-playground/cli/cli.js:1:1166) {
      response: PHPResponse {
        httpStatusCode: 500,
        headers: {
          'x-powered-by': [ 'PHP/8.3.0-dev' ],
          'content-type': [ 'text/html; charset=UTF-8' ]
        },
        bytes: Uint8Array(0) [],
        exitCode: 255,
        errors: ''
      },
      source: 'request'
    }
  }
}

Node.js v23.2.0
