file:///Users/bero/Projects/playground-tester/node_modules/@wp-playground/cli/cli.js:20
`)},constants:R,phpIniEntries:{"openssl.cafile":"/internal/shared/ca-bundle.crt",allow_url_fopen:"1",disable_functions:""},hooks:{async beforeWordPressFiles(h){t.mountBeforeInstall&&p(h,t.mountBeforeInstall)}}});const v=await s.getPrimaryPhp();try{if(n&&!t.mountBeforeInstall&&g.writeFileSync(f,await q(v,"/wordpress")),t.mount&&p(v,t.mount),d=!0,u){const{php:h,reap:m}=await s.processManager.acquirePHPInstance();try{c.log("Running the Blueprint..."),await x(u,h),c.log("Finished running the blueprint")}finally{m()}}a==="build-snapshot"?(await r(t.outfile),c.log(`WordPress exported to ${t.outfile}`),process.exit(0)):a==="run-blueprint"?(c.log("Blueprint executed"),process.exit(0)):c.log(`WordPress is running on ${l}`)}catch(h){if(!t.debug)throw h;const m=v.readFileAsText(D);throw new Error(m,{cause:h})}},async handleRequest(o){return d?await s.request(o):I.forHttpCode(502,"WordPress is not ready yet")}})}Q();
                                                                                                                                                                                                                                                                                                                                                                                                                                                                                                                                                                                                                                                                                                                                                                                                                   ^

Error: [19-Nov-2024 19:08:49 UTC] Automatic updates starting...
[19-Nov-2024 19:08:49 UTC] PHP Fatal error:  Uncaught PDOException: SQLSTATE[HY000] [2002] Address family not supported by protocol in /wordpress/wp-content/plugins/independent-analytics/vendor/illuminate/database/Connectors/Connector.php:53
Stack trace:
#0 /wordpress/wp-content/plugins/independent-analytics/vendor/illuminate/database/Connectors/Connector.php(53): PDO->__construct('mysql:host=;dbn...', '', Object(SensitiveParameterValue), Array)
#1 /wordpress/wp-content/plugins/independent-analytics/vendor/illuminate/database/Connectors/Connector.php(34): IAWPSCOPED\Illuminate\Database\Connectors\Connector->createPdoConnection('mysql:host=;dbn...', '', '', Array)
#2 /wordpress/wp-content/plugins/independent-analytics/vendor/illuminate/database/Connectors/MySqlConnector.php(22): IAWPSCOPED\Illuminate\Database\Connectors\Connector->createConnection('mysql:host=;dbn...', Array, Array)
#3 /wordpress/wp-content/plugins/independent-analytics/vendor/illuminate/database/Connectors/ConnectionFactory.php(157): IAWPSCOPED\Illuminate\Database\Connectors\MySqlConnector->connect(Array)
#4 /wordpress/wp-content/plugins/independent-analytics/vendor/illuminate/database/Connection.php(884): IAWPSCOPED\Illuminate\Database\Connectors\ConnectionFactory->IAWPSCOPED\Illuminate\Database\Connectors\{closure}()
#5 /wordpress/wp-content/plugins/independent-analytics/IAWP/Illuminate_Builder.php(98): IAWPSCOPED\Illuminate\Database\Connection->getPdo()
#6 /wordpress/wp-content/plugins/independent-analytics/IAWP/Illuminate_Builder.php(83): IAWP\Illuminate_Builder::disable_mariadb_optimization(Object(IAWPSCOPED\Illuminate\Database\MySqlConnection))
#7 /wordpress/wp-content/plugins/independent-analytics/IAWP/Illuminate_Builder.php(31): IAWP\Illuminate_Builder::make_connection()
#8 /wordpress/wp-content/plugins/independent-analytics/IAWP/Database.php(81): IAWP\Illuminate_Builder::new()
#9 /wordpress/wp-content/plugins/independent-analytics/IAWP/Database.php(25): IAWP\Database::user_privileges()
#10 /wordpress/wp-content/plugins/independent-analytics/IAWP/Database.php(21): IAWP\Database::missing_database_privileges()
#11 /wordpress/wp-content/plugins/independent-analytics/iawp-bootstrap.php(225): IAWP\Database::has_correct_database_privileges()
#12 /wordpress/wp-content/plugins/independent-analytics/iawp.php(64): require_once('/wordpress/wp-c...')
#13 /wordpress/wp-admin/includes/plugin.php(2387): include_once('/wordpress/wp-c...')
#14 /wordpress/wp-admin/includes/plugin.php(673): plugin_sandbox_scrape('independent-ana...')
#15 /internal/eval.php(20): activate_plugin('independent-ana...')
#16 {main}
  thrown in /wordpress/wp-content/plugins/independent-analytics/vendor/illuminate/database/Connectors/Connector.php on line 53

    at Object.onBind (file:///Users/bero/Projects/playground-tester/node_modules/@wp-playground/cli/cli.js:20:788)
    at runNextTicks (node:internal/process/task_queues:65:5)
    at listOnTimeout (node:internal/timers:575:9)
    at process.processTimers (node:internal/timers:549:7)
    at async j (file:///Users/bero/Projects/playground-tester/node_modules/@wp-playground/cli/cli.js:1:1166) {
  [cause]: Error: Error when executing the blueprint step #0 ({"step":"installPlugin","pluginData":{"resource":"wordpress.org/plugins","slug":"independent-analytics"},"options":{"activate":true}}) : PHP.run() failed with exit code 255 and the following output: 
      at Object.run (file:///Users/bero/Projects/playground-tester/node_modules/@wp-playground/blueprints/index.js:12099:32)
      at runNextTicks (node:internal/process/task_queues:65:5)
      at listOnTimeout (node:internal/timers:575:9)
      at process.processTimers (node:internal/timers:549:7)
      at async Qt (file:///Users/bero/Projects/playground-tester/node_modules/@wp-playground/blueprints/index.js:12200:3)
      at async Object.onBind (file:///Users/bero/Projects/playground-tester/node_modules/@wp-playground/cli/cli.js:20:453)
      at async j (file:///Users/bero/Projects/playground-tester/node_modules/@wp-playground/cli/cli.js:1:1166) {
    [cause]: PHPExecutionFailureError: PHP.run() failed with exit code 255 and the following output: 
        at PHP.run (file:///Users/bero/Projects/playground-tester/node_modules/@php-wasm/universal/index.js:979:19)
        at runNextTicks (node:internal/process/task_queues:65:5)
        at listOnTimeout (node:internal/timers:575:9)
        at process.processTimers (node:internal/timers:549:7)
        at async gr (file:///Users/bero/Projects/playground-tester/node_modules/@wp-playground/blueprints/index.js:31:39)
        at async Object.at [as installPlugin] (file:///Users/bero/Projects/playground-tester/node_modules/@wp-playground/blueprints/index.js:877:42)
        at async d (file:///Users/bero/Projects/playground-tester/node_modules/@wp-playground/blueprints/index.js:12165:30)
        at async Object.run (file:///Users/bero/Projects/playground-tester/node_modules/@wp-playground/blueprints/index.js:12096:23)
        at async Qt (file:///Users/bero/Projects/playground-tester/node_modules/@wp-playground/blueprints/index.js:12200:3)
        at async Object.onBind (file:///Users/bero/Projects/playground-tester/node_modules/@wp-playground/cli/cli.js:20:453) {
      response: PHPResponse {
        httpStatusCode: 500,
        headers: {
          'x-powered-by': [ 'PHP/8.3.0-dev' ],
          'content-type': [ 'text/html; charset=UTF-8' ]
        },
        bytes: Uint8Array(0) [],
        exitCode: 255,
        errors: ''
      },
      source: 'request'
    }
  }
}

Node.js v23.2.0
