file:///Users/bero/Projects/playground-tester/node_modules/@wp-playground/cli/cli.js:20
`)},constants:R,phpIniEntries:{"openssl.cafile":"/internal/shared/ca-bundle.crt",allow_url_fopen:"1",disable_functions:""},hooks:{async beforeWordPressFiles(h){t.mountBeforeInstall&&p(h,t.mountBeforeInstall)}}});const v=await s.getPrimaryPhp();try{if(n&&!t.mountBeforeInstall&&g.writeFileSync(f,await q(v,"/wordpress")),t.mount&&p(v,t.mount),d=!0,u){const{php:h,reap:m}=await s.processManager.acquirePHPInstance();try{c.log("Running the Blueprint..."),await x(u,h),c.log("Finished running the blueprint")}finally{m()}}a==="build-snapshot"?(await r(t.outfile),c.log(`WordPress exported to ${t.outfile}`),process.exit(0)):a==="run-blueprint"?(c.log("Blueprint executed"),process.exit(0)):c.log(`WordPress is running on ${l}`)}catch(h){if(!t.debug)throw h;const m=v.readFileAsText(D);throw new Error(m,{cause:h})}},async handleRequest(o){return d?await s.request(o):I.forHttpCode(502,"WordPress is not ready yet")}})}Q();
                                                                                                                                                                                                                                                                                                                                                                                                                                                                                                                                                                                                                                                                                                                                                                                                                   ^

Error: [20-Nov-2024 01:40:29 UTC] PHP Deprecated:  strcasecmp(): Passing null to parameter #1 ($string1) of type string is deprecated in /wordpress/wp-content/plugins/itzultzailea/inc/setup/sitepress-setup.class.php on line 279
[20-Nov-2024 01:40:33 UTC] WordPress database error <div style="clear:both">&nbsp;</div>
<div class="queries" style="clear:both;margin-bottom:2px;border:red dotted thin;">
<p>MySQL query:</p>
<p>INSERT INTO wp_icl_languages_translations (id, language_code, display_language_code, name) VALUES (1, 'en', 'en', 'English'),
(2, 'en', 'es', 'Inglés'),
(3, 'en', 'de', 'Englisch'),
(4, 'en', 'fr', 'Anglais'),
(5, 'en', 'ar', 'الإنجليزية'),
(6, 'en', 'bs', 'English'),
(7, 'en', 'bg', 'Английски'),
(8, 'en', 'ca', 'English'),
(9, 'en', 'cs', 'Angličtina'),
(10, 'en', 'sk', 'Angličtina'),
(11, 'en', 'cy', 'English'),
(12, 'en', 'da', 'English'),
(13, 'en', 'el', 'Αγγλικά'),
(14, 'en', 'eo', 'English'),
(15, 'en', 'et', 'English'),
(16, 'en', 'eu', 'English'),
(17, 'en', 'fa', 'English'),
(18, 'en', 'fi', 'Englanti'),
(19, 'en', 'ga', 'English'),
(20, 'en', 'he', 'אנגלית'),
(21, 'en', 'hi', 'English'),
(22, 'en', 'hr', 'Engleski'),
(23, 'en', 'hu', 'Angol'),
(24, 'en', 'hy', 'English'),
(25, 'en', 'id', 'English'),
(26, 'en', 'is', 'English'),
(27, 'en', 'it', 'Inglese'),
(28, 'en', 'ja', '英語'),
(29, 'en', 'ko', '영어'),
(30, 'en', 'ku', 'English'),
(31, 'en', 'lv', 'English'),
(32, 'en', 'lt', 'English'),
(33, 'en', 'mk', 'English'),
(34, 'en', 'mt', 'English'),
(35, 'en', 'mn', 'English'),
(36, 'en', 'ne', 'English'),
(37, 'en', 'nl', 'Engels'),
(38, 'en', 'no', 'Engelsk'),
(39, 'en', 'pa', 'English'),
(40, 'en', 'pl', 'Angielski'),
(41, 'en', 'pt-pt', 'Inglês'),
(42, 'en', 'pt-br', 'Inglês'),
(43, 'en', 'qu', 'English'),
(44, 'en', 'ro', 'Engleză'),
(45, 'en', 'ru', 'Английский'),
(46, 'en', 'sl', 'Angleščina'),
(47, 'en', 'so', 'English'),
(48, 'en', 'sq', 'English'),
(49, 'en', 'sr', 'енглески'),
(50, 'en', 'sv', 'Engelska'),
(51, 'en', 'ta', 'English'),
(52, 'en', 'th', 'อังกฤษ'),
(53, 'en', 'tr', 'İngilizce'),
(54, 'en', 'uk', 'English'),
(55, 'en', 'ur', 'English'),
(56, 'en', 'uz', 'English'),
(57, 'en', 'vi', 'English'),
(58, 'en', 'yi', 'English'),
(59, 'en', 'zh-hans', '英语'),
(60, 'en', 'zu', 'English'),
(61, 'en', 'zh-hant', '英語'),
(62, 'en', 'ms', 'English'),
(63, 'en', 'gl', 'English'),
(64, 'en', 'bn', 'English'),
(65, 'en', 'az', 'Ingilis'),
(66, 'es', 'en', 'Spanish'),
(67, 'es', 'es', 'Español'),
(68, 'es', 'de', 'Spanisch'),
(69, 'es', 'fr', 'Espagnol'),
(70, 'es', 'ar', 'الأسبانية'),
(71, 'es', 'bs', 'Spanish'),
(72, 'es', 'bg', 'Испански'),
(73, 'es', 'ca', 'Spanish'),
(74, 'es', 'cs', 'Španělský'),
(75, 'es', 'sk', 'Španielčina'),
(76, 'es', 'cy', 'Spanish'),
(77, 'es', 'da', 'Spanish'),
(78, 'es', 'el', 'Ισπανικά'),
(79, 'es', 'eo', 'Spanish'),
(80, 'es', 'et', 'Spanish'),
(81, 'es', 'eu', 'Spanish'),
(82, 'es', 'fa', 'Spanish'),
(83, 'es', 'fi', 'Espanja'),
(84, 'es', 'ga', 'Spanish'),
(85, 'es', 'he', 'ספרדית'),
(86, 'es', 'hi', 'Spanish'),
(87, 'es', 'hr', 'španjolski'),
(88, 'es', 'hu', 'Spanyol'),
(89, 'es', 'hy', 'Spanish'),
(90, 'es', 'id', 'Spanish'),
(91, 'es', 'is', 'Spanish'),
(92, 'es', 'it', 'Spagnolo'),
(93, 'es', 'ja', 'スペイン語'),
(94, 'es', 'ko', '스페인어'),
(95, 'es', 'ku', 'Spanish'),
(96, 'es', 'lv', 'Spanish'),
(97, 'es', 'lt', 'Spanish'),
(98, 'es', 'mk', 'Spanish'),
(99, 'es', 'mt', 'Spanish'),
(100, 'es', 'mn', 'Spanish'),
(101, 'es', 'ne', 'Spanish'),
(102, 'es', 'nl', 'Spaans'),
(103, 'es', 'no', 'Spansk'),
(104, 'es', 'pa', 'Spanish'),
(105, 'es', 'pl', 'Hiszpański'),
(106, 'es', 'pt-pt', 'Espanhol'),
(107, 'es', 'pt-br', 'Espanhol'),
(108, 'es', 'qu', 'Spanish'),
(109, 'es', 'ro', 'Spaniolă'),
(110, 'es', 'ru', 'Испанский'),
(111, 'es', 'sl', 'Španščina'),
(112, 'es', 'so', 'Spanish'),
(113, 'es', 'sq', 'Spanish'),
(114, 'es', 'sr', 'шпански'),
(115, 'es', 'sv', 'Spanska'),
(116, 'es', 'ta', 'Spanish'),
(117, 'es', 'th', 'สเปน'),
(118, 'es', 'tr', 'İspanyolca'),
(119, 'es', 'uk', 'Spanish'),
(120, 'es', 'ur', 'Spanish'),
(121, 'es', 'uz', 'Spanish'),
(122, 'es', 'vi', 'Spanish'),
(123, 'es', 'yi', 'Spanish'),
(124, 'es', 'zh-hans', '西班牙语'),
(125, 'es', 'zu', 'Spanish'),
(126, 'es', 'zh-hant', '西班牙語'),
(127, 'es', 'ms', 'Spanish'),
(128, 'es', 'gl', 'Spanish'),
(129, 'es', 'bn', 'Spanish'),
(130, 'es', 'az', 'Spanish'),
(131, 'de', 'en', 'German'),
(132, 'de', 'es', 'Alemán'),
(133, 'de', 'de', 'Deutsch'),
(134, 'de', 'fr', 'Allemand'),
(135, 'de', 'ar', 'الألمانية'),
(136, 'de', 'bs', 'German'),
(137, 'de', 'bg', 'Немски'),
(138, 'de', 'ca', 'German'),
(139, 'de', 'cs', 'Němec'),
(140, 'de', 'sk', 'Nemčina'),
(141, 'de', 'cy', 'German'),
(142, 'de', 'da', 'German'),
(143, 'de', 'el', 'Γερμανικά'),
(144, 'de', 'eo', 'German'),
(145, 'de', 'et', 'German'),
(146, 'de', 'eu', 'German'),
(147, 'de', 'fa', 'German'),
(148, 'de', 'fi', 'Saksa'),
(149, 'de', 'ga', 'German'),
(150, 'de', 'he', 'גרמנית'),
(151, 'de', 'hi', 'German'),
(152, 'de', 'hr', 'Njemački'),
(153, 'de', 'hu', 'Német'),
(154, 'de', 'hy', 'German'),
(155, 'de', 'id', 'German'),
(156, 'de', 'is', 'German'),
(157, 'de', 'it', 'Tedesco'),
(158, 'de', 'ja', 'ドイツ語'),
(159, 'de', 'ko', '독어'),
(160, 'de', 'ku', 'German'),
(161, 'de', 'lv', 'German'),
(162, 'de', 'lt', 'German'),
(163, 'de', 'mk', 'German'),
(164, 'de', 'mt', 'German'),
(165, 'de', 'mn', 'German'),
(166, 'de', 'ne', 'German'),
(167, 'de', 'nl', 'Duits'),
(168, 'de', 'no', 'Tysk'),
(169, 'de', 'pa', 'German'),
(170, 'de', 'pl', 'Niemiecki'),
(171, 'de', 'pt-pt', 'Alemão'),
(172, 'de', 'pt-br', 'Alemão'),
(173, 'de', 'qu', 'German'),
(174, 'de', 'ro', 'Germană'),
(175, 'de', 'ru', 'Немецкий'),
(176, 'de', 'sl', 'Nemščina'),
(177, 'de', 'so', 'German'),
(178, 'de', 'sq', 'German'),
(179, 'de', 'sr', 'немачки'),
(180, 'de', 'sv', 'Tyska'),
(181, 'de', 'ta', 'German'),
(182, 'de', 'th', 'เยอรมัน'),
(183, 'de', 'tr', 'Almanca'),
(184, 'de', 'uk', 'German'),
(185, 'de', 'ur', 'German'),
(186, 'de', 'uz', 'German'),
(187, 'de', 'vi', 'German'),
(188, 'de', 'yi', 'German'),
(189, 'de', 'zh-hans', '德语'),
(190, 'de', 'zu', 'German'),
(191, 'de', 'zh-hant', '德語'),
(192, 'de', 'ms', 'German'),
(193, 'de', 'gl', 'German'),
(194, 'de', 'bn', 'German'),
(195, 'de', 'az', 'German'),
(196, 'fr', 'en', 'French'),
(197, 'fr', 'es', 'Francés'),
(198, 'fr', 'de', 'Französisch'),
(199, 'fr', 'fr', 'Français'),
(200, 'fr', 'ar', 'الفرنسية'),
(201, 'fr', 'bs', 'French'),
(202, 'fr', 'bg', 'Френски'),
(203, 'fr', 'ca', 'French'),
(204, 'fr', 'cs', 'Francouzština'),
(205, 'fr', 'sk', 'Francúzština'),
(206, 'fr', 'cy', 'French'),
(207, 'fr', 'da', 'French'),
(208, 'fr', 'el', 'Γαλλικά'),
(209, 'fr', 'eo', 'French'),
(210, 'fr', 'et', 'French'),
(211, 'fr', 'eu', 'French'),
(212, 'fr', 'fa', 'French'),
(213, 'fr', 'fi', 'Ranska'),
(214, 'fr', 'ga', 'French'),
(215, 'fr', 'he', 'צרפתית'),
(216, 'fr', 'hi', 'French'),
(217, 'fr', 'hr', 'Francuski'),
(218, 'fr', 'hu', 'Francia'),
(219, 'fr', 'hy', 'French'),
(220, 'fr', 'id', 'French'),
(221, 'fr', 'is', 'French'),
(222, 'fr', 'it', 'Francese'),
(223, 'fr', 'ja', 'フランス語'),
(224, 'fr', 'ko', '불어'),
(225, 'fr', 'ku', 'French'),
(226, 'fr', 'lv', 'French'),
(227, 'fr', 'lt', 'French'),
(228, 'fr', 'mk', 'French'),
(229, 'fr', 'mt', 'French'),
(230, 'fr', 'mn', 'French'),
(231, 'fr', 'ne', 'French'),
(232, 'fr', 'nl', 'Frans'),
(233, 'fr', 'no', 'Fransk'),
(234, 'fr', 'pa', 'French'),
(235, 'fr', 'pl', 'Francuski'),
(236, 'fr', 'pt-pt', 'Francês'),
(237, 'fr', 'pt-br', 'Francês'),
(238, 'fr', 'qu', 'French'),
(239, 'fr', 'ro', 'Franceză'),
(240, 'fr', 'ru', 'Французский'),
(241, 'fr', 'sl', 'Francoščina'),
(242, 'fr', 'so', 'French'),
(243, 'fr', 'sq', 'French'),
(244, 'fr', 'sr', 'француски'),
(245, 'fr', 'sv', 'Franska'),
(246, 'fr', 'ta', 'French'),
(247, 'fr', 'th', 'ฝรั่งเศส'),
(248, 'fr', 'tr', 'Fransızca'),
(249, 'fr', 'uk', 'French'),
(250, 'fr', 'ur', 'French'),
(251, 'fr', 'uz', 'French'),
(252, 'fr', 'vi', 'French'),
(253, 'fr', 'yi', 'French'),
(254, 'fr', 'zh-hans', '法语'),
(255, 'fr', 'zu', 'French'),
(256, 'fr', 'zh-hant', '法語'),
(257, 'fr', 'ms', 'French'),
(258, 'fr', 'gl', 'French'),
(259, 'fr', 'bn', 'French'),
(260, 'fr', 'az', 'French'),
(261, 'ar', 'en', 'Arabic'),
(262, 'ar', 'es', 'Árabe'),
(263, 'ar', 'de', 'Arabisch'),
(264, 'ar', 'fr', 'Arabe'),
(265, 'ar', 'ar', 'العربية'),
(266, 'ar', 'bs', 'Arabic'),
(267, 'ar', 'bg', 'Арабски'),
(268, 'ar', 'ca', 'Arabic'),
(269, 'ar', 'cs', 'Arabština'),
(270, 'ar', 'sk', 'Arabčina'),
(271, 'ar', 'cy', 'Arabic'),
(272, 'ar', 'da', 'Arabic'),
(273, 'ar', 'el', 'Αραβικά'),
(274, 'ar', 'eo', 'Arabic'),
(275, 'ar', 'et', 'Arabic'),
(276, 'ar', 'eu', 'Arabic'),
(277, 'ar', 'fa', 'Arabic'),
(278, 'ar', 'fi', 'Arabia'),
(279, 'ar', 'ga', 'Arabic'),
(280, 'ar', 'he', 'ערבית'),
(281, 'ar', 'hi', 'Arabic'),
(282, 'ar', 'hr', 'Arapski'),
(283, 'ar', 'hu', 'Arab'),
(284, 'ar', 'hy', 'Arabic'),
(285, 'ar', 'id', 'Arabic'),
(286, 'ar', 'is', 'Arabic'),
(287, 'ar', 'it', 'Arabo'),
(288, 'ar', 'ja', 'アラビア語'),
(289, 'ar', 'ko', '아랍어'),
(290, 'ar', 'ku', 'Arabic'),
(291, 'ar', 'lv', 'Arabic'),
(292, 'ar', 'lt', 'Arabic'),
(293, 'ar', 'mk', 'Arabic'),
(294, 'ar', 'mt', 'Arabic'),
(295, 'ar', 'mn', 'Arabic'),
(296, 'ar', 'ne', 'Arabic'),
(297, 'ar', 'nl', 'Arabisch'),
(298, 'ar', 'no', 'Arabisk'),
(299, 'ar', 'pa', 'Arabic'),
(300, 'ar', 'pl', 'Arabski'),
(301, 'ar', 'pt-pt', 'Árabe'),
(302, 'ar', 'pt-br', 'Árabe'),
(303, 'ar', 'qu', 'Arabic'),
(304, 'ar', 'ro', 'Arabică'),
(305, 'ar', 'ru', 'Арабский'),
(306, 'ar', 'sl', 'Arabščina'),
(307, 'ar', 'so', 'Arabic'),
(308, 'ar', 'sq', 'Arabic'),
(309, 'ar', 'sr', 'арапски'),
(310, 'ar', 'sv', 'Arabiska'),
(311, 'ar', 'ta', 'Arabic'),
(312, 'ar', 'th', 'อารบิก'),
(313, 'ar', 'tr', 'Arapça'),
(314, 'ar', 'uk', 'Arabic'),
(315, 'ar', 'ur', 'Arabic'),
(316, 'ar', 'uz', 'Arabic'),
(317, 'ar', 'vi', 'Arabic'),
(318, 'ar', 'yi', 'Arabic'),
(319, 'ar', 'zh-hans', '阿拉伯语'),
(320, 'ar', 'zu', 'Arabic'),
(321, 'ar', 'zh-hant', '阿拉伯語'),
(322, 'ar', 'ms', 'Arabic'),
(323, 'ar', 'gl', 'Arabic'),
(324, 'ar', 'bn', 'Arabic'),
(325, 'ar', 'az', 'Arabic'),
(326, 'bs', 'en', 'Bosnian'),
(327, 'bs', 'es', 'Bosnio'),
(328, 'bs', 'de', 'Bosnisch'),
(329, 'bs', 'fr', 'Bosnien'),
(330, 'bs', 'ar', 'البوسنية'),
(331, 'bs', 'bs', 'Bosnian'),
(332, 'bs', 'bg', 'Босненски'),
(333, 'bs', 'ca', 'Bosnian'),
(334, 'bs', 'cs', 'Bosenština'),
(335, 'bs', 'sk', 'Bosniačtina'),
(336, 'bs', 'cy', 'Bosnian'),
(337, 'bs', 'da', 'Bosnian'),
(338, 'bs', 'el', 'Βοσνιακά'),
(339, 'bs', 'eo', 'Bosnian'),
(340, 'bs', 'et', 'Bosnian'),
(341, 'bs', 'eu', 'Bosnian'),
(342, 'bs', 'fa', 'Bosnian'),
(343, 'bs', 'fi', 'Bosnia'),
(344, 'bs', 'ga', 'Bosnian'),
(345, 'bs', 'he', 'בוסנית'),
(346, 'bs', 'hi', 'Bosnian'),
(347, 'bs', 'hr', 'Bosanski'),
(348, 'bs', 'hu', 'Bosnyák'),
(349, 'bs', 'hy', 'Bosnian'),
(350, 'bs', 'id', 'Bosnian'),
(351, 'bs', 'is', 'Bosnian'),
(352, 'bs', 'it', 'Bosniaco'),
(353, 'bs', 'ja', 'ボスニア語'),
(354, 'bs', 'ko', '보즈니아어'),
(355, 'bs', 'ku', 'Bosnian'),
(356, 'bs', 'lv', 'Bosnian'),
(357, 'bs', 'lt', 'Bosnian'),
(358, 'bs', 'mk', 'Bosnian'),
(359, 'bs', 'mt', 'Bosnian'),
(360, 'bs', 'mn', 'Bosnian'),
(361, 'bs', 'ne', 'Bosnian'),
(362, 'bs', 'nl', 'Bosnisch'),
(363, 'bs', 'no', 'Bosnisk'),
(364, 'bs', 'pa', 'Bosnian'),
(365, 'bs', 'pl', 'Bośniacki'),
(366, 'bs', 'pt-pt', 'Bósnio'),
(367, 'bs', 'pt-br', 'Bósnio'),
(368, 'bs', 'qu', 'Bosnian'),
(369, 'bs', 'ro', 'Bosniacă'),
(370, 'bs', 'ru', 'Боснийский'),
(371, 'bs', 'sl', 'Bosanski'),
(372, 'bs', 'so', 'Bosnian'),
(373, 'bs', 'sq', 'Bosnian'),
(374, 'bs', 'sr', 'босански'),
(375, 'bs', 'sv', 'Bosniska'),
(376, 'bs', 'ta', 'Bosnian'),
(377, 'bs', 'th', 'บอสเนียน'),
(378, 'bs', 'tr', 'Boşnakça'),
(379, 'bs', 'uk', 'Bosnian'),
(380, 'bs', 'ur', 'Bosnian'),
(381, 'bs', 'uz', 'Bosnian'),
(382, 'bs', 'vi', 'Bosnian'),
(383, 'bs', 'yi', 'Bosnian'),
(384, 'bs', 'zh-hans', '波斯尼亚语'),
(385, 'bs', 'zu', 'Bosnian'),
(386, 'bs', 'zh-hant', '波士尼亞語'),
(387, 'bs', 'ms', 'Bosnian'),
(388, 'bs', 'gl', 'Bosnian'),
(389, 'bs', 'bn', 'Bosnian'),
(390, 'bs', 'az', 'Bosnian'),
(391, 'bg', 'en', 'Bulgarian'),
(392, 'bg', 'es', 'Búlgaro'),
(393, 'bg', 'de', 'Bulgarisch'),
(394, 'bg', 'fr', 'Bulgare'),
(395, 'bg', 'ar', 'البلغارية'),
(396, 'bg', 'bs', 'Bulgarian'),
(397, 'bg', 'bg', 'Български'),
(398, 'bg', 'ca', 'Bulgarian'),
(399, 'bg', 'cs', 'Bulharština'),
(400, 'bg', 'sk', 'Bulharčina'),
(401, 'bg', 'cy', 'Bulgarian'),
(402, 'bg', 'da', 'Bulgarian'),
(403, 'bg', 'el', 'Βουλγαρικά'),
(404, 'bg', 'eo', 'Bulgarian'),
(405, 'bg', 'et', 'Bulgarian'),
(406, 'bg', 'eu', 'Bulgarian'),
(407, 'bg', 'fa', 'Bulgarian'),
(408, 'bg', 'fi', 'Bulgaria'),
(409, 'bg', 'ga', 'Bulgarian'),
(410, 'bg', 'he', 'בולגרית'),
(411, 'bg', 'hi', 'Bulgarian'),
(412, 'bg', 'hr', 'Bugarski'),
(413, 'bg', 'hu', 'Bolgár'),
(414, 'bg', 'hy', 'Bulgarian'),
(415, 'bg', 'id', 'Bulgarian'),
(416, 'bg', 'is', 'Bulgarian'),
(417, 'bg', 'it', 'Bulgaro'),
(418, 'bg', 'ja', 'ブルガリア語'),
(419, 'bg', 'ko', '불가리아어'),
(420, 'bg', 'ku', 'Bulgarian'),
(421, 'bg', 'lv', 'Bulgarian'),
(422, 'bg', 'lt', 'Bulgarian'),
(423, 'bg', 'mk', 'Bulgarian'),
(424, 'bg', 'mt', 'Bulgarian'),
(425, 'bg', 'mn', 'Bulgarian'),
(426, 'bg', 'ne', 'Bulgarian'),
(427, 'bg', 'nl', 'Bulgaars'),
(428, 'bg', 'no', 'Bulgarian'),
(429, 'bg', 'pa', 'Bulgarian'),
(430, 'bg', 'pl', 'Bułgarski'),
(431, 'bg', 'pt-pt', 'Búlgaro'),
(432, 'bg', 'pt-br', 'Búlgaro'),
(433, 'bg', 'qu', 'Bulgarian'),
(434, 'bg', 'ro', 'Bulgară'),
(435, 'bg', 'ru', 'Болгарский'),
(436, 'bg', 'sl', 'Bolgarščina'),
(437, 'bg', 'so', 'Bulgarian'),
(438, 'bg', 'sq', 'Bulgarian'),
(439, 'bg', 'sr', 'бугарски'),
(440, 'bg', 'sv', 'Bulgariska'),
(441, 'bg', 'ta', 'Bulgarian'),
(442, 'bg', 'th', 'บัลแกเรียน'),
(443, 'bg', 'tr', 'Bulgarca'),
(444, 'bg', 'uk', 'Bulgarian'),
(445, 'bg', 'ur', 'Bulgarian'),
(446, 'bg', 'uz', 'Bulgarian'),
(447, 'bg', 'vi', 'Bulgarian'),
(448, 'bg', 'yi', 'Bulgarian'),
(449, 'bg', 'zh-hans', '保加利亚语'),
(450, 'bg', 'zu', 'Bulgarian'),
(451, 'bg', 'zh-hant', '保加利亞語'),
(452, 'bg', 'ms', 'Bulgarian'),
(453, 'bg', 'gl', 'Bulgarian'),
(454, 'bg', 'bn', 'Bulgarian'),
(455, 'bg', 'az', 'Bulgarian'),
(456, 'ca', 'en', 'Catalan'),
(457, 'ca', 'es', 'Catalán'),
(458, 'ca', 'de', 'Katalanisch'),
(459, 'ca', 'fr', 'Catalan'),
(460, 'ca', 'ar', 'الكاتالوينية'),
(461, 'ca', 'bs', 'Catalan'),
(462, 'ca', 'bg', 'Каталонски'),
(463, 'ca', 'ca', 'Català'),
(464, 'ca', 'cs', 'Katalánština'),
(465, 'ca', 'sk', 'Katalánčina'),
(466, 'ca', 'cy', 'Catalan'),
(467, 'ca', 'da', 'Catalan'),
(468, 'ca', 'el', 'Καταλανικά'),
(469, 'ca', 'eo', 'Catalan'),
(470, 'ca', 'et', 'Catalan'),
(471, 'ca', 'eu', 'Catalan'),
(472, 'ca', 'fa', 'Catalan'),
(473, 'ca', 'fi', 'Katalaani'),
(474, 'ca', 'ga', 'Catalan'),
(475, 'ca', 'he', 'קטלאנית'),
(476, 'ca', 'hi', 'Catalan'),
(477, 'ca', 'hr', 'Katalonski'),
(478, 'ca', 'hu', 'Katalán'),
(479, 'ca', 'hy', 'Catalan'),
(480, 'ca', 'id', 'Catalan'),
(481, 'ca', 'is', 'Catalan'),
(482, 'ca', 'it', 'Catalano'),
(483, 'ca', 'ja', 'カタルーニャ語'),
(484, 'ca', 'ko', '카탈로니아어'),
(485, 'ca', 'ku', 'Catalan'),
(486, 'ca', 'lv', 'Catalan'),
(487, 'ca', 'lt', 'Catalan'),
(488, 'ca', 'mk', 'Catalan'),
(489, 'ca', 'mt', 'Catalan'),
(490, 'ca', 'mn', 'Catalan'),
(491, 'ca', 'ne', 'Catalan'),
(492, 'ca', 'nl', 'Catalaans'),
(493, 'ca', 'no', 'catalan'),
(494, 'ca', 'pa', 'Catalan'),
(495, 'ca', 'pl', 'Kataloński'),
(496, 'ca', 'pt-pt', 'Catalão'),
(497, 'ca', 'pt-br', 'Catalão'),
(498, 'ca', 'qu', 'Catalan'),
(499, 'ca', 'ro', 'Catalană'),
(500, 'ca', 'ru', 'Каталанский'),
(501, 'ca', 'sl', 'Katalonščina'),
(502, 'ca', 'so', 'Catalan'),
(503, 'ca', 'sq', 'Catalan'),
(504, 'ca', 'sr', 'каталонски'),
(505, 'ca', 'sv', 'Katalanska'),
(506, 'ca', 'ta', 'Catalan'),
(507, 'ca', 'th', 'คะตะลาน'),
(508, 'ca', 'tr', 'Katalan dili'),
(509, 'ca', 'uk', 'Catalan'),
(510, 'ca', 'ur', 'Catalan'),
(511, 'ca', 'uz', 'Catalan'),
(512, 'ca', 'vi', 'Catalan'),
(513, 'ca', 'yi', 'Catalan'),
(514, 'ca', 'zh-hans', '加泰罗尼亚语'),
(515, 'ca', 'zu', 'Catalan'),
(516, 'ca', 'zh-hant', '加泰羅尼亞語'),
(517, 'ca', 'ms', 'Catalan'),
(518, 'ca', 'gl', 'Catalan'),
(519, 'ca', 'bn', 'Catalan'),
(520, 'ca', 'az', 'Catalan'),
(521, 'cs', 'en', 'Czech'),
(522, 'cs', 'es', 'Checo'),
(523, 'cs', 'de', 'Tschechisch'),
(524, 'cs', 'fr', 'Tchèque'),
(525, 'cs', 'ar', 'التشيكية'),
(526, 'cs', 'bs', 'Czech'),
(527, 'cs', 'bg', 'Чешки'),
(528, 'cs', 'ca', 'Czech'),
(529, 'cs', 'cs', 'Čeština'),
(530, 'cs', 'sk', 'Čeština'),
(531, 'cs', 'cy', 'Czech'),
(532, 'cs', 'da', 'Czech'),
(533, 'cs', 'el', 'Τσεχικά'),
(534, 'cs', 'eo', 'Czech'),
(535, 'cs', 'et', 'Czech'),
(536, 'cs', 'eu', 'Czech'),
(537, 'cs', 'fa', 'Czech'),
(538, 'cs', 'fi', 'Tsekki'),
(539, 'cs', 'ga', 'Czech'),
(540, 'cs', 'he', 'צ\'כית'),
(541, 'cs', 'hi', 'Czech'),
(542, 'cs', 'hr', 'češki'),
(543, 'cs', 'hu', 'Cseh'),
(544, 'cs', 'hy', 'Czech'),
(545, 'cs', 'id', 'Czech'),
(546, 'cs', 'is', 'Czech'),
(547, 'cs', 'it', 'Ceco'),
(548, 'cs', 'ja', 'チェコ語'),
(549, 'cs', 'ko', '체코슬로바키아어'),
(550, 'cs', 'ku', 'Czech'),
(551, 'cs', 'lv', 'Czech'),
(552, 'cs', 'lt', 'Czech'),
(553, 'cs', 'mk', 'Czech'),
(554, 'cs', 'mt', 'Czech'),
(555, 'cs', 'mn', 'Czech'),
(556, 'cs', 'ne', 'Czech'),
(557, 'cs', 'nl', 'Tsjechisch'),
(558, 'cs', 'no', 'Czech'),
(559, 'cs', 'pa', 'Czech'),
(560, 'cs', 'pl', 'Czeski'),
(561, 'cs', 'pt-pt', 'Tcheco'),
(562, 'cs', 'pt-br', 'Tcheco'),
(563, 'cs', 'qu', 'Czech'),
(564, 'cs', 'ro', 'Cehă'),
(565, 'cs', 'ru', 'Чешский'),
(566, 'cs', 'sl', 'Češčina'),
(567, 'cs', 'so', 'Czech'),
(568, 'cs', 'sq', 'Czech'),
(569, 'cs', 'sr', 'чешки'),
(570, 'cs', 'sv', 'Tjeckiska'),
(571, 'cs', 'ta', 'Czech'),
(572, 'cs', 'th', 'เช็ก'),
(573, 'cs', 'tr', 'Çekçe'),
(574, 'cs', 'uk', 'Czech'),
(575, 'cs', 'ur', 'Czech'),
(576, 'cs', 'uz', 'Czech'),
(577, 'cs', 'vi', 'Czech'),
(578, 'cs', 'yi', 'Czech'),
(579, 'cs', 'zh-hans', '捷克语'),
(580, 'cs', 'zu', 'Czech'),
(581, 'cs', 'zh-hant', '捷克語'),
(582, 'cs', 'ms', 'Czech'),
(583, 'cs', 'gl', 'Czech'),
(584, 'cs', 'bn', 'Czech'),
(585, 'cs', 'az', 'Czech'),
(586, 'sk', 'en', 'Slovak'),
(587, 'sk', 'es', 'Eslavo'),
(588, 'sk', 'de', 'Slowakisch'),
(589, 'sk', 'fr', 'Slave'),
(590, 'sk', 'ar', 'السلافية'),
(591, 'sk', 'bs', 'Slovak'),
(592, 'sk', 'bg', 'Словашки'),
(593, 'sk', 'ca', 'Slovak'),
(594, 'sk', 'cs', 'Slovenština'),
(595, 'sk', 'sk', 'Slovenčina'),
(596, 'sk', 'cy', 'Slovak'),
(597, 'sk', 'da', 'Slovak'),
(598, 'sk', 'el', 'Σλαβική'),
(599, 'sk', 'eo', 'Slovak'),
(600, 'sk', 'et', 'Slovak'),
(601, 'sk', 'eu', 'Slovak'),
(602, 'sk', 'fa', 'Slovak'),
(603, 'sk', 'fi', 'Slaavi'),
(604, 'sk', 'ga', 'Slovak'),
(605, 'sk', 'he', 'סלאבית'),
(606, 'sk', 'hi', 'Slovak'),
(607, 'sk', 'hr', 'Slovački'),
(608, 'sk', 'hu', 'Szlovák'),
(609, 'sk', 'hy', 'Slovak'),
(610, 'sk', 'id', 'Slovak'),
(611, 'sk', 'is', 'Slovak'),
(612, 'sk', 'it', 'Slavo'),
(613, 'sk', 'ja', 'スラヴ語派'),
(614, 'sk', 'ko', '슬라브어'),
(615, 'sk', 'ku', 'Slovak'),
(616, 'sk', 'lv', 'Slovak'),
(617, 'sk', 'lt', 'Slovak'),
(618, 'sk', 'mk', 'Slovak'),
(619, 'sk', 'mt', 'Slovak'),
(620, 'sk', 'mn', 'Slovak'),
(621, 'sk', 'ne', 'Slovak'),
(622, 'sk', 'nl', 'Slavisch'),
(623, 'sk', 'no', 'Slovak'),
(624, 'sk', 'pa', 'Slovak'),
(625, 'sk', 'pl', 'Słowacki'),
(626, 'sk', 'pt-pt', 'Eslavo'),
(627, 'sk', 'pt-br', 'Eslavo'),
(628, 'sk', 'qu', 'Slovak'),
(629, 'sk', 'ro', 'Slavă'),
(630, 'sk', 'ru', 'Славянский'),
(631, 'sk', 'sl', 'Slovaščina'),
(632, 'sk', 'so', 'Slovak'),
(633, 'sk', 'sq', 'Slovak'),
(634, 'sk', 'sr', 'словачки'),
(635, 'sk', 'sv', 'Slavisk'),
(636, 'sk', 'ta', 'Slovak'),
(637, 'sk', 'th', 'สลาวิก'),
(638, 'sk', 'tr', 'Slav dili'),
(639, 'sk', 'uk', 'Slovak'),
(640, 'sk', 'ur', 'Slovak'),
(641, 'sk', 'uz', 'Slovak'),
(642, 'sk', 'vi', 'Slovak'),
(643, 'sk', 'yi', 'Slovak'),
(644, 'sk', 'zh-hans', '斯拉夫语'),
(645, 'sk', 'zu', 'Slovak'),
(646, 'sk', 'zh-hant', '斯拉夫語'),
(647, 'sk', 'ms', 'Slovak'),
(648, 'sk', 'gl', 'Slovak'),
(649, 'sk', 'bn', 'Slovak'),
(650, 'sk', 'az', 'Slovak'),
(651, 'cy', 'en', 'Welsh'),
(652, 'cy', 'es', 'Galés'),
(653, 'cy', 'de', 'Walisisch'),
(654, 'cy', 'fr', 'Gallois'),
(655, 'cy', 'ar', 'الولزية'),
(656, 'cy', 'bs', 'Welsh'),
(657, 'cy', 'bg', 'Уелски'),
(658, 'cy', 'ca', 'Welsh'),
(659, 'cy', 'cs', 'Velšský'),
(660, 'cy', 'sk', 'Welština'),
(661, 'cy', 'cy', 'Cymraeg'),
(662, 'cy', 'da', 'Welsh'),
(663, 'cy', 'el', 'Oυαλικά'),
(664, 'cy', 'eo', 'Welsh'),
(665, 'cy', 'et', 'Welsh'),
(666, 'cy', 'eu', 'Welsh'),
(667, 'cy', 'fa', 'Welsh'),
(668, 'cy', 'fi', 'Kymri'),
(669, 'cy', 'ga', 'Welsh'),
(670, 'cy', 'he', 'וולשית'),
(671, 'cy', 'hi', 'Welsh'),
(672, 'cy', 'hr', 'Velški'),
(673, 'cy', 'hu', 'Vels'),
(674, 'cy', 'hy', 'Welsh'),
(675, 'cy', 'id', 'Welsh'),
(676, 'cy', 'is', 'Welsh'),
(677, 'cy', 'it', 'Gallese'),
(678, 'cy', 'ja', 'ウェールズ語'),
(679, 'cy', 'ko', '웨일즈어'),
(680, 'cy', 'ku', 'Welsh'),
(681, 'cy', 'lv', 'Welsh'),
(682, 'cy', 'lt', 'Welsh'),
(683, 'cy', 'mk', 'Welsh'),
(684, 'cy', 'mt', 'Welsh'),
(685, 'cy', 'mn', 'Welsh'),
(686, 'cy', 'ne', 'Welsh'),
(687, 'cy', 'nl', 'Welsh'),
(688, 'cy', 'no', 'Welsh'),
(689, 'cy', 'pa', 'Welsh'),
(690, 'cy', 'pl', 'Walijski'),
(691, 'cy', 'pt-pt', 'Galês'),
(692, 'cy', 'pt-br', 'Galês'),
(693, 'cy', 'qu', 'Welsh'),
(694, 'cy', 'ro', 'Galeză'),
(695, 'cy', 'ru', 'Валлийский'),
(696, 'cy', 'sl', 'Welsh'),
(697, 'cy', 'so', 'Welsh'),
(698, 'cy', 'sq', 'Welsh'),
(699, 'cy', 'sr', 'велшки'),
(700, 'cy', 'sv', 'Walesiska'),
(701, 'cy', 'ta', 'Welsh'),
(702, 'cy', 'th', 'เวลช์'),
(703, 'cy', 'tr', 'Galce'),
(704, 'cy', 'uk', 'Welsh'),
(705, 'cy', 'ur', 'Welsh'),
(706, 'cy', 'uz', 'Welsh'),
(707, 'cy', 'vi', 'Welsh'),
(708, 'cy', 'yi', 'Welsh'),
(709, 'cy', 'zh-hans', '威尔士语'),
(710, 'cy', 'zu', 'Welsh'),
(711, 'cy', 'zh-hant', '威爾士語'),
(712, 'cy', 'ms', 'Welsh'),
(713, 'cy', 'gl', 'Welsh'),
(714, 'cy', 'bn', 'Welsh'),
(715, 'cy', 'az', 'Welsh'),
(716, 'da', 'en', 'Danish'),
(717, 'da', 'es', 'Danés'),
(718, 'da', 'de', 'Dänisch'),
(719, 'da', 'fr', 'Danois'),
(720, 'da', 'ar', 'الدانماركية'),
(721, 'da', 'bs', 'Danish'),
(722, 'da', 'bg', 'Датски'),
(723, 'da', 'ca', 'Danish'),
(724, 'da', 'cs', 'Dánský'),
(725, 'da', 'sk', 'Dánčina'),
(726, 'da', 'cy', 'Danish'),
(727, 'da', 'da', 'Dansk'),
(728, 'da', 'el', 'Δανέζικα'),
(729, 'da', 'eo', 'Danish'),
(730, 'da', 'et', 'Danish'),
(731, 'da', 'eu', 'Danish'),
(732, 'da', 'fa', 'Danish'),
(733, 'da', 'fi', 'Tanska'),
(734, 'da', 'ga', 'Danish'),
(735, 'da', 'he', 'דנית'),
(736, 'da', 'hi', 'Danish'),
(737, 'da', 'hr', 'Danski'),
(738, 'da', 'hu', 'Dán'),
(739, 'da', 'hy', 'Danish'),
(740, 'da', 'id', 'Danish'),
(741, 'da', 'is', 'Danish'),
(742, 'da', 'it', 'Danese'),
(743, 'da', 'ja', 'デンマーク語'),
(744, 'da', 'ko', '덴마크어'),
(745, 'da', 'ku', 'Danish'),
(746, 'da', 'lv', 'Danish'),
(747, 'da', 'lt', 'Danish'),
(748, 'da', 'mk', 'Danish'),
(749, 'da', 'mt', 'Danish'),
(750, 'da', 'mn', 'Danish'),
(751, 'da', 'ne', 'Danish'),
(752, 'da', 'nl', 'Deens'),
(753, 'da', 'no', 'Danish'),
(754, 'da', 'pa', 'Danish'),
(755, 'da', 'pl', 'Duński'),
(756, 'da', 'pt-pt', 'Dinamarquês'),
(757, 'da', 'pt-br', 'Dinamarquês'),
(758, 'da', 'qu', 'Danish'),
(759, 'da', 'ro', 'Daneză'),
(760, 'da', 'ru', 'Датский'),
(761, 'da', 'sl', 'Danščina'),
(762, 'da', 'so', 'Danish'),
(763, 'da', 'sq', 'Danish'),
(764, 'da', 'sr', 'дански'),
(765, 'da', 'sv', 'Danska'),
(766, 'da', 'ta', 'Danish'),
(767, 'da', 'th', 'เดนมาร์ก'),
(768, 'da', 'tr', 'Danca'),
(769, 'da', 'uk', 'Danish'),
(770, 'da', 'ur', 'Danish'),
(771, 'da', 'uz', 'Danish'),
(772, 'da', 'vi', 'Danish'),
(773, 'da', 'yi', 'Danish'),
(774, 'da', 'zh-hans', '丹麦语'),
(775, 'da', 'zu', 'Danish'),
(776, 'da', 'zh-hant', '丹麥語'),
(777, 'da', 'ms', 'Danish'),
(778, 'da', 'gl', 'Danish'),
(779, 'da', 'bn', 'Danish'),
(780, 'da', 'az', 'Danish'),
(781, 'el', 'en', 'Greek'),
(782, 'el', 'es', 'Griego'),
(783, 'el', 'de', 'Griechisch'),
(784, 'el', 'fr', 'Grec moderne'),
(785, 'el', 'ar', 'اليونانية'),
(786, 'el', 'bs', 'Greek'),
(787, 'el', 'bg', 'Гръцки'),
(788, 'el', 'ca', 'Greek'),
(789, 'el', 'cs', 'Řečtina'),
(790, 'el', 'sk', 'Gréčtina'),
(791, 'el', 'cy', 'Greek'),
(792, 'el', 'da', 'Greek'),
(793, 'el', 'el', 'Ελληνικά'),
(794, 'el', 'eo', 'Greek'),
(795, 'el', 'et', 'Greek'),
(796, 'el', 'eu', 'Greek'),
(797, 'el', 'fa', 'Greek'),
(798, 'el', 'fi', 'Kreikka'),
(799, 'el', 'ga', 'Greek'),
(800, 'el', 'he', 'יוונית'),
(801, 'el', 'hi', 'Greek'),
(802, 'el', 'hr', 'Grčki'),
(803, 'el', 'hu', 'Görög'),
(804, 'el', 'hy', 'Greek'),
(805, 'el', 'id', 'Greek'),
(806, 'el', 'is', 'Greek'),
(807, 'el', 'it', 'Greco'),
(808, 'el', 'ja', 'ギリシア語'),
(809, 'el', 'ko', '그리스어'),
(810, 'el', 'ku', 'Greek'),
(811, 'el', 'lv', 'Greek'),
(812, 'el', 'lt', 'Greek'),
(813, 'el', 'mk', 'Greek'),
(814, 'el', 'mt', 'Greek'),
(815, 'el', 'mn', 'Greek'),
(816, 'el', 'ne', 'Greek'),
(817, 'el', 'nl', 'Grieks'),
(818, 'el', 'no', 'Gresk'),
(819, 'el', 'pa', 'Greek'),
(820, 'el', 'pl', 'Grecki'),
(821, 'el', 'pt-pt', 'Grego'),
(822, 'el', 'pt-br', 'Grego'),
(823, 'el', 'qu', 'Greek'),
(824, 'el', 'ro', 'Greacă'),
(825, 'el', 'ru', 'Греческий'),
(826, 'el', 'sl', 'Greek'),
(827, 'el', 'so', 'Greek'),
(828, 'el', 'sq', 'Greek'),
(829, 'el', 'sr', 'грчки'),
(830, 'el', 'sv', 'Grekiska'),
(831, 'el', 'ta', 'Greek'),
(832, 'el', 'th', 'กรีก'),
(833, 'el', 'tr', 'Yunanca'),
(834, 'el', 'uk', 'Greek'),
(835, 'el', 'ur', 'Greek'),
(836, 'el', 'uz', 'Greek'),
(837, 'el', 'vi', 'Greek'),
(838, 'el', 'yi', 'Greek'),
(839, 'el', 'zh-hans', '希腊语'),
(840, 'el', 'zu', 'Greek'),
(841, 'el', 'zh-hant', '希臘語'),
(842, 'el', 'ms', 'Greek'),
(843, 'el', 'gl', 'Greek'),
(844, 'el', 'bn', 'Greek'),
(845, 'el', 'az', 'Greek'),
(846, 'eo', 'en', 'Esperanto'),
(847, 'eo', 'es', 'Esperanto'),
(848, 'eo', 'de', 'Esperanto'),
(849, 'eo', 'fr', 'Espéranto'),
(850, 'eo', 'ar', 'الاسبرانتو'),
(851, 'eo', 'bs', 'Esperanto'),
(852, 'eo', 'bg', 'Есперанто'),
(853, 'eo', 'ca', 'Esperanto'),
(854, 'eo', 'cs', 'Esperanto'),
(855, 'eo', 'sk', 'Esperanto'),
(856, 'eo', 'cy', 'Esperanto'),
(857, 'eo', 'da', 'Esperanto'),
(858, 'eo', 'el', 'Εσπεράντο'),
(859, 'eo', 'eo', 'Esperanta'),
(860, 'eo', 'et', 'Esperanto'),
(861, 'eo', 'eu', 'Esperanto'),
(862, 'eo', 'fa', 'Esperanto'),
(863, 'eo', 'fi', 'Esperanto'),
(864, 'eo', 'ga', 'Esperanto'),
(865, 'eo', 'he', 'אספרנטו'),
(866, 'eo', 'hi', 'Esperanto'),
(867, 'eo', 'hr', 'Esperanto'),
(868, 'eo', 'hu', 'Eszperantó'),
(869, 'eo', 'hy', 'Esperanto'),
(870, 'eo', 'id', 'Esperanto'),
(871, 'eo', 'is', 'Esperanto'),
(872, 'eo', 'it', 'Esperanto'),
(873, 'eo', 'ja', 'エスペラント語'),
(874, 'eo', 'ko', '에스페란토어'),
(875, 'eo', 'ku', 'Esperanto'),
(876, 'eo', 'lv', 'Esperanto'),
(877, 'eo', 'lt', 'Esperanto'),
(878, 'eo', 'mk', 'Esperanto'),
(879, 'eo', 'mt', 'Esperanto'),
(880, 'eo', 'mn', 'Esperanto'),
(881, 'eo', 'ne', 'Esperanto'),
(882, 'eo', 'nl', 'Esperanto'),
(883, 'eo', 'no', 'Esperanto'),
(884, 'eo', 'pa', 'Esperanto'),
(885, 'eo', 'pl', 'Esperanto'),
(886, 'eo', 'pt-pt', 'Esperanto'),
(887, 'eo', 'pt-br', 'Esperanto'),
(888, 'eo', 'qu', 'Esperanto'),
(889, 'eo', 'ro', 'Esperanto'),
(890, 'eo', 'ru', 'Эсперанто'),
(891, 'eo', 'sl', 'Esperanto'),
(892, 'eo', 'so', 'Esperanto'),
(893, 'eo', 'sq', 'Esperanto'),
(894, 'eo', 'sr', 'есперанто'),
(895, 'eo', 'sv', 'Esperanto'),
(896, 'eo', 'ta', 'Esperanto'),
(897, 'eo', 'th', 'เอสเปอรันโต'),
(898, 'eo', 'tr', 'Esperanto'),
(899, 'eo', 'uk', 'Esperanto'),
(900, 'eo', 'ur', 'Esperanto'),
(901, 'eo', 'uz', 'Esperanto'),
(902, 'eo', 'vi', 'Esperanto'),
(903, 'eo', 'yi', 'Esperanto'),
(904, 'eo', 'zh-hans', '世界语'),
(905, 'eo', 'zu', 'Esperanto'),
(906, 'eo', 'zh-hant', '世界語'),
(907, 'eo', 'ms', 'Esperanto'),
(908, 'eo', 'gl', 'Esperanto'),
(909, 'eo', 'bn', 'Esperanto'),
(910, 'eo', 'az', 'Esperanto'),
(911, 'et', 'en', 'Estonian'),
(912, 'et', 'es', 'Estonio'),
(913, 'et', 'de', 'Estnisch'),
(914, 'et', 'fr', 'Estonien'),
(915, 'et', 'ar', 'الأستونية'),
(916, 'et', 'bs', 'Estonian'),
(917, 'et', 'bg', 'Естонски'),
(918, 'et', 'ca', 'Estonian'),
(919, 'et', 'cs', 'Estonština'),
(920, 'et', 'sk', 'Estónčina'),
(921, 'et', 'cy', 'Estonian'),
(922, 'et', 'da', 'Estonian'),
(923, 'et', 'el', 'Εσθονικά'),
(924, 'et', 'eo', 'Estonian'),
(925, 'et', 'et', 'Eesti'),
(926, 'et', 'eu', 'Estonian'),
(927, 'et', 'fa', 'Estonian'),
(928, 'et', 'fi', 'Eesti'),
(929, 'et', 'ga', 'Estonian'),
(930, 'et', 'he', 'אסטונית'),
(931, 'et', 'hi', 'Estonian'),
(932, 'et', 'hr', 'Estonski'),
(933, 'et', 'hu', 'észt'),
(934, 'et', 'hy', 'Estonian'),
(935, 'et', 'id', 'Estonian'),
(936, 'et', 'is', 'Estonian'),
(937, 'et', 'it', 'Estone'),
(938, 'et', 'ja', 'エストニア語'),
(939, 'et', 'ko', '에스토니아어'),
(940, 'et', 'ku', 'Estonian'),
(941, 'et', 'lv', 'Estonian'),
(942, 'et', 'lt', 'Estonian'),
(943, 'et', 'mk', 'Estonian'),
(944, 'et', 'mt', 'Estonian'),
(945, 'et', 'mn', 'Estonian'),
(946, 'et', 'ne', 'Estonian'),
(947, 'et', 'nl', 'Ests'),
(948, 'et', 'no', 'Estonian'),
(949, 'et', 'pa', 'Estonian'),
(950, 'et', 'pl', 'Estoński'),
(951, 'et', 'pt-pt', 'Estoniano'),
(952, 'et', 'pt-br', 'Estoniano'),
(953, 'et', 'qu', 'Estonian'),
(954, 'et', 'ro', 'Estoniană'),
(955, 'et', 'ru', 'Эстонский'),
(956, 'et', 'sl', 'Estonščina'),
(957, 'et', 'so', 'Estonian'),
(958, 'et', 'sq', 'Estonian'),
(959, 'et', 'sr', 'естонски'),
(960, 'et', 'sv', 'Estniska'),
(961, 'et', 'ta', 'Estonian'),
(962, 'et', 'th', 'เอสโตเนียน'),
(963, 'et', 'tr', 'Estonya dili'),
(964, 'et', 'uk', 'Estonian'),
(965, 'et', 'ur', 'Estonian'),
(966, 'et', 'uz', 'Estonian'),
(967, 'et', 'vi', 'Estonian'),
(968, 'et', 'yi', 'Estonian'),
(969, 'et', 'zh-hans', '爱沙尼亚语'),
(970, 'et', 'zu', 'Estonian'),
(971, 'et', 'zh-hant', '愛沙尼亞語'),
(972, 'et', 'ms', 'Estonian'),
(973, 'et', 'gl', 'Estonian'),
(974, 'et', 'bn', 'Estonian'),
(975, 'et', 'az', 'Estonian'),
(976, 'eu', 'en', 'Basque'),
(977, 'eu', 'es', 'Euskera'),
(978, 'eu', 'de', 'Baskisch'),
(979, 'eu', 'fr', 'Basque'),
(980, 'eu', 'ar', 'لغة الباسك'),
(981, 'eu', 'bs', 'Basque'),
(982, 'eu', 'bg', 'Баски'),
(983, 'eu', 'ca', 'Basque'),
(984, 'eu', 'cs', 'Basque'),
(985, 'eu', 'sk', 'Baskičtina'),
(986, 'eu', 'cy', 'Basque'),
(987, 'eu', 'da', 'Basque'),
(988, 'eu', 'el', 'Βασκικά'),
(989, 'eu', 'eo', 'Basque'),
(990, 'eu', 'et', 'Basque'),
(991, 'eu', 'eu', 'Euskara'),
(992, 'eu', 'fa', 'Basque'),
(993, 'eu', 'fi', 'Baski'),
(994, 'eu', 'ga', 'Basque'),
(995, 'eu', 'he', 'בסקית'),
(996, 'eu', 'hi', 'Basque'),
(997, 'eu', 'hr', 'Baskijski'),
(998, 'eu', 'hu', 'Baszk'),
(999, 'eu', 'hy', 'Basque'),
(1000, 'eu', 'id', 'Basque'),
(1001, 'eu', 'is', 'Basque'),
(1002, 'eu', 'it', 'Basco'),
(1003, 'eu', 'ja', 'バスク語'),
(1004, 'eu', 'ko', '바스크어'),
(1005, 'eu', 'ku', 'Basque'),
(1006, 'eu', 'lv', 'Basque'),
(1007, 'eu', 'lt', 'Basque'),
(1008, 'eu', 'mk', 'Basque'),
(1009, 'eu', 'mt', 'Basque'),
(1010, 'eu', 'mn', 'Basque'),
(1011, 'eu', 'ne', 'Basque'),
(1012, 'eu', 'nl', 'Baskisch'),
(1013, 'eu', 'no', 'Basque'),
(1014, 'eu', 'pa', 'Basque'),
(1015, 'eu', 'pl', 'Baskijski'),
(1016, 'eu', 'pt-pt', 'Basco'),
(1017, 'eu', 'pt-br', 'Basco'),
(1018, 'eu', 'qu', 'Basque'),
(1019, 'eu', 'ro', 'Bască'),
(1020, 'eu', 'ru', 'Баскский'),
(1021, 'eu', 'sl', 'Baskovščina'),
(1022, 'eu', 'so', 'Basque'),
(1023, 'eu', 'sq', 'Basque'),
(1024, 'eu', 'sr', 'баскијски'),
(1025, 'eu', 'sv', 'Baskiska'),
(1026, 'eu', 'ta', 'Basque'),
(1027, 'eu', 'th', 'บาสค์'),
(1028, 'eu', 'tr', 'Bask dili'),
(1029, 'eu', 'uk', 'Basque'),
(1030, 'eu', 'ur', 'Basque'),
(1031, 'eu', 'uz', 'Basque'),
(1032, 'eu', 'vi', 'Basque'),
(1033, 'eu', 'yi', 'Basque'),
(1034, 'eu', 'zh-hans', '巴斯克语'),
(1035, 'eu', 'zu', 'Basque'),
(1036, 'eu', 'zh-hant', '巴斯克語'),
(1037, 'eu', 'ms', 'Basque'),
(1038, 'eu', 'gl', 'Basque'),
(1039, 'eu', 'bn', 'Basque'),
(1040, 'eu', 'az', 'Basque'),
(1041, 'fa', 'en', 'Persian'),
(1042, 'fa', 'es', 'Persa'),
(1043, 'fa', 'de', 'Persisch'),
(1044, 'fa', 'fr', 'Perse'),
(1045, 'fa', 'ar', 'الفارسية'),
(1046, 'fa', 'bs', 'Persian'),
(1047, 'fa', 'bg', 'Персийски'),
(1048, 'fa', 'ca', 'Persian'),
(1049, 'fa', 'cs', 'Perský'),
(1050, 'fa', 'sk', 'Perzština'),
(1051, 'fa', 'cy', 'Persian'),
(1052, 'fa', 'da', 'Persian'),
(1053, 'fa', 'el', 'Περσικά'),
(1054, 'fa', 'eo', 'Persian'),
(1055, 'fa', 'et', 'Persian'),
(1056, 'fa', 'eu', 'Persian'),
(1057, 'fa', 'fa', 'فارسی'),
(1058, 'fa', 'fi', 'Persia'),
(1059, 'fa', 'ga', 'Persian'),
(1060, 'fa', 'he', 'פרסית'),
(1061, 'fa', 'hi', 'Persian'),
(1062, 'fa', 'hr', 'Perzijski'),
(1063, 'fa', 'hu', 'Perzsa'),
(1064, 'fa', 'hy', 'Persian'),
(1065, 'fa', 'id', 'Persian'),
(1066, 'fa', 'is', 'Persian'),
(1067, 'fa', 'it', 'Persiano'),
(1068, 'fa', 'ja', 'ペルシア語'),
(1069, 'fa', 'ko', '페르시아어'),
(1070, 'fa', 'ku', 'Persian'),
(1071, 'fa', 'lv', 'Persian'),
(1072, 'fa', 'lt', 'Persian'),
(1073, 'fa', 'mk', 'Persian'),
(1074, 'fa', 'mt', 'Persian'),
(1075, 'fa', 'mn', 'Persian'),
(1076, 'fa', 'ne', 'Persian'),
(1077, 'fa', 'nl', 'Perzisch'),
(1078, 'fa', 'no', 'Persisk'),
(1079, 'fa', 'pa', 'Persian'),
(1080, 'fa', 'pl', 'Perski'),
(1081, 'fa', 'pt-pt', 'Persa'),
(1082, 'fa', 'pt-br', 'Persa'),
(1083, 'fa', 'qu', 'Persian'),
(1084, 'fa', 'ro', 'Persană'),
(1085, 'fa', 'ru', 'Персидский'),
(1086, 'fa', 'sl', 'Perzijski'),
(1087, 'fa', 'so', 'Persian'),
(1088, 'fa', 'sq', 'Persian'),
(1089, 'fa', 'sr', 'персијски'),
(1090, 'fa', 'sv', 'Persiska'),
(1091, 'fa', 'ta', 'Persian'),
(1092, 'fa', 'th', 'เปอร์เซียน'),
(1093, 'fa', 'tr', 'Farsça'),
(1094, 'fa', 'uk', 'Persian'),
(1095, 'fa', 'ur', 'Persian'),
(1096, 'fa', 'uz', 'Persian'),
(1097, 'fa', 'vi', 'Persian'),
(1098, 'fa', 'yi', 'Persian'),
(1099, 'fa', 'zh-hans', '波斯语'),
(1100, 'fa', 'zu', 'Persian'),
(1101, 'fa', 'zh-hant', '波斯語'),
(1102, 'fa', 'ms', 'Persian'),
(1103, 'fa', 'gl', 'Persian'),
(1104, 'fa', 'bn', 'Persian'),
(1105, 'fa', 'az', 'Persian'),
(1106, 'fi', 'en', 'Finnish'),
(1107, 'fi', 'es', 'Finlandés'),
(1108, 'fi', 'de', 'Finnisch'),
(1109, 'fi', 'fr', 'Finnois'),
(1110, 'fi', 'ar', 'الفنلندية'),
(1111, 'fi', 'bs', 'Finnish'),
(1112, 'fi', 'bg', 'Фински'),
(1113, 'fi', 'ca', 'Finnish'),
(1114, 'fi', 'cs', 'Finský'),
(1115, 'fi', 'sk', 'Fínština'),
(1116, 'fi', 'cy', 'Finnish'),
(1117, 'fi', 'da', 'Finnish'),
(1118, 'fi', 'el', 'Φινλανδικά'),
(1119, 'fi', 'eo', 'Finnish'),
(1120, 'fi', 'et', 'Finnish'),
(1121, 'fi', 'eu', 'Finnish'),
(1122, 'fi', 'fa', 'Finnish'),
(1123, 'fi', 'fi', 'Suomi'),
(1124, 'fi', 'ga', 'Finnish'),
(1125, 'fi', 'he', 'פינית'),
(1126, 'fi', 'hi', 'Finnish'),
(1127, 'fi', 'hr', 'Finski'),
(1128, 'fi', 'hu', 'Finn'),
(1129, 'fi', 'hy', 'Finnish'),
(1130, 'fi', 'id', 'Finnish'),
(1131, 'fi', 'is', 'Finnish'),
(1132, 'fi', 'it', 'Finlandese'),
(1133, 'fi', 'ja', 'フィンランド語'),
(1134, 'fi', 'ko', '핀란드어'),
(1135, 'fi', 'ku', 'Finnish'),
(1136, 'fi', 'lv', 'Finnish'),
(1137, 'fi', 'lt', 'Finnish'),
(1138, 'fi', 'mk', 'Finnish'),
(1139, 'fi', 'mt', 'Finnish'),
(1140, 'fi', 'mn', 'Finnish'),
(1141, 'fi', 'ne', 'Finnish'),
(1142, 'fi', 'nl', 'Fins'),
(1143, 'fi', 'no', 'Finsk'),
(1144, 'fi', 'pa', 'Finnish'),
(1145, 'fi', 'pl', 'Fiński'),
(1146, 'fi', 'pt-pt', 'Finlandês'),
(1147, 'fi', 'pt-br', 'Finlandês'),
(1148, 'fi', 'qu', 'Finnish'),
(1149, 'fi', 'ro', 'Finlandeză'),
(1150, 'fi', 'ru', 'Финский'),
(1151, 'fi', 'sl', 'Finski'),
(1152, 'fi', 'so', 'Finnish'),
(1153, 'fi', 'sq', 'Finnish'),
(1154, 'fi', 'sr', 'фински'),
(1155, 'fi', 'sv', 'Finska'),
(1156, 'fi', 'ta', 'Finnish'),
(1157, 'fi', 'th', 'ฟินนิช'),
(1158, 'fi', 'tr', 'Fince'),
(1159, 'fi', 'uk', 'Finnish'),
(1160, 'fi', 'ur', 'Finnish'),
(1161, 'fi', 'uz', 'Finnish'),
(1162, 'fi', 'vi', 'Finnish'),
(1163, 'fi', 'yi', 'Finnish'),
(1164, 'fi', 'zh-hans', '芬兰语'),
(1165, 'fi', 'zu', 'Finnish'),
(1166, 'fi', 'zh-hant', '芬蘭語'),
(1167, 'fi', 'ms', 'Finnish'),
(1168, 'fi', 'gl', 'Finnish'),
(1169, 'fi', 'bn', 'Finnish'),
(1170, 'fi', 'az', 'Finnish'),
(1171, 'ga', 'en', 'Irish'),
(1172, 'ga', 'es', 'Irlandés'),
(1173, 'ga', 'de', 'Irisch'),
(1174, 'ga', 'fr', 'Irlandais'),
(1175, 'ga', 'ar', 'الأيرلندية'),
(1176, 'ga', 'bs', 'Irish'),
(1177, 'ga', 'bg', 'Ирландски'),
(1178, 'ga', 'ca', 'Irish'),
(1179, 'ga', 'cs', 'Irský'),
(1180, 'ga', 'sk', 'Írština'),
(1181, 'ga', 'cy', 'Irish'),
(1182, 'ga', 'da', 'Irish'),
(1183, 'ga', 'el', 'Ιρλανδικά'),
(1184, 'ga', 'eo', 'Irish'),
(1185, 'ga', 'et', 'Irish'),
(1186, 'ga', 'eu', 'Irish'),
(1187, 'ga', 'fa', 'Irish'),
(1188, 'ga', 'fi', 'Iiri'),
(1189, 'ga', 'ga', 'Gaeilge'),
(1190, 'ga', 'he', 'אירית'),
(1191, 'ga', 'hi', 'Irish'),
(1192, 'ga', 'hr', 'Irski'),
(1193, 'ga', 'hu', 'ír'),
(1194, 'ga', 'hy', 'Irish'),
(1195, 'ga', 'id', 'Irish'),
(1196, 'ga', 'is', 'Irish'),
(1197, 'ga', 'it', 'Irlandese'),
(1198, 'ga', 'ja', 'アイルランド語'),
(1199, 'ga', 'ko', '아일랜드어'),
(1200, 'ga', 'ku', 'Irish'),
(1201, 'ga', 'lv', 'Irish'),
(1202, 'ga', 'lt', 'Irish'),
(1203, 'ga', 'mk', 'Irish'),
(1204, 'ga', 'mt', 'Irish'),
(1205, 'ga', 'mn', 'Irish'),
(1206, 'ga', 'ne', 'Irish'),
(1207, 'ga', 'nl', 'Iers'),
(1208, 'ga', 'no', 'Irish'),
(1209, 'ga', 'pa', 'Irish'),
(1210, 'ga', 'pl', 'Irlandzki'),
(1211, 'ga', 'pt-pt', 'Irlandês'),
(1212, 'ga', 'pt-br', 'Irlandês'),
(1213, 'ga', 'qu', 'Irish'),
(1214, 'ga', 'ro', 'Irlandeză'),
(1215, 'ga', 'ru', 'Ирландский'),
(1216, 'ga', 'sl', 'Irski'),
(1217, 'ga', 'so', 'Irish'),
(1218, 'ga', 'sq', 'Irish'),
(1219, 'ga', 'sr', 'ирски'),
(1220, 'ga', 'sv', 'Irländska'),
(1221, 'ga', 'ta', 'Irish'),
(1222, 'ga', 'th', 'ไอริช'),
(1223, 'ga', 'tr', 'İrlanda dili'),
(1224, 'ga', 'uk', 'Irish'),
(1225, 'ga', 'ur', 'Irish'),
(1226, 'ga', 'uz', 'Irish'),
(1227, 'ga', 'vi', 'Irish'),
(1228, 'ga', 'yi', 'Irish'),
(1229, 'ga', 'zh-hans', '爱尔兰语'),
(1230, 'ga', 'zu', 'Irish'),
(1231, 'ga', 'zh-hant', '愛爾蘭語'),
(1232, 'ga', 'ms', 'Irish'),
(1233, 'ga', 'gl', 'Irish'),
(1234, 'ga', 'bn', 'Irish'),
(1235, 'ga', 'az', 'Irish'),
(1236, 'he', 'en', 'Hebrew'),
(1237, 'he', 'es', 'Hebreo'),
(1238, 'he', 'de', 'Hebräisch'),
(1239, 'he', 'fr', 'Hébreu'),
(1240, 'he', 'ar', 'العبرية'),
(1241, 'he', 'bs', 'Hebrew'),
(1242, 'he', 'bg', 'Иврит'),
(1243, 'he', 'ca', 'Hebrew'),
(1244, 'he', 'cs', 'Hebrejština'),
(1245, 'he', 'sk', 'Hebrejčina'),
(1246, 'he', 'cy', 'Hebrew'),
(1247, 'he', 'da', 'Hebrew'),
(1248, 'he', 'el', 'Εβραϊκά'),
(1249, 'he', 'eo', 'Hebrew'),
(1250, 'he', 'et', 'Hebrew'),
(1251, 'he', 'eu', 'Hebrew'),
(1252, 'he', 'fa', 'Hebrew'),
(1253, 'he', 'fi', 'Heprea'),
(1254, 'he', 'ga', 'Hebrew'),
(1255, 'he', 'he', 'עברית'),
(1256, 'he', 'hi', 'Hebrew'),
(1257, 'he', 'hr', 'Hebrejski'),
(1258, 'he', 'hu', 'Héber'),
(1259, 'he', 'hy', 'Hebrew'),
(1260, 'he', 'id', 'Hebrew'),
(1261, 'he', 'is', 'Hebrew'),
(1262, 'he', 'it', 'Ebraico'),
(1263, 'he', 'ja', 'ヘブライ語'),
(1264, 'he', 'ko', '히브리어'),
(1265, 'he', 'ku', 'Hebrew'),
(1266, 'he', 'lv', 'Hebrew'),
(1267, 'he', 'lt', 'Hebrew'),
(1268, 'he', 'mk', 'Hebrew'),
(1269, 'he', 'mt', 'Hebrew'),
(1270, 'he', 'mn', 'Hebrew'),
(1271, 'he', 'ne', 'Hebrew'),
(1272, 'he', 'nl', 'Hebreeuws'),
(1273, 'he', 'no', 'Hebraisk'),
(1274, 'he', 'pa', 'Hebrew'),
(1275, 'he', 'pl', 'Hebrajski'),
(1276, 'he', 'pt-pt', 'Hebraico'),
(1277, 'he', 'pt-br', 'Hebraico'),
(1278, 'he', 'qu', 'Hebrew'),
(1279, 'he', 'ro', 'Ebraică'),
(1280, 'he', 'ru', 'Иврит'),
(1281, 'he', 'sl', 'Hebrejščina'),
(1282, 'he', 'so', 'Hebrew'),
(1283, 'he', 'sq', 'Hebrew'),
(1284, 'he', 'sr', 'Хебрејски'),
(1285, 'he', 'sv', 'Hebreiska'),
(1286, 'he', 'ta', 'Hebrew'),
(1287, 'he', 'th', 'ฮิบรู'),
(1288, 'he', 'tr', 'İbranice'),
(1289, 'he', 'uk', 'Hebrew'),
(1290, 'he', 'ur', 'Hebrew'),
(1291, 'he', 'uz', 'Hebrew'),
(1292, 'he', 'vi', 'Hebrew'),
(1293, 'he', 'yi', 'Hebrew'),
(1294, 'he', 'zh-hans', '希伯来语'),
(1295, 'he', 'zu', 'Hebrew'),
(1296, 'he', 'zh-hant', '希伯來語'),
(1297, 'he', 'ms', 'Hebrew'),
(1298, 'he', 'gl', 'Hebrew'),
(1299, 'he', 'bn', 'Hebrew'),
(1300, 'he', 'az', 'Hebrew'),
(1301, 'hi', 'en', 'Hindi'),
(1302, 'hi', 'es', 'Hindi'),
(1303, 'hi', 'de', 'Hindi'),
(1304, 'hi', 'fr', 'Hindi'),
(1305, 'hi', 'ar', 'الهندية'),
(1306, 'hi', 'bs', 'Hindi'),
(1307, 'hi', 'bg', 'Хинди'),
(1308, 'hi', 'ca', 'Hindi'),
(1309, 'hi', 'cs', 'Hindština'),
(1310, 'hi', 'sk', 'Hindčina'),
(1311, 'hi', 'cy', 'Hindi'),
(1312, 'hi', 'da', 'Hindi'),
(1313, 'hi', 'el', 'Ινδικά'),
(1314, 'hi', 'eo', 'Hindi'),
(1315, 'hi', 'et', 'Hindi'),
(1316, 'hi', 'eu', 'Hindi'),
(1317, 'hi', 'fa', 'Hindi'),
(1318, 'hi', 'fi', 'Hindi'),
(1319, 'hi', 'ga', 'Hindi'),
(1320, 'hi', 'he', 'הודית'),
(1321, 'hi', 'hi', 'हिन्दी'),
(1322, 'hi', 'hr', 'Hindski'),
(1323, 'hi', 'hu', 'Hindi'),
(1324, 'hi', 'hy', 'Hindi'),
(1325, 'hi', 'id', 'Hindi'),
(1326, 'hi', 'is', 'Hindi'),
(1327, 'hi', 'it', 'Hindi'),
(1328, 'hi', 'ja', 'ヒンディー語'),
(1329, 'hi', 'ko', '힌두어'),
(1330, 'hi', 'ku', 'Hindi'),
(1331, 'hi', 'lv', 'Hindi'),
(1332, 'hi', 'lt', 'Hindi'),
(1333, 'hi', 'mk', 'Hindi'),
(1334, 'hi', 'mt', 'Hindi'),
(1335, 'hi', 'mn', 'Hindi'),
(1336, 'hi', 'ne', 'Hindi'),
(1337, 'hi', 'nl', 'Hindi'),
(1338, 'hi', 'no', 'Hindi'),
(1339, 'hi', 'pa', 'Hindi'),
(1340, 'hi', 'pl', 'Hindi'),
(1341, 'hi', 'pt-pt', 'Hindi'),
(1342, 'hi', 'pt-br', 'Hindi'),
(1343, 'hi', 'qu', 'Hindi'),
(1344, 'hi', 'ro', 'Hindi'),
(1345, 'hi', 'ru', 'Хинди'),
(1346, 'hi', 'sl', 'Hindi'),
(1347, 'hi', 'so', 'Hindi'),
(1348, 'hi', 'sq', 'Hindi'),
(1349, 'hi', 'sr', 'хинди'),
(1350, 'hi', 'sv', 'Hindi'),
(1351, 'hi', 'ta', 'Hindi'),
(1352, 'hi', 'th', 'ฮินดิ'),
(1353, 'hi', 'tr', 'Hintçe'),
(1354, 'hi', 'uk', 'Hindi'),
(1355, 'hi', 'ur', 'Hindi'),
(1356, 'hi', 'uz', 'Hindi'),
(1357, 'hi', 'vi', 'Hindi'),
(1358, 'hi', 'yi', 'Hindi'),
(1359, 'hi', 'zh-hans', '印地语'),
(1360, 'hi', 'zu', 'Hindi'),
(1361, 'hi', 'zh-hant', '印地語'),
(1362, 'hi', 'ms', 'Hindi'),
(1363, 'hi', 'gl', 'Hindi'),
(1364, 'hi', 'bn', 'Hindi'),
(1365, 'hi', 'az', 'Hindi'),
(1366, 'hr', 'en', 'Croatian'),
(1367, 'hr', 'es', 'Croata'),
(1368, 'hr', 'de', 'Kroatisch'),
(1369, 'hr', 'fr', 'Croate'),
(1370, 'hr', 'ar', 'الكرواتية'),
(1371, 'hr', 'bs', 'Croatian'),
(1372, 'hr', 'bg', 'Хърватски'),
(1373, 'hr', 'ca', 'Croatian'),
(1374, 'hr', 'cs', 'Chorvatský'),
(1375, 'hr', 'sk', 'Chorvátština'),
(1376, 'hr', 'cy', 'Croatian'),
(1377, 'hr', 'da', 'Croatian'),
(1378, 'hr', 'el', 'Κροατικά'),
(1379, 'hr', 'eo', 'Croatian'),
(1380, 'hr', 'et', 'Croatian'),
(1381, 'hr', 'eu', 'Croatian'),
(1382, 'hr', 'fa', 'Croatian'),
(1383, 'hr', 'fi', 'Kroatia'),
(1384, 'hr', 'ga', 'Croatian'),
(1385, 'hr', 'he', 'קרוטאית'),
(1386, 'hr', 'hi', 'Croatian'),
(1387, 'hr', 'hr', 'Hrvatski'),
(1388, 'hr', 'hu', 'Horvát'),
(1389, 'hr', 'hy', 'Croatian'),
(1390, 'hr', 'id', 'Croatian'),
(1391, 'hr', 'is', 'Croatian'),
(1392, 'hr', 'it', 'Croato'),
(1393, 'hr', 'ja', 'クロアチア語'),
(1394, 'hr', 'ko', '크로아시아어'),
(1395, 'hr', 'ku', 'Croatian'),
(1396, 'hr', 'lv', 'Croatian'),
(1397, 'hr', 'lt', 'Croatian'),
(1398, 'hr', 'mk', 'Croatian'),
(1399, 'hr', 'mt', 'Croatian'),
(1400, 'hr', 'mn', 'Croatian'),
(1401, 'hr', 'ne', 'Croatian'),
(1402, 'hr', 'nl', 'Kroatisch'),
(1403, 'hr', 'no', 'Kroatisk'),
(1404, 'hr', 'pa', 'Croatian'),
(1405, 'hr', 'pl', 'Chorwacki'),
(1406, 'hr', 'pt-pt', 'Croata'),
(1407, 'hr', 'pt-br', 'Croata'),
(1408, 'hr', 'qu', 'Croatian'),
(1409, 'hr', 'ro', 'Croată'),
(1410, 'hr', 'ru', 'Хорватский'),
(1411, 'hr', 'sl', 'Hrvaški'),
(1412, 'hr', 'so', 'Croatian'),
(1413, 'hr', 'sq', 'Croatian'),
(1414, 'hr', 'sr', 'хрватски'),
(1415, 'hr', 'sv', 'Kroatiska'),
(1416, 'hr', 'ta', 'Croatian'),
(1417, 'hr', 'th', 'โครเอเชีย'),
(1418, 'hr', 'tr', 'Hırvatça'),
(1419, 'hr', 'uk', 'Croatian'),
(1420, 'hr', 'ur', 'Croatian'),
(1421, 'hr', 'uz', 'Croatian'),
(1422, 'hr', 'vi', 'Croatian'),
(1423, 'hr', 'yi', 'Croatian'),
(1424, 'hr', 'zh-hans', '克罗地亚语'),
(1425, 'hr', 'zu', 'Croatian'),
(1426, 'hr', 'zh-hant', '克羅地亞語'),
(1427, 'hr', 'ms', 'Croatian'),
(1428, 'hr', 'gl', 'Croatian'),
(1429, 'hr', 'bn', 'Croatian'),
(1430, 'hr', 'az', 'Croatian'),
(1431, 'hu', 'en', 'Hungarian'),
(1432, 'hu', 'es', 'Húngaro'),
(1433, 'hu', 'de', 'Ungarisch'),
(1434, 'hu', 'fr', 'Hongrois'),
(1435, 'hu', 'ar', 'الهنغارية'),
(1436, 'hu', 'bs', 'Hungarian'),
(1437, 'hu', 'bg', 'Унгарски'),
(1438, 'hu', 'ca', 'Hungarian'),
(1439, 'hu', 'cs', 'Maďarština'),
(1440, 'hu', 'sk', 'Maďarčina'),
(1441, 'hu', 'cy', 'Hungarian'),
(1442, 'hu', 'da', 'Hungarian'),
(1443, 'hu', 'el', 'Ουγγρικά'),
(1444, 'hu', 'eo', 'Hungarian'),
(1445, 'hu', 'et', 'Hungarian'),
(1446, 'hu', 'eu', 'Hungarian'),
(1447, 'hu', 'fa', 'Hungarian'),
(1448, 'hu', 'fi', 'Unkari'),
(1449, 'hu', 'ga', 'Hungarian'),
(1450, 'hu', 'he', 'הונגרית'),
(1451, 'hu', 'hi', 'Hungarian'),
(1452, 'hu', 'hr', 'Mađarski'),
(1453, 'hu', 'hu', 'Magyar'),
(1454, 'hu', 'hy', 'Hungarian'),
(1455, 'hu', 'id', 'Hungarian'),
(1456, 'hu', 'is', 'Hungarian'),
(1457, 'hu', 'it', 'Ungherese'),
(1458, 'hu', 'ja', 'ハンガリー語'),
(1459, 'hu', 'ko', '헝가리어'),
(1460, 'hu', 'ku', 'Hungarian'),
(1461, 'hu', 'lv', 'Hungarian'),
(1462, 'hu', 'lt', 'Hungarian'),
(1463, 'hu', 'mk', 'Hungarian'),
(1464, 'hu', 'mt', 'Hungarian'),
(1465, 'hu', 'mn', 'Hungarian'),
(1466, 'hu', 'ne', 'Hungarian'),
(1467, 'hu', 'nl', 'Hongaars'),
(1468, 'hu', 'no', 'Ungarsk'),
(1469, 'hu', 'pa', 'Hungarian'),
(1470, 'hu', 'pl', 'Węgierski'),
(1471, 'hu', 'pt-pt', 'Húngaro'),
(1472, 'hu', 'pt-br', 'Húngaro'),
(1473, 'hu', 'qu', 'Hungarian'),
(1474, 'hu', 'ro', 'Ungară'),
(1475, 'hu', 'ru', 'Венгерский'),
(1476, 'hu', 'sl', 'Madžarski'),
(1477, 'hu', 'so', 'Hungarian'),
(1478, 'hu', 'sq', 'Hungarian'),
(1479, 'hu', 'sr', 'мађарски'),
(1480, 'hu', 'sv', 'Ungerska'),
(1481, 'hu', 'ta', 'Hungarian'),
(1482, 'hu', 'th', 'ฮังการี'),
(1483, 'hu', 'tr', 'Macarca'),
(1484, 'hu', 'uk', 'Hungarian'),
(1485, 'hu', 'ur', 'Hungarian'),
(1486, 'hu', 'uz', 'Hungarian'),
(1487, 'hu', 'vi', 'Hungarian'),
(1488, 'hu', 'yi', 'Hungarian'),
(1489, 'hu', 'zh-hans', '匈牙利语'),
(1490, 'hu', 'zu', 'Hungarian'),
(1491, 'hu', 'zh-hant', '匈牙利語'),
(1492, 'hu', 'ms', 'Hungarian'),
(1493, 'hu', 'gl', 'Hungarian'),
(1494, 'hu', 'bn', 'Hungarian'),
(1495, 'hu', 'az', 'Hungarian'),
(1496, 'hy', 'en', 'Armenian'),
(1497, 'hy', 'es', 'Armenio'),
(1498, 'hy', 'de', 'Armenisch'),
(1499, 'hy', 'fr', 'Arménien'),
(1500, 'hy', 'ar', 'الأرمينية'),
(1501, 'hy', 'bs', 'Armenian'),
(1502, 'hy', 'bg', 'Арменски'),
(1503, 'hy', 'ca', 'Armenian'),
(1504, 'hy', 'cs', 'Arménský'),
(1505, 'hy', 'sk', 'Arménčina'),
(1506, 'hy', 'cy', 'Armenian'),
(1507, 'hy', 'da', 'Armenian'),
(1508, 'hy', 'el', 'Αρμένικα'),
(1509, 'hy', 'eo', 'Armenian'),
(1510, 'hy', 'et', 'Armenian'),
(1511, 'hy', 'eu', 'Armenian'),
(1512, 'hy', 'fa', 'Armenian'),
(1513, 'hy', 'fi', 'Armenia'),
(1514, 'hy', 'ga', 'Armenian'),
(1515, 'hy', 'he', 'ארמנית'),
(1516, 'hy', 'hi', 'Armenian'),
(1517, 'hy', 'hr', 'Armenski'),
(1518, 'hy', 'hu', 'örmény'),
(1519, 'hy', 'hy', 'Հայերեն'),
(1520, 'hy', 'id', 'Armenian'),
(1521, 'hy', 'is', 'Armenian'),
(1522, 'hy', 'it', 'Armeno'),
(1523, 'hy', 'ja', 'アルメニア語'),
(1524, 'hy', 'ko', '아르메니아어'),
(1525, 'hy', 'ku', 'Armenian'),
(1526, 'hy', 'lv', 'Armenian'),
(1527, 'hy', 'lt', 'Armenian'),
(1528, 'hy', 'mk', 'Armenian'),
(1529, 'hy', 'mt', 'Armenian'),
(1530, 'hy', 'mn', 'Armenian'),
(1531, 'hy', 'ne', 'Armenian'),
(1532, 'hy', 'nl', 'Armeens'),
(1533, 'hy', 'no', 'Armensk'),
(1534, 'hy', 'pa', 'Armenian'),
(1535, 'hy', 'pl', 'Ormiański'),
(1536, 'hy', 'pt-pt', 'Arménio'),
(1537, 'hy', 'pt-br', 'Arménio'),
(1538, 'hy', 'qu', 'Armenian'),
(1539, 'hy', 'ro', 'Armeană'),
(1540, 'hy', 'ru', 'Армянский'),
(1541, 'hy', 'sl', 'Armenski'),
(1542, 'hy', 'so', 'Armenian'),
(1543, 'hy', 'sq', 'Armenian'),
(1544, 'hy', 'sr', 'јерменски'),
(1545, 'hy', 'sv', 'Armeniska'),
(1546, 'hy', 'ta', 'Armenian'),
(1547, 'hy', 'th', 'อาร์เมเนีย'),
(1548, 'hy', 'tr', 'Ermenice'),
(1549, 'hy', 'uk', 'Armenian'),
(1550, 'hy', 'ur', 'Armenian'),
(1551, 'hy', 'uz', 'Armenian'),
(1552, 'hy', 'vi', 'Armenian'),
(1553, 'hy', 'yi', 'Armenian'),
(1554, 'hy', 'zh-hans', '亚美尼亚语'),
(1555, 'hy', 'zu', 'Armenian'),
(1556, 'hy', 'zh-hant', '亞美尼亞語'),
(1557, 'hy', 'ms', 'Armenian'),
(1558, 'hy', 'gl', 'Armenian'),
(1559, 'hy', 'bn', 'Armenian'),
(1560, 'hy', 'az', 'Armenian'),
(1561, 'id', 'en', 'Indonesian'),
(1562, 'id', 'es', 'Indonesio'),
(1563, 'id', 'de', 'Indonesisch'),
(1564, 'id', 'fr', 'Indonésien'),
(1565, 'id', 'ar', 'الأندونيسية'),
(1566, 'id', 'bs', 'Indonesian'),
(1567, 'id', 'bg', 'Индонезийски'),
(1568, 'id', 'ca', 'Indonesian'),
(1569, 'id', 'cs', 'Indonéský'),
(1570, 'id', 'sk', 'Indonézčina'),
(1571, 'id', 'cy', 'Indonesian'),
(1572, 'id', 'da', 'Indonesian'),
(1573, 'id', 'el', 'Ινδονησιακά'),
(1574, 'id', 'eo', 'Indonesian'),
(1575, 'id', 'et', 'Indonesian'),
(1576, 'id', 'eu', 'Indonesian'),
(1577, 'id', 'fa', 'Indonesian'),
(1578, 'id', 'fi', 'Indonesia'),
(1579, 'id', 'ga', 'Indonesian'),
(1580, 'id', 'he', 'אינדונזית'),
(1581, 'id', 'hi', 'Indonesian'),
(1582, 'id', 'hr', 'Indonezijski'),
(1583, 'id', 'hu', 'Indonéz'),
(1584, 'id', 'hy', 'Indonesian'),
(1585, 'id', 'id', 'Indonesia'),
(1586, 'id', 'is', 'Indonesian'),
(1587, 'id', 'it', 'Indonesiano'),
(1588, 'id', 'ja', 'インドネシア語'),
(1589, 'id', 'ko', '인도네시아어'),
(1590, 'id', 'ku', 'Indonesian'),
(1591, 'id', 'lv', 'Indonesian'),
(1592, 'id', 'lt', 'Indonesian'),
(1593, 'id', 'mk', 'Indonesian'),
(1594, 'id', 'mt', 'Indonesian'),
(1595, 'id', 'mn', 'Indonesian'),
(1596, 'id', 'ne', 'Indonesian'),
(1597, 'id', 'nl', 'Indonesisch'),
(1598, 'id', 'no', 'Indonesian'),
(1599, 'id', 'pa', 'Indonesian'),
(1600, 'id', 'pl', 'Indonezyjski'),
(1601, 'id', 'pt-pt', 'Indonésio'),
(1602, 'id', 'pt-br', 'Indonésio'),
(1603, 'id', 'qu', 'Indonesian'),
(1604, 'id', 'ro', 'Indoneziană'),
(1605, 'id', 'ru', 'Индонезийский'),
(1606, 'id', 'sl', 'Indonezijski'),
(1607, 'id', 'so', 'Indonesian'),
(1608, 'id', 'sq', 'Indonesian'),
(1609, 'id', 'sr', 'индонезијски'),
(1610, 'id', 'sv', 'Indonesiska'),
(1611, 'id', 'ta', 'Indonesian'),
(1612, 'id', 'th', 'อินโดนีเซีย'),
(1613, 'id', 'tr', 'Endonezya dili'),
(1614, 'id', 'uk', 'Indonesian'),
(1615, 'id', 'ur', 'Indonesian'),
(1616, 'id', 'uz', 'Indonesian'),
(1617, 'id', 'vi', 'Indonesian'),
(1618, 'id', 'yi', 'Indonesian'),
(1619, 'id', 'zh-hans', '印度尼西亚语'),
(1620, 'id', 'zu', 'Indonesian'),
(1621, 'id', 'zh-hant', '印尼語'),
(1622, 'id', 'ms', 'Indonesian'),
(1623, 'id', 'gl', 'Indonesian'),
(1624, 'id', 'bn', 'Indonesian'),
(1625, 'id', 'az', 'Indonesian'),
(1626, 'is', 'en', 'Icelandic'),
(1627, 'is', 'es', 'Islandés'),
(1628, 'is', 'de', 'Isländisch'),
(1629, 'is', 'fr', 'Islandais'),
(1630, 'is', 'ar', 'الأيسلاندية'),
(1631, 'is', 'bs', 'Icelandic'),
(1632, 'is', 'bg', 'Исландски'),
(1633, 'is', 'ca', 'Icelandic'),
(1634, 'is', 'cs', 'Islandský'),
(1635, 'is', 'sk', 'Islančina'),
(1636, 'is', 'cy', 'Icelandic'),
(1637, 'is', 'da', 'Icelandic'),
(1638, 'is', 'el', 'Ισλανδικά'),
(1639, 'is', 'eo', 'Icelandic'),
(1640, 'is', 'et', 'Icelandic'),
(1641, 'is', 'eu', 'Icelandic'),
(1642, 'is', 'fa', 'Icelandic'),
(1643, 'is', 'fi', 'Islanti'),
(1644, 'is', 'ga', 'Icelandic'),
(1645, 'is', 'he', 'איסלנדית'),
(1646, 'is', 'hi', 'Icelandic'),
(1647, 'is', 'hr', 'Islandski'),
(1648, 'is', 'hu', 'Izlandi'),
(1649, 'is', 'hy', 'Icelandic'),
(1650, 'is', 'id', 'Icelandic'),
(1651, 'is', 'is', 'Íslenska'),
(1652, 'is', 'it', 'Islandese'),
(1653, 'is', 'ja', 'アイスランド語'),
(1654, 'is', 'ko', '아이슬랜드어'),
(1655, 'is', 'ku', 'Icelandic'),
(1656, 'is', 'lv', 'Icelandic'),
(1657, 'is', 'lt', 'Icelandic'),
(1658, 'is', 'mk', 'Icelandic'),
(1659, 'is', 'mt', 'Icelandic'),
(1660, 'is', 'mn', 'Icelandic'),
(1661, 'is', 'ne', 'Icelandic'),
(1662, 'is', 'nl', 'Ijslands'),
(1663, 'is', 'no', 'Islandsk'),
(1664, 'is', 'pa', 'Icelandic'),
(1665, 'is', 'pl', 'Islandzki'),
(1666, 'is', 'pt-pt', 'Islandês'),
(1667, 'is', 'pt-br', 'Islandês'),
(1668, 'is', 'qu', 'Icelandic'),
(1669, 'is', 'ro', 'Islandeză'),
(1670, 'is', 'ru', 'Исландский'),
(1671, 'is', 'sl', 'Islandski'),
(1672, 'is', 'so', 'Icelandic'),
(1673, 'is', 'sq', 'Icelandic'),
(1674, 'is', 'sr', 'исландски'),
(1675, 'is', 'sv', 'Isländska'),
(1676, 'is', 'ta', 'Icelandic'),
(1677, 'is', 'th', 'ไอซ์แลนด์'),
(1678, 'is', 'tr', 'İzlandaca'),
(1679, 'is', 'uk', 'Icelandic'),
(1680, 'is', 'ur', 'Icelandic'),
(1681, 'is', 'uz', 'Icelandic'),
(1682, 'is', 'vi', 'Icelandic'),
(1683, 'is', 'yi', 'Icelandic'),
(1684, 'is', 'zh-hans', '冰岛语'),
(1685, 'is', 'zu', 'Icelandic'),
(1686, 'is', 'zh-hant', '冰島語'),
(1687, 'is', 'ms', 'Icelandic'),
(1688, 'is', 'gl', 'Icelandic'),
(1689, 'is', 'bn', 'Icelandic'),
(1690, 'is', 'az', 'Icelandic'),
(1691, 'it', 'en', 'Italian'),
(1692, 'it', 'es', 'Italiano'),
(1693, 'it', 'de', 'Italienisch'),
(1694, 'it', 'fr', 'Italien'),
(1695, 'it', 'ar', 'الإيطالية'),
(1696, 'it', 'bs', 'Italian'),
(1697, 'it', 'bg', 'Италиански'),
(1698, 'it', 'ca', 'Italian'),
(1699, 'it', 'cs', 'Ital'),
(1700, 'it', 'sk', 'Taliančina'),
(1701, 'it', 'cy', 'Italian'),
(1702, 'it', 'da', 'Italian'),
(1703, 'it', 'el', 'Ιταλικά'),
(1704, 'it', 'eo', 'Italian'),
(1705, 'it', 'et', 'Italian'),
(1706, 'it', 'eu', 'Italian'),
(1707, 'it', 'fa', 'Italian'),
(1708, 'it', 'fi', 'Italia'),
(1709, 'it', 'ga', 'Italian'),
(1710, 'it', 'he', 'איטלקית'),
(1711, 'it', 'hi', 'Italian'),
(1712, 'it', 'hr', 'Talijanski'),
(1713, 'it', 'hu', 'Olasz'),
(1714, 'it', 'hy', 'Italian'),
(1715, 'it', 'id', 'Italian'),
(1716, 'it', 'is', 'Italian'),
(1717, 'it', 'it', 'Italiano'),
(1718, 'it', 'ja', 'イタリア語'),
(1719, 'it', 'ko', '이태리어'),
(1720, 'it', 'ku', 'Italian'),
(1721, 'it', 'lv', 'Italian'),
(1722, 'it', 'lt', 'Italian'),
(1723, 'it', 'mk', 'Italian'),
(1724, 'it', 'mt', 'Italian'),
(1725, 'it', 'mn', 'Italian'),
(1726, 'it', 'ne', 'Italian'),
(1727, 'it', 'nl', 'Italiaans'),
(1728, 'it', 'no', 'Italiensk'),
(1729, 'it', 'pa', 'Italian'),
(1730, 'it', 'pl', 'Włoski'),
(1731, 'it', 'pt-pt', 'Italiano'),
(1732, 'it', 'pt-br', 'Italiano'),
(1733, 'it', 'qu', 'Italian'),
(1734, 'it', 'ro', 'Italiană'),
(1735, 'it', 'ru', 'Итальянский'),
(1736, 'it', 'sl', 'Italijanski'),
(1737, 'it', 'so', 'Italian'),
(1738, 'it', 'sq', 'Italian'),
(1739, 'it', 'sr', 'италијански'),
(1740, 'it', 'sv', 'Italienska'),
(1741, 'it', 'ta', 'Italian'),
(1742, 'it', 'th', 'อิตาลี'),
(1743, 'it', 'tr', 'İtalyanca'),
(1744, 'it', 'uk', 'Italian'),
(1745, 'it', 'ur', 'Italian'),
(1746, 'it', 'uz', 'Italian'),
(1747, 'it', 'vi', 'Italian'),
(1748, 'it', 'yi', 'Italian'),
(1749, 'it', 'zh-hans', '意大利语'),
(1750, 'it', 'zu', 'Italian'),
(1751, 'it', 'zh-hant', '義大利語'),
(1752, 'it', 'ms', 'Italian'),
(1753, 'it', 'gl', 'Italian'),
(1754, 'it', 'bn', 'Italian'),
(1755, 'it', 'az', 'Italian'),
(1756, 'ja', 'en', 'Japanese'),
(1757, 'ja', 'es', 'Japonés'),
(1758, 'ja', 'de', 'Japanisch'),
(1759, 'ja', 'fr', 'Japonais'),
(1760, 'ja', 'ar', 'اليابانية'),
(1761, 'ja', 'bs', 'Japanese'),
(1762, 'ja', 'bg', 'Японски'),
(1763, 'ja', 'ca', 'Japanese'),
(1764, 'ja', 'cs', 'Japonský'),
(1765, 'ja', 'sk', 'Japonština'),
(1766, 'ja', 'cy', 'Japanese'),
(1767, 'ja', 'da', 'Japanese'),
(1768, 'ja', 'el', 'Ιαπωνικά'),
(1769, 'ja', 'eo', 'Japanese'),
(1770, 'ja', 'et', 'Japanese'),
(1771, 'ja', 'eu', 'Japanese'),
(1772, 'ja', 'fa', 'Japanese'),
(1773, 'ja', 'fi', 'Japani'),
(1774, 'ja', 'ga', 'Japanese'),
(1775, 'ja', 'he', 'יפנית'),
(1776, 'ja', 'hi', 'Japanese'),
(1777, 'ja', 'hr', 'Japanski'),
(1778, 'ja', 'hu', 'Japán'),
(1779, 'ja', 'hy', 'Japanese'),
(1780, 'ja', 'id', 'Japanese'),
(1781, 'ja', 'is', 'Japanese'),
(1782, 'ja', 'it', 'Giapponese'),
(1783, 'ja', 'ja', '日本語'),
(1784, 'ja', 'ko', '일어'),
(1785, 'ja', 'ku', 'Japanese'),
(1786, 'ja', 'lv', 'Japanese'),
(1787, 'ja', 'lt', 'Japanese'),
(1788, 'ja', 'mk', 'Japanese'),
(1789, 'ja', 'mt', 'Japanese'),
(1790, 'ja', 'mn', 'Japanese'),
(1791, 'ja', 'ne', 'Japanese'),
(1792, 'ja', 'nl', 'Japans'),
(1793, 'ja', 'no', 'Japansk'),
(1794, 'ja', 'pa', 'Japanese'),
(1795, 'ja', 'pl', 'Japoński'),
(1796, 'ja', 'pt-pt', 'Japonês'),
(1797, 'ja', 'pt-br', 'Japonês'),
(1798, 'ja', 'qu', 'Japanese'),
(1799, 'ja', 'ro', 'Japoneză'),
(1800, 'ja', 'ru', 'Японский'),
(1801, 'ja', 'sl', 'Japonski'),
(1802, 'ja', 'so', 'Japanese'),
(1803, 'ja', 'sq', 'Japanese'),
(1804, 'ja', 'sr', 'јапански'),
(1805, 'ja', 'sv', 'Japanska'),
(1806, 'ja', 'ta', 'Japanese'),
(1807, 'ja', 'th', 'ญี่ปุ่น'),
(1808, 'ja', 'tr', 'Japonca'),
(1809, 'ja', 'uk', 'Japanese'),
(1810, 'ja', 'ur', 'Japanese'),
(1811, 'ja', 'uz', 'Japanese'),
(1812, 'ja', 'vi', 'Japanese'),
(1813, 'ja', 'yi', 'Japanese'),
(1814, 'ja', 'zh-hans', '日语'),
(1815, 'ja', 'zu', 'Japanese'),
(1816, 'ja', 'zh-hant', '日語'),
(1817, 'ja', 'ms', 'Japanese'),
(1818, 'ja', 'gl', 'Japanese'),
(1819, 'ja', 'bn', 'Japanese'),
(1820, 'ja', 'az', 'Japanese'),
(1821, 'ko', 'en', 'Korean'),
(1822, 'ko', 'es', 'Coreano'),
(1823, 'ko', 'de', 'Koreanisch'),
(1824, 'ko', 'fr', 'Coréen'),
(1825, 'ko', 'ar', 'الكورية'),
(1826, 'ko', 'bs', 'Korean'),
(1827, 'ko', 'bg', 'Корейски'),
(1828, 'ko', 'ca', 'Korean'),
(1829, 'ko', 'cs', 'Korejský'),
(1830, 'ko', 'sk', 'Kórejčina'),
(1831, 'ko', 'cy', 'Korean'),
(1832, 'ko', 'da', 'Korean'),
(1833, 'ko', 'el', 'Κορεάτικα'),
(1834, 'ko', 'eo', 'Korean'),
(1835, 'ko', 'et', 'Korean'),
(1836, 'ko', 'eu', 'Korean'),
(1837, 'ko', 'fa', 'Korean'),
(1838, 'ko', 'fi', 'Korea'),
(1839, 'ko', 'ga', 'Korean'),
(1840, 'ko', 'he', 'קוראנית'),
(1841, 'ko', 'hi', 'Korean'),
(1842, 'ko', 'hr', 'Korejski'),
(1843, 'ko', 'hu', 'Koreai'),
(1844, 'ko', 'hy', 'Korean'),
(1845, 'ko', 'id', 'Korean'),
(1846, 'ko', 'is', 'Korean'),
(1847, 'ko', 'it', 'Coreano'),
(1848, 'ko', 'ja', '韓国語'),
(1849, 'ko', 'ko', '한국어'),
(1850, 'ko', 'ku', 'Korean'),
(1851, 'ko', 'lv', 'Korean'),
(1852, 'ko', 'lt', 'Korean'),
(1853, 'ko', 'mk', 'Korean'),
(1854, 'ko', 'mt', 'Korean'),
(1855, 'ko', 'mn', 'Korean'),
(1856, 'ko', 'ne', 'Korean'),
(1857, 'ko', 'nl', 'Koreaans'),
(1858, 'ko', 'no', 'Koreanske'),
(1859, 'ko', 'pa', 'Korean'),
(1860, 'ko', 'pl', 'Koreański'),
(1861, 'ko', 'pt-pt', 'Coreano'),
(1862, 'ko', 'pt-br', 'Coreano'),
(1863, 'ko', 'qu', 'Korean'),
(1864, 'ko', 'ro', 'Coreană'),
(1865, 'ko', 'ru', 'Корейский'),
(1866, 'ko', 'sl', 'Korejski'),
(1867, 'ko', 'so', 'Korean'),
(1868, 'ko', 'sq', 'Korean'),
(1869, 'ko', 'sr', 'корејски'),
(1870, 'ko', 'sv', 'Koreanska'),
(1871, 'ko', 'ta', 'Korean'),
(1872, 'ko', 'th', 'เกาหลี'),
(1873, 'ko', 'tr', 'Kore dili'),
(1874, 'ko', 'uk', 'Korean'),
(1875, 'ko', 'ur', 'Korean'),
(1876, 'ko', 'uz', 'Korean'),
(1877, 'ko', 'vi', 'Korean'),
(1878, 'ko', 'yi', 'Korean'),
(1879, 'ko', 'zh-hans', '韩语'),
(1880, 'ko', 'zu', 'Korean'),
(1881, 'ko', 'zh-hant', '韓語'),
(1882, 'ko', 'ms', 'Korean'),
(1883, 'ko', 'gl', 'Korean'),
(1884, 'ko', 'bn', 'Korean'),
(1885, 'ko', 'az', 'Korean'),
(1886, 'ku', 'en', 'Kurdish'),
(1887, 'ku', 'es', 'Kurdo'),
(1888, 'ku', 'de', 'Kurdisch'),
(1889, 'ku', 'fr', 'Kurde'),
(1890, 'ku', 'ar', 'الكردية'),
(1891, 'ku', 'bs', 'Kurdish'),
(1892, 'ku', 'bg', 'Кюрдски'),
(1893, 'ku', 'ca', 'Kurdish'),
(1894, 'ku', 'cs', 'Kurdský'),
(1895, 'ku', 'sk', 'Kurdština'),
(1896, 'ku', 'cy', 'Kurdish'),
(1897, 'ku', 'da', 'Kurdish'),
(1898, 'ku', 'el', 'Κουρδικά'),
(1899, 'ku', 'eo', 'Kurdish'),
(1900, 'ku', 'et', 'Kurdish'),
(1901, 'ku', 'eu', 'Kurdish'),
(1902, 'ku', 'fa', 'Kurdish'),
(1903, 'ku', 'fi', 'Kurdi'),
(1904, 'ku', 'ga', 'Kurdish'),
(1905, 'ku', 'he', 'כורדית'),
(1906, 'ku', 'hi', 'Kurdish'),
(1907, 'ku', 'hr', 'Kurdski'),
(1908, 'ku', 'hu', 'Kurd'),
(1909, 'ku', 'hy', 'Kurdish'),
(1910, 'ku', 'id', 'Kurdish'),
(1911, 'ku', 'is', 'Kurdish'),
(1912, 'ku', 'it', 'Curdo'),
(1913, 'ku', 'ja', 'クルド語'),
(1914, 'ku', 'ko', '쿠르드어'),
(1915, 'ku', 'ku', 'Kurdish'),
(1916, 'ku', 'lv', 'Kurdish'),
(1917, 'ku', 'lt', 'Kurdish'),
(1918, 'ku', 'mk', 'Kurdish'),
(1919, 'ku', 'mt', 'Kurdish'),
(1920, 'ku', 'mn', 'Kurdish'),
(1921, 'ku', 'ne', 'Kurdish'),
(1922, 'ku', 'nl', 'Koerdish'),
(1923, 'ku', 'no', 'Kurdisk'),
(1924, 'ku', 'pa', 'Kurdish'),
(1925, 'ku', 'pl', 'Kurdyjski'),
(1926, 'ku', 'pt-pt', 'Curdo'),
(1927, 'ku', 'pt-br', 'Curdo'),
(1928, 'ku', 'qu', 'Kurdish'),
(1929, 'ku', 'ro', 'Kurdă'),
(1930, 'ku', 'ru', 'Курдский'),
(1931, 'ku', 'sl', 'Kurdščina'),
(1932, 'ku', 'so', 'Kurdish'),
(1933, 'ku', 'sq', 'Kurdish'),
(1934, 'ku', 'sr', 'курдски'),
(1935, 'ku', 'sv', 'Kurdiska'),
(1936, 'ku', 'ta', 'Kurdish'),
(1937, 'ku', 'th', 'เคอร์ดิช'),
(1938, 'ku', 'tr', 'Kürtçe'),
(1939, 'ku', 'uk', 'Kurdish'),
(1940, 'ku', 'ur', 'Kurdish'),
(1941, 'ku', 'uz', 'Kurdish'),
(1942, 'ku', 'vi', 'Kurdish'),
(1943, 'ku', 'yi', 'Kurdish'),
(1944, 'ku', 'zh-hans', '库尔德语'),
(1945, 'ku', 'zu', 'Kurdish'),
(1946, 'ku', 'zh-hant', '庫爾德語'),
(1947, 'ku', 'ms', 'Kurdish'),
(1948, 'ku', 'gl', 'Kurdish'),
(1949, 'ku', 'bn', 'Kurdish'),
(1950, 'ku', 'az', 'Kurdish'),
(1951, 'lv', 'en', 'Latvian'),
(1952, 'lv', 'es', 'Letón'),
(1953, 'lv', 'de', 'Lettisch'),
(1954, 'lv', 'fr', 'Letton'),
(1955, 'lv', 'ar', 'اللاتفية'),
(1956, 'lv', 'bs', 'Latvian'),
(1957, 'lv', 'bg', 'Латвийски'),
(1958, '
