file:///Users/bero/Projects/playground-tester/node_modules/@wp-playground/cli/cli.js:20
`)},constants:R,phpIniEntries:{"openssl.cafile":"/internal/shared/ca-bundle.crt",allow_url_fopen:"1",disable_functions:""},hooks:{async beforeWordPressFiles(h){t.mountBeforeInstall&&p(h,t.mountBeforeInstall)}}});const v=await s.getPrimaryPhp();try{if(n&&!t.mountBeforeInstall&&g.writeFileSync(f,await q(v,"/wordpress")),t.mount&&p(v,t.mount),d=!0,u){const{php:h,reap:m}=await s.processManager.acquirePHPInstance();try{c.log("Running the Blueprint..."),await x(u,h),c.log("Finished running the blueprint")}finally{m()}}a==="build-snapshot"?(await r(t.outfile),c.log(`WordPress exported to ${t.outfile}`),process.exit(0)):a==="run-blueprint"?(c.log("Blueprint executed"),process.exit(0)):c.log(`WordPress is running on ${l}`)}catch(h){if(!t.debug)throw h;const m=v.readFileAsText(D);throw new Error(m,{cause:h})}},async handleRequest(o){return d?await s.request(o):I.forHttpCode(502,"WordPress is not ready yet")}})}Q();
                                                                                                                                                                                                                                                                                                                                                                                                                                                                                                                                                                                                                                                                                                                                                                                                                   ^

Error: [19-Nov-2024 12:11:59 UTC] PHP Deprecated:  Optional parameter $level declared before required parameter $content is implicitly treated as a required parameter in /wordpress/wp-content/plugins/google-maps-effortless/WPCSL-generic/classes/CSL-notifications_class.php on line 11
[19-Nov-2024 12:11:59 UTC] PHP Deprecated:  Creation of dynamic property wpCSL_plugin__egm::$no_license is deprecated in /wordpress/wp-content/plugins/google-maps-effortless/WPCSL-generic/classes/CSL-plugin.php on line 82
[19-Nov-2024 12:11:59 UTC] PHP Deprecated:  Creation of dynamic property wpCSL_plugin__egm::$themes_enabled is deprecated in /wordpress/wp-content/plugins/google-maps-effortless/WPCSL-generic/classes/CSL-plugin.php on line 83
[19-Nov-2024 12:11:59 UTC] PHP Deprecated:  Creation of dynamic property wpCSL_plugin__egm::$columns is deprecated in /wordpress/wp-content/plugins/google-maps-effortless/WPCSL-generic/classes/CSL-plugin.php on line 84
[19-Nov-2024 12:11:59 UTC] PHP Deprecated:  Creation of dynamic property wpCSL_plugin__egm::$driver_type is deprecated in /wordpress/wp-content/plugins/google-maps-effortless/WPCSL-generic/classes/CSL-plugin.php on line 85
[19-Nov-2024 12:11:59 UTC] PHP Deprecated:  Creation of dynamic property wpCSL_plugin__egm::$css_prefix is deprecated in /wordpress/wp-content/plugins/google-maps-effortless/WPCSL-generic/classes/CSL-plugin.php on line 86
[19-Nov-2024 12:11:59 UTC] PHP Deprecated:  Creation of dynamic property wpCSL_plugin__egm::$sku is deprecated in /wordpress/wp-content/plugins/google-maps-effortless/WPCSL-generic/classes/CSL-plugin.php on line 87
[19-Nov-2024 12:11:59 UTC] PHP Deprecated:  Creation of dynamic property wpCSL_plugin__egm::$uses_money is deprecated in /wordpress/wp-content/plugins/google-maps-effortless/WPCSL-generic/classes/CSL-plugin.php on line 88
[19-Nov-2024 12:11:59 UTC] PHP Deprecated:  Creation of dynamic property wpCSL_plugin__egm::$has_packages is deprecated in /wordpress/wp-content/plugins/google-maps-effortless/WPCSL-generic/classes/CSL-plugin.php on line 89
[19-Nov-2024 12:11:59 UTC] PHP Deprecated:  Creation of dynamic property wpCSL_plugin__egm::$display_settings is deprecated in /wordpress/wp-content/plugins/google-maps-effortless/WPCSL-generic/classes/CSL-plugin.php on line 90
[19-Nov-2024 12:11:59 UTC] PHP Deprecated:  Creation of dynamic property wpCSL_plugin__egm::$display_settings_collapsed is deprecated in /wordpress/wp-content/plugins/google-maps-effortless/WPCSL-generic/classes/CSL-plugin.php on line 91
[19-Nov-2024 12:11:59 UTC] PHP Deprecated:  Creation of dynamic property wpCSL_plugin__egm::$show_locale is deprecated in /wordpress/wp-content/plugins/google-maps-effortless/WPCSL-generic/classes/CSL-plugin.php on line 92
[19-Nov-2024 12:11:59 UTC] PHP Deprecated:  Creation of dynamic property wpCSL_plugin__egm::$broadcast_url is deprecated in /wordpress/wp-content/plugins/google-maps-effortless/WPCSL-generic/classes/CSL-plugin.php on line 93
[19-Nov-2024 12:11:59 UTC] PHP Deprecated:  Creation of dynamic property wpCSL_plugin__egm::$shortcode_was_rendered is deprecated in /wordpress/wp-content/plugins/google-maps-effortless/WPCSL-generic/classes/CSL-plugin.php on line 94
[19-Nov-2024 12:11:59 UTC] PHP Deprecated:  Creation of dynamic property wpCSL_plugin__egm::$current_admin_page is deprecated in /wordpress/wp-content/plugins/google-maps-effortless/WPCSL-generic/classes/CSL-plugin.php on line 95
[19-Nov-2024 12:11:59 UTC] PHP Deprecated:  Creation of dynamic property wpCSL_plugin__egm::$prefix is deprecated in /wordpress/wp-content/plugins/google-maps-effortless/WPCSL-generic/classes/CSL-plugin.php on line 96
[19-Nov-2024 12:11:59 UTC] PHP Deprecated:  Creation of dynamic property wpCSL_plugin__egm::$name is deprecated in /wordpress/wp-content/plugins/google-maps-effortless/WPCSL-generic/classes/CSL-plugin.php on line 109
[19-Nov-2024 12:11:59 UTC] PHP Deprecated:  Creation of dynamic property wpCSL_plugin__egm::$url is deprecated in /wordpress/wp-content/plugins/google-maps-effortless/WPCSL-generic/classes/CSL-plugin.php on line 109
[19-Nov-2024 12:11:59 UTC] PHP Deprecated:  Creation of dynamic property wpCSL_plugin__egm::$support_url is deprecated in /wordpress/wp-content/plugins/google-maps-effortless/WPCSL-generic/classes/CSL-plugin.php on line 109
[19-Nov-2024 12:11:59 UTC] PHP Deprecated:  Creation of dynamic property wpCSL_plugin__egm::$rate_url is deprecated in /wordpress/wp-content/plugins/google-maps-effortless/WPCSL-generic/classes/CSL-plugin.php on line 109
[19-Nov-2024 12:11:59 UTC] PHP Deprecated:  Creation of dynamic property wpCSL_plugin__egm::$forum_url is deprecated in /wordpress/wp-content/plugins/google-maps-effortless/WPCSL-generic/classes/CSL-plugin.php on line 109
[19-Nov-2024 12:11:59 UTC] PHP Deprecated:  Creation of dynamic property wpCSL_plugin__egm::$version is deprecated in /wordpress/wp-content/plugins/google-maps-effortless/WPCSL-generic/classes/CSL-plugin.php on line 109
[19-Nov-2024 12:11:59 UTC] PHP Deprecated:  Creation of dynamic property wpCSL_plugin__egm::$basefile is deprecated in /wordpress/wp-content/plugins/google-maps-effortless/WPCSL-generic/classes/CSL-plugin.php on line 109
[19-Nov-2024 12:11:59 UTC] PHP Deprecated:  Creation of dynamic property wpCSL_plugin__egm::$plugin_path is deprecated in /wordpress/wp-content/plugins/google-maps-effortless/WPCSL-generic/classes/CSL-plugin.php on line 109
[19-Nov-2024 12:11:59 UTC] PHP Deprecated:  Creation of dynamic property wpCSL_plugin__egm::$plugin_url is deprecated in /wordpress/wp-content/plugins/google-maps-effortless/WPCSL-generic/classes/CSL-plugin.php on line 109
[19-Nov-2024 12:11:59 UTC] PHP Deprecated:  Creation of dynamic property wpCSL_plugin__egm::$cache_path is deprecated in /wordpress/wp-content/plugins/google-maps-effortless/WPCSL-generic/classes/CSL-plugin.php on line 109
[19-Nov-2024 12:11:59 UTC] PHP Deprecated:  Creation of dynamic property wpCSL_plugin__egm::$use_obj_defaults is deprecated in /wordpress/wp-content/plugins/google-maps-effortless/WPCSL-generic/classes/CSL-plugin.php on line 109
[19-Nov-2024 12:11:59 UTC] PHP Deprecated:  Creation of dynamic property wpCSL_plugin__egm::$cache_obj_name is deprecated in /wordpress/wp-content/plugins/google-maps-effortless/WPCSL-generic/classes/CSL-plugin.php on line 109
[19-Nov-2024 12:11:59 UTC] PHP Deprecated:  Creation of dynamic property wpCSL_plugin__egm::$license_obj_name is deprecated in /wordpress/wp-content/plugins/google-maps-effortless/WPCSL-generic/classes/CSL-plugin.php on line 109
[19-Nov-2024 12:11:59 UTC] PHP Deprecated:  Creation of dynamic property wpCSL_plugin__egm::$products_obj_name is deprecated in /wordpress/wp-content/plugins/google-maps-effortless/WPCSL-generic/classes/CSL-plugin.php on line 109
[19-Nov-2024 12:11:59 UTC] PHP Deprecated:  Creation of dynamic property wpCSL_plugin__egm::$helper_obj_name is deprecated in /wordpress/wp-content/plugins/google-maps-effortless/WPCSL-generic/classes/CSL-plugin.php on line 109
[19-Nov-2024 12:11:59 UTC] PHP Deprecated:  Creation of dynamic property wpCSL_plugin__egm::$notifications_obj_name is deprecated in /wordpress/wp-content/plugins/google-maps-effortless/WPCSL-generic/classes/CSL-plugin.php on line 109
[19-Nov-2024 12:11:59 UTC] PHP Deprecated:  Creation of dynamic property wpCSL_plugin__egm::$settings_obj_name is deprecated in /wordpress/wp-content/plugins/google-maps-effortless/WPCSL-generic/classes/CSL-plugin.php on line 109
[19-Nov-2024 12:11:59 UTC] PHP Deprecated:  Creation of dynamic property wpCSL_plugin__egm::$themes_obj_name is deprecated in /wordpress/wp-content/plugins/google-maps-effortless/WPCSL-generic/classes/CSL-plugin.php on line 109
[19-Nov-2024 12:11:59 UTC] PHP Deprecated:  Creation of dynamic property wpCSL_plugin__egm::$css_dir is deprecated in /wordpress/wp-content/plugins/google-maps-effortless/WPCSL-generic/classes/CSL-plugin.php on line 109
[19-Nov-2024 12:11:59 UTC] PHP Deprecated:  Creation of dynamic property wpCSL_plugin__egm::$no_default_css is deprecated in /wordpress/wp-content/plugins/google-maps-effortless/WPCSL-generic/classes/CSL-plugin.php on line 109
[19-Nov-2024 12:11:59 UTC] PHP Deprecated:  Creation of dynamic property wpCSL_plugin__egm::$driver_args is deprecated in /wordpress/wp-content/plugins/google-maps-effortless/WPCSL-generic/classes/CSL-plugin.php on line 109
[19-Nov-2024 12:11:59 UTC] PHP Deprecated:  Creation of dynamic property wpCSL_plugin__egm::$isOurAdminPage is deprecated in /wordpress/wp-content/plugins/google-maps-effortless/WPCSL-generic/classes/CSL-plugin.php on line 134
[19-Nov-2024 12:11:59 UTC] PHP Deprecated:  Creation of dynamic property wpCSL_plugin__egm::$debugging is deprecated in /wordpress/wp-content/plugins/google-maps-effortless/WPCSL-generic/classes/CSL-plugin.php on line 145
[19-Nov-2024 12:11:59 UTC] PHP Deprecated:  Creation of dynamic property wpCSL_plugin__egm::$purchased is deprecated in /wordpress/wp-content/plugins/google-maps-effortless/WPCSL-generic/classes/CSL-plugin.php on line 154
[19-Nov-2024 12:11:59 UTC] PHP Deprecated:  Creation of dynamic property wpCSL_plugin__egm::$paypal_button_id is deprecated in /wordpress/wp-content/plugins/google-maps-effortless/WPCSL-generic/classes/CSL-plugin.php on line 159
[19-Nov-2024 12:11:59 UTC] PHP Deprecated:  Creation of dynamic property wpCSL_plugin__egm::$http_handler is deprecated in /wordpress/wp-content/plugins/google-maps-effortless/WPCSL-generic/classes/CSL-plugin.php on line 170
[19-Nov-2024 12:11:59 UTC] PHP Deprecated:  Creation of dynamic property wpCSL_plugin__egm::$notifications_config is deprecated in /wordpress/wp-content/plugins/google-maps-effortless/WPCSL-generic/classes/CSL-plugin.php on line 178
[19-Nov-2024 12:11:59 UTC] PHP Deprecated:  Creation of dynamic property wpCSL_plugin__egm::$settings_config is deprecated in /wordpress/wp-content/plugins/google-maps-effortless/WPCSL-generic/classes/CSL-plugin.php on line 192
[19-Nov-2024 12:11:59 UTC] PHP Deprecated:  Creation of dynamic property wpCSL_plugin__egm::$themes_config is deprecated in /wordpress/wp-content/plugins/google-maps-effortless/WPCSL-generic/classes/CSL-plugin.php on line 225
[19-Nov-2024 12:11:59 UTC] PHP Deprecated:  Creation of dynamic property wpCSL_plugin__egm::$helper is deprecated in /wordpress/wp-content/plugins/google-maps-effortless/WPCSL-generic/classes/CSL-plugin.php on line 319
[19-Nov-2024 12:11:59 UTC] PHP Deprecated:  Creation of dynamic property wpCSL_notifications__egm::$prefix is deprecated in /wordpress/wp-content/plugins/google-maps-effortless/WPCSL-generic/classes/CSL-notifications_class.php on line 7
[19-Nov-2024 12:11:59 UTC] PHP Deprecated:  Creation of dynamic property wpCSL_notifications__egm::$name is deprecated in /wordpress/wp-content/plugins/google-maps-effortless/WPCSL-generic/classes/CSL-notifications_class.php on line 7
[19-Nov-2024 12:11:59 UTC] PHP Deprecated:  Creation of dynamic property wpCSL_notifications__egm::$url is deprecated in /wordpress/wp-content/plugins/google-maps-effortless/WPCSL-generic/classes/CSL-notifications_class.php on line 7
[19-Nov-2024 12:11:59 UTC] PHP Deprecated:  Creation of dynamic property wpCSL_plugin__egm::$notifications is deprecated in /wordpress/wp-content/plugins/google-maps-effortless/WPCSL-generic/classes/CSL-plugin.php on line 335
[19-Nov-2024 12:11:59 UTC] PHP Deprecated:  Creation of dynamic property wpCSL_settings__egm::$render_csl_blocks is deprecated in /wordpress/wp-content/plugins/google-maps-effortless/WPCSL-generic/classes/CSL-settings_class.php on line 28
[19-Nov-2024 12:11:59 UTC] PHP Deprecated:  Creation of dynamic property wpCSL_settings__egm::$form_action is deprecated in /wordpress/wp-content/plugins/google-maps-effortless/WPCSL-generic/classes/CSL-settings_class.php on line 29
[19-Nov-2024 12:11:59 UTC] PHP Deprecated:  Creation of dynamic property wpCSL_settings__egm::$save_text is deprecated in /wordpress/wp-content/plugins/google-maps-effortless/WPCSL-generic/classes/CSL-settings_class.php on line 30
[19-Nov-2024 12:11:59 UTC] PHP Deprecated:  Creation of dynamic property wpCSL_settings__egm::$css_prefix is deprecated in /wordpress/wp-content/plugins/google-maps-effortless/WPCSL-generic/classes/CSL-settings_class.php on line 31
[19-Nov-2024 12:11:59 UTC] PHP Deprecated:  Creation of dynamic property wpCSL_settings__egm::$has_packages is deprecated in /wordpress/wp-content/plugins/google-maps-effortless/WPCSL-generic/classes/CSL-settings_class.php on line 32
[19-Nov-2024 12:11:59 UTC] PHP Deprecated:  Creation of dynamic property wpCSL_settings__egm::$http_handler is deprecated in /wordpress/wp-content/plugins/google-maps-effortless/WPCSL-generic/classes/CSL-settings_class.php on line 37
[19-Nov-2024 12:11:59 UTC] PHP Deprecated:  Creation of dynamic property wpCSL_settings__egm::$broadcast_url is deprecated in /wordpress/wp-content/plugins/google-maps-effortless/WPCSL-generic/classes/CSL-settings_class.php on line 37
[19-Nov-2024 12:11:59 UTC] PHP Deprecated:  Creation of dynamic property wpCSL_settings__egm::$prefix is deprecated in /wordpress/wp-content/plugins/google-maps-effortless/WPCSL-generic/classes/CSL-settings_class.php on line 37
[19-Nov-2024 12:11:59 UTC] PHP Deprecated:  Creation of dynamic property wpCSL_settings__egm::$plugin_url is deprecated in /wordpress/wp-content/plugins/google-maps-effortless/WPCSL-generic/classes/CSL-settings_class.php on line 37
[19-Nov-2024 12:11:59 UTC] PHP Deprecated:  Creation of dynamic property wpCSL_settings__egm::$name is deprecated in /wordpress/wp-content/plugins/google-maps-effortless/WPCSL-generic/classes/CSL-settings_class.php on line 37
[19-Nov-2024 12:11:59 UTC] PHP Deprecated:  Creation of dynamic property wpCSL_settings__egm::$url is deprecated in /wordpress/wp-content/plugins/google-maps-effortless/WPCSL-generic/classes/CSL-settings_class.php on line 37
[19-Nov-2024 12:11:59 UTC] PHP Deprecated:  Creation of dynamic property wpCSL_settings__egm::$paypal_button_id is deprecated in /wordpress/wp-content/plugins/google-maps-effortless/WPCSL-generic/classes/CSL-settings_class.php on line 37
[19-Nov-2024 12:11:59 UTC] PHP Deprecated:  Creation of dynamic property wpCSL_settings__egm::$no_license is deprecated in /wordpress/wp-content/plugins/google-maps-effortless/WPCSL-generic/classes/CSL-settings_class.php on line 37
[19-Nov-2024 12:11:59 UTC] PHP Deprecated:  Creation of dynamic property wpCSL_settings__egm::$sku is deprecated in /wordpress/wp-content/plugins/google-maps-effortless/WPCSL-generic/classes/CSL-settings_class.php on line 37
[19-Nov-2024 12:11:59 UTC] PHP Deprecated:  Creation of dynamic property wpCSL_settings__egm::$parent is deprecated in /wordpress/wp-content/plugins/google-maps-effortless/WPCSL-generic/classes/CSL-settings_class.php on line 37
[19-Nov-2024 12:11:59 UTC] PHP Deprecated:  Creation of dynamic property wpCSL_plugin__egm::$settings is deprecated in /wordpress/wp-content/plugins/google-maps-effortless/WPCSL-generic/classes/CSL-plugin.php on line 370
[19-Nov-2024 12:11:59 UTC] PHP Deprecated:  Creation of dynamic property wpCSL_themes__egm::$columns is deprecated in /wordpress/wp-content/plugins/google-maps-effortless/WPCSL-generic/classes/CSL-themes_class.php on line 24
[19-Nov-2024 12:11:59 UTC] PHP Deprecated:  Creation of dynamic property wpCSL_themes__egm::$css_dir is deprecated in /wordpress/wp-content/plugins/google-maps-effortless/WPCSL-generic/classes/CSL-themes_class.php on line 25
[19-Nov-2024 12:11:59 UTC] PHP Deprecated:  Creation of dynamic property wpCSL_themes__egm::$prefix is deprecated in /wordpress/wp-content/plugins/google-maps-effortless/WPCSL-generic/classes/CSL-themes_class.php on line 28
[19-Nov-2024 12:11:59 UTC] PHP Deprecated:  Creation of dynamic property wpCSL_themes__egm::$plugin_path is deprecated in /wordpress/wp-content/plugins/google-maps-effortless/WPCSL-generic/classes/CSL-themes_class.php on line 28
[19-Nov-2024 12:11:59 UTC] PHP Deprecated:  Creation of dynamic property wpCSL_themes__egm::$plugin_url is deprecated in /wordpress/wp-content/plugins/google-maps-effortless/WPCSL-generic/classes/CSL-themes_class.php on line 28
[19-Nov-2024 12:11:59 UTC] PHP Deprecated:  Creation of dynamic property wpCSL_themes__egm::$support_url is deprecated in /wordpress/wp-content/plugins/google-maps-effortless/WPCSL-generic/classes/CSL-themes_class.php on line 28
[19-Nov-2024 12:11:59 UTC] PHP Deprecated:  Creation of dynamic property wpCSL_themes__egm::$parent is deprecated in /wordpress/wp-content/plugins/google-maps-effortless/WPCSL-generic/classes/CSL-themes_class.php on line 28
[19-Nov-2024 12:11:59 UTC] PHP Deprecated:  Creation of dynamic property wpCSL_themes__egm::$css_url is deprecated in /wordpress/wp-content/plugins/google-maps-effortless/WPCSL-generic/classes/CSL-themes_class.php on line 34
[19-Nov-2024 12:11:59 UTC] PHP Deprecated:  Creation of dynamic property wpCSL_plugin__egm::$themes is deprecated in /wordpress/wp-content/plugins/google-maps-effortless/WPCSL-generic/classes/CSL-plugin.php on line 387
[19-Nov-2024 12:11:59 UTC] PHP Deprecated:  Creation of dynamic property wpCSL_settings__egm::$notifications is deprecated in /wordpress/wp-content/plugins/google-maps-effortless/WPCSL-generic/classes/CSL-plugin.php on line 503
[19-Nov-2024 12:11:59 UTC] PHP Deprecated:  Creation of dynamic property wpCSL_settings__egm::$themes is deprecated in /wordpress/wp-content/plugins/google-maps-effortless/WPCSL-generic/classes/CSL-plugin.php on line 509
[19-Nov-2024 12:11:59 UTC] PHP Deprecated:  Creation of dynamic property wpCSL_helper__egm::$notifications is deprecated in /wordpress/wp-content/plugins/google-maps-effortless/WPCSL-generic/classes/CSL-plugin.php on line 523
[19-Nov-2024 12:11:59 UTC] PHP Deprecated:  Creation of dynamic property wpCSL_themes__egm::$notifications is deprecated in /wordpress/wp-content/plugins/google-maps-effortless/WPCSL-generic/classes/CSL-plugin.php on line 543
[19-Nov-2024 12:11:59 UTC] PHP Deprecated:  Creation of dynamic property wpCSL_themes__egm::$settings is deprecated in /wordpress/wp-content/plugins/google-maps-effortless/WPCSL-generic/classes/CSL-plugin.php on line 545
[19-Nov-2024 12:11:59 UTC] PHP Fatal error:  Uncaught Error: Call to undefined function create_function() in /wordpress/wp-content/plugins/google-maps-effortless/google-maps-effortless.php:181
Stack trace:
#0 /wordpress/wp-content/plugins/google-maps-effortless/google-maps-effortless.php(105): EffortlessGoogleMaps->_actions()
#1 /wordpress/wp-content/plugins/google-maps-effortless/google-maps-effortless.php(228): EffortlessGoogleMaps->__construct()
#2 /wordpress/wp-admin/includes/plugin.php(2387): include_once('/wordpress/wp-c...')
#3 /wordpress/wp-admin/includes/plugin.php(673): plugin_sandbox_scrape('google-maps-eff...')
#4 /internal/eval.php(20): activate_plugin('google-maps-eff...')
#5 {main}
  thrown in /wordpress/wp-content/plugins/google-maps-effortless/google-maps-effortless.php on line 181

    at Object.onBind (file:///Users/bero/Projects/playground-tester/node_modules/@wp-playground/cli/cli.js:20:788)
    at process.processTicksAndRejections (node:internal/process/task_queues:105:5)
    at async j (file:///Users/bero/Projects/playground-tester/node_modules/@wp-playground/cli/cli.js:1:1166) {
  [cause]: Error: Error when executing the blueprint step #0 ({"step":"installPlugin","pluginData":{"resource":"wordpress.org/plugins","slug":"google-maps-effortless"},"options":{"activate":true}}) : PHP.run() failed with exit code 255 and the following output: 
      at Object.run (file:///Users/bero/Projects/playground-tester/node_modules/@wp-playground/blueprints/index.js:12099:32)
      at process.processTicksAndRejections (node:internal/process/task_queues:105:5)
      at async Qt (file:///Users/bero/Projects/playground-tester/node_modules/@wp-playground/blueprints/index.js:12200:3)
      at async Object.onBind (file:///Users/bero/Projects/playground-tester/node_modules/@wp-playground/cli/cli.js:20:453)
      at async j (file:///Users/bero/Projects/playground-tester/node_modules/@wp-playground/cli/cli.js:1:1166) {
    [cause]: PHPExecutionFailureError: PHP.run() failed with exit code 255 and the following output: 
        at PHP.run (file:///Users/bero/Projects/playground-tester/node_modules/@php-wasm/universal/index.js:979:19)
        at process.processTicksAndRejections (node:internal/process/task_queues:105:5)
        at async gr (file:///Users/bero/Projects/playground-tester/node_modules/@wp-playground/blueprints/index.js:31:39)
        at async Object.at [as installPlugin] (file:///Users/bero/Projects/playground-tester/node_modules/@wp-playground/blueprints/index.js:877:42)
        at async d (file:///Users/bero/Projects/playground-tester/node_modules/@wp-playground/blueprints/index.js:12165:30)
        at async Object.run (file:///Users/bero/Projects/playground-tester/node_modules/@wp-playground/blueprints/index.js:12096:23)
        at async Qt (file:///Users/bero/Projects/playground-tester/node_modules/@wp-playground/blueprints/index.js:12200:3)
        at async Object.onBind (file:///Users/bero/Projects/playground-tester/node_modules/@wp-playground/cli/cli.js:20:453)
        at async j (file:///Users/bero/Projects/playground-tester/node_modules/@wp-playground/cli/cli.js:1:1166) {
      response: PHPResponse {
        httpStatusCode: 500,
        headers: {
          'x-powered-by': [ 'PHP/8.3.0-dev' ],
          'content-type': [ 'text/html; charset=UTF-8' ]
        },
        bytes: Uint8Array(0) [],
        exitCode: 255,
        errors: ''
      },
      source: 'request'
    }
  }
}

Node.js v23.2.0
