file:///Users/bero/Projects/playground-tester/node_modules/@wp-playground/cli/cli.js:20
`)},constants:R,phpIniEntries:{"openssl.cafile":"/internal/shared/ca-bundle.crt",allow_url_fopen:"1",disable_functions:""},hooks:{async beforeWordPressFiles(h){t.mountBeforeInstall&&p(h,t.mountBeforeInstall)}}});const v=await s.getPrimaryPhp();try{if(n&&!t.mountBeforeInstall&&g.writeFileSync(f,await q(v,"/wordpress")),t.mount&&p(v,t.mount),d=!0,u){const{php:h,reap:m}=await s.processManager.acquirePHPInstance();try{c.log("Running the Blueprint..."),await x(u,h),c.log("Finished running the blueprint")}finally{m()}}a==="build-snapshot"?(await r(t.outfile),c.log(`WordPress exported to ${t.outfile}`),process.exit(0)):a==="run-blueprint"?(c.log("Blueprint executed"),process.exit(0)):c.log(`WordPress is running on ${l}`)}catch(h){if(!t.debug)throw h;const m=v.readFileAsText(D);throw new Error(m,{cause:h})}},async handleRequest(o){return d?await s.request(o):I.forHttpCode(502,"WordPress is not ready yet")}})}Q();
                                                                                                                                                                                                                                                                                                                                                                                                                                                                                                                                                                                                                                                                                                                                                                                                                   ^

Error: [20-Nov-2024 00:53:58 UTC] WordPress database error <div style="clear:both">&nbsp;</div>
<div class="queries" style="clear:both;margin-bottom:2px;border:red dotted thin;">
<p>MySQL query:</p>
<p>SHOW FIELDS FROM wp_posts</p>
<p>Queries made or created this session were:</p>
<ol>
<li>Executing: BEGIN | (no parameters)</li>
<li>Executing: ROLLBACK | (no parameters)</li>
</ol>
</div>
<div style="clear:both;margin-bottom:2px;border:red dotted thin;" class="error_message" style="border-bottom:dotted blue thin;">
Error occurred at line 3786 in Function <code>handle_error</code>. Error message was: Unknown show type: FIELDS FROM.
</div>
<p>Backtrace:</p>
<pre>#0 /internal/shared/sqlite-database-integration/wp-includes/sqlite/class-wp-sqlite-db.php(287): WP_SQLite_Translator->get_error_message()
#1 /wordpress/wp-includes/class-wpdb.php(3102): WP_SQLite_DB->query('SHOW FIELDS FRO...')
#2 /wordpress/wp-content/plugins/isimpledesign-approve-postspages-plugin/isimpledesign_posts.php(222): wpdb->get_col('SHOW FIELDS FRO...')
#3 /wordpress/wp-content/plugins/isimpledesign-approve-postspages-plugin/isimpledesign_posts.php(230): isdwpposts_activate()
#4 /wordpress/wp-admin/includes/plugin.php(2387): include_once('/wordpress/wp-c...')
#5 /wordpress/wp-admin/includes/plugin.php(673): plugin_sandbox_scrape('isimpledesign-a...')
#6 /internal/eval.php(20): activate_plugin('isimpledesign-a...')
#7 {main}</pre>
 for query SHOW FIELDS FROM wp_posts made by activate_plugin, plugin_sandbox_scrape, include_once('/plugins/isimpledesign-approve-postspages-plugin/isimpledesign_posts.php'), isdwpposts_activate, WP_SQLite_DB->query, WP_SQLite_DB->print_error
[20-Nov-2024 00:53:58 UTC] PHP Fatal error:  Uncaught Error: Call to undefined function mysql_query() in /wordpress/wp-content/plugins/isimpledesign-approve-postspages-plugin/isimpledesign_posts.php:226
Stack trace:
#0 /wordpress/wp-content/plugins/isimpledesign-approve-postspages-plugin/isimpledesign_posts.php(230): isdwpposts_activate()
#1 /wordpress/wp-admin/includes/plugin.php(2387): include_once('/wordpress/wp-c...')
#2 /wordpress/wp-admin/includes/plugin.php(673): plugin_sandbox_scrape('isimpledesign-a...')
#3 /internal/eval.php(20): activate_plugin('isimpledesign-a...')
#4 {main}
  thrown in /wordpress/wp-content/plugins/isimpledesign-approve-postspages-plugin/isimpledesign_posts.php on line 226

    at Object.onBind (file:///Users/bero/Projects/playground-tester/node_modules/@wp-playground/cli/cli.js:20:788)
    at process.processTicksAndRejections (node:internal/process/task_queues:105:5)
    at async j (file:///Users/bero/Projects/playground-tester/node_modules/@wp-playground/cli/cli.js:1:1166) {
  [cause]: Error: Error when executing the blueprint step #0 ({"step":"installPlugin","pluginData":{"resource":"wordpress.org/plugins","slug":"isimpledesign-approve-postspages-plugin"},"options":{"activate":true}}) : PHP.run() failed with exit code 255 and the following output: 
      at Object.run (file:///Users/bero/Projects/playground-tester/node_modules/@wp-playground/blueprints/index.js:12099:32)
      at process.processTicksAndRejections (node:internal/process/task_queues:105:5)
      at async Qt (file:///Users/bero/Projects/playground-tester/node_modules/@wp-playground/blueprints/index.js:12200:3)
      at async Object.onBind (file:///Users/bero/Projects/playground-tester/node_modules/@wp-playground/cli/cli.js:20:453)
      at async j (file:///Users/bero/Projects/playground-tester/node_modules/@wp-playground/cli/cli.js:1:1166) {
    [cause]: PHPExecutionFailureError: PHP.run() failed with exit code 255 and the following output: 
        at PHP.run (file:///Users/bero/Projects/playground-tester/node_modules/@php-wasm/universal/index.js:979:19)
        at process.processTicksAndRejections (node:internal/process/task_queues:105:5)
        at async gr (file:///Users/bero/Projects/playground-tester/node_modules/@wp-playground/blueprints/index.js:31:39)
        at async Object.at [as installPlugin] (file:///Users/bero/Projects/playground-tester/node_modules/@wp-playground/blueprints/index.js:877:42)
        at async d (file:///Users/bero/Projects/playground-tester/node_modules/@wp-playground/blueprints/index.js:12165:30)
        at async Object.run (file:///Users/bero/Projects/playground-tester/node_modules/@wp-playground/blueprints/index.js:12096:23)
        at async Qt (file:///Users/bero/Projects/playground-tester/node_modules/@wp-playground/blueprints/index.js:12200:3)
        at async Object.onBind (file:///Users/bero/Projects/playground-tester/node_modules/@wp-playground/cli/cli.js:20:453)
        at async j (file:///Users/bero/Projects/playground-tester/node_modules/@wp-playground/cli/cli.js:1:1166) {
      response: PHPResponse {
        httpStatusCode: 500,
        headers: {
          'x-powered-by': [ 'PHP/8.3.0-dev' ],
          'content-type': [ 'text/html; charset=UTF-8' ]
        },
        bytes: Uint8Array(0) [],
        exitCode: 255,
        errors: ''
      },
      source: 'request'
    }
  }
}

Node.js v23.2.0
