file:///Users/bero/Projects/playground-tester/node_modules/@wp-playground/cli/cli.js:20
`)},constants:R,phpIniEntries:{"openssl.cafile":"/internal/shared/ca-bundle.crt",allow_url_fopen:"1",disable_functions:""},hooks:{async beforeWordPressFiles(h){t.mountBeforeInstall&&p(h,t.mountBeforeInstall)}}});const v=await s.getPrimaryPhp();try{if(n&&!t.mountBeforeInstall&&g.writeFileSync(f,await q(v,"/wordpress")),t.mount&&p(v,t.mount),d=!0,u){const{php:h,reap:m}=await s.processManager.acquirePHPInstance();try{c.log("Running the Blueprint..."),await x(u,h),c.log("Finished running the blueprint")}finally{m()}}a==="build-snapshot"?(await r(t.outfile),c.log(`WordPress exported to ${t.outfile}`),process.exit(0)):a==="run-blueprint"?(c.log("Blueprint executed"),process.exit(0)):c.log(`WordPress is running on ${l}`)}catch(h){if(!t.debug)throw h;const m=v.readFileAsText(D);throw new Error(m,{cause:h})}},async handleRequest(o){return d?await s.request(o):I.forHttpCode(502,"WordPress is not ready yet")}})}Q();
                                                                                                                                                                                                                                                                                                                                                                                                                                                                                                                                                                                                                                                                                                                                                                                                                   ^

Error: [19-Nov-2024 21:17:46 UTC] Address family not supported by protocol
[19-Nov-2024 21:17:46 UTC] #0 /wordpress/wp-content/plugins/insta-flow/flow-flow/includes/db/SafeMySQL.php(117): mysqli_connect('localhost', 'username_here', Object(SensitiveParameterValue), 'database_name_h...', NULL, NULL)
#1 /wordpress/wp-content/plugins/insta-flow/flow-flow/includes/db/FFDB.php(44): ffinst\flow\db\SafeMySQL->__construct(Array)
#2 /wordpress/wp-content/plugins/insta-flow/flow-flow/includes/db/FFDB.php(35): ffinst\flow\db\FFDB::create()
#3 /wordpress/wp-content/plugins/insta-flow/flow-flow/includes/db/FFDB.php(113): ffinst\flow\db\FFDB::conn()
#4 /wordpress/wp-content/plugins/insta-flow/flow-flow/includes/core/db/LADBMigrationManager.php(69): ffinst\flow\db\FFDB::existTable('wp_ffi_options')
#5 /wordpress/wp-content/plugins/insta-flow/flow-flow/includes/core/db/LADBMigrationManager.php(27): la\core\db\LADBMigrationManager->getDBVersion()
#6 /wordpress/wp-content/plugins/insta-flow/includes/FFIActivator.php(17): la\core\db\LADBMigrationManager->migrate()
#7 /wordpress/wp-content/plugins/insta-flow/includes/FFIActivator.php(66): ffinst\FFIActivator->checkPlugin()
#8 /wordpress/wp-content/plugins/insta-flow/flow-flow/includes/core/LAActivatorBase.php(46): ffinst\FFIActivator->singleSiteActivate()
#9 /wordpress/wp-includes/class-wp-hook.php(324): la\core\LAActivatorBase->activate(false)
#10 /wordpress/wp-includes/class-wp-hook.php(348): WP_Hook->apply_filters('', Array)
#11 /wordpress/wp-includes/plugin.php(517): WP_Hook->do_action(Array)
#12 /wordpress/wp-admin/includes/plugin.php(703): do_action('activate_insta-...', false)
#13 /internal/eval.php(20): activate_plugin('insta-flow/inst...')
#14 {main}

    at Object.onBind (file:///Users/bero/Projects/playground-tester/node_modules/@wp-playground/cli/cli.js:20:788)
    at async j (file:///Users/bero/Projects/playground-tester/node_modules/@wp-playground/cli/cli.js:1:1166) {
  [cause]: Error: Error when executing the blueprint step #0 ({"step":"installPlugin","pluginData":{"resource":"wordpress.org/plugins","slug":"insta-flow"},"options":{"activate":true}}) : Plugin /wordpress/wp-content/plugins/insta-flow could not be activated – WordPress exited with no error. Sometimes, when $_SERVER or site options are not configured correctly, WordPress exits early with a 301 redirect. Inspect the "debug" logs in the console for more details
      at Object.run (file:///Users/bero/Projects/playground-tester/node_modules/@wp-playground/blueprints/index.js:12099:32)
      at async Qt (file:///Users/bero/Projects/playground-tester/node_modules/@wp-playground/blueprints/index.js:12200:3)
      at async Object.onBind (file:///Users/bero/Projects/playground-tester/node_modules/@wp-playground/cli/cli.js:20:453)
      at async j (file:///Users/bero/Projects/playground-tester/node_modules/@wp-playground/cli/cli.js:1:1166) {
    [cause]: Error: Plugin /wordpress/wp-content/plugins/insta-flow could not be activated – WordPress exited with no error. Sometimes, when $_SERVER or site options are not configured correctly, WordPress exits early with a 301 redirect. Inspect the "debug" logs in the console for more details
        at gr (file:///Users/bero/Projects/playground-tester/node_modules/@wp-playground/blueprints/index.js:67:24)
        at async Object.at [as installPlugin] (file:///Users/bero/Projects/playground-tester/node_modules/@wp-playground/blueprints/index.js:877:42)
        at async d (file:///Users/bero/Projects/playground-tester/node_modules/@wp-playground/blueprints/index.js:12165:30)
        at async Object.run (file:///Users/bero/Projects/playground-tester/node_modules/@wp-playground/blueprints/index.js:12096:23)
        at async Qt (file:///Users/bero/Projects/playground-tester/node_modules/@wp-playground/blueprints/index.js:12200:3)
        at async Object.onBind (file:///Users/bero/Projects/playground-tester/node_modules/@wp-playground/cli/cli.js:20:453)
        at async j (file:///Users/bero/Projects/playground-tester/node_modules/@wp-playground/cli/cli.js:1:1166)
  }
}

Node.js v18.18.2
