file:///Users/bero/Projects/playground-tester/node_modules/@wp-playground/cli/cli.js:20
`)},constants:R,phpIniEntries:{"openssl.cafile":"/internal/shared/ca-bundle.crt",allow_url_fopen:"1",disable_functions:""},hooks:{async beforeWordPressFiles(h){t.mountBeforeInstall&&p(h,t.mountBeforeInstall)}}});const v=await s.getPrimaryPhp();try{if(n&&!t.mountBeforeInstall&&g.writeFileSync(f,await q(v,"/wordpress")),t.mount&&p(v,t.mount),d=!0,u){const{php:h,reap:m}=await s.processManager.acquirePHPInstance();try{c.log("Running the Blueprint..."),await x(u,h),c.log("Finished running the blueprint")}finally{m()}}a==="build-snapshot"?(await r(t.outfile),c.log(`WordPress exported to ${t.outfile}`),process.exit(0)):a==="run-blueprint"?(c.log("Blueprint executed"),process.exit(0)):c.log(`WordPress is running on ${l}`)}catch(h){if(!t.debug)throw h;const m=v.readFileAsText(D);throw new Error(m,{cause:h})}},async handleRequest(o){return d?await s.request(o):I.forHttpCode(502,"WordPress is not ready yet")}})}Q();
                                                                                                                                                                                                                                                                                                                                                                                                                                                                                                                                                                                                                                                                                                                                                                                                                   ^

Error: [20-Nov-2024 00:06:38 UTC] PHP Warning:  Undefined array key "DOCUMENT_ROOT" in /wordpress/wp-content/plugins/ip2content/Http/Services/CacheService.php on line 14
[20-Nov-2024 00:06:38 UTC] WordPress database error <div style="clear:both">&nbsp;</div>
<div class="queries" style="clear:both;margin-bottom:2px;border:red dotted thin;">
<p>MySQL query:</p>
<p>
            CREATE TABLE `wp_wmip2c_fields` (
                `id` bigint(20) unsigned NOT NULL AUTO_INCREMENT,
                `alias` varchar(255) NOT NULL,
                `source` varchar(255) NOT NULL,
                `default_operator_id` bigint(20) unsigned NOT NULL,
                PRIMARY KEY (`id`),
                KEY `wp_wmip2c_fields_default_operator_id_foreign` (`default_operator_id`),
                CONSTRAINT `wp_wmip2c_fields_default_operator_id_foreign` FOREIGN KEY (`default_operator_id`) REFERENCES `wp_wmip2c_operators` (`id`)
            )
        </p>
<p>Queries made or created this session were:</p>
<ol>
<li>Executing: BEGIN | (no parameters)</li>
<li>Executing: INSERT INTO _mysql_data_types_cache (`table`, `column_or_index`, `mysql_type`)
				VALUES (:table, :column, :datatype)
				ON CONFLICT(`table`, `column_or_index`) DO UPDATE SET `mysql_type` = :datatype
			 | parameters: wp_wmip2c_fields, id, bigint(20) unsigned</li>
<li>Executing: INSERT INTO _mysql_data_types_cache (`table`, `column_or_index`, `mysql_type`)
				VALUES (:table, :column, :datatype)
				ON CONFLICT(`table`, `column_or_index`) DO UPDATE SET `mysql_type` = :datatype
			 | parameters: wp_wmip2c_fields, alias, varchar(255)</li>
<li>Executing: INSERT INTO _mysql_data_types_cache (`table`, `column_or_index`, `mysql_type`)
				VALUES (:table, :column, :datatype)
				ON CONFLICT(`table`, `column_or_index`) DO UPDATE SET `mysql_type` = :datatype
			 | parameters: wp_wmip2c_fields, source, varchar(255)</li>
<li>Executing: INSERT INTO _mysql_data_types_cache (`table`, `column_or_index`, `mysql_type`)
				VALUES (:table, :column, :datatype)
				ON CONFLICT(`table`, `column_or_index`) DO UPDATE SET `mysql_type` = :datatype
			 | parameters: wp_wmip2c_fields, default_operator_id, bigint(20) unsigned</li>
<li>Executing: 
            CREATE TABLE &quot;wp_wmip2c_fields&quot; (
&quot;id&quot; integer PRIMARY KEY AUTOINCREMENT NOT NULL ON CONFLICT REPLACE DEFAULT 0,
&quot;alias&quot; text NOT NULL ON CONFLICT REPLACE DEFAULT &#039;&#039; COLLATE NOCASE,
&quot;source&quot; text NOT NULL ON CONFLICT REPLACE DEFAULT &#039;&#039; COLLATE NOCASE,
&quot;default_operator_id&quot; integer NOT NULL ON CONFLICT REPLACE DEFAULT 0) | (no parameters)</li>
<li>Executing: CREATE  INDEX &quot;wp_wmip2c_fields__wp_wmip2c_fields_default_operator_id_foreign&quot; ON &quot;wp_wmip2c_fields&quot; (&quot;default_operator_id&quot;) | (no parameters)</li>
<li>Executing: INSERT INTO _mysql_data_types_cache (`table`, `column_or_index`, `mysql_type`)
				VALUES (:table, :column, :datatype)
				ON CONFLICT(`table`, `column_or_index`) DO UPDATE SET `mysql_type` = :datatype
			 | parameters: wp_wmip2c_fields, wp_wmip2c_fields__wp_wmip2c_fields_default_operator_id_foreign, KEY</li>
<li>Executing: CREATE  INDEX &quot;wp_wmip2c_fields__&quot; ON &quot;wp_wmip2c_fields&quot; (&quot;&quot;) | (no parameters)</li>
<li>Executing: INSERT INTO _mysql_data_types_cache (`table`, `column_or_index`, `mysql_type`)
				VALUES (:table, :column, :datatype)
				ON CONFLICT(`table`, `column_or_index`) DO UPDATE SET `mysql_type` = :datatype
			 | parameters: wp_wmip2c_fields, wp_wmip2c_fields__, </li>
<li>Executing: ROLLBACK | (no parameters)</li>
</ol>
</div>
<div style="clear:both;margin-bottom:2px;border:red dotted thin;" class="error_message" style="border-bottom:dotted blue thin;">
Error occurred at line 3786 in Function <code>handle_error</code>. Error message was: SQLSTATE[23000]: Integrity constraint violation: 19 NOT NULL constraint failed: _mysql_data_types_cache.mysql_type.
</div>
<p>Backtrace:</p>
<pre>#0 /internal/shared/sqlite-database-integration/wp-includes/sqlite/class-wp-sqlite-db.php(287): WP_SQLite_Translator->get_error_message()
#1 /wordpress/wp-content/plugins/ip2content/Database/Migrations/CreateFieldsTableMigration.php(18): WP_SQLite_DB->query('\n            CR...')
#2 /wordpress/wp-content/plugins/ip2content/Database/Migrations/Components/AbstractDatabaseMigrations.php(14): WMIP2C\Database\Migrations\CreateFieldsTableMigration->up()
#3 /wordpress/wp-content/plugins/ip2content/Common/PluginHooks.php(29): WMIP2C\Database\Migrations\Components\AbstractDatabaseMigrations->run()
#4 /wordpress/wp-includes/class-wp-hook.php(324): WMIP2C\Common\PluginHooks->activationHook(false)
#5 /wordpress/wp-includes/class-wp-hook.php(348): WP_Hook->apply_filters('', Array)
#6 /wordpress/wp-includes/plugin.php(517): WP_Hook->do_action(Array)
#7 /wordpress/wp-admin/includes/plugin.php(703): do_action('activate_ip2con...', false)
#8 /internal/eval.php(20): activate_plugin('ip2content/wmip...')
#9 {main}</pre>
 for query 
            CREATE TABLE `wp_wmip2c_fields` (
                `id` bigint(20) unsigned NOT NULL AUTO_INCREMENT,
                `alias` varchar(255) NOT NULL,
                `source` varchar(255) NOT NULL,
                `default_operator_id` bigint(20) unsigned NOT NULL,
                PRIMARY KEY (`id`),
                KEY `wp_wmip2c_fields_default_operator_id_foreign` (`default_operator_id`),
                CONSTRAINT `wp_wmip2c_fields_default_operator_id_foreign` FOREIGN KEY (`default_operator_id`) REFERENCES `wp_wmip2c_operators` (`id`)
            )
         made by activate_plugin, do_action('activate_ip2content/wmip2c.php'), WP_Hook->do_action, WP_Hook->apply_filters, WMIP2C\Common\PluginHooks->activationHook, WMIP2C\Database\Migrations\Components\AbstractDatabaseMigrations->run, WMIP2C\Database\Migrations\CreateFieldsTableMigration->up, WP_SQLite_DB->query, WP_SQLite_DB->print_error
[20-Nov-2024 00:06:38 UTC] WordPress database error <div style="clear:both">&nbsp;</div>
<div class="queries" style="clear:both;margin-bottom:2px;border:red dotted thin;">
<p>MySQL query:</p>
<p>
            CREATE TABLE `wp_wmip2c_fields_operators` (
                `id` bigint(20) unsigned NOT NULL AUTO_INCREMENT,
                `field_id` bigint(20) unsigned NOT NULL,
                `operator_id` bigint(20) unsigned NOT NULL,
                PRIMARY KEY (`id`),
                KEY `wp_wmip2c_fields_operators_field_id_foreign` (`field_id`),
                KEY `wp_wmip2c_fields_operators_operator_id_foreign` (`operator_id`),
                CONSTRAINT `wp_wmip2c_fields_operators_field_id_foreign` FOREIGN KEY (`field_id`) REFERENCES `wp_wmip2c_fields` (`id`),
                CONSTRAINT `wp_wmip2c_fields_operators_operator_id_foreign` FOREIGN KEY (`operator_id`) REFERENCES `wp_wmip2c_operators` (`id`)
            )
        </p>
<p>Queries made or created this session were:</p>
<ol>
<li>Executing: BEGIN | (no parameters)</li>
<li>Executing: INSERT INTO _mysql_data_types_cache (`table`, `column_or_index`, `mysql_type`)
				VALUES (:table, :column, :datatype)
				ON CONFLICT(`table`, `column_or_index`) DO UPDATE SET `mysql_type` = :datatype
			 | parameters: wp_wmip2c_fields_operators, id, bigint(20) unsigned</li>
<li>Executing: INSERT INTO _mysql_data_types_cache (`table`, `column_or_index`, `mysql_type`)
				VALUES (:table, :column, :datatype)
				ON CONFLICT(`table`, `column_or_index`) DO UPDATE SET `mysql_type` = :datatype
			 | parameters: wp_wmip2c_fields_operators, field_id, bigint(20) unsigned</li>
<li>Executing: INSERT INTO _mysql_data_types_cache (`table`, `column_or_index`, `mysql_type`)
				VALUES (:table, :column, :datatype)
				ON CONFLICT(`table`, `column_or_index`) DO UPDATE SET `mysql_type` = :datatype
			 | parameters: wp_wmip2c_fields_operators, operator_id, bigint(20) unsigned</li>
<li>Executing: 
            CREATE TABLE &quot;wp_wmip2c_fields_operators&quot; (
&quot;id&quot; integer PRIMARY KEY AUTOINCREMENT NOT NULL ON CONFLICT REPLACE DEFAULT 0,
&quot;field_id&quot; integer NOT NULL ON CONFLICT REPLACE DEFAULT 0,
&quot;operator_id&quot; integer NOT NULL ON CONFLICT REPLACE DEFAULT 0) | (no parameters)</li>
<li>Executing: CREATE  INDEX &quot;wp_wmip2c_fields_operators__wp_wmip2c_fields_operators_field_id_foreign&quot; ON &quot;wp_wmip2c_fields_operators&quot; (&quot;field_id&quot;) | (no parameters)</li>
<li>Executing: INSERT INTO _mysql_data_types_cache (`table`, `column_or_index`, `mysql_type`)
				VALUES (:table, :column, :datatype)
				ON CONFLICT(`table`, `column_or_index`) DO UPDATE SET `mysql_type` = :datatype
			 | parameters: wp_wmip2c_fields_operators, wp_wmip2c_fields_operators__wp_wmip2c_fields_operators_field_id_foreign, KEY</li>
<li>Executing: CREATE  INDEX &quot;wp_wmip2c_fields_operators__wp_wmip2c_fields_operators_operator_id_foreign&quot; ON &quot;wp_wmip2c_fields_operators&quot; (&quot;operator_id&quot;) | (no parameters)</li>
<li>Executing: INSERT INTO _mysql_data_types_cache (`table`, `column_or_index`, `mysql_type`)
				VALUES (:table, :column, :datatype)
				ON CONFLICT(`table`, `column_or_index`) DO UPDATE SET `mysql_type` = :datatype
			 | parameters: wp_wmip2c_fields_operators, wp_wmip2c_fields_operators__wp_wmip2c_fields_operators_operator_id_foreign, KEY</li>
<li>Executing: CREATE  INDEX &quot;wp_wmip2c_fields_operators__&quot; ON &quot;wp_wmip2c_fields_operators&quot; (&quot;&quot;) | (no parameters)</li>
<li>Executing: INSERT INTO _mysql_data_types_cache (`table`, `column_or_index`, `mysql_type`)
				VALUES (:table, :column, :datatype)
				ON CONFLICT(`table`, `column_or_index`) DO UPDATE SET `mysql_type` = :datatype
			 | parameters: wp_wmip2c_fields_operators, wp_wmip2c_fields_operators__, </li>
<li>Executing: ROLLBACK | (no parameters)</li>
</ol>
</div>
<div style="clear:both;margin-bottom:2px;border:red dotted thin;" class="error_message" style="border-bottom:dotted blue thin;">
Error occurred at line 3786 in Function <code>handle_error</code>. Error message was: SQLSTATE[23000]: Integrity constraint violation: 19 NOT NULL constraint failed: _mysql_data_types_cache.mysql_type.
</div>
<p>Backtrace:</p>
<pre>#0 /internal/shared/sqlite-database-integration/wp-includes/sqlite/class-wp-sqlite-db.php(287): WP_SQLite_Translator->get_error_message()
#1 /wordpress/wp-content/plugins/ip2content/Database/Migrations/CreateFieldsOperatorsTableMigration.php(19): WP_SQLite_DB->query('\n            CR...')
#2 /wordpress/wp-content/plugins/ip2content/Database/Migrations/Components/AbstractDatabaseMigrations.php(14): WMIP2C\Database\Migrations\CreateFieldsOperatorsTableMigration->up()
#3 /wordpress/wp-content/plugins/ip2content/Common/PluginHooks.php(29): WMIP2C\Database\Migrations\Components\AbstractDatabaseMigrations->run()
#4 /wordpress/wp-includes/class-wp-hook.php(324): WMIP2C\Common\PluginHooks->activationHook(false)
#5 /wordpress/wp-includes/class-wp-hook.php(348): WP_Hook->apply_filters('', Array)
#6 /wordpress/wp-includes/plugin.php(517): WP_Hook->do_action(Array)
#7 /wordpress/wp-admin/includes/plugin.php(703): do_action('activate_ip2con...', false)
#8 /internal/eval.php(20): activate_plugin('ip2content/wmip...')
#9 {main}</pre>
 for query 
            CREATE TABLE `wp_wmip2c_fields_operators` (
                `id` bigint(20) unsigned NOT NULL AUTO_INCREMENT,
                `field_id` bigint(20) unsigned NOT NULL,
                `operator_id` bigint(20) unsigned NOT NULL,
                PRIMARY KEY (`id`),
                KEY `wp_wmip2c_fields_operators_field_id_foreign` (`field_id`),
                KEY `wp_wmip2c_fields_operators_operator_id_foreign` (`operator_id`),
                CONSTRAINT `wp_wmip2c_fields_operators_field_id_foreign` FOREIGN KEY (`field_id`) REFERENCES `wp_wmip2c_fields` (`id`),
                CONSTRAINT `wp_wmip2c_fields_operators_operator_id_foreign` FOREIGN KEY (`operator_id`) REFERENCES `wp_wmip2c_operators` (`id`)
            )
         made by activate_plugin, do_action('activate_ip2content/wmip2c.php'), WP_Hook->do_action, WP_Hook->apply_filters, WMIP2C\Common\PluginHooks->activationHook, WMIP2C\Database\Migrations\Components\AbstractDatabaseMigrations->run, WMIP2C\Database\Migrations\CreateFieldsOperatorsTableMigration->up, WP_SQLite_DB->query, WP_SQLite_DB->print_error
[20-Nov-2024 00:06:38 UTC] WordPress database error <div style="clear:both">&nbsp;</div>
<div class="queries" style="clear:both;margin-bottom:2px;border:red dotted thin;">
<p>MySQL query:</p>
<p>
            CREATE TABLE `wp_wmip2c_field_values` (
                `id` bigint(20) unsigned NOT NULL AUTO_INCREMENT,
                `name_en` varchar(255) NOT NULL,
                `name_de` varchar(255) NOT NULL,
                `value` varchar(255) NOT NULL,
                `field_id` bigint(20) unsigned NOT NULL,
                PRIMARY KEY (`id`),
                KEY `wp_wmip2c_field_values_field_id_foreign` (`field_id`),
                CONSTRAINT `wp_wmip2c_field_values_field_id_foreign` FOREIGN KEY (`field_id`) REFERENCES `wp_wmip2c_fields` (`id`)
            )
        </p>
<p>Queries made or created this session were:</p>
<ol>
<li>Executing: BEGIN | (no parameters)</li>
<li>Executing: INSERT INTO _mysql_data_types_cache (`table`, `column_or_index`, `mysql_type`)
				VALUES (:table, :column, :datatype)
				ON CONFLICT(`table`, `column_or_index`) DO UPDATE SET `mysql_type` = :datatype
			 | parameters: wp_wmip2c_field_values, id, bigint(20) unsigned</li>
<li>Executing: INSERT INTO _mysql_data_types_cache (`table`, `column_or_index`, `mysql_type`)
				VALUES (:table, :column, :datatype)
				ON CONFLICT(`table`, `column_or_index`) DO UPDATE SET `mysql_type` = :datatype
			 | parameters: wp_wmip2c_field_values, name_en, varchar(255)</li>
<li>Executing: INSERT INTO _mysql_data_types_cache (`table`, `column_or_index`, `mysql_type`)
				VALUES (:table, :column, :datatype)
				ON CONFLICT(`table`, `column_or_index`) DO UPDATE SET `mysql_type` = :datatype
			 | parameters: wp_wmip2c_field_values, name_de, varchar(255)</li>
<li>Executing: INSERT INTO _mysql_data_types_cache (`table`, `column_or_index`, `mysql_type`)
				VALUES (:table, :column, :datatype)
				ON CONFLICT(`table`, `column_or_index`) DO UPDATE SET `mysql_type` = :datatype
			 | parameters: wp_wmip2c_field_values, value, varchar(255)</li>
<li>Executing: INSERT INTO _mysql_data_types_cache (`table`, `column_or_index`, `mysql_type`)
				VALUES (:table, :column, :datatype)
				ON CONFLICT(`table`, `column_or_index`) DO UPDATE SET `mysql_type` = :datatype
			 | parameters: wp_wmip2c_field_values, field_id, bigint(20) unsigned</li>
<li>Executing: 
            CREATE TABLE &quot;wp_wmip2c_field_values&quot; (
&quot;id&quot; integer PRIMARY KEY AUTOINCREMENT NOT NULL ON CONFLICT REPLACE DEFAULT 0,
&quot;name_en&quot; text NOT NULL ON CONFLICT REPLACE DEFAULT &#039;&#039; COLLATE NOCASE,
&quot;name_de&quot; text NOT NULL ON CONFLICT REPLACE DEFAULT &#039;&#039; COLLATE NOCASE,
&quot;value&quot; text NOT NULL ON CONFLICT REPLACE DEFAULT &#039;&#039; COLLATE NOCASE,
&quot;field_id&quot; integer NOT NULL ON CONFLICT REPLACE DEFAULT 0) | (no parameters)</li>
<li>Executing: CREATE  INDEX &quot;wp_wmip2c_field_values__wp_wmip2c_field_values_field_id_foreign&quot; ON &quot;wp_wmip2c_field_values&quot; (&quot;field_id&quot;) | (no parameters)</li>
<li>Executing: INSERT INTO _mysql_data_types_cache (`table`, `column_or_index`, `mysql_type`)
				VALUES (:table, :column, :datatype)
				ON CONFLICT(`table`, `column_or_index`) DO UPDATE SET `mysql_type` = :datatype
			 | parameters: wp_wmip2c_field_values, wp_wmip2c_field_values__wp_wmip2c_field_values_field_id_foreign, KEY</li>
<li>Executing: CREATE  INDEX &quot;wp_wmip2c_field_values__&quot; ON &quot;wp_wmip2c_field_values&quot; (&quot;&quot;) | (no parameters)</li>
<li>Executing: INSERT INTO _mysql_data_types_cache (`table`, `column_or_index`, `mysql_type`)
				VALUES (:table, :column, :datatype)
				ON CONFLICT(`table`, `column_or_index`) DO UPDATE SET `mysql_type` = :datatype
			 | parameters: wp_wmip2c_field_values, wp_wmip2c_field_values__, </li>
<li>Executing: ROLLBACK | (no parameters)</li>
</ol>
</div>
<div style="clear:both;margin-bottom:2px;border:red dotted thin;" class="error_message" style="border-bottom:dotted blue thin;">
Error occurred at line 3786 in Function <code>handle_error</code>. Error message was: SQLSTATE[23000]: Integrity constraint violation: 19 NOT NULL constraint failed: _mysql_data_types_cache.mysql_type.
</div>
<p>Backtrace:</p>
<pre>#0 /internal/shared/sqlite-database-integration/wp-includes/sqlite/class-wp-sqlite-db.php(287): WP_SQLite_Translator->get_error_message()
#1 /wordpress/wp-content/plugins/ip2content/Database/Migrations/CreateFieldValuesTableMigration.php(18): WP_SQLite_DB->query('\n            CR...')
#2 /wordpress/wp-content/plugins/ip2content/Database/Migrations/Components/AbstractDatabaseMigrations.php(14): WMIP2C\Database\Migrations\CreateFieldValuesTableMigration->up()
#3 /wordpress/wp-content/plugins/ip2content/Common/PluginHooks.php(29): WMIP2C\Database\Migrations\Components\AbstractDatabaseMigrations->run()
#4 /wordpress/wp-includes/class-wp-hook.php(324): WMIP2C\Common\PluginHooks->activationHook(false)
#5 /wordpress/wp-includes/class-wp-hook.php(348): WP_Hook->apply_filters('', Array)
#6 /wordpress/wp-includes/plugin.php(517): WP_Hook->do_action(Array)
#7 /wordpress/wp-admin/includes/plugin.php(703): do_action('activate_ip2con...', false)
#8 /internal/eval.php(20): activate_plugin('ip2content/wmip...')
#9 {main}</pre>
 for query 
            CREATE TABLE `wp_wmip2c_field_values` (
                `id` bigint(20) unsigned NOT NULL AUTO_INCREMENT,
                `name_en` varchar(255) NOT NULL,
                `name_de` varchar(255) NOT NULL,
                `value` varchar(255) NOT NULL,
                `field_id` bigint(20) unsigned NOT NULL,
                PRIMARY KEY (`id`),
                KEY `wp_wmip2c_field_values_field_id_foreign` (`field_id`),
                CONSTRAINT `wp_wmip2c_field_values_field_id_foreign` FOREIGN KEY (`field_id`) REFERENCES `wp_wmip2c_fields` (`id`)
            )
         made by activate_plugin, do_action('activate_ip2content/wmip2c.php'), WP_Hook->do_action, WP_Hook->apply_filters, WMIP2C\Common\PluginHooks->activationHook, WMIP2C\Database\Migrations\Components\AbstractDatabaseMigrations->run, WMIP2C\Database\Migrations\CreateFieldValuesTableMigration->up, WP_SQLite_DB->query, WP_SQLite_DB->print_error
[20-Nov-2024 00:06:38 UTC] WordPress database error <div style="clear:both">&nbsp;</div>
<div class="queries" style="clear:both;margin-bottom:2px;border:red dotted thin;">
<p>MySQL query:</p>
<p>
            CREATE TABLE `wp_wmip2c_conditions` (
                `id` bigint(20) unsigned NOT NULL AUTO_INCREMENT,
                `label` varchar(255) NOT NULL,
                `active` tinyint(1) NOT NULL DEFAULT 0,
                `field_id` bigint(20) unsigned NOT NULL,
                `default_content_id` bigint(20) unsigned DEFAULT NULL,
                `hits` bigint(20) unsigned NOT NULL DEFAULT 0,
                `created_at` datetime NULL DEFAULT NULL,
                `updated_at` datetime NULL DEFAULT NULL,
                PRIMARY KEY (`id`),
                KEY `wp_wmip2c_conditions_field_id_foreign` (`field_id`),
                KEY `wp_wmip2c_conditions_hits_index` (`hits`),
                    CONSTRAINT `wp_wmip2c_conditions_field_id_foreign` FOREIGN KEY (`field_id`) REFERENCES `wp_wmip2c_fields` (`id`)
            )
        </p>
<p>Queries made or created this session were:</p>
<ol>
<li>Executing: BEGIN | (no parameters)</li>
<li>Executing: INSERT INTO _mysql_data_types_cache (`table`, `column_or_index`, `mysql_type`)
				VALUES (:table, :column, :datatype)
				ON CONFLICT(`table`, `column_or_index`) DO UPDATE SET `mysql_type` = :datatype
			 | parameters: wp_wmip2c_conditions, id, bigint(20) unsigned</li>
<li>Executing: INSERT INTO _mysql_data_types_cache (`table`, `column_or_index`, `mysql_type`)
				VALUES (:table, :column, :datatype)
				ON CONFLICT(`table`, `column_or_index`) DO UPDATE SET `mysql_type` = :datatype
			 | parameters: wp_wmip2c_conditions, label, varchar(255)</li>
<li>Executing: INSERT INTO _mysql_data_types_cache (`table`, `column_or_index`, `mysql_type`)
				VALUES (:table, :column, :datatype)
				ON CONFLICT(`table`, `column_or_index`) DO UPDATE SET `mysql_type` = :datatype
			 | parameters: wp_wmip2c_conditions, active, tinyint(1)</li>
<li>Executing: INSERT INTO _mysql_data_types_cache (`table`, `column_or_index`, `mysql_type`)
				VALUES (:table, :column, :datatype)
				ON CONFLICT(`table`, `column_or_index`) DO UPDATE SET `mysql_type` = :datatype
			 | parameters: wp_wmip2c_conditions, field_id, bigint(20) unsigned</li>
<li>Executing: INSERT INTO _mysql_data_types_cache (`table`, `column_or_index`, `mysql_type`)
				VALUES (:table, :column, :datatype)
				ON CONFLICT(`table`, `column_or_index`) DO UPDATE SET `mysql_type` = :datatype
			 | parameters: wp_wmip2c_conditions, default_content_id, bigint(20) unsigned</li>
<li>Executing: INSERT INTO _mysql_data_types_cache (`table`, `column_or_index`, `mysql_type`)
				VALUES (:table, :column, :datatype)
				ON CONFLICT(`table`, `column_or_index`) DO UPDATE SET `mysql_type` = :datatype
			 | parameters: wp_wmip2c_conditions, hits, bigint(20) unsigned</li>
<li>Executing: INSERT INTO _mysql_data_types_cache (`table`, `column_or_index`, `mysql_type`)
				VALUES (:table, :column, :datatype)
				ON CONFLICT(`table`, `column_or_index`) DO UPDATE SET `mysql_type` = :datatype
			 | parameters: wp_wmip2c_conditions, created_at, datetime</li>
<li>Executing: INSERT INTO _mysql_data_types_cache (`table`, `column_or_index`, `mysql_type`)
				VALUES (:table, :column, :datatype)
				ON CONFLICT(`table`, `column_or_index`) DO UPDATE SET `mysql_type` = :datatype
			 | parameters: wp_wmip2c_conditions, updated_at, datetime</li>
<li>Executing: 
            CREATE TABLE &quot;wp_wmip2c_conditions&quot; (
&quot;id&quot; integer PRIMARY KEY AUTOINCREMENT NOT NULL ON CONFLICT REPLACE DEFAULT 0,
&quot;label&quot; text NOT NULL ON CONFLICT REPLACE DEFAULT &#039;&#039; COLLATE NOCASE,
&quot;active&quot; integer NOT NULL ON CONFLICT REPLACE DEFAULT 0,
&quot;field_id&quot; integer NOT NULL ON CONFLICT REPLACE DEFAULT 0,
&quot;default_content_id&quot; integer DEFAULT NULL,
&quot;hits&quot; integer NOT NULL ON CONFLICT REPLACE DEFAULT 0,
&quot;created_at&quot; text DEFAULT NULL COLLATE NOCASE,
&quot;updated_at&quot; text DEFAULT NULL COLLATE NOCASE) | (no parameters)</li>
<li>Executing: CREATE  INDEX &quot;wp_wmip2c_conditions__wp_wmip2c_conditions_field_id_foreign&quot; ON &quot;wp_wmip2c_conditions&quot; (&quot;field_id&quot;) | (no parameters)</li>
<li>Executing: INSERT INTO _mysql_data_types_cache (`table`, `column_or_index`, `mysql_type`)
				VALUES (:table, :column, :datatype)
				ON CONFLICT(`table`, `column_or_index`) DO UPDATE SET `mysql_type` = :datatype
			 | parameters: wp_wmip2c_conditions, wp_wmip2c_conditions__wp_wmip2c_conditions_field_id_foreign, KEY</li>
<li>Executing: CREATE  INDEX &quot;wp_wmip2c_conditions__wp_wmip2c_conditions_hits_index&quot; ON &quot;wp_wmip2c_conditions&quot; (&quot;hits&quot;) | (no parameters)</li>
<li>Executing: INSERT INTO _mysql_data_types_cache (`table`, `column_or_index`, `mysql_type`)
				VALUES (:table, :column, :datatype)
				ON CONFLICT(`table`, `column_or_index`) DO UPDATE SET `mysql_type` = :datatype
			 | parameters: wp_wmip2c_conditions, wp_wmip2c_conditions__wp_wmip2c_conditions_hits_index, KEY</li>
<li>Executing: CREATE  INDEX &quot;wp_wmip2c_conditions__&quot; ON &quot;wp_wmip2c_conditions&quot; (&quot;&quot;) | (no parameters)</li>
<li>Executing: INSERT INTO _mysql_data_types_cache (`table`, `column_or_index`, `mysql_type`)
				VALUES (:table, :column, :datatype)
				ON CONFLICT(`table`, `column_or_index`) DO UPDATE SET `mysql_type` = :datatype
			 | parameters: wp_wmip2c_conditions, wp_wmip2c_conditions__, </li>
<li>Executing: ROLLBACK | (no parameters)</li>
</ol>
</div>
<div style="clear:both;margin-bottom:2px;border:red dotted thin;" class="error_message" style="border-bottom:dotted blue thin;">
Error occurred at line 3786 in Function <code>handle_error</code>. Error message was: SQLSTATE[23000]: Integrity constraint violation: 19 NOT NULL constraint failed: _mysql_data_types_cache.mysql_type.
</div>
<p>Backtrace:</p>
<pre>#0 /internal/shared/sqlite-database-integration/wp-includes/sqlite/class-wp-sqlite-db.php(287): WP_SQLite_Translator->get_error_message()
#1 /wordpress/wp-content/plugins/ip2content/Database/Migrations/CreateConditionsTableMigration.php(18): WP_SQLite_DB->query('\n            CR...')
#2 /wordpress/wp-content/plugins/ip2content/Database/Migrations/Components/AbstractDatabaseMigrations.php(14): WMIP2C\Database\Migrations\CreateConditionsTableMigration->up()
#3 /wordpress/wp-content/plugins/ip2content/Common/PluginHooks.php(29): WMIP2C\Database\Migrations\Components\AbstractDatabaseMigrations->run()
#4 /wordpress/wp-includes/class-wp-hook.php(324): WMIP2C\Common\PluginHooks->activationHook(false)
#5 /wordpress/wp-includes/class-wp-hook.php(348): WP_Hook->apply_filters('', Array)
#6 /wordpress/wp-includes/plugin.php(517): WP_Hook->do_action(Array)
#7 /wordpress/wp-admin/includes/plugin.php(703): do_action('activate_ip2con...', false)
#8 /internal/eval.php(20): activate_plugin('ip2content/wmip...')
#9 {main}</pre>
 for query 
            CREATE TABLE `wp_wmip2c_conditions` (
                `id` bigint(20) unsigned NOT NULL AUTO_INCREMENT,
                `label` varchar(255) NOT NULL,
                `active` tinyint(1) NOT NULL DEFAULT 0,
                `field_id` bigint(20) unsigned NOT NULL,
                `default_content_id` bigint(20) unsigned DEFAULT NULL,
                `hits` bigint(20) unsigned NOT NULL DEFAULT 0,
                `created_at` datetime NULL DEFAULT NULL,
                `updated_at` datetime NULL DEFAULT NULL,
                PRIMARY KEY (`id`),
                KEY `wp_wmip2c_conditions_field_id_foreign` (`field_id`),
                KEY `wp_wmip2c_conditions_hits_index` (`hits`),
                    CONSTRAINT `wp_wmip2c_conditions_field_id_foreign` FOREIGN KEY (`field_id`) REFERENCES `wp_wmip2c_fields` (`id`)
            )
         made by activate_plugin, do_action('activate_ip2content/wmip2c.php'), WP_Hook->do_action, WP_Hook->apply_filters, WMIP2C\Common\PluginHooks->activationHook, WMIP2C\Database\Migrations\Components\AbstractDatabaseMigrations->run, WMIP2C\Database\Migrations\CreateConditionsTableMigration->up, WP_SQLite_DB->query, WP_SQLite_DB->print_error
[20-Nov-2024 00:06:38 UTC] WordPress database error <div style="clear:both">&nbsp;</div>
<div class="queries" style="clear:both;margin-bottom:2px;border:red dotted thin;">
<p>MySQL query:</p>
<p>
            CREATE TABLE `wp_wmip2c_condition_combinations` (
                `id` bigint(20) unsigned NOT NULL AUTO_INCREMENT,
                `condition_id` bigint(20) unsigned NOT NULL,
                `value` varchar(255) NOT NULL,
                `content_id` bigint(20) unsigned DEFAULT NULL,
                `operator_id` bigint(20) unsigned NOT NULL,
                `order` int(10) unsigned NOT NULL,
                PRIMARY KEY (`id`),
                KEY `wp_wmip2c_condition_combinations_operator_id_foreign` (`operator_id`),
                CONSTRAINT `wp_wmip2c_condition_combinations_operator_id_foreign` FOREIGN KEY (`operator_id`) REFERENCES `wp_wmip2c_operators` (`id`),
                KEY `wp_wmip2c_condition_combinations_condition_id_foreign` (`condition_id`),
                CONSTRAINT `wp_wmip2c_condition_combinations_condition_id_foreign` FOREIGN KEY (`condition_id`) REFERENCES `wp_wmip2c_conditions` (`id`) ON DELETE CASCADE
            )
        </p>
<p>Queries made or created this session were:</p>
<ol>
<li>Executing: BEGIN | (no parameters)</li>
<li>Executing: INSERT INTO _mysql_data_types_cache (`table`, `column_or_index`, `mysql_type`)
				VALUES (:table, :column, :datatype)
				ON CONFLICT(`table`, `column_or_index`) DO UPDATE SET `mysql_type` = :datatype
			 | parameters: wp_wmip2c_condition_combinations, id, bigint(20) unsigned</li>
<li>Executing: INSERT INTO _mysql_data_types_cache (`table`, `column_or_index`, `mysql_type`)
				VALUES (:table, :column, :datatype)
				ON CONFLICT(`table`, `column_or_index`) DO UPDATE SET `mysql_type` = :datatype
			 | parameters: wp_wmip2c_condition_combinations, condition_id, bigint(20) unsigned</li>
<li>Executing: INSERT INTO _mysql_data_types_cache (`table`, `column_or_index`, `mysql_type`)
				VALUES (:table, :column, :datatype)
				ON CONFLICT(`table`, `column_or_index`) DO UPDATE SET `mysql_type` = :datatype
			 | parameters: wp_wmip2c_condition_combinations, value, varchar(255)</li>
<li>Executing: INSERT INTO _mysql_data_types_cache (`table`, `column_or_index`, `mysql_type`)
				VALUES (:table, :column, :datatype)
				ON CONFLICT(`table`, `column_or_index`) DO UPDATE SET `mysql_type` = :datatype
			 | parameters: wp_wmip2c_condition_combinations, content_id, bigint(20) unsigned</li>
<li>Executing: INSERT INTO _mysql_data_types_cache (`table`, `column_or_index`, `mysql_type`)
				VALUES (:table, :column, :datatype)
				ON CONFLICT(`table`, `column_or_index`) DO UPDATE SET `mysql_type` = :datatype
			 | parameters: wp_wmip2c_condition_combinations, operator_id, bigint(20) unsigned</li>
<li>Executing: INSERT INTO _mysql_data_types_cache (`table`, `column_or_index`, `mysql_type`)
				VALUES (:table, :column, :datatype)
				ON CONFLICT(`table`, `column_or_index`) DO UPDATE SET `mysql_type` = :datatype
			 | parameters: wp_wmip2c_condition_combinations, order, int(10) unsigned</li>
<li>Executing: 
            CREATE TABLE &quot;wp_wmip2c_condition_combinations&quot; (
&quot;id&quot; integer PRIMARY KEY AUTOINCREMENT NOT NULL ON CONFLICT REPLACE DEFAULT 0,
&quot;condition_id&quot; integer NOT NULL ON CONFLICT REPLACE DEFAULT 0,
&quot;value&quot; text NOT NULL ON CONFLICT REPLACE DEFAULT &#039;&#039; COLLATE NOCASE,
&quot;content_id&quot; integer DEFAULT NULL,
&quot;operator_id&quot; integer NOT NULL ON CONFLICT REPLACE DEFAULT 0,
&quot;order&quot; integer NOT NULL ON CONFLICT REPLACE DEFAULT 0) | (no parameters)</li>
<li>Executing: CREATE  INDEX &quot;wp_wmip2c_condition_combinations__wp_wmip2c_condition_combinations_operator_id_foreign&quot; ON &quot;wp_wmip2c_condition_combinations&quot; (&quot;operator_id&quot;) | (no parameters)</li>
<li>Executing: INSERT INTO _mysql_data_types_cache (`table`, `column_or_index`, `mysql_type`)
				VALUES (:table, :column, :datatype)
				ON CONFLICT(`table`, `column_or_index`) DO UPDATE SET `mysql_type` = :datatype
			 | parameters: wp_wmip2c_condition_combinations, wp_wmip2c_condition_combinations__wp_wmip2c_condition_combinations_operator_id_foreign, KEY</li>
<li>Executing: CREATE  INDEX &quot;wp_wmip2c_condition_combinations__&quot; ON &quot;wp_wmip2c_condition_combinations&quot; (&quot;&quot;) | (no parameters)</li>
<li>Executing: INSERT INTO _mysql_data_types_cache (`table`, `column_or_index`, `mysql_type`)
				VALUES (:table, :column, :datatype)
				ON CONFLICT(`table`, `column_or_index`) DO UPDATE SET `mysql_type` = :datatype
			 | parameters: wp_wmip2c_condition_combinations, wp_wmip2c_condition_combinations__, </li>
<li>Executing: ROLLBACK | (no parameters)</li>
</ol>
</div>
<div style="clear:both;margin-bottom:2px;border:red dotted thin;" class="error_message" style="border-bottom:dotted blue thin;">
Error occurred at line 3786 in Function <code>handle_error</code>. Error message was: SQLSTATE[23000]: Integrity constraint violation: 19 NOT NULL constraint failed: _mysql_data_types_cache.mysql_type.
</div>
<p>Backtrace:</p>
<pre>#0 /internal/shared/sqlite-database-integration/wp-includes/sqlite/class-wp-sqlite-db.php(287): WP_SQLite_Translator->get_error_message()
#1 /wordpress/wp-content/plugins/ip2content/Database/Migrations/CreateConditionCombinationsTableMigration.php(19): WP_SQLite_DB->query('\n            CR...')
#2 /wordpress/wp-content/plugins/ip2content/Database/Migrations/Components/AbstractDatabaseMigrations.php(14): WMIP2C\Database\Migrations\CreateConditionCombinationsTableMigration->up()
#3 /wordpress/wp-content/plugins/ip2content/Common/PluginHooks.php(29): WMIP2C\Database\Migrations\Components\AbstractDatabaseMigrations->run()
#4 /wordpress/wp-includes/class-wp-hook.php(324): WMIP2C\Common\PluginHooks->activationHook(false)
#5 /wordpress/wp-includes/class-wp-hook.php(348): WP_Hook->apply_filters('', Array)
#6 /wordpress/wp-includes/plugin.php(517): WP_Hook->do_action(Array)
#7 /wordpress/wp-admin/includes/plugin.php(703): do_action('activate_ip2con...', false)
#8 /internal/eval.php(20): activate_plugin('ip2content/wmip...')
#9 {main}</pre>
 for query 
            CREATE TABLE `wp_wmip2c_condition_combinations` (
                `id` bigint(20) unsigned NOT NULL AUTO_INCREMENT,
                `condition_id` bigint(20) unsigned NOT NULL,
                `value` varchar(255) NOT NULL,
                `content_id` bigint(20) unsigned DEFAULT NULL,
                `operator_id` bigint(20) unsigned NOT NULL,
                `order` int(10) unsigned NOT NULL,
                PRIMARY KEY (`id`),
                KEY `wp_wmip2c_condition_combinations_operator_id_foreign` (`operator_id`),
                CONSTRAINT `wp_wmip2c_condition_combinations_operator_id_foreign` FOREIGN KEY (`operator_id`) REFERENCES `wp_wmip2c_operators` (`id`),
                KEY `wp_wmip2c_condition_combinations_condition_id_foreign` (`condition_id`),
                CONSTRAINT `wp_wmip2c_condition_combinations_condition_id_foreign` FOREIGN KEY (`condition_id`) REFERENCES `wp_wmip2c_conditions` (`id`) ON DELETE CASCADE
            )
         made by activate_plugin, do_action('activate_ip2content/wmip2c.php'), WP_Hook->do_action, WP_Hook->apply_filters, WMIP2C\Common\PluginHooks->activationHook, WMIP2C\Database\Migrations\Components\AbstractDatabaseMigrations->run, WMIP2C\Database\Migrations\CreateConditionCombinationsTableMigration->up, WP_SQLite_DB->query, WP_SQLite_DB->print_error
[20-Nov-2024 00:06:38 UTC] WordPress database error <div style="clear:both">&nbsp;</div>
<div class="queries" style="clear:both;margin-bottom:2px;border:red dotted thin;">
<p>MySQL query:</p>
<p>INSERT INTO `wp_wmip2c_fields` (`alias`, `source`, `default_operator_id`) VALUES ('branch_code', 'ip2c', '15')</p>
<p>Queries made or created this session were:</p>
<ol>
<li>Executing: BEGIN | (no parameters)</li>
<li>Executing: INSERT INTO `wp_wmip2c_fields` (`alias`, `source`, `default_operator_id`) VALUES (:param0 , :param1 , :param2 ) | parameters: branch_code, ip2c, 15</li>
<li>Executing: ROLLBACK | (no parameters)</li>
</ol>
</div>
<div style="clear:both;margin-bottom:2px;border:red dotted thin;" class="error_message" style="border-bottom:dotted blue thin;">
Error occurred at line 3786 in Function <code>handle_error</code>. Error message was: SQLSTATE[HY000]: General error: 1 no such table: wp_wmip2c_fields.
</div>
<p>Backtrace:</p>
<pre>#0 /internal/shared/sqlite-database-integration/wp-includes/sqlite/class-wp-sqlite-db.php(287): WP_SQLite_Translator->get_error_message()
#1 /wordpress/wp-includes/class-wpdb.php(2609): WP_SQLite_DB->query('INSERT INTO `wp...')
#2 /wordpress/wp-includes/class-wpdb.php(2498): wpdb->_insert_replace_helper('wp_wmip2c_field...', Array, NULL, 'INSERT')
#3 /wordpress/wp-content/plugins/ip2content/Database/Seeders/FieldsSeeder.php(32): wpdb->insert('wp_wmip2c_field...', Array)
#4 /wordpress/wp-content/plugins/ip2content/Database/Seeders/Components/AbstractDatabaseSeeders.php(14): WMIP2C\Database\Seeders\FieldsSeeder->run()
#5 /wordpress/wp-content/plugins/ip2content/Common/PluginHooks.php(30): WMIP2C\Database\Seeders\Components\AbstractDatabaseSeeders->run()
#6 /wordpress/wp-includes/class-wp-hook.php(324): WMIP2C\Common\PluginHooks->activationHook(false)
#7 /wordpress/wp-includes/class-wp-hook.php(348): WP_Hook->apply_filters('', Array)
#8 /wordpress/wp-includes/plugin.php(517): WP_Hook->do_action(Array)
#9 /wordpress/wp-admin/includes/plugin.php(703): do_action('activate_ip2con...', false)
#10 /internal/eval.php(20): activate_plugin('ip2content/wmip...')
#11 {main}</pre>
 for query INSERT INTO `wp_wmip2c_fields` (`alias`, `source`, `default_operator_id`) VALUES ('branch_code', 'ip2c', '15') made by activate_plugin, do_action('activate_ip2content/wmip2c.php'), WP_Hook->do_action, WP_Hook->apply_filters, WMIP2C\Common\PluginHooks->activationHook, WMIP2C\Database\Seeders\Components\AbstractDatabaseSeeders->run, WMIP2C\Database\Seeders\FieldsSeeder->run, WP_SQLite_DB->query, WP_SQLite_DB->print_error
[20-Nov-2024 00:06:38 UTC] WordPress database error <div style="clear:both">&nbsp;</div>
<div class="queries" style="clear:both;margin-bottom:2px;border:red dotted thin;">
<p>MySQL query:</p>
<p>INSERT INTO `wp_wmip2c_fields` (`alias`, `source`, `default_operator_id`) VALUES ('name', 'ip2c', '1')</p>
<p>Queries made or created this session were:</p>
<ol>
<li>Executing: BEGIN | (no parameters)</li>
<li>Executing: INSERT INTO `wp_wmip2c_fields` (`alias`, `source`, `default_operator_id`) VALUES (:param0 , :param1 , :param2 ) | parameters: name, ip2c, 1</li>
<li>Executing: ROLLBACK | (no parameters)</li>
</ol>
</div>
<div style="clear:both;margin-bottom:2px;border:red dotted thin;" class="error_message" style="border-bottom:dotted blue thin;">
Error occurred at line 3786 in Function <code>handle_error</code>. Error message was: SQLSTATE[HY000]: General error: 1 no such table: wp_wmip2c_fields.
</div>
<p>Backtrace:</p>
<pre>#0 /internal/shared/sqlite-database-integration/wp-includes/sqlite/class-wp-sqlite-db.php(287): WP_SQLite_Translator->get_error_message()
#1 /wordpress/wp-includes/class-wpdb.php(2609): WP_SQLite_DB->query('INSERT INTO `wp...')
#2 /wordpress/wp-includes/class-wpdb.php(2498): wpdb->_insert_replace_helper('wp_wmip2c_field...', Array, NULL, 'INSERT')
#3 /wordpress/wp-content/plugins/ip2content/Database/Seeders/FieldsSeeder.php(32): wpdb->insert('wp_wmip2c_field...', Array)
#4 /wordpress/wp-content/plugins/ip2content/Database/Seeders/Components/AbstractDatabaseSeeders.php(14): WMIP2C\Database\Seeders\FieldsSeeder->run()
#5 /wordpress/wp-content/plugins/ip2content/Common/PluginHooks.php(30): WMIP2C\Database\Seeders\Components\AbstractDatabaseSeeders->run()
#6 /wordpress/wp-includes/class-wp-hook.php(324): WMIP2C\Common\PluginHooks->activationHook(false)
#7 /wordpress/wp-includes/class-wp-hook.php(348): WP_Hook->apply_filters('', Array)
#8 /wordpress/wp-includes/plugin.php(517): WP_Hook->do_action(Array)
#9 /wordpress/wp-admin/includes/plugin.php(703): do_action('activate_ip2con...', false)
#10 /internal/eval.php(20): activate_plugin('ip2content/wmip...')
#11 {main}</pre>
 for query INSERT INTO `wp_wmip2c_fields` (`alias`, `source`, `default_operator_id`) VALUES ('name', 'ip2c', '1') made by activate_plugin, do_action('activate_ip2content/wmip2c.php'), WP_Hook->do_action, WP_Hook->apply_filters, WMIP2C\Common\PluginHooks->activationHook, WMIP2C\Database\Seeders\Components\AbstractDatabaseSeeders->run, WMIP2C\Database\Seeders\FieldsSeeder->run, WP_SQLite_DB->query, WP_SQLite_DB->print_error
[20-Nov-2024 00:06:38 UTC] WordPress database error <div style="clear:both">&nbsp;</div>
<div class="queries" style="clear:both;margin-bottom:2px;border:red dotted thin;">
<p>MySQL query:</p>
<p>INSERT INTO `wp_wmip2c_fields` (`alias`, `source`, `default_operator_id`) VALUES ('size_class', 'ip2c', '1')</p>
<p>Queries made or created this session were:</p>
<ol>
<li>Executing: BEGIN | (no parameters)</li>
<li>Executing: INSERT INTO `wp_wmip2c_fields` (`alias`, `source`, `default_operator_id`) VALUES (:param0 , :param1 , :param2 ) | parameters: size_class, ip2c, 1</li>
<li>Executing: ROLLBACK | (no parameters)</li>
</ol>
</div>
<div style="clear:both;margin-bottom:2px;border:red dotted thin;" class="error_message" style="border-bottom:dotted blue thin;">
Error occurred at line 3786 in Function <code>handle_error</code>. Error message was: SQLSTATE[HY000]: General error: 1 no such table: wp_wmip2c_fields.
</div>
<p>Backtrace:</p>
<pre>#0 /internal/shared/sqlite-database-integration/wp-includes/sqlite/class-wp-sqlite-db.php(287): WP_SQLite_Translator->get_error_message()
#1 /wordpress/wp-includes/class-wpdb.php(2609): WP_SQLite_DB->query('INSERT INTO `wp...')
#2 /wordpress/wp-includes/class-wpdb.php(2498): wpdb->_insert_replace_helper('wp_wmip2c_field...', Array, NULL, 'INSERT')
#3 /wordpress/wp-content/plugins/ip2content/Database/Seeders/FieldsSeeder.php(32): wpdb->insert('wp_wmip2c_field...', Array)
#4 /wordpress/wp-content/plugins/ip2content/Database/Seeders/Components/AbstractDatabaseSeeders.php(14): WMIP2C\Database\Seeders\FieldsSeeder->run()
#5 /wordpress/wp-content/plugins/ip2content/Common/PluginHooks.php(30): WMIP2C\Database\Seeders\Components\AbstractDatabaseSeeders->run()
#6 /wordpress/wp-includes/class-wp-hook.php(324): WMIP2C\Common\PluginHooks->activationHook(false)
#7 /wordpress/wp-includes/class-wp-hook.php(348): WP_Hook->apply_filters('', Array)
#8 /wordpress/wp-includes/plugin.php(517): WP_Hook->do_action(Array)
#9 /wordpress/wp-admin/includes/plugin.php(703): do_action('activate_ip2con...', false)
#10 /internal/eval.php(20): activate_plugin('ip2content/wmip...')
#11 {main}</pre>
 for query INSERT INTO `wp_wmip2c_fields` (`alias`, `source`, `default_operator_id`) VALUES ('size_class', 'ip2c', '1') made by activate_plugin, do_action('activate_ip2content/wmip2c.php'), WP_Hook->do_action, WP_Hook->apply_filters, WMIP2C\Common\PluginHooks->activationHook, WMIP2C\Database\Seeders\Components\AbstractDatabaseSeeders->run, WMIP2C\Database\Seeders\FieldsSeeder->run, WP_SQLite_DB->query, WP_SQLite_DB->print_error
[20-Nov-2024 00:06:38 UTC] WordPress database error <div style="clear:both">&nbsp;</div>
<div class="queries" style="clear:both;margin-bottom:2px;border:red dotted thin;">
<p>MySQL query:</p>
<p>INSERT INTO `wp_wmip2c_fields` (`alias`, `source`, `default_operator_id`) VALUES ('country_code', 'ip2c', '1')</p>
<p>Queries made or created this session were:</p>
<ol>
<li>Executing: BEGIN | (no parameters)</li>
<li>Executing: INSERT INTO `wp_wmip2c_fields` (`alias`, `source`, `default_operator_id`) VALUES (:param0 , :param1 , :param2 ) | parameters: country_code, ip2c, 1</li>
<li>Executing: ROLLBACK | (no parameters)</li>
</ol>
</div>
<div style="clear:both;margin-bottom:2px;border:red dotted thin;" class="error_message" style="border-bottom:dotted blue thin;">
Error occurred at line 3786 in Function <code>handle_error</code>. Error message was: SQLSTATE[HY000]: General error: 1 no such table: wp_wmip2c_fields.
</div>
<p>Backtrace:</p>
<pre>#0 /internal/shared/sqlite-database-integration/wp-includes/sqlite/class-wp-sqlite-db.php(287): WP_SQLite_Translator->get_error_message()
#1 /wordpress/wp-includes/class-wpdb.php(2609): WP_SQLite_DB->query('INSERT INTO `wp...')
#2 /wordpress/wp-includes/class-wpdb.php(2498): wpdb->_insert_replace_helper('wp_wmip2c_field...', Array, NULL, 'INSERT')
#3 /wordpress/wp-content/plugins/ip2content/Database/Seeders/FieldsSeeder.php(32): wpdb->insert('wp_wmip2c_field...', Array)
#4 /wordpress/wp-content/plugins/ip2content/Database/Seeders/Components/AbstractDatabaseSeeders.php(14): WMIP2C\Database\Seeders\FieldsSeeder->run()
#5 /wordpress/wp-content/plugins/ip2content/Common/PluginHooks.php(30): WMIP2C\Database\Seeders\Components\AbstractDatabaseSeeders->run()
#6 /wordpress/wp-includes/class-wp-hook.php(324): WMIP2C\Common\PluginHooks->activationHook(false)
#7 /wordpress/wp-includes/class-wp-hook.php(348): WP_Hook->apply_filters('', Array)
#8 /wordpress/wp-includes/plugin.php(517): WP_Hook->do_action(Array)
#9 /wordpress/wp-admin/includes/plugin.php(703): do_action('activate_ip2con...', false)
#10 /internal/eval.php(20): activate_plugin('ip2content/wmip...')
#11 {main}</pre>
 for query INSERT INTO `wp_wmip2c_fields` (`alias`, `source`, `default_operator_id`) VALUES ('country_code', 'ip2c', '1') made by activate_plugin, do_action('activate_ip2content/wmip2c.php'), WP_Hook->do_action, WP_Hook->apply_filters, WMIP2C\Common\PluginHooks->activationHook, WMIP2C\Database\Seeders\Components\AbstractDatabaseSeeders->run, WMIP2C\Database\Seeders\FieldsSeeder->run, WP_SQLite_DB->query, WP_SQLite_DB->print_error
[20-Nov-2024 00:06:38 UTC] WordPress database error <div style="clear:both">&nbsp;</div>
<div class="queries" style="clear:both;margin-bottom:2px;border:red dotted thin;">
<p>MySQL query:</p>
<p>INSERT INTO `wp_wmip2c_fields` (`alias`, `source`, `default_operator_id`) VALUES ('zip', 'ip2c', '6')</p>
<p>Queries made or created this session were:</p>
<ol>
<li>Executing: BEGIN | (no parameters)</li>
<li>Executing: INSERT INTO `wp_wmip2c_fields` (`alias`, `source`, `default_operator_id`) VALUES (:param0 , :param1 , :param2 ) | parameters: zip, ip2c, 6</li>
<li>Executing: ROLLBACK | (no parameters)</li>
</ol>
</div>
<div style="clear:both;margin-bottom:2px;border:red dotted thin;" class="error_message" style="border-bottom:dotted blue thin;">
Error occurred at line 3786 in Function <code>handle_error</code>. Error message was: SQLSTATE[HY000]: General error: 1 no such table: wp_wmip2c_fields.
</div>
<p>Backtrace:</p>
<pre>#0 /internal/shared/sqlite-database-integration/wp-includes/sqlite/class-wp-sqlite-db.php(287): WP_SQLite_Translator->get_error_message()
#1 /wordpress/wp-includes/class-wpdb.php(2609): WP_SQLite_DB->query('INSERT INTO `wp...')
#2 /wordpress/wp-includes/class-wpdb.php(2498): wpdb->_insert_replace_helper('wp_wmip2c_field...', Array, NULL, 'INSERT')
#3 /wordpress/wp-content/plugins/ip2content/Database/Seeders/FieldsSeeder.php(32): wpdb->insert('wp_wmip2c_field...', Array)
#4 /wordpress/wp-content/plugins/ip2content/Database/Seeders/Components/AbstractDatabaseSeeders.php(14): WMIP2C\Database\Seeders\FieldsSeeder->run()
#5 /wordpress/wp-content/plugins/ip2content/Common/PluginHooks.php(30): WMIP2C\Database\Seeders\Components\AbstractDatabaseSeeders->run()
#6 /wordpress/wp-includes/class-wp-hook.php(324): WMIP2C\Common\PluginHooks->activationHook(false)
#7 /wordpress/wp-includes/class-wp-hook.php(348): WP_Hook->apply_filters('', Array)
#8 /wordpress/wp-includes/plugin.php(517): WP_Hook->do_action(Array)
#9 /wordpress/wp-admin/includes/plugin.php(703): do_action('activate_ip2con...', false)
#10 /internal/eval.php(20): activate_plugin('ip2content/wmip...')
#11 {main}</pre>
 for query INSERT INTO `wp_wmip2c_fields` (`alias`, `source`, `default_operator_id`) VALUES ('zip', 'ip2c', '6') made by activate_plugin, do_action('activate_ip2content/wmip2c.php'), WP_Hook->do_action, WP_Hook->apply_filters, WMIP2C\Common\PluginHooks->activationHook, WMIP2C\Database\Seeders\Components\AbstractDatabaseSeeders->run, WMIP2C\Database\Seeders\FieldsSeeder->run, WP_SQLite_DB->query, WP_SQLite_DB->print_error
[20-Nov-2024 00:06:38 UTC] WordPress database error <div style="clear:both">&nbsp;</div>
<div class="queries" style="clear:both;margin-bottom:2px;border:red dotted thin;">
<p>MySQL query:</p>
<p>INSERT INTO `wp_wmip2c_fields` (`alias`, `source`, `default_operator_id`) VALUES ('domain', 'ip2c', '1')</p>
<p>Queries made or created this session were:</p>
<ol>
<li>Executing: BEGIN | (no parameters)</li>
<li>Executing: INSERT INTO `wp_wmip2c_fields` (`alias`, `source`, `default_operator_id`) VALUES (:param0 , :param1 , :param2 ) | parameters: domain, ip2c, 1</li>
<li>Executing: ROLLBACK | (no parameters)</li>
</ol>
</div>
<div style="clear:both;margin-bottom:2px;border:red dotted thin;" class="error_message" style="border-bottom:dotted blue thin;">
Error occurred at line 3786 in Function <code>handle_error</code>. Error message was: SQLSTATE[HY000]: General error: 1 no such table: wp_wmip2c_fields.
</div>
<p>Backtrace:</p>
<pre>#0 /internal/shared/sqlite-database-integration/wp-includes/sqlite/class-wp-sqlite-db.php(287): WP_SQLite_Translator->get_error_message()
#1 /wordpress/wp-includes/class-wpdb.php(2609): WP_SQLite_DB->query('INSERT INTO `wp...')
#2 /wordpress/wp-includes/class-wpdb.php(2498): wpdb->_insert_replace_helper('wp_wmip2c_field...', Array, NULL, 'INSERT')
#3 /wordpress/wp-content/plugins/ip2content/Database/Seeders/FieldsSeeder.php(32): wpdb->insert('wp_wmip2c_field...', Array)
#4 /wordpress/wp-content/plugins/ip2content/Database/Seeders/Components/AbstractDatabaseSeeders.php(14): WMIP2C\Database\Seeders\FieldsSeeder->run()
#5 /wordpress/wp-content/plugins/ip2content/Common/PluginHooks.php(30): WMIP2C\Database\Seeders\Components\AbstractDatabaseSeeders->run()
#6 /wordpress/wp-includes/class-wp-hook.php(324): WMIP2C\Common\PluginHooks->activationHook(false)
#7 /wordpress/wp-includes/class-wp-hook.php(348): WP_Hook->apply_filters('', Array)
#8 /wordpress/wp-includes/plugin.php(517): WP_Hook->do_action(Array)
#9 /wordpress/wp-admin/includes/plugin.php(703): do_action('activate_ip2con...', false)
#10 /internal/eval.php(20): activate_plugin('ip2content/wmip...')
#11 {main}</pre>
 for query INSERT INTO `wp_wmip2c_fields` (`alias`, `source`, `default_operator_id`) VALUES ('domain', 'ip2c', '1') made by activate_plugin, do_action('activate_ip2content/wmip2c.php'), WP_Hook->do_action, WP_Hook->apply_filters, WMIP2C\Common\PluginHooks->activationHook, WMIP2C\Database\Seeders\Components\AbstractDatabaseSeeders->run, WMIP2C\Database\Seeders\FieldsSeeder->run, WP_SQLite_DB->query, WP_SQLite_DB->print_error
[20-Nov-2024 00:06:38 UTC] WordPress database error <div style="clear:both">&nbsp;</div>
<div class="queries" style="clear:both;margin-bottom:2px;border:red dotted thin;">
<p>MySQL query:</p>
<p>INSERT INTO `wp_wmip2c_fields` (`alias`, `source`, `default_operator_id`) VALUES ('revenue_class', 'ip2c', '1')</p>
<p>Queries made or created this session were:</p>
<ol>
<li>Executing: BEGIN | (no parameters)</li>
<li>Executing: INSERT INTO `wp_wmip2c_fields` (`alias`, `source`, `default_operator_id`) VALUES (:param0 , :param1 , :param2 ) | parameters: revenue_class, ip2c, 1</li>
<li>Executing: ROLLBACK | (no parameters)</li>
</ol>
</div>
<div style="clear:both;margin-bottom:2px;border:red dotted thin;" class="error_message" style="border-bottom:dotted blue thin;">
Error occurred at line 3786 in Function <code>handle_error</code>. Error message was: SQLSTATE[HY000]: General error: 1 no such table: wp_wmip2c_fields.
</div>
<p>Backtrace:</p>
<pre>#0 /internal/shared/sqlite-database-integration/wp-includes/sqlite/class-wp-sqlite-db.php(287): WP_SQLite_Translator->get_error_message()
#1 /wordpress/wp-includes/class-wpdb.php(2609): WP_SQLite_DB->query('INSERT INTO `wp...')
#2 /wordpress/wp-includes/class-wpdb.php(2498): wpdb->_insert_replace_helper('wp_wmip2c_field...', Array, NULL, 'INSERT')
#3 /wordpress/wp-content/plugins/ip2content/Database/Seeders/FieldsSeeder.php(32): wpdb->insert('wp_wmip2c_field...', Array)
#4 /wordpress/wp-content/plugins/ip2content/Database/Seeders/Components/AbstractDatabaseSeeders.php(14): WMIP2C\Database\Seeders\FieldsSeeder->run()
#5 /wordpress/wp-content/plugins/ip2content/Common/PluginHooks.php(30): WMIP2C\Database\Seeders\Components\AbstractDatabaseSeeders->run()
#6 /wordpress/wp-includes/class-wp-hook.php(324): WMIP2C\Common\PluginHooks->activationHook(false)
#7 /wordpress/wp-includes/class-wp-hook.php(348): WP_Hook->apply_filters('', Array)
#8 /wordpress/wp-includes/plugin.php(517): WP_Hook->do_action(Array)
#9 /wordpress/wp-admin/includes/plugin.php(703): do_action('activate_ip2con...', false)
#10 /internal/eval.php(20): activate_plugin('ip2content/wmip...')
#11 {main}</pre>
 for query INSERT INTO `wp_wmip2c_fields` (`alias`, `source`, `default_operator_id`) VALUES ('revenue_class', 'ip2c', '1') made by activate_plugin, do_action('activate_ip2content/wmip2c.php'), WP_Hook->do_action, WP_Hook->apply_filters, WMIP2C\Common\PluginHooks->activationHook, WMIP2C\Database\Seeders\Components\AbstractDatabaseSeeders->run, WMIP2C\Database\Seeders\FieldsSeeder->run, WP_SQLite_DB->query, WP_SQLite_DB->print_error
[20-Nov-2024 00:06:38 UTC] WordPress database error <div style="clear:both">&nbsp;</div>
<div class="queries" style="clear:both;margin-bottom:2px;border:red dotted thin;">
<p>MySQL query:</p>
<p>INSERT INTO `wp_wmip2c_fields` (`alias`, `source`, `default_operator_id`) VALUES ('utm_tag', 'utm', '11')</p>
<p>Queries made or created this session were:</p>
<ol>
<li>Executing: BEGIN | (no parameters)</li>
<li>Executing: INSERT INTO `wp_wmip2c_fields` (`alias`, `source`, `default_operator_id`) VALUES (:param0 , :param1 , :param2 ) | parameters: utm_tag, utm, 11</li>
<li>Executing: ROLLBACK | (no parameters)</li>
</ol>
</div>
<div style="clear:both;margin-bottom:2px;border:red dotted thin;" class="error_message" style="border-bottom:dotted blue thin;">
Error occurred at line 3786 in Function <code>handle_error</code>. Error message was: SQLSTATE[HY000]: General error: 1 no such table: wp_wmip2c_fields.
</div>
<p>Backtrace:</p>
<pre>#0 /internal/shared/sqlite-database-integration/wp-includes/sqlite/class-wp-sqlite-db.php(287): WP_SQLite_Translator->get_error_message()
#1 /wordpress/wp-includes/class-wpdb.php(2609): WP_SQLite_DB->query('INSERT INTO `wp...')
#2 /wordpress/wp-includes/class-wpdb.php(2498): wpdb->_insert_replace_helper('wp_wmip2c_field...', Array, NULL, 'INSERT')
#3 /wordpress/wp-content/plugins/ip2content/Database/Seeders/FieldsSeeder.php(32): wpdb->insert('wp_wmip2c_field...', Array)
#4 /wordpress/wp-content/plugins/ip2content/Database/Seeders/Components/AbstractDatabaseSeeders.php(14): WMIP2C\Database\Seeders\FieldsSeeder->run()
#5 /wordpress/wp-content/plugins/ip2content/Common/PluginHooks.php(30): WMIP2C\Database\Seeders\Components\AbstractDatabaseSeeders->run()
#6 /wordpress/wp-includes/class-wp-hook.php(324): WMIP2C\Common\PluginHooks->activationHook(false)
#7 /wordpress/wp-includes/class-wp-hook.php(348): WP_Hook->apply_filters('', Array)
#8 /wordpress/wp-includes/plugin.php(517): WP_Hook->do_action(Array)
#9 /wordpress/wp-admin/includes/plugin.php(703): do_action('activate_ip2con...', false)
#10 /internal/eval.php(20): activate_plugin('ip2content/wmip...')
#11 {main}</pre>
 for query INSERT INTO `wp_wmip2c_fields` (`alias`, `source`, `default_operator_id`) VALUES ('utm_tag', 'utm', '11') made by activate_plugin, do_action('activate_ip2content/wmip2c.php'), WP_Hook->do_action, WP_Hook->apply_filters, WMIP2C\Common\PluginHooks->activationHook, WMIP2C\Database\Seeders\Components\AbstractDatabaseSeeders->run, WMIP2C\Database\Seeders\FieldsSeeder->run, WP_SQLite_DB->query, WP_SQLite_DB->print_error
[20-Nov-2024 00:06:38 UTC] WordPress database error <div style="clear:both">&nbsp;</div>
<div class="queries" style="clear:both;margin-bottom:2px;border:red dotted thin;">
<p>MySQL query:</p>
<p>SELECT * FROM wp_wmip2c_fields</p>
<p>Queries made or created this session were:</p>
<ol>
<li>Executing: BEGIN | (no parameters)</li>
<li>Executing: SELECT * FROM wp_wmip2c_fields | (no parameters)</li>
<li>Executing: ROLLBACK | (no parameters)</li>
</ol>
</div>
<div style="clear:both;margin-bottom:2px;border:red dotted thin;" class="error_message" style="border-bottom:dotted blue thin;">
Error occurred at line 3786 in Function <code>handle_error</code>. Error message was: SQLSTATE[HY000]: General error: 1 no such table: wp_wmip2c_fields.
</div>
<p>Backtrace:</p>
<pre>#0 /internal/shared/sqlite-database-integration/wp-includes/sqlite/class-wp-sqlite-db.php(287): WP_SQLite_Translator->get_error_message()
#1 /wordpress/wp-includes/class-wpdb.php(3141): WP_SQLite_DB->query('SELECT * FROM w...')
#2 /wordpress/wp-content/plugins/ip2content/Database/Seeders/FieldsValuesSeeder.php(25): wpdb->get_results('SELECT * FROM w...')
#3 /wordpress/wp-content/plugins/ip2content/Database/Seeders/Components/AbstractDatabaseSeeders.php(14): WMIP2C\Database\Seeders\FieldsValuesSeeder->__construct()
#4 /wordpress/wp-content/plugins/ip2content/Common/PluginHooks.php(30): WMIP2C\Database\Seeders\Components\AbstractDatabaseSeeders->run()
#5 /wordpress/wp-includes/class-wp-hook.php(324): WMIP2C\Common\PluginHooks->activationHook(false)
#6 /wordpress/wp-includes/class-wp-hook.php(348): WP_Hook->apply_filters('', Array)
#7 /wordpress/wp-includes/plugin.php(517): WP_Hook->do_action(Array)
#8 /wordpress/wp-admin/includes/plugin.php(703): do_action('activate_ip2con...', false)
#9 /internal/eval.php(20): activate_plugin('ip2content/wmip...')
#10 {main}</pre>
 for query SELECT * FROM wp_wmip2c_fields made by activate_plugin, do_action('activate_ip2content/wmip2c.php'), WP_Hook->do_action, WP_Hook->apply_filters, WMIP2C\Common\PluginHooks->activationHook, WMIP2C\Database\Seeders\Components\AbstractDatabaseSeeders->run, WMIP2C\Database\Seeders\FieldsValuesSeeder->__construct, WP_SQLite_DB->query, WP_SQLite_DB->print_error
[20-Nov-2024 00:06:38 UTC] PHP Warning:  Undefined array key "branch_code" in /wordpress/wp-content/plugins/ip2content/Database/Seeders/FieldsValuesSeeder.php on line 64
[20-Nov-2024 00:06:38 UTC] PHP Fatal error:  Uncaught Error: Call to a member function getId() on null in /wordpress/wp-content/plugins/ip2content/Database/Seeders/FieldsValuesSeeder.php:64
Stack trace:
#0 /wordpress/wp-content/plugins/ip2content/Database/Seeders/FieldsValuesSeeder.php(54): WMIP2C\Database\Seeders\FieldsValuesSeeder->getIndustryFieldValuesDump()
#1 /wordpress/wp-content/plugins/ip2content/Database/Seeders/FieldsValuesSeeder.php(44): WMIP2C\Database\Seeders\FieldsValuesSeeder->getDump()
#2 /wordpress/wp-content/plugins/ip2content/Database/Seeders/Components/AbstractDatabaseSeeders.php(14): WMIP2C\Database\Seeders\FieldsValuesSeeder->run()
#3 /wordpress/wp-content/plugins/ip2content/Common/PluginHooks.php(30): WMIP2C\Database\Seeders\Components\AbstractDatabaseSeeders->run()
#4 /wordpress/wp-includes/class-wp-hook.php(324): WMIP2C\Common\PluginHooks->activationHook(false)
#5 /wordpress/wp-includes/class-wp-hook.php(348): WP_Hook->apply_filters('', Array)
#6 /wordpress/wp-includes/plugin.php(517): WP_Hook->do_action(Array)
#7 /wordpress/wp-admin/includes/plugin.php(703): do_action('activate_ip2con...', false)
#8 /internal/eval.php(20): activate_plugin('ip2content/wmip...')
#9 {main}
  thrown in /wordpress/wp-content/plugins/ip2content/Database/Seeders/FieldsValuesSeeder.php on line 64

    at Object.onBind (file:///Users/bero/Projects/playground-tester/node_modules/@wp-playground/cli/cli.js:20:788)
    at async j (file:///Users/bero/Projects/playground-tester/node_modules/@wp-playground/cli/cli.js:1:1166) {
  [cause]: Error: Error when executing the blueprint step #0 ({"step":"installPlugin","pluginData":{"resource":"wordpress.org/plugins","slug":"ip2content"},"options":{"activate":true}}) : PHP.run() failed with exit code 255 and the following output: 
      at Object.run (file:///Users/bero/Projects/playground-tester/node_modules/@wp-playground/blueprints/index.js:12099:32)
      at async Qt (file:///Users/bero/Projects/playground-tester/node_modules/@wp-playground/blueprints/index.js:12200:3)
      at async Object.onBind (file:///Users/bero/Projects/playground-tester/node_modules/@wp-playground/cli/cli.js:20:453)
      at async j (file:///Users/bero/Projects/playground-tester/node_modules/@wp-playground/cli/cli.js:1:1166) {
    [cause]: PHPExecutionFailureError: PHP.run() failed with exit code 255 and the following output: 
        at PHP.run (file:///Users/bero/Projects/playground-tester/node_modules/@php-wasm/universal/index.js:979:19)
        at async gr (file:///Users/bero/Projects/playground-tester/node_modules/@wp-playground/blueprints/index.js:31:39)
        at async Object.at [as installPlugin] (file:///Users/bero/Projects/playground-tester/node_modules/@wp-playground/blueprints/index.js:877:42)
        at async d (file:///Users/bero/Projects/playground-tester/node_modules/@wp-playground/blueprints/index.js:12165:30)
        at async Object.run (file:///Users/bero/Projects/playground-tester/node_modules/@wp-playground/blueprints/index.js:12096:23)
        at async Qt (file:///Users/bero/Projects/playground-tester/node_modules/@wp-playground/blueprints/index.js:12200:3)
        at async Object.onBind (file:///Users/bero/Projects/playground-tester/node_modules/@wp-playground/cli/cli.js:20:453)
        at async j (file:///Users/bero/Projects/playground-tester/node_modules/@wp-playground/cli/cli.js:1:1166) {
      response: PHPResponse {
        httpStatusCode: 500,
        headers: {
          'x-powered-by': [ 'PHP/8.3.0-dev' ],
          'content-type': [ 'text/html; charset=UTF-8' ]
        },
        bytes: Uint8Array(0) [],
        exitCode: 255,
        errors: ''
      },
      source: 'request'
    }
  }
}

Node.js v18.18.2
