file:///Users/bero/Projects/playground-tester/node_modules/@wp-playground/cli/cli.js:20
`)},constants:R,phpIniEntries:{"openssl.cafile":"/internal/shared/ca-bundle.crt",allow_url_fopen:"1",disable_functions:""},hooks:{async beforeWordPressFiles(h){t.mountBeforeInstall&&p(h,t.mountBeforeInstall)}}});const v=await s.getPrimaryPhp();try{if(n&&!t.mountBeforeInstall&&g.writeFileSync(f,await q(v,"/wordpress")),t.mount&&p(v,t.mount),d=!0,u){const{php:h,reap:m}=await s.processManager.acquirePHPInstance();try{c.log("Running the Blueprint..."),await x(u,h),c.log("Finished running the blueprint")}finally{m()}}a==="build-snapshot"?(await r(t.outfile),c.log(`WordPress exported to ${t.outfile}`),process.exit(0)):a==="run-blueprint"?(c.log("Blueprint executed"),process.exit(0)):c.log(`WordPress is running on ${l}`)}catch(h){if(!t.debug)throw h;const m=v.readFileAsText(D);throw new Error(m,{cause:h})}},async handleRequest(o){return d?await s.request(o):I.forHttpCode(502,"WordPress is not ready yet")}})}Q();
                                                                                                                                                                                                                                                                                                                                                                                                                                                                                                                                                                                                                                                                                                                                                                                                                   ^

Error: [19-Nov-2024 20:22:03 UTC] PHP Deprecated:  Using ${var} in strings is deprecated, use {$var} instead in /wordpress/wp-content/plugins/inline-google-docs/library/Zend/Gdata/App.php on line 1049
[19-Nov-2024 20:22:03 UTC] PHP Deprecated:  Using ${var} in strings is deprecated, use {$var} instead in /wordpress/wp-content/plugins/inline-google-docs/library/Zend/Gdata/App.php on line 1053
[19-Nov-2024 20:22:03 UTC] PHP Deprecated:  Using ${var} in strings is deprecated, use {$var} instead in /wordpress/wp-content/plugins/inline-google-docs/library/Zend/Gdata/App/Base.php on line 479
[19-Nov-2024 20:22:03 UTC] PHP Deprecated:  Return type of Zend_Gdata_App_Feed::current() should either be compatible with Iterator::current(): mixed, or the #[\ReturnTypeWillChange] attribute should be used to temporarily suppress the notice in /wordpress/wp-content/plugins/inline-google-docs/library/Zend/Gdata/App/Feed.php on line 151
[19-Nov-2024 20:22:03 UTC] PHP Deprecated:  Return type of Zend_Gdata_App_Feed::next() should either be compatible with Iterator::next(): void, or the #[\ReturnTypeWillChange] attribute should be used to temporarily suppress the notice in /wordpress/wp-content/plugins/inline-google-docs/library/Zend/Gdata/App/Feed.php on line 171
[19-Nov-2024 20:22:03 UTC] PHP Deprecated:  Return type of Zend_Gdata_App_Feed::key() should either be compatible with Iterator::key(): mixed, or the #[\ReturnTypeWillChange] attribute should be used to temporarily suppress the notice in /wordpress/wp-content/plugins/inline-google-docs/library/Zend/Gdata/App/Feed.php on line 161
[19-Nov-2024 20:22:03 UTC] PHP Deprecated:  Return type of Zend_Gdata_App_Feed::valid() should either be compatible with Iterator::valid(): bool, or the #[\ReturnTypeWillChange] attribute should be used to temporarily suppress the notice in /wordpress/wp-content/plugins/inline-google-docs/library/Zend/Gdata/App/Feed.php on line 181
[19-Nov-2024 20:22:03 UTC] PHP Deprecated:  Return type of Zend_Gdata_App_Feed::rewind() should either be compatible with Iterator::rewind(): void, or the #[\ReturnTypeWillChange] attribute should be used to temporarily suppress the notice in /wordpress/wp-content/plugins/inline-google-docs/library/Zend/Gdata/App/Feed.php on line 141
[19-Nov-2024 20:22:03 UTC] PHP Deprecated:  Return type of Zend_Gdata_App_Feed::offsetExists($key) should either be compatible with ArrayAccess::offsetExists(mixed $offset): bool, or the #[\ReturnTypeWillChange] attribute should be used to temporarily suppress the notice in /wordpress/wp-content/plugins/inline-google-docs/library/Zend/Gdata/App/Feed.php on line 267
[19-Nov-2024 20:22:03 UTC] PHP Deprecated:  Return type of Zend_Gdata_App_Feed::offsetGet($key) should either be compatible with ArrayAccess::offsetGet(mixed $offset): mixed, or the #[\ReturnTypeWillChange] attribute should be used to temporarily suppress the notice in /wordpress/wp-content/plugins/inline-google-docs/library/Zend/Gdata/App/Feed.php on line 241
[19-Nov-2024 20:22:03 UTC] PHP Deprecated:  Return type of Zend_Gdata_App_Feed::offsetSet($key, $value) should either be compatible with ArrayAccess::offsetSet(mixed $offset, mixed $value): void, or the #[\ReturnTypeWillChange] attribute should be used to temporarily suppress the notice in /wordpress/wp-content/plugins/inline-google-docs/library/Zend/Gdata/App/Feed.php on line 230
[19-Nov-2024 20:22:03 UTC] PHP Deprecated:  Return type of Zend_Gdata_App_Feed::offsetUnset($key) should either be compatible with ArrayAccess::offsetUnset(mixed $offset): void, or the #[\ReturnTypeWillChange] attribute should be used to temporarily suppress the notice in /wordpress/wp-content/plugins/inline-google-docs/library/Zend/Gdata/App/Feed.php on line 254
[19-Nov-2024 20:22:03 UTC] PHP Deprecated:  Return type of GFeed::current() should either be compatible with Iterator::current(): mixed, or the #[\ReturnTypeWillChange] attribute should be used to temporarily suppress the notice in /wordpress/wp-content/plugins/inline-google-docs/inc/gfeed.php on line 73
[19-Nov-2024 20:22:03 UTC] PHP Deprecated:  Return type of GFeed::next() should either be compatible with Iterator::next(): void, or the #[\ReturnTypeWillChange] attribute should be used to temporarily suppress the notice in /wordpress/wp-content/plugins/inline-google-docs/inc/gfeed.php on line 88
[19-Nov-2024 20:22:03 UTC] PHP Deprecated:  Return type of GFeed::key() should either be compatible with Iterator::key(): mixed, or the #[\ReturnTypeWillChange] attribute should be used to temporarily suppress the notice in /wordpress/wp-content/plugins/inline-google-docs/inc/gfeed.php on line 96
[19-Nov-2024 20:22:03 UTC] PHP Deprecated:  Return type of GFeed::valid() should either be compatible with Iterator::valid(): bool, or the #[\ReturnTypeWillChange] attribute should be used to temporarily suppress the notice in /wordpress/wp-content/plugins/inline-google-docs/inc/gfeed.php on line 111
[19-Nov-2024 20:22:03 UTC] PHP Deprecated:  Return type of GFeed::rewind() should either be compatible with Iterator::rewind(): void, or the #[\ReturnTypeWillChange] attribute should be used to temporarily suppress the notice in /wordpress/wp-content/plugins/inline-google-docs/inc/gfeed.php on line 103
[19-Nov-2024 20:22:03 UTC] PHP Warning:  The magic method GElement::__toString() must have public visibility in /wordpress/wp-content/plugins/inline-google-docs/inc/gelement.php on line 129
[19-Nov-2024 20:22:03 UTC] PHP Fatal error:  Access level to GElement::__toString() must be public (as in class Stringable) in /wordpress/wp-content/plugins/inline-google-docs/inc/gelement.php on line 129

    at Object.onBind (file:///Users/bero/Projects/playground-tester/node_modules/@wp-playground/cli/cli.js:20:788)
    at process.processTicksAndRejections (node:internal/process/task_queues:105:5)
    at async j (file:///Users/bero/Projects/playground-tester/node_modules/@wp-playground/cli/cli.js:1:1166) {
  [cause]: Error: Error when executing the blueprint step #0 ({"step":"installPlugin","pluginData":{"resource":"wordpress.org/plugins","slug":"inline-google-docs"},"options":{"activate":true}}) : PHP.run() failed with exit code 255 and the following output: 
      at Object.run (file:///Users/bero/Projects/playground-tester/node_modules/@wp-playground/blueprints/index.js:12099:32)
      at process.processTicksAndRejections (node:internal/process/task_queues:105:5)
      at async Qt (file:///Users/bero/Projects/playground-tester/node_modules/@wp-playground/blueprints/index.js:12200:3)
      at async Object.onBind (file:///Users/bero/Projects/playground-tester/node_modules/@wp-playground/cli/cli.js:20:453)
      at async j (file:///Users/bero/Projects/playground-tester/node_modules/@wp-playground/cli/cli.js:1:1166) {
    [cause]: PHPExecutionFailureError: PHP.run() failed with exit code 255 and the following output: 
        at PHP.run (file:///Users/bero/Projects/playground-tester/node_modules/@php-wasm/universal/index.js:979:19)
        at process.processTicksAndRejections (node:internal/process/task_queues:105:5)
        at async gr (file:///Users/bero/Projects/playground-tester/node_modules/@wp-playground/blueprints/index.js:31:39)
        at async Object.at [as installPlugin] (file:///Users/bero/Projects/playground-tester/node_modules/@wp-playground/blueprints/index.js:877:42)
        at async d (file:///Users/bero/Projects/playground-tester/node_modules/@wp-playground/blueprints/index.js:12165:30)
        at async Object.run (file:///Users/bero/Projects/playground-tester/node_modules/@wp-playground/blueprints/index.js:12096:23)
        at async Qt (file:///Users/bero/Projects/playground-tester/node_modules/@wp-playground/blueprints/index.js:12200:3)
        at async Object.onBind (file:///Users/bero/Projects/playground-tester/node_modules/@wp-playground/cli/cli.js:20:453)
        at async j (file:///Users/bero/Projects/playground-tester/node_modules/@wp-playground/cli/cli.js:1:1166) {
      response: PHPResponse {
        httpStatusCode: 500,
        headers: {
          'x-powered-by': [ 'PHP/8.3.0-dev' ],
          'content-type': [ 'text/html; charset=UTF-8' ]
        },
        bytes: Uint8Array(0) [],
        exitCode: 255,
        errors: ''
      },
      source: 'request'
    }
  }
}

Node.js v23.2.0
