file:///Users/bero/Projects/playground-tester/node_modules/@wp-playground/cli/cli.js:20
`)},constants:R,phpIniEntries:{"openssl.cafile":"/internal/shared/ca-bundle.crt",allow_url_fopen:"1",disable_functions:""},hooks:{async beforeWordPressFiles(h){t.mountBeforeInstall&&p(h,t.mountBeforeInstall)}}});const v=await s.getPrimaryPhp();try{if(n&&!t.mountBeforeInstall&&g.writeFileSync(f,await q(v,"/wordpress")),t.mount&&p(v,t.mount),d=!0,u){const{php:h,reap:m}=await s.processManager.acquirePHPInstance();try{c.log("Running the Blueprint..."),await x(u,h),c.log("Finished running the blueprint")}finally{m()}}a==="build-snapshot"?(await r(t.outfile),c.log(`WordPress exported to ${t.outfile}`),process.exit(0)):a==="run-blueprint"?(c.log("Blueprint executed"),process.exit(0)):c.log(`WordPress is running on ${l}`)}catch(h){if(!t.debug)throw h;const m=v.readFileAsText(D);throw new Error(m,{cause:h})}},async handleRequest(o){return d?await s.request(o):I.forHttpCode(502,"WordPress is not ready yet")}})}Q();
                                                                                                                                                                                                                                                                                                                                                                                                                                                                                                                                                                                                                                                                                                                                                                                                                   ^

Error: [19-Nov-2024 17:49:19 UTC] WordPress database error <div style="clear:both">&nbsp;</div>
<div class="queries" style="clear:both;margin-bottom:2px;border:red dotted thin;">
<p>MySQL query:</p>
<p>SELECT * FROM wp_imk_apps where active=1 and app_name='IMKService' </p>
<p>Queries made or created this session were:</p>
<ol>
<li>Executing: BEGIN | (no parameters)</li>
<li>Executing: SELECT * FROM wp_imk_apps where active=1 and app_name=:param0   | parameters: IMKService</li>
<li>Executing: ROLLBACK | (no parameters)</li>
</ol>
</div>
<div style="clear:both;margin-bottom:2px;border:red dotted thin;" class="error_message" style="border-bottom:dotted blue thin;">
Error occurred at line 3786 in Function <code>handle_error</code>. Error message was: SQLSTATE[HY000]: General error: 1 no such table: wp_imk_apps.
</div>
<p>Backtrace:</p>
<pre>#0 /internal/shared/sqlite-database-integration/wp-includes/sqlite/class-wp-sqlite-db.php(287): WP_SQLite_Translator->get_error_message()
#1 /wordpress/wp-includes/class-wpdb.php(3060): WP_SQLite_DB->query('SELECT * FROM w...')
#2 /wordpress/wp-content/plugins/imk-services/inc/BaseController.php(28): wpdb->get_row('SELECT * FROM w...')
#3 /wordpress/wp-content/plugins/imk-services/inc/IMKAPI.php(12): TBC\IMK\BaseController->get_active_user_detail('IMKService')
#4 /wordpress/wp-content/plugins/imk-services/inc/Frontend.php(12): TBC\IMK\IMKAPI->__construct()
#5 /wordpress/wp-content/plugins/imk-services/imk-services.php(69): TBC\IMK\Frontend->__construct()
#6 /wordpress/wp-content/plugins/imk-services/imk-services.php(61): IMKServicePlugin::instantiate('TBC\\IMK\\Fronten...')
#7 /wordpress/wp-content/plugins/imk-services/imk-services.php(73): IMKServicePlugin::register_services()
#8 /wordpress/wp-admin/includes/plugin.php(2387): include_once('/wordpress/wp-c...')
#9 /wordpress/wp-admin/includes/plugin.php(673): plugin_sandbox_scrape('imk-services/im...')
#10 /internal/eval.php(20): activate_plugin('imk-services/im...')
#11 {main}</pre>
 for query SELECT * FROM wp_imk_apps where active=1 and app_name='IMKService'  made by activate_plugin, plugin_sandbox_scrape, include_once('/plugins/imk-services/imk-services.php'), IMKServicePlugin::register_services, IMKServicePlugin::instantiate, TBC\IMK\Frontend->__construct, TBC\IMK\IMKAPI->__construct, TBC\IMK\BaseController->get_active_user_detail, WP_SQLite_DB->query, WP_SQLite_DB->print_error
[19-Nov-2024 17:49:19 UTC] WordPress database error <div style="clear:both">&nbsp;</div>
<div class="queries" style="clear:both;margin-bottom:2px;border:red dotted thin;">
<p>MySQL query:</p>
<p>SELECT * FROM wp_imk_apps where active=1 and app_name='IMKService' </p>
<p>Queries made or created this session were:</p>
<ol>
<li>Executing: BEGIN | (no parameters)</li>
<li>Executing: SELECT * FROM wp_imk_apps where active=1 and app_name=:param0   | parameters: IMKService</li>
<li>Executing: ROLLBACK | (no parameters)</li>
</ol>
</div>
<div style="clear:both;margin-bottom:2px;border:red dotted thin;" class="error_message" style="border-bottom:dotted blue thin;">
Error occurred at line 3786 in Function <code>handle_error</code>. Error message was: SQLSTATE[HY000]: General error: 1 no such table: wp_imk_apps.
</div>
<p>Backtrace:</p>
<pre>#0 /internal/shared/sqlite-database-integration/wp-includes/sqlite/class-wp-sqlite-db.php(287): WP_SQLite_Translator->get_error_message()
#1 /wordpress/wp-includes/class-wpdb.php(3060): WP_SQLite_DB->query('SELECT * FROM w...')
#2 /wordpress/wp-content/plugins/imk-services/inc/BaseController.php(28): wpdb->get_row('SELECT * FROM w...')
#3 /wordpress/wp-content/plugins/imk-services/inc/IMKAPI.php(12): TBC\IMK\BaseController->get_active_user_detail('IMKService')
#4 /wordpress/wp-content/plugins/imk-services/inc/REST_API.php(9): TBC\IMK\IMKAPI->__construct()
#5 /wordpress/wp-content/plugins/imk-services/imk-services.php(69): TBC\IMK\REST_API->__construct()
#6 /wordpress/wp-content/plugins/imk-services/imk-services.php(61): IMKServicePlugin::instantiate('TBC\\IMK\\REST_AP...')
#7 /wordpress/wp-content/plugins/imk-services/imk-services.php(73): IMKServicePlugin::register_services()
#8 /wordpress/wp-admin/includes/plugin.php(2387): include_once('/wordpress/wp-c...')
#9 /wordpress/wp-admin/includes/plugin.php(673): plugin_sandbox_scrape('imk-services/im...')
#10 /internal/eval.php(20): activate_plugin('imk-services/im...')
#11 {main}</pre>
 for query SELECT * FROM wp_imk_apps where active=1 and app_name='IMKService'  made by activate_plugin, plugin_sandbox_scrape, include_once('/plugins/imk-services/imk-services.php'), IMKServicePlugin::register_services, IMKServicePlugin::instantiate, TBC\IMK\REST_API->__construct, TBC\IMK\IMKAPI->__construct, TBC\IMK\BaseController->get_active_user_detail, WP_SQLite_DB->query, WP_SQLite_DB->print_error
[19-Nov-2024 17:49:19 UTC] PHP Fatal error:  Uncaught TypeError: count(): Argument #1 ($value) must be of type Countable|array, null given in /wordpress/wp-content/plugins/imk-services/inc/Activate.php:13
Stack trace:
#0 /wordpress/wp-content/plugins/imk-services/inc/Activate.php(13): count(NULL)
#1 /wordpress/wp-content/plugins/imk-services/imk-services.php(26): TBC\IMK\Activate::activate()
#2 /wordpress/wp-includes/class-wp-hook.php(324): IMK_activate(false)
#3 /wordpress/wp-includes/class-wp-hook.php(348): WP_Hook->apply_filters('', Array)
#4 /wordpress/wp-includes/plugin.php(517): WP_Hook->do_action(Array)
#5 /wordpress/wp-admin/includes/plugin.php(703): do_action('activate_imk-se...', false)
#6 /internal/eval.php(20): activate_plugin('imk-services/im...')
#7 {main}
  thrown in /wordpress/wp-content/plugins/imk-services/inc/Activate.php on line 13

    at Object.onBind (file:///Users/bero/Projects/playground-tester/node_modules/@wp-playground/cli/cli.js:20:788)
    at async j (file:///Users/bero/Projects/playground-tester/node_modules/@wp-playground/cli/cli.js:1:1166) {
  [cause]: Error: Error when executing the blueprint step #0 ({"step":"installPlugin","pluginData":{"resource":"wordpress.org/plugins","slug":"imk-services"},"options":{"activate":true}}) : PHP.run() failed with exit code 255 and the following output: 
      at Object.run (file:///Users/bero/Projects/playground-tester/node_modules/@wp-playground/blueprints/index.js:12099:32)
      at async Qt (file:///Users/bero/Projects/playground-tester/node_modules/@wp-playground/blueprints/index.js:12200:3)
      at async Object.onBind (file:///Users/bero/Projects/playground-tester/node_modules/@wp-playground/cli/cli.js:20:453)
      at async j (file:///Users/bero/Projects/playground-tester/node_modules/@wp-playground/cli/cli.js:1:1166) {
    [cause]: PHPExecutionFailureError: PHP.run() failed with exit code 255 and the following output: 
        at PHP.run (file:///Users/bero/Projects/playground-tester/node_modules/@php-wasm/universal/index.js:979:19)
        at async gr (file:///Users/bero/Projects/playground-tester/node_modules/@wp-playground/blueprints/index.js:31:39)
        at async Object.at [as installPlugin] (file:///Users/bero/Projects/playground-tester/node_modules/@wp-playground/blueprints/index.js:877:42)
        at async d (file:///Users/bero/Projects/playground-tester/node_modules/@wp-playground/blueprints/index.js:12165:30)
        at async Object.run (file:///Users/bero/Projects/playground-tester/node_modules/@wp-playground/blueprints/index.js:12096:23)
        at async Qt (file:///Users/bero/Projects/playground-tester/node_modules/@wp-playground/blueprints/index.js:12200:3)
        at async Object.onBind (file:///Users/bero/Projects/playground-tester/node_modules/@wp-playground/cli/cli.js:20:453)
        at async j (file:///Users/bero/Projects/playground-tester/node_modules/@wp-playground/cli/cli.js:1:1166) {
      response: PHPResponse {
        httpStatusCode: 500,
        headers: {
          'x-powered-by': [ 'PHP/8.3.0-dev' ],
          'content-type': [ 'text/html; charset=UTF-8' ]
        },
        bytes: Uint8Array(0) [],
        exitCode: 255,
        errors: ''
      },
      source: 'request'
    }
  }
}

Node.js v18.18.2
