file:///Users/bero/Projects/playground-tester/node_modules/@wp-playground/cli/cli.js:20
`)},constants:R,phpIniEntries:{"openssl.cafile":"/internal/shared/ca-bundle.crt",allow_url_fopen:"1",disable_functions:""},hooks:{async beforeWordPressFiles(h){t.mountBeforeInstall&&p(h,t.mountBeforeInstall)}}});const v=await s.getPrimaryPhp();try{if(n&&!t.mountBeforeInstall&&g.writeFileSync(f,await q(v,"/wordpress")),t.mount&&p(v,t.mount),d=!0,u){const{php:h,reap:m}=await s.processManager.acquirePHPInstance();try{c.log("Running the Blueprint..."),await x(u,h),c.log("Finished running the blueprint")}finally{m()}}a==="build-snapshot"?(await r(t.outfile),c.log(`WordPress exported to ${t.outfile}`),process.exit(0)):a==="run-blueprint"?(c.log("Blueprint executed"),process.exit(0)):c.log(`WordPress is running on ${l}`)}catch(h){if(!t.debug)throw h;const m=v.readFileAsText(D);throw new Error(m,{cause:h})}},async handleRequest(o){return d?await s.request(o):I.forHttpCode(502,"WordPress is not ready yet")}})}Q();
                                                                                                                                                                                                                                                                                                                                                                                                                                                                                                                                                                                                                                                                                                                                                                                                                   ^

Error: [19-Nov-2024 19:29:43 UTC] PHP Deprecated:  Creation of dynamic property Inesonic\SpeedSentry\Options::$options_prefix is deprecated in /wordpress/wp-content/plugins/inesonic-speedsentry/include/options.php on line 49
[19-Nov-2024 19:29:43 UTC] PHP Deprecated:  Creation of dynamic property InesonicSpeedSentry::$options is deprecated in /wordpress/wp-content/plugins/inesonic-speedsentry/inesonic-speedsentry.php on line 172
[19-Nov-2024 19:29:43 UTC] PHP Deprecated:  Creation of dynamic property Inesonic\RestApiV1::$customer_identifier is deprecated in /wordpress/wp-content/plugins/inesonic-speedsentry/include/rest-api-v1.php on line 171
[19-Nov-2024 19:29:43 UTC] PHP Deprecated:  Creation of dynamic property Inesonic\RestApiV1::$rest_api_secret is deprecated in /wordpress/wp-content/plugins/inesonic-speedsentry/include/rest-api-v1.php on line 172
[19-Nov-2024 19:29:43 UTC] PHP Deprecated:  Creation of dynamic property Inesonic\RestApiV1::$timeout is deprecated in /wordpress/wp-content/plugins/inesonic-speedsentry/include/rest-api-v1.php on line 173
[19-Nov-2024 19:29:43 UTC] PHP Deprecated:  Creation of dynamic property Inesonic\RestApiV1::$time_delta is deprecated in /wordpress/wp-content/plugins/inesonic-speedsentry/include/rest-api-v1.php on line 174
[19-Nov-2024 19:29:43 UTC] PHP Deprecated:  Creation of dynamic property Inesonic\RestApiV1::$time_delta_callback is deprecated in /wordpress/wp-content/plugins/inesonic-speedsentry/include/rest-api-v1.php on line 175
[19-Nov-2024 19:29:43 UTC] PHP Deprecated:  Creation of dynamic property InesonicSpeedSentry::$rest_api_v1 is deprecated in /wordpress/wp-content/plugins/inesonic-speedsentry/inesonic-speedsentry.php on line 177
[19-Nov-2024 19:29:43 UTC] PHP Deprecated:  Creation of dynamic property Inesonic\SpeedSentry\SignupHandler::$rest_namespace is deprecated in /wordpress/wp-content/plugins/inesonic-speedsentry/include/signup-handler.php on line 141
[19-Nov-2024 19:29:43 UTC] PHP Deprecated:  Creation of dynamic property Inesonic\SpeedSentry\SignupHandler::$signup_url is deprecated in /wordpress/wp-content/plugins/inesonic-speedsentry/include/signup-handler.php on line 142
[19-Nov-2024 19:29:43 UTC] PHP Deprecated:  Creation of dynamic property Inesonic\SpeedSentry\SignupHandler::$login_url is deprecated in /wordpress/wp-content/plugins/inesonic-speedsentry/include/signup-handler.php on line 143
[19-Nov-2024 19:29:43 UTC] PHP Deprecated:  Creation of dynamic property Inesonic\SpeedSentry\SignupHandler::$registration_webhook is deprecated in /wordpress/wp-content/plugins/inesonic-speedsentry/include/signup-handler.php on line 144
[19-Nov-2024 19:29:43 UTC] PHP Deprecated:  Creation of dynamic property Inesonic\SpeedSentry\SignupHandler::$rest_api_version is deprecated in /wordpress/wp-content/plugins/inesonic-speedsentry/include/signup-handler.php on line 145
[19-Nov-2024 19:29:43 UTC] PHP Deprecated:  Creation of dynamic property Inesonic\SpeedSentry\SignupHandler::$completed_anchor_text is deprecated in /wordpress/wp-content/plugins/inesonic-speedsentry/include/signup-handler.php on line 146
[19-Nov-2024 19:29:43 UTC] PHP Deprecated:  Creation of dynamic property Inesonic\SpeedSentry\SignupHandler::$completed_anchor_url is deprecated in /wordpress/wp-content/plugins/inesonic-speedsentry/include/signup-handler.php on line 147
[19-Nov-2024 19:29:43 UTC] PHP Deprecated:  Creation of dynamic property Inesonic\SpeedSentry\SignupHandler::$options is deprecated in /wordpress/wp-content/plugins/inesonic-speedsentry/include/signup-handler.php on line 148
[19-Nov-2024 19:29:43 UTC] PHP Deprecated:  Creation of dynamic property Inesonic\SpeedSentry\SignupHandler::$rest_api is deprecated in /wordpress/wp-content/plugins/inesonic-speedsentry/include/signup-handler.php on line 149
[19-Nov-2024 19:29:43 UTC] PHP Deprecated:  Creation of dynamic property InesonicSpeedSentry::$signup_handler is deprecated in /wordpress/wp-content/plugins/inesonic-speedsentry/inesonic-speedsentry.php on line 184
[19-Nov-2024 19:29:43 UTC] PHP Deprecated:  Creation of dynamic property Inesonic\SpeedSentry\Capabilities::$rest_api is deprecated in /wordpress/wp-content/plugins/inesonic-speedsentry/include/capabilities.php on line 52
[19-Nov-2024 19:29:43 UTC] PHP Deprecated:  Creation of dynamic property Inesonic\SpeedSentry\Capabilities::$signup_handler is deprecated in /wordpress/wp-content/plugins/inesonic-speedsentry/include/capabilities.php on line 53
[19-Nov-2024 19:29:43 UTC] PHP Deprecated:  Creation of dynamic property InesonicSpeedSentry::$capabilities is deprecated in /wordpress/wp-content/plugins/inesonic-speedsentry/inesonic-speedsentry.php on line 196
[19-Nov-2024 19:29:43 UTC] PHP Deprecated:  Creation of dynamic property Inesonic\SpeedSentry\Menus::$short_plugin_name is deprecated in /wordpress/wp-content/plugins/inesonic-speedsentry/include/menus.php on line 88
[19-Nov-2024 19:29:43 UTC] PHP Deprecated:  Creation of dynamic property Inesonic\SpeedSentry\Menus::$plugin_name is deprecated in /wordpress/wp-content/plugins/inesonic-speedsentry/include/menus.php on line 89
[19-Nov-2024 19:29:43 UTC] PHP Deprecated:  Creation of dynamic property Inesonic\SpeedSentry\Menus::$plugin_slug is deprecated in /wordpress/wp-content/plugins/inesonic-speedsentry/include/menus.php on line 90
[19-Nov-2024 19:29:43 UTC] PHP Deprecated:  Creation of dynamic property Inesonic\SpeedSentry\Menus::$plugin_prefix is deprecated in /wordpress/wp-content/plugins/inesonic-speedsentry/include/menus.php on line 91
[19-Nov-2024 19:29:43 UTC] PHP Deprecated:  Creation of dynamic property Inesonic\SpeedSentry\Menus::$rest_api is deprecated in /wordpress/wp-content/plugins/inesonic-speedsentry/include/menus.php on line 93
[19-Nov-2024 19:29:43 UTC] PHP Deprecated:  Creation of dynamic property Inesonic\SpeedSentry\Menus::$signup_handler is deprecated in /wordpress/wp-content/plugins/inesonic-speedsentry/include/menus.php on line 94
[19-Nov-2024 19:29:43 UTC] PHP Deprecated:  Creation of dynamic property InesonicSpeedSentry::$admin_menus is deprecated in /wordpress/wp-content/plugins/inesonic-speedsentry/inesonic-speedsentry.php on line 201
[19-Nov-2024 19:29:43 UTC] PHP Deprecated:  Creation of dynamic property Inesonic\SpeedSentry\PlugInsPage::$plugin_basename is deprecated in /wordpress/wp-content/plugins/inesonic-speedsentry/include/plugin-page.php on line 64
[19-Nov-2024 19:29:43 UTC] PHP Deprecated:  Creation of dynamic property Inesonic\SpeedSentry\PlugInsPage::$plugin_name is deprecated in /wordpress/wp-content/plugins/inesonic-speedsentry/include/plugin-page.php on line 65
[19-Nov-2024 19:29:43 UTC] PHP Deprecated:  Creation of dynamic property Inesonic\SpeedSentry\PlugInsPage::$speedsentry_site_name is deprecated in /wordpress/wp-content/plugins/inesonic-speedsentry/include/plugin-page.php on line 66
[19-Nov-2024 19:29:43 UTC] PHP Deprecated:  Creation of dynamic property Inesonic\SpeedSentry\PlugInsPage::$login_url is deprecated in /wordpress/wp-content/plugins/inesonic-speedsentry/include/plugin-page.php on line 67
[19-Nov-2024 19:29:43 UTC] PHP Deprecated:  Creation of dynamic property Inesonic\SpeedSentry\PlugInsPage::$options is deprecated in /wordpress/wp-content/plugins/inesonic-speedsentry/include/plugin-page.php on line 68
[19-Nov-2024 19:29:43 UTC] PHP Deprecated:  Creation of dynamic property Inesonic\SpeedSentry\PlugInsPage::$signup_handler is deprecated in /wordpress/wp-content/plugins/inesonic-speedsentry/include/plugin-page.php on line 69
[19-Nov-2024 19:29:43 UTC] PHP Deprecated:  Creation of dynamic property InesonicSpeedSentry::$plugin_page is deprecated in /wordpress/wp-content/plugins/inesonic-speedsentry/inesonic-speedsentry.php on line 209
[19-Nov-2024 19:29:43 UTC] PHP Deprecated:  Creation of dynamic property Inesonic\SpeedSentry\AdminBar::$options is deprecated in /wordpress/wp-content/plugins/inesonic-speedsentry/include/admin-bar.php on line 57
[19-Nov-2024 19:29:43 UTC] PHP Deprecated:  Creation of dynamic property Inesonic\SpeedSentry\AdminBar::$signup_handler is deprecated in /wordpress/wp-content/plugins/inesonic-speedsentry/include/admin-bar.php on line 58
[19-Nov-2024 19:29:43 UTC] PHP Deprecated:  Creation of dynamic property Inesonic\SpeedSentry\AdminBar::$rest_api is deprecated in /wordpress/wp-content/plugins/inesonic-speedsentry/include/admin-bar.php on line 59
[19-Nov-2024 19:29:43 UTC] PHP Deprecated:  Creation of dynamic property InesonicSpeedSentry::$admin_bar is deprecated in /wordpress/wp-content/plugins/inesonic-speedsentry/inesonic-speedsentry.php on line 218

    at Object.onBind (file:///Users/bero/Projects/playground-tester/node_modules/@wp-playground/cli/cli.js:20:788)
    at async j (file:///Users/bero/Projects/playground-tester/node_modules/@wp-playground/cli/cli.js:1:1166) {
  [cause]: Error: Error when executing the blueprint step #0 ({"step":"installPlugin","pluginData":{"resource":"wordpress.org/plugins","slug":"inesonic-speedsentry"},"options":{"activate":true}}) : Plugin /wordpress/wp-content/plugins/inesonic-speedsentry could not be activated – WordPress exited with no error. Sometimes, when $_SERVER or site options are not configured correctly, WordPress exits early with a 301 redirect. Inspect the "debug" logs in the console for more details
      at Object.run (file:///Users/bero/Projects/playground-tester/node_modules/@wp-playground/blueprints/index.js:12099:32)
      at async Qt (file:///Users/bero/Projects/playground-tester/node_modules/@wp-playground/blueprints/index.js:12200:3)
      at async Object.onBind (file:///Users/bero/Projects/playground-tester/node_modules/@wp-playground/cli/cli.js:20:453)
      at async j (file:///Users/bero/Projects/playground-tester/node_modules/@wp-playground/cli/cli.js:1:1166) {
    [cause]: Error: Plugin /wordpress/wp-content/plugins/inesonic-speedsentry could not be activated – WordPress exited with no error. Sometimes, when $_SERVER or site options are not configured correctly, WordPress exits early with a 301 redirect. Inspect the "debug" logs in the console for more details
        at gr (file:///Users/bero/Projects/playground-tester/node_modules/@wp-playground/blueprints/index.js:67:24)
        at async Object.at [as installPlugin] (file:///Users/bero/Projects/playground-tester/node_modules/@wp-playground/blueprints/index.js:877:42)
        at async d (file:///Users/bero/Projects/playground-tester/node_modules/@wp-playground/blueprints/index.js:12165:30)
        at async Object.run (file:///Users/bero/Projects/playground-tester/node_modules/@wp-playground/blueprints/index.js:12096:23)
        at async Qt (file:///Users/bero/Projects/playground-tester/node_modules/@wp-playground/blueprints/index.js:12200:3)
        at async Object.onBind (file:///Users/bero/Projects/playground-tester/node_modules/@wp-playground/cli/cli.js:20:453)
        at async j (file:///Users/bero/Projects/playground-tester/node_modules/@wp-playground/cli/cli.js:1:1166)
  }
}

Node.js v18.18.2
